/videos/3b6f6b14-5733-5f15-f502-fc128d6ab1a3/hls1/main/103.ts

{"Protocol":0,"Id":"3b6f6b1457335f15f502fc128d6ab1a3","Path":"/data/media/tv/Soundtrack (2022)/Season 1/Soundtrack.1.S01E01.KOREAN.1080p.WEBRip.x265-RARBG.mp4","EncoderPath":null,"EncoderProtocol":null,"Type":0,"Container":"mov,mp4,m4a,3gp,3g2,mj2","Size":720085568,"Name":"Soundtrack.1.S01E01.KOREAN.1080p.WEBRip.x265-RARBG","IsRemote":false,"ETag":"9cfadc57946e85c76119b90b4324cbb8","RunTimeTicks":25838499840,"ReadAtNativeFramerate":false,"IgnoreDts":false,"IgnoreIndex":false,"GenPtsInput":false,"SupportsTranscoding":true,"SupportsDirectStream":true,"SupportsDirectPlay":true,"IsInfiniteStream":false,"RequiresOpening":false,"OpenToken":null,"RequiresClosing":false,"LiveStreamId":null,"BufferMs":null,"RequiresLooping":false,"SupportsProbing":true,"VideoType":0,"IsoType":null,"Video3DFormat":null,"MediaStreams":[{"Codec":"subrip","CodecTag":null,"Language":"eng","ColorRange":null,"ColorSpace":null,"ColorTransfer":null,"ColorPrimaries":null,"DvVersionMajor":null,"DvVersionMinor":null,"DvProfile":null,"DvLevel":null,"RpuPresentFlag":null,"ElPresentFlag":null,"BlPresentFlag":null,"DvBlSignalCompatibilityId":null,"Comment":null,"TimeBase":"1/1000","CodecTimeBase":null,"Title":null,"VideoRange":null,"VideoRangeType":null,"VideoDoViTitle":null,"LocalizedUndefined":"Undefined","LocalizedDefault":"Default","LocalizedForced":"Forced","LocalizedExternal":"External","DisplayTitle":"English - SUBRIP - External","NalLengthSize":null,"IsInterlaced":false,"IsAVC":null,"ChannelLayout":null,"BitRate":null,"BitDepth":null,"RefFrames":null,"PacketLength":null,"Channels":null,"SampleRate":null,"IsDefault":false,"IsForced":false,"Height":null,"Width":null,"AverageFrameRate":null,"RealFrameRate":null,"Profile":null,"Type":2,"AspectRatio":null,"Index":0,"Score":null,"IsExternal":true,"DeliveryMethod":null,"DeliveryUrl":null,"IsExternalUrl":null,"IsTextSubtitleStream":true,"SupportsExternalStream":true,"Path":"/data/media/tv/Soundtrack (2022)/Season 1/Soundtrack.1.S01E01.KOREAN.1080p.WEBRip.x265-RARBG.en.srt","PixelFormat":null,"Level":0,"IsAnamorphic":null},{"Codec":"hevc","CodecTag":"hev1","Language":"und","ColorRange":null,"ColorSpace":null,"ColorTransfer":null,"ColorPrimaries":null,"DvVersionMajor":null,"DvVersionMinor":null,"DvProfile":null,"DvLevel":null,"RpuPresentFlag":null,"ElPresentFlag":null,"BlPresentFlag":null,"DvBlSignalCompatibilityId":null,"Comment":null,"TimeBase":"1/24000","CodecTimeBase":null,"Title":null,"VideoRange":"SDR","VideoRangeType":"SDR","VideoDoViTitle":null,"LocalizedUndefined":null,"LocalizedDefault":null,"LocalizedForced":null,"LocalizedExternal":null,"DisplayTitle":"1080p HEVC SDR","NalLengthSize":null,"IsInterlaced":false,"IsAVC":null,"ChannelLayout":null,"BitRate":2000044,"BitDepth":10,"RefFrames":1,"PacketLength":null,"Channels":null,"SampleRate":null,"IsDefault":true,"IsForced":false,"Height":960,"Width":1920,"AverageFrameRate":23.976025,"RealFrameRate":23.976025,"Profile":"Main 10","Type":1,"AspectRatio":"2:1","Index":1,"Score":null,"IsExternal":false,"DeliveryMethod":null,"DeliveryUrl":null,"IsExternalUrl":null,"IsTextSubtitleStream":false,"SupportsExternalStream":false,"Path":null,"PixelFormat":"yuv420p10le","Level":120,"IsAnamorphic":null},{"Codec":"aac","CodecTag":"mp4a","Language":"kor","ColorRange":null,"ColorSpace":null,"ColorTransfer":null,"ColorPrimaries":null,"DvVersionMajor":null,"DvVersionMinor":null,"DvProfile":null,"DvLevel":null,"RpuPresentFlag":null,"ElPresentFlag":null,"BlPresentFlag":null,"DvBlSignalCompatibilityId":null,"Comment":null,"TimeBase":"1/48000","CodecTimeBase":null,"Title":null,"VideoRange":null,"VideoRangeType":null,"VideoDoViTitle":null,"LocalizedUndefined":null,"LocalizedDefault":null,"LocalizedForced":null,"LocalizedExternal":null,"DisplayTitle":"Korean - AAC - 5.1 - Default","NalLengthSize":null,"IsInterlaced":false,"IsAVC":null,"ChannelLayout":"5.1","BitRate":224000,"BitDepth":null,"RefFrames":null,"PacketLength":null,"Channels":6,"SampleRate":48000,"IsDefault":true,"IsForced":false,"Height":null,"Width":null,"AverageFrameRate":null,"RealFrameRate":null,"Profile":"LC","Type":0,"AspectRatio":null,"Index":2,"Score":null,"IsExternal":false,"DeliveryMethod":null,"DeliveryUrl":null,"IsExternalUrl":null,"IsTextSubtitleStream":false,"SupportsExternalStream":false,"Path":null,"PixelFormat":null,"Level":0,"IsAnamorphic":null}],"MediaAttachments":[],"Formats":[],"Bitrate":2229496,"Timestamp":null,"RequiredHttpHeaders":{},"TranscodingUrl":null,"TranscodingSubProtocol":null,"TranscodingContainer":null,"AnalyzeDurationMs":null,"DefaultAudioStreamIndex":null,"DefaultSubtitleStreamIndex":null}

/usr/lib/jellyfin-ffmpeg/ffmpeg -analyzeduration 200M -ss 00:05:09.000 -f mov,mp4,m4a,3gp,3g2,mj2 -autorotate 0 -i file:"/data/media/tv/Soundtrack (2022)/Season 1/Soundtrack.1.S01E01.KOREAN.1080p.WEBRip.x265-RARBG.mp4" -map_metadata -1 -map_chapters -1 -threads 0 -map 0:0 -map 0:1 -map -0:s -codec:v:0 libx264 -preset veryfast -crf 23 -maxrate 6666813 -bufsize 13333626 -x264opts:0 subme=0:me_range=4:rc_lookahead=10:me=dia:no_chroma_me:8x8dct=0:partitions=none -force_key_frames:0 "expr:gte(t,309+n_forced*3)" -sc_threshold:v:0 0 -vf "setparams=color_primaries=bt709:color_trc=bt709:colorspace=bt709,scale=trunc(min(max(iw\,ih*a)\,min(1920\,960*a))/2)*2:trunc(min(max(iw/a\,ih)\,min(1920/a\,960))/2)*2,format=yuv420p" -codec:a:0 libfdk_aac -ac 2 -ab 384000 -ar 48000 -af "volume=2" -copyts -avoid_negative_ts disabled -max_muxing_queue_size 2048 -f hls -max_delay 5000000 -hls_time 3 -hls_segment_type mpegts -start_number 103 -hls_segment_filename "/config/data/transcodes/f64292737229a83f76dd3de7363db3ac%d.ts" -hls_playlist_type vod -hls_list_size 0 -y "/config/data/transcodes/f64292737229a83f76dd3de7363db3ac.m3u8"


ffmpeg version 5.1.3-Jellyfin Copyright (c) 2000-2022 the FFmpeg developers
  built with gcc 11 (Ubuntu 11.4.0-1ubuntu1~22.04)
  configuration: --prefix=/usr/lib/jellyfin-ffmpeg --target-os=linux --extra-libs=-lfftw3f --extra-version=Jellyfin --disable-doc --disable-ffplay --disable-ptx-compression --disable-static --disable-libxcb --disable-sdl2 --disable-xlib --enable-lto --enable-gpl --enable-version3 --enable-shared --enable-gmp --enable-gnutls --enable-chromaprint --enable-libdrm --enable-libass --enable-libfreetype --enable-libfribidi --enable-libfontconfig --enable-libbluray --enable-libmp3lame --enable-libopus --enable-libtheora --enable-libvorbis --enable-libopenmpt --enable-libdav1d --enable-libwebp --enable-libvpx --enable-libx264 --enable-libx265 --enable-libzvbi --enable-libzimg --enable-libfdk-aac --toolchain=hardened --enable-cross-compile --arch=arm64 --cross-prefix=/usr/bin/aarch64-linux-gnu-
  libavutil      57. 28.100 / 57. 28.100
  libavcodec     59. 37.100 / 59. 37.100
  libavformat    59. 27.100 / 59. 27.100
  libavdevice    59.  7.100 / 59.  7.100
  libavfilter     8. 44.100 /  8. 44.100
  libswscale      6.  7.100 /  6.  7.100
  libswresample   4.  7.100 /  4.  7.100
  libpostproc    56.  6.100 / 56.  6.100
Input #0, mov,mp4,m4a,3gp,3g2,mj2, from 'file:/data/media/tv/Soundtrack (2022)/Season 1/Soundtrack.1.S01E01.KOREAN.1080p.WEBRip.x265-RARBG.mp4':
  Metadata:
    major_brand     : isom
    minor_version   : 512
    compatible_brands: isomiso2mp41
    creation_time   : 2022-04-14T14:39:12.000000Z
    title           : Soundtrack.1.S01E01.KOREAN.1080p.WEBRip.x265-RARBG
    encoder         : Lavf58.20.100
    comment         : Soundtrack.1.S01E01.KOREAN.1080p.WEBRip.x265-RARBG
  Duration: 00:43:03.85, start: 0.000000, bitrate: 2229 kb/s
  Stream #0:0[0x1](und): Video: hevc (Main 10) (hev1 / 0x31766568), yuv420p10le(tv), 1920x960 [SAR 1:1 DAR 2:1], 2000 kb/s, 23.98 fps, 23.98 tbr, 24k tbn (default)
    Metadata:
      creation_time   : 2022-04-14T14:39:12.000000Z
      handler_name    : VideoHandler
      vendor_id       : [0][0][0][0]
  Stream #0:1[0x2](kor): Audio: aac (LC) (mp4a / 0x6134706D), 48000 Hz, 5.1, fltp, 224 kb/s (default)
    Metadata:
      creation_time   : 2022-04-14T14:39:12.000000Z
      handler_name    : SoundHandler
      vendor_id       : [0][0][0][0]
Stream mapping:
  Stream #0:0 -> #0:0 (hevc (native) -> h264 (libx264))
  Stream #0:1 -> #0:1 (aac (native) -> aac (libfdk_aac))
Press [q] to stop, [?] for help
[libx264 @ 0x558d1e4a30] using SAR=1/1
[libx264 @ 0x558d1e4a30] using cpu capabilities: ARMv8 NEON
[libx264 @ 0x558d1e4a30] profile Main, level 4.0, 4:2:0, 8-bit
[libx264 @ 0x558d1e4a30] 264 - core 163 r3060 5db6aa6 - H.264/MPEG-4 AVC codec - Copyleft 2003-2021 - http://www.videolan.org/x264.html - options: cabac=1 ref=1 deblock=1:0:0 analyse=0x1:0 me=dia subme=0 psy=1 psy_rd=1.00:0.00 mixed_ref=0 me_range=4 chroma_me=0 trellis=0 8x8dct=0 cqm=0 deadzone=21,11 fast_pskip=1 chroma_qp_offset=0 threads=6 lookahead_threads=1 sliced_threads=0 nr=0 decimate=1 interlaced=0 bluray_compat=0 constrained_intra=0 bframes=3 b_pyramid=2 b_adapt=1 b_bias=0 direct=1 weightb=1 open_gop=0 weightp=1 keyint=250 keyint_min=23 scenecut=0 intra_refresh=0 rc_lookahead=10 rc=crf mbtree=1 crf=23.0 qcomp=0.60 qpmin=0 qpmax=69 qpstep=4 vbv_maxrate=6666 vbv_bufsize=13333 crf_max=0.0 nal_hrd=none filler=0 ip_ratio=1.40 aq=1:1.00
Output #0, hls, to '/config/data/transcodes/f64292737229a83f76dd3de7363db3ac.m3u8':
  Metadata:
    encoder         : Lavf59.27.100
  Stream #0:0: Video: h264, yuv420p(tv, bt709, progressive), 1920x960 [SAR 1:1 DAR 2:1], q=2-31, 23.98 fps, 90k tbn (default)
    Metadata:
      encoder         : Lavc59.37.100 libx264
    Side data:
      cpb: bitrate max/min/avg: 6666000/0/0 buffer size: 13333000 vbv_delay: N/A
  Stream #0:1: Audio: aac, 48000 Hz, stereo, s16, 384 kb/s (default)
    Metadata:
      encoder         : Lavc59.37.100 libfdk_aac
frame=    1 fps=0.4 q=0.0 size=N/A time=00:00:00.00 bitrate=N/A speed=   0x    
frame=   15 fps=4.8 q=0.0 size=N/A time=00:00:00.61 bitrate=N/A speed=0.196x    
frame=   23 fps=6.3 q=28.0 size=N/A time=00:00:00.96 bitrate=N/A speed=0.261x    
frame=   36 fps=8.6 q=28.0 size=N/A time=00:00:01.49 bitrate=N/A speed=0.356x    
frame=   49 fps= 10 q=28.0 size=N/A time=00:00:02.02 bitrate=N/A speed=0.431x    
frame=   63 fps= 12 q=28.0 size=N/A time=00:00:02.62 bitrate=N/A speed=0.497x    
frame=   77 fps= 13 q=28.0 size=N/A time=00:00:03.20 bitrate=N/A speed=0.55x    
frame=   89 fps= 14 q=28.0 size=N/A time=00:00:03.71 bitrate=N/A speed=0.587x    
frame=  100 fps= 15 q=28.0 size=N/A time=00:00:04.18 bitrate=N/A speed=0.613x    
frame=  112 fps= 15 q=28.0 size=N/A time=00:00:04.67 bitrate=N/A speed=0.635x    
frame=  125 fps= 16 q=28.0 size=N/A time=00:00:05.20 bitrate=N/A speed=0.659x    
frame=  137 fps= 16 q=28.0 size=N/A time=00:00:05.69 bitrate=N/A speed=0.678x    
frame=  149 fps= 17 q=28.0 size=N/A time=00:00:06.20 bitrate=N/A speed=0.69x    
frame=  161 fps= 17 q=28.0 size=N/A time=00:00:06.69 bitrate=N/A speed=0.704x    
frame=  172 fps= 17 q=28.0 size=N/A time=00:00:07.16 bitrate=N/A speed=0.715x    
frame=  185 fps= 18 q=28.0 size=N/A time=00:00:07.70 bitrate=N/A speed=0.73x    
frame=  195 fps= 18 q=28.0 size=N/A time=00:00:08.12 bitrate=N/A speed=0.736x    
frame=  209 fps= 18 q=28.0 size=N/A time=00:00:08.70 bitrate=N/A speed=0.745x    
frame=  222 fps= 18 q=28.0 size=N/A time=00:00:09.25 bitrate=N/A speed=0.759x    
frame=  235 fps= 18 q=28.0 size=N/A time=00:00:09.81 bitrate=N/A speed=0.773x    
frame=  247 fps= 19 q=28.0 size=N/A time=00:00:10.28 bitrate=N/A speed=0.776x    
frame=  259 fps= 19 q=28.0 size=N/A time=00:00:10.79 bitrate=N/A speed=0.783x    
[hls @ 0x558d34aee0] Opening '/config/data/transcodes/f64292737229a83f76dd3de7363db3ac103.ts' for writing
frame=  271 fps= 19 q=28.0 size=N/A time=00:00:11.28 bitrate=N/A speed=0.786x    
frame=  283 fps= 19 q=28.0 size=N/A time=00:00:11.79 bitrate=N/A speed=0.794x    
frame=  295 fps= 19 q=28.0 size=N/A time=00:00:12.30 bitrate=N/A speed=0.801x    
frame=  309 fps= 19 q=28.0 size=N/A time=00:00:12.88 bitrate=N/A speed=0.811x    
frame=  321 fps= 20 q=28.0 size=N/A time=00:00:13.37 bitrate=N/A speed=0.815x    
frame=  335 fps= 20 q=28.0 size=N/A time=00:00:13.95 bitrate=N/A speed=0.822x    
frame=  347 fps= 20 q=28.0 size=N/A time=00:00:14.46 bitrate=N/A speed=0.827x    
frame=  361 fps= 20 q=28.0 size=N/A time=00:00:15.04 bitrate=N/A speed=0.835x    
frame=  374 fps= 20 q=28.0 size=N/A time=00:00:15.59 bitrate=N/A speed=0.841x    
frame=  389 fps= 20 q=28.0 size=N/A time=00:00:16.21 bitrate=N/A speed=0.847x    
frame=  406 fps= 21 q=28.0 size=N/A time=00:00:16.91 bitrate=N/A speed=0.859x    
frame=  421 fps= 21 q=28.0 size=N/A time=00:00:17.55 bitrate=N/A speed=0.869x    
frame=  434 fps= 21 q=28.0 size=N/A time=00:00:18.09 bitrate=N/A speed=0.873x    
frame=  450 fps= 21 q=28.0 size=N/A time=00:00:18.73 bitrate=N/A speed=0.882x    
frame=  461 fps= 21 q=28.0 size=N/A time=00:00:19.20 bitrate=N/A speed=0.883x    
frame=  475 fps= 21 q=28.0 size=N/A time=00:00:19.79 bitrate=N/A speed=0.89x    
frame=  487 fps= 21 q=28.0 size=N/A time=00:00:20.30 bitrate=N/A speed=0.893x    
frame=  499 fps= 21 q=28.0 size=N/A time=00:00:20.80 bitrate=N/A speed=0.894x    
frame=  511 fps= 21 q=28.0 size=N/A time=00:00:21.31 bitrate=N/A speed=0.895x    
[hls @ 0x558d34aee0] Opening '/config/data/transcodes/f64292737229a83f76dd3de7363db3ac104.ts' for writing
frame=  522 fps= 21 q=28.0 size=N/A time=00:00:21.78 bitrate=N/A speed=0.896x    
frame=  534 fps= 21 q=28.0 size=N/A time=00:00:22.27 bitrate=N/A speed=0.896x    
frame=  547 fps= 22 q=28.0 size=N/A time=00:00:22.80 bitrate=N/A speed=0.899x    
frame=  557 fps= 22 q=28.0 size=N/A time=00:00:23.23 bitrate=N/A speed=0.898x    
frame=  568 fps= 22 q=28.0 size=N/A time=00:00:23.68 bitrate=N/A speed=0.897x    
frame=  581 fps= 22 q=28.0 size=N/A time=00:00:24.21 bitrate=N/A speed= 0.9x    
frame=  592 fps= 22 q=28.0 size=N/A time=00:00:24.68 bitrate=N/A speed= 0.9x    
frame=  605 fps= 22 q=28.0 size=N/A time=00:00:25.21 bitrate=N/A speed=0.901x    
frame=  621 fps= 22 q=28.0 size=N/A time=00:00:25.89 bitrate=N/A speed=0.908x    
frame=  636 fps= 22 q=28.0 size=N/A time=00:00:26.51 bitrate=N/A speed=0.913x    

[q] command received. Exiting.

[hls @ 0x558d34aee0] Opening '/config/data/transcodes/f64292737229a83f76dd3de7363db3ac105.ts' for writing
frame=  642 fps= 22 q=-1.0 Lsize=N/A time=00:00:26.81 bitrate=N/A speed=0.908x    
video:3246kB audio:1265kB subtitle:0kB other streams:0kB global headers:0kB muxing overhead: unknown
[libx264 @ 0x558d1e4a30] frame I:3     Avg QP:18.84  size: 57572
[libx264 @ 0x558d1e4a30] frame P:194   Avg QP:20.28  size: 13205
[libx264 @ 0x558d1e4a30] frame B:445   Avg QP:23.75  size:  1323
[libx264 @ 0x558d1e4a30] consecutive B-frames:  5.5%  5.9%  1.4% 87.2%
[libx264 @ 0x558d1e4a30] mb I  I16..4: 58.9%  0.0% 41.1%
[libx264 @ 0x558d1e4a30] mb P  I16..4: 11.4%  0.0%  0.0%  P16..4: 30.4%  0.0%  0.0%  0.0%  0.0%    skip:58.2%
[libx264 @ 0x558d1e4a30] mb B  I16..4:  0.3%  0.0%  0.0%  B16..8:  5.2%  0.0%  0.0%  direct: 1.6%  skip:92.9%  L0:36.1% L1:54.1% BI: 9.8%
[libx264 @ 0x558d1e4a30] coded y,uvDC,uvAC intra: 28.8% 35.0% 5.5% inter: 2.6% 3.3% 0.0%
[libx264 @ 0x558d1e4a30] i16 v,h,dc,p: 42% 21% 14% 23%
[libx264 @ 0x558d1e4a30] i4 v,h,dc,ddl,ddr,vr,hd,vl,hu: 29% 18% 21%  4%  8%  6%  4%  5%  5%
[libx264 @ 0x558d1e4a30] i8c dc,h,v,p: 52% 18% 25%  6%
[libx264 @ 0x558d1e4a30] Weighted P-Frames: Y:0.5% UV:0.0%
[libx264 @ 0x558d1e4a30] kb/s:992.88