/videos/40d322c8-8ba7-ec47-543c-e387c3ecad3d/hls1/main/898.ts

{"Protocol":0,"Id":"40d322c88ba7ec47543ce387c3ecad3d","Path":"/data/media/movies/Your Name. (2016)/Your Name. (2016) Bluray-2160p.mkv","EncoderPath":null,"EncoderProtocol":null,"Type":0,"Container":"mkv,webm","Size":5211882381,"Name":"Your Name. (2016) Bluray-2160p","IsRemote":false,"ETag":"d856ddce4c308e19fa28b87149128635","RunTimeTicks":63956830000,"ReadAtNativeFramerate":false,"IgnoreDts":false,"IgnoreIndex":false,"GenPtsInput":false,"SupportsTranscoding":true,"SupportsDirectStream":true,"SupportsDirectPlay":true,"IsInfiniteStream":false,"RequiresOpening":false,"OpenToken":null,"RequiresClosing":false,"LiveStreamId":null,"BufferMs":null,"RequiresLooping":false,"SupportsProbing":true,"VideoType":0,"IsoType":null,"Video3DFormat":null,"MediaStreams":[{"Codec":"hevc","CodecTag":null,"Language":null,"ColorRange":null,"ColorSpace":"bt709","ColorTransfer":"bt709","ColorPrimaries":"bt709","DvVersionMajor":null,"DvVersionMinor":null,"DvProfile":null,"DvLevel":null,"RpuPresentFlag":null,"ElPresentFlag":null,"BlPresentFlag":null,"DvBlSignalCompatibilityId":null,"Comment":null,"TimeBase":"1/1000","CodecTimeBase":null,"Title":null,"VideoRange":"SDR","VideoRangeType":"SDR","VideoDoViTitle":null,"LocalizedUndefined":null,"LocalizedDefault":null,"LocalizedForced":null,"LocalizedExternal":null,"DisplayTitle":"4K HEVC SDR","NalLengthSize":null,"IsInterlaced":false,"IsAVC":null,"ChannelLayout":null,"BitRate":6519250,"BitDepth":10,"RefFrames":1,"PacketLength":null,"Channels":null,"SampleRate":null,"IsDefault":true,"IsForced":false,"Height":2160,"Width":3840,"AverageFrameRate":23.976025,"RealFrameRate":23.976025,"Profile":"Main 10","Type":1,"AspectRatio":"16:9","Index":0,"Score":null,"IsExternal":false,"DeliveryMethod":null,"DeliveryUrl":null,"IsExternalUrl":null,"IsTextSubtitleStream":false,"SupportsExternalStream":false,"Path":null,"PixelFormat":"yuv420p10le","Level":150,"IsAnamorphic":null},{"Codec":"aac","CodecTag":null,"Language":null,"ColorRange":null,"ColorSpace":null,"ColorTransfer":null,"ColorPrimaries":null,"DvVersionMajor":null,"DvVersionMinor":null,"DvProfile":null,"DvLevel":null,"RpuPresentFlag":null,"ElPresentFlag":null,"BlPresentFlag":null,"DvBlSignalCompatibilityId":null,"Comment":null,"TimeBase":"1/1000","CodecTimeBase":null,"Title":null,"VideoRange":null,"VideoRangeType":null,"VideoDoViTitle":null,"LocalizedUndefined":null,"LocalizedDefault":null,"LocalizedForced":null,"LocalizedExternal":null,"DisplayTitle":"AAC - 5.1 - Default","NalLengthSize":null,"IsInterlaced":false,"IsAVC":null,"ChannelLayout":"5.1","BitRate":320000,"BitDepth":null,"RefFrames":null,"PacketLength":null,"Channels":6,"SampleRate":48000,"IsDefault":true,"IsForced":false,"Height":null,"Width":null,"AverageFrameRate":null,"RealFrameRate":null,"Profile":"LC","Type":0,"AspectRatio":null,"Index":1,"Score":null,"IsExternal":false,"DeliveryMethod":null,"DeliveryUrl":null,"IsExternalUrl":null,"IsTextSubtitleStream":false,"SupportsExternalStream":false,"Path":null,"PixelFormat":null,"Level":0,"IsAnamorphic":null},{"Codec":"subrip","CodecTag":null,"Language":"eng","ColorRange":null,"ColorSpace":null,"ColorTransfer":null,"ColorPrimaries":null,"DvVersionMajor":null,"DvVersionMinor":null,"DvProfile":null,"DvLevel":null,"RpuPresentFlag":null,"ElPresentFlag":null,"BlPresentFlag":null,"DvBlSignalCompatibilityId":null,"Comment":null,"TimeBase":"1/1000","CodecTimeBase":null,"Title":"English-SRT","VideoRange":null,"VideoRangeType":null,"VideoDoViTitle":null,"LocalizedUndefined":"Undefined","LocalizedDefault":"Default","LocalizedForced":"Forced","LocalizedExternal":"External","DisplayTitle":"English-SRT - Default - Forced - SUBRIP","NalLengthSize":null,"IsInterlaced":false,"IsAVC":null,"ChannelLayout":null,"BitRate":null,"BitDepth":null,"RefFrames":null,"PacketLength":null,"Channels":null,"SampleRate":null,"IsDefault":true,"IsForced":true,"Height":null,"Width":null,"AverageFrameRate":null,"RealFrameRate":null,"Profile":null,"Type":2,"AspectRatio":null,"Index":2,"Score":null,"IsExternal":false,"DeliveryMethod":null,"DeliveryUrl":null,"IsExternalUrl":null,"IsTextSubtitleStream":true,"SupportsExternalStream":true,"Path":null,"PixelFormat":null,"Level":0,"IsAnamorphic":null},{"Codec":"PGSSUB","CodecTag":null,"Language":null,"ColorRange":null,"ColorSpace":null,"ColorTransfer":null,"ColorPrimaries":null,"DvVersionMajor":null,"DvVersionMinor":null,"DvProfile":null,"DvLevel":null,"RpuPresentFlag":null,"ElPresentFlag":null,"BlPresentFlag":null,"DvBlSignalCompatibilityId":null,"Comment":null,"TimeBase":"1/1000","CodecTimeBase":null,"Title":null,"VideoRange":null,"VideoRangeType":null,"VideoDoViTitle":null,"LocalizedUndefined":"Undefined","LocalizedDefault":"Default","LocalizedForced":"Forced","LocalizedExternal":"External","DisplayTitle":"Undefined - Forced - PGSSUB","NalLengthSize":null,"IsInterlaced":false,"IsAVC":null,"ChannelLayout":null,"BitRate":null,"BitDepth":null,"RefFrames":null,"PacketLength":null,"Channels":null,"SampleRate":null,"IsDefault":false,"IsForced":true,"Height":null,"Width":null,"AverageFrameRate":null,"RealFrameRate":null,"Profile":null,"Type":2,"AspectRatio":null,"Index":3,"Score":null,"IsExternal":false,"DeliveryMethod":null,"DeliveryUrl":null,"IsExternalUrl":null,"IsTextSubtitleStream":false,"SupportsExternalStream":false,"Path":null,"PixelFormat":null,"Level":0,"IsAnamorphic":null},{"Codec":"PGSSUB","CodecTag":null,"Language":null,"ColorRange":null,"ColorSpace":null,"ColorTransfer":null,"ColorPrimaries":null,"DvVersionMajor":null,"DvVersionMinor":null,"DvProfile":null,"DvLevel":null,"RpuPresentFlag":null,"ElPresentFlag":null,"BlPresentFlag":null,"DvBlSignalCompatibilityId":null,"Comment":null,"TimeBase":"1/1000","CodecTimeBase":null,"Title":null,"VideoRange":null,"VideoRangeType":null,"VideoDoViTitle":null,"LocalizedUndefined":"Undefined","LocalizedDefault":"Default","LocalizedForced":"Forced","LocalizedExternal":"External","DisplayTitle":"Undefined - PGSSUB","NalLengthSize":null,"IsInterlaced":false,"IsAVC":null,"ChannelLayout":null,"BitRate":null,"BitDepth":null,"RefFrames":null,"PacketLength":null,"Channels":null,"SampleRate":null,"IsDefault":false,"IsForced":false,"Height":null,"Width":null,"AverageFrameRate":null,"RealFrameRate":null,"Profile":null,"Type":2,"AspectRatio":null,"Index":4,"Score":null,"IsExternal":false,"DeliveryMethod":null,"DeliveryUrl":null,"IsExternalUrl":null,"IsTextSubtitleStream":false,"SupportsExternalStream":false,"Path":null,"PixelFormat":null,"Level":0,"IsAnamorphic":null},{"Codec":"PGSSUB","CodecTag":null,"Language":null,"ColorRange":null,"ColorSpace":null,"ColorTransfer":null,"ColorPrimaries":null,"DvVersionMajor":null,"DvVersionMinor":null,"DvProfile":null,"DvLevel":null,"RpuPresentFlag":null,"ElPresentFlag":null,"BlPresentFlag":null,"DvBlSignalCompatibilityId":null,"Comment":null,"TimeBase":"1/1000","CodecTimeBase":null,"Title":null,"VideoRange":null,"VideoRangeType":null,"VideoDoViTitle":null,"LocalizedUndefined":"Undefined","LocalizedDefault":"Default","LocalizedForced":"Forced","LocalizedExternal":"External","DisplayTitle":"Undefined - PGSSUB","NalLengthSize":null,"IsInterlaced":false,"IsAVC":null,"ChannelLayout":null,"BitRate":null,"BitDepth":null,"RefFrames":null,"PacketLength":null,"Channels":null,"SampleRate":null,"IsDefault":false,"IsForced":false,"Height":null,"Width":null,"AverageFrameRate":null,"RealFrameRate":null,"Profile":null,"Type":2,"AspectRatio":null,"Index":5,"Score":null,"IsExternal":false,"DeliveryMethod":null,"DeliveryUrl":null,"IsExternalUrl":null,"IsTextSubtitleStream":false,"SupportsExternalStream":false,"Path":null,"PixelFormat":null,"Level":0,"IsAnamorphic":null},{"Codec":"PGSSUB","CodecTag":null,"Language":null,"ColorRange":null,"ColorSpace":null,"ColorTransfer":null,"ColorPrimaries":null,"DvVersionMajor":null,"DvVersionMinor":null,"DvProfile":null,"DvLevel":null,"RpuPresentFlag":null,"ElPresentFlag":null,"BlPresentFlag":null,"DvBlSignalCompatibilityId":null,"Comment":null,"TimeBase":"1/1000","CodecTimeBase":null,"Title":null,"VideoRange":null,"VideoRangeType":null,"VideoDoViTitle":null,"LocalizedUndefined":"Undefined","LocalizedDefault":"Default","LocalizedForced":"Forced","LocalizedExternal":"External","DisplayTitle":"Undefined - PGSSUB","NalLengthSize":null,"IsInterlaced":false,"IsAVC":null,"ChannelLayout":null,"BitRate":null,"BitDepth":null,"RefFrames":null,"PacketLength":null,"Channels":null,"SampleRate":null,"IsDefault":false,"IsForced":false,"Height":null,"Width":null,"AverageFrameRate":null,"RealFrameRate":null,"Profile":null,"Type":2,"AspectRatio":null,"Index":6,"Score":null,"IsExternal":false,"DeliveryMethod":null,"DeliveryUrl":null,"IsExternalUrl":null,"IsTextSubtitleStream":false,"SupportsExternalStream":false,"Path":null,"PixelFormat":null,"Level":0,"IsAnamorphic":null}],"MediaAttachments":[],"Formats":[],"Bitrate":6839250,"Timestamp":null,"RequiredHttpHeaders":{},"TranscodingUrl":null,"TranscodingSubProtocol":null,"TranscodingContainer":null,"AnalyzeDurationMs":null,"DefaultAudioStreamIndex":null,"DefaultSubtitleStreamIndex":null}

/usr/lib/jellyfin-ffmpeg/ffmpeg -analyzeduration 200M -ss 00:44:54.000 -f matroska,webm -autorotate 0 -i file:"/data/media/movies/Your Name. (2016)/Your Name. (2016) Bluray-2160p.mkv" -map_metadata -1 -map_chapters -1 -threads 0 -map 0:0 -map 0:1 -map -0:s -codec:v:0 libx264 -preset veryfast -crf 23 -maxrate 10865417 -bufsize 21730834 -x264opts:0 subme=0:me_range=4:rc_lookahead=10:me=dia:no_chroma_me:8x8dct=0:partitions=none -force_key_frames:0 "expr:gte(t,2694+n_forced*3)" -sc_threshold:v:0 0 -vf "setparams=color_primaries=bt709:color_trc=bt709:colorspace=bt709,scale=trunc(min(max(iw\,ih*a)\,min(3840\,2160*a))/2)*2:trunc(min(max(iw/a\,ih)\,min(3840/a\,2160))/2)*2,format=yuv420p" -codec:a:0 libfdk_aac -ac 2 -ab 384000 -ar 48000 -af "volume=2" -copyts -avoid_negative_ts disabled -max_muxing_queue_size 2048 -f hls -max_delay 5000000 -hls_time 3 -hls_segment_type mpegts -start_number 898 -hls_segment_filename "/config/data/transcodes/1b619d23176344dbdee761e1f71f53ae%d.ts" -hls_playlist_type vod -hls_list_size 0 -y "/config/data/transcodes/1b619d23176344dbdee761e1f71f53ae.m3u8"


ffmpeg version 5.1.3-Jellyfin Copyright (c) 2000-2022 the FFmpeg developers
  built with gcc 11 (Ubuntu 11.4.0-1ubuntu1~22.04)
  configuration: --prefix=/usr/lib/jellyfin-ffmpeg --target-os=linux --extra-libs=-lfftw3f --extra-version=Jellyfin --disable-doc --disable-ffplay --disable-ptx-compression --disable-static --disable-libxcb --disable-sdl2 --disable-xlib --enable-lto --enable-gpl --enable-version3 --enable-shared --enable-gmp --enable-gnutls --enable-chromaprint --enable-libdrm --enable-libass --enable-libfreetype --enable-libfribidi --enable-libfontconfig --enable-libbluray --enable-libmp3lame --enable-libopus --enable-libtheora --enable-libvorbis --enable-libopenmpt --enable-libdav1d --enable-libwebp --enable-libvpx --enable-libx264 --enable-libx265 --enable-libzvbi --enable-libzimg --enable-libfdk-aac --toolchain=hardened --enable-cross-compile --arch=arm64 --cross-prefix=/usr/bin/aarch64-linux-gnu-
  libavutil      57. 28.100 / 57. 28.100
  libavcodec     59. 37.100 / 59. 37.100
  libavformat    59. 27.100 / 59. 27.100
  libavdevice    59.  7.100 / 59.  7.100
  libavfilter     8. 44.100 /  8. 44.100
  libswscale      6.  7.100 /  6.  7.100
  libswresample   4.  7.100 /  4.  7.100
  libpostproc    56.  6.100 / 56.  6.100
[matroska,webm @ 0x558d5a2580] Could not find codec parameters for stream 3 (Subtitle: hdmv_pgs_subtitle (pgssub)): unspecified size
Consider increasing the value for the 'analyzeduration' (200000000) and 'probesize' (5000000) options
[matroska,webm @ 0x558d5a2580] Could not find codec parameters for stream 4 (Subtitle: hdmv_pgs_subtitle (pgssub)): unspecified size
Consider increasing the value for the 'analyzeduration' (200000000) and 'probesize' (5000000) options
[matroska,webm @ 0x558d5a2580] Could not find codec parameters for stream 5 (Subtitle: hdmv_pgs_subtitle (pgssub)): unspecified size
Consider increasing the value for the 'analyzeduration' (200000000) and 'probesize' (5000000) options
[matroska,webm @ 0x558d5a2580] Could not find codec parameters for stream 6 (Subtitle: hdmv_pgs_subtitle (pgssub)): unspecified size
Consider increasing the value for the 'analyzeduration' (200000000) and 'probesize' (5000000) options
Input #0, matroska,webm, from 'file:/data/media/movies/Your Name. (2016)/Your Name. (2016) Bluray-2160p.mkv':
  Metadata:
    ENCODER         : Lavf58.68.100
  Duration: 01:46:35.68, start: 0.000000, bitrate: 6519 kb/s
  Stream #0:0: Video: hevc (Main 10), yuv420p10le(tv, bt709, progressive), 3840x2160 [SAR 1:1 DAR 16:9], 23.98 fps, 23.98 tbr, 1k tbn (default)
    Metadata:
      ENCODER         : Lavc58.125.101 libx265
      DURATION        : 01:46:35.683000000
  Stream #0:1: Audio: aac (LC), 48000 Hz, 5.1, fltp (default)
    Metadata:
      ENCODER         : Lavc58.125.101 libfdk_aac
      DURATION        : 01:46:35.680000000
  Stream #0:2(eng): Subtitle: subrip (default) (forced)
    Metadata:
      title           : English-SRT
      BPS-eng         : 47
      DURATION-eng    : 01:45:31.659000000
      NUMBER_OF_FRAMES-eng: 1154
      NUMBER_OF_BYTES-eng: 37410
      _STATISTICS_TAGS-eng: BPS DURATION NUMBER_OF_FRAMES NUMBER_OF_BYTES
      DURATION        : 01:46:25.130000000
  Stream #0:3: Subtitle: hdmv_pgs_subtitle (forced)
    Metadata:
      DURATION        : 01:46:25.130000000
  Stream #0:4: Subtitle: hdmv_pgs_subtitle
    Metadata:
      DURATION        : 01:46:16.455000000
  Stream #0:5: Subtitle: hdmv_pgs_subtitle
    Metadata:
      DURATION        : 01:46:16.038000000
  Stream #0:6: Subtitle: hdmv_pgs_subtitle
    Metadata:
      DURATION        : 01:46:24.963000000
Stream mapping:
  Stream #0:0 -> #0:0 (hevc (native) -> h264 (libx264))
  Stream #0:1 -> #0:1 (aac (native) -> aac (libfdk_aac))
Press [q] to stop, [?] for help
[libx264 @ 0x558d633b20] using SAR=1/1
[libx264 @ 0x558d633b20] using cpu capabilities: ARMv8 NEON
[libx264 @ 0x558d633b20] profile Main, level 5.1, 4:2:0, 8-bit
[libx264 @ 0x558d633b20] 264 - core 163 r3060 5db6aa6 - H.264/MPEG-4 AVC codec - Copyleft 2003-2021 - http://www.videolan.org/x264.html - options: cabac=1 ref=1 deblock=1:0:0 analyse=0x1:0 me=dia subme=0 psy=1 psy_rd=1.00:0.00 mixed_ref=0 me_range=4 chroma_me=0 trellis=0 8x8dct=0 cqm=0 deadzone=21,11 fast_pskip=1 chroma_qp_offset=0 threads=6 lookahead_threads=1 sliced_threads=0 nr=0 decimate=1 interlaced=0 bluray_compat=0 constrained_intra=0 bframes=3 b_pyramid=2 b_adapt=1 b_bias=0 direct=1 weightb=1 open_gop=0 weightp=1 keyint=250 keyint_min=23 scenecut=0 intra_refresh=0 rc_lookahead=10 rc=crf mbtree=1 crf=23.0 qcomp=0.60 qpmin=0 qpmax=69 qpstep=4 vbv_maxrate=10865 vbv_bufsize=21730 crf_max=0.0 nal_hrd=none filler=0 ip_ratio=1.40 aq=1:1.00
Output #0, hls, to '/config/data/transcodes/1b619d23176344dbdee761e1f71f53ae.m3u8':
  Metadata:
    encoder         : Lavf59.27.100
  Stream #0:0: Video: h264, yuv420p(tv, bt709, progressive), 3840x2160 [SAR 1:1 DAR 16:9], q=2-31, 23.98 fps, 90k tbn (default)
    Metadata:
      encoder         : Lavc59.37.100 libx264
    Side data:
      cpb: bitrate max/min/avg: 10865000/0/0 buffer size: 21730000 vbv_delay: N/A
  Stream #0:1: Audio: aac, 48000 Hz, stereo, s16, 384 kb/s (default)
    Metadata:
      encoder         : Lavc59.37.100 libfdk_aac
frame=    1 fps=0.5 q=0.0 size=N/A time=00:00:00.00 bitrate=N/A speed=   0x    
frame=    3 fps=1.2 q=0.0 size=N/A time=00:00:00.10 bitrate=N/A speed=0.0442x    
frame=    8 fps=2.7 q=0.0 size=N/A time=00:00:00.29 bitrate=N/A speed= 0.1x    
frame=   13 fps=3.7 q=0.0 size=N/A time=00:00:00.51 bitrate=N/A speed=0.147x    
frame=   15 fps=3.7 q=0.0 size=N/A time=00:00:00.59 bitrate=N/A speed=0.146x    
frame=   19 fps=4.1 q=0.0 size=N/A time=00:00:00.76 bitrate=N/A speed=0.164x    
frame=   22 fps=3.9 q=28.0 size=N/A time=00:00:00.89 bitrate=N/A speed=0.159x    
frame=   25 fps=4.0 q=28.0 size=N/A time=00:00:01.02 bitrate=N/A speed=0.165x    
frame=   27 fps=3.9 q=28.0 size=N/A time=00:00:01.10 bitrate=N/A speed=0.16x    
frame=   32 fps=4.1 q=28.0 size=N/A time=00:00:01.30 bitrate=N/A speed=0.165x    
frame=   36 fps=4.2 q=28.0 size=N/A time=00:00:01.47 bitrate=N/A speed=0.171x    
frame=   37 fps=4.0 q=28.0 size=N/A time=00:00:01.51 bitrate=N/A speed=0.163x    
frame=   42 fps=4.2 q=28.0 size=N/A time=00:00:01.72 bitrate=N/A speed=0.174x    
frame=   43 fps=4.1 q=28.0 size=N/A time=00:00:01.77 bitrate=N/A speed=0.168x    
frame=   48 fps=3.9 q=28.0 size=N/A time=00:00:01.98 bitrate=N/A speed=0.162x    
frame=   52 fps=3.9 q=28.0 size=N/A time=00:00:02.13 bitrate=N/A speed=0.16x    
frame=   55 fps=3.9 q=28.0 size=N/A time=00:00:02.26 bitrate=N/A speed=0.162x    
frame=   57 fps=3.9 q=28.0 size=N/A time=00:00:02.34 bitrate=N/A speed=0.161x    
frame=   58 fps=3.7 q=28.0 size=N/A time=00:00:02.38 bitrate=N/A speed=0.153x    
frame=   61 fps=3.8 q=28.0 size=N/A time=00:00:02.51 bitrate=N/A speed=0.156x    
frame=   64 fps=3.7 q=28.0 size=N/A time=00:00:02.64 bitrate=N/A speed=0.151x    
frame=   68 fps=3.6 q=28.0 size=N/A time=00:00:02.81 bitrate=N/A speed=0.15x    
frame=   70 fps=3.6 q=28.0 size=N/A time=00:00:02.90 bitrate=N/A speed=0.148x    
frame=   74 fps=3.7 q=28.0 size=N/A time=00:00:03.05 bitrate=N/A speed=0.151x    
frame=   75 fps=3.6 q=28.0 size=N/A time=00:00:03.09 bitrate=N/A speed=0.147x    
frame=   80 fps=3.5 q=28.0 size=N/A time=00:00:03.30 bitrate=N/A speed=0.147x    
frame=   84 fps=3.5 q=28.0 size=N/A time=00:00:03.47 bitrate=N/A speed=0.145x    
frame=   88 fps=3.5 q=28.0 size=N/A time=00:00:03.64 bitrate=N/A speed=0.146x    
frame=   90 fps=3.5 q=28.0 size=N/A time=00:00:03.73 bitrate=N/A speed=0.146x    
frame=   94 fps=3.5 q=28.0 size=N/A time=00:00:03.90 bitrate=N/A speed=0.147x    
frame=   96 fps=3.5 q=28.0 size=N/A time=00:00:03.96 bitrate=N/A speed=0.145x    
frame=  100 fps=3.5 q=28.0 size=N/A time=00:00:04.13 bitrate=N/A speed=0.145x    
frame=  104 fps=3.5 q=28.0 size=N/A time=00:00:04.30 bitrate=N/A speed=0.145x    
frame=  108 fps=3.5 q=28.0 size=N/A time=00:00:04.47 bitrate=N/A speed=0.146x    
frame=  112 fps=3.5 q=28.0 size=N/A time=00:00:04.65 bitrate=N/A speed=0.147x    
frame=  115 fps=3.6 q=28.0 size=N/A time=00:00:04.77 bitrate=N/A speed=0.149x    
frame=  116 fps=3.5 q=28.0 size=N/A time=00:00:04.82 bitrate=N/A speed=0.147x    
frame=  120 fps=3.5 q=28.0 size=N/A time=00:00:04.97 bitrate=N/A speed=0.147x    
frame=  124 fps=3.5 q=28.0 size=N/A time=00:00:05.14 bitrate=N/A speed=0.147x    
frame=  128 fps=3.6 q=28.0 size=N/A time=00:00:05.31 bitrate=N/A speed=0.148x    
frame=  130 fps=3.5 q=28.0 size=N/A time=00:00:05.39 bitrate=N/A speed=0.147x    
frame=  132 fps=3.5 q=28.0 size=N/A time=00:00:05.48 bitrate=N/A speed=0.146x    
frame=  136 fps=3.6 q=28.0 size=N/A time=00:00:05.65 bitrate=N/A speed=0.148x    
frame=  138 fps=3.5 q=28.0 size=N/A time=00:00:05.73 bitrate=N/A speed=0.147x    
frame=  143 fps=3.6 q=28.0 size=N/A time=00:00:05.92 bitrate=N/A speed=0.148x    
frame=  146 fps=3.6 q=28.0 size=N/A time=00:00:06.05 bitrate=N/A speed=0.148x    
frame=  148 fps=3.6 q=28.0 size=N/A time=00:00:06.14 bitrate=N/A speed=0.149x    
frame=  150 fps=3.6 q=28.0 size=N/A time=00:00:06.22 bitrate=N/A speed=0.148x    
frame=  153 fps=3.6 q=28.0 size=N/A time=00:00:06.35 bitrate=N/A speed=0.149x    
frame=  155 fps=3.6 q=28.0 size=N/A time=00:00:06.44 bitrate=N/A speed=0.149x    
frame=  157 fps=3.6 q=28.0 size=N/A time=00:00:06.52 bitrate=N/A speed=0.149x    
frame=  159 fps=3.6 q=28.0 size=N/A time=00:00:06.61 bitrate=N/A speed=0.149x    
frame=  162 fps=3.6 q=28.0 size=N/A time=00:00:06.72 bitrate=N/A speed=0.149x    
frame=  164 fps=3.6 q=28.0 size=N/A time=00:00:06.80 bitrate=N/A speed=0.149x    
frame=  166 fps=3.6 q=28.0 size=N/A time=00:00:06.89 bitrate=N/A speed=0.148x    
frame=  170 fps=3.6 q=28.0 size=N/A time=00:00:07.06 bitrate=N/A speed=0.149x    
frame=  171 fps=3.6 q=28.0 size=N/A time=00:00:07.10 bitrate=N/A speed=0.148x    
frame=  173 fps=3.6 q=28.0 size=N/A time=00:00:07.18 bitrate=N/A speed=0.148x    
frame=  176 fps=3.6 q=28.0 size=N/A time=00:00:07.31 bitrate=N/A speed=0.148x    
frame=  179 fps=3.6 q=28.0 size=N/A time=00:00:07.44 bitrate=N/A speed=0.149x    
frame=  180 fps=3.6 q=28.0 size=N/A time=00:00:07.48 bitrate=N/A speed=0.148x    
frame=  183 fps=3.6 q=28.0 size=N/A time=00:00:07.61 bitrate=N/A speed=0.149x    
frame=  186 fps=3.6 q=28.0 size=N/A time=00:00:07.72 bitrate=N/A speed=0.148x    
frame=  190 fps=3.6 q=28.0 size=N/A time=00:00:07.89 bitrate=N/A speed=0.149x    
frame=  192 fps=3.6 q=28.0 size=N/A time=00:00:07.97 bitrate=N/A speed=0.148x    
frame=  197 fps=3.6 q=28.0 size=N/A time=00:00:08.19 bitrate=N/A speed=0.149x    
frame=  200 fps=3.6 q=28.0 size=N/A time=00:00:08.31 bitrate=N/A speed=0.15x    
frame=  203 fps=3.6 q=28.0 size=N/A time=00:00:08.44 bitrate=N/A speed=0.15x    
frame=  207 fps=3.6 q=28.0 size=N/A time=00:00:08.61 bitrate=N/A speed=0.151x    
frame=  211 fps=3.6 q=28.0 size=N/A time=00:00:08.76 bitrate=N/A speed=0.151x    
frame=  213 fps=3.6 q=28.0 size=N/A time=00:00:08.85 bitrate=N/A speed=0.151x    
frame=  217 fps=3.6 q=28.0 size=N/A time=00:00:09.02 bitrate=N/A speed=0.152x    
frame=  219 fps=3.6 q=28.0 size=N/A time=00:00:09.10 bitrate=N/A speed=0.152x    
frame=  223 fps=3.6 q=28.0 size=N/A time=00:00:09.28 bitrate=N/A speed=0.152x    
frame=  227 fps=3.7 q=28.0 size=N/A time=00:00:09.44 bitrate=N/A speed=0.152x    
frame=  231 fps=3.7 q=28.0 size=N/A time=00:00:09.60 bitrate=N/A speed=0.153x    
frame=  233 fps=3.7 q=28.0 size=N/A time=00:00:09.68 bitrate=N/A speed=0.153x    
frame=  237 fps=3.7 q=28.0 size=N/A time=00:00:09.85 bitrate=N/A speed=0.154x    
frame=  239 fps=3.7 q=28.0 size=N/A time=00:00:09.94 bitrate=N/A speed=0.154x    
frame=  241 fps=3.7 q=28.0 size=N/A time=00:00:10.02 bitrate=N/A speed=0.154x    
frame=  244 fps=3.7 q=28.0 size=N/A time=00:00:10.15 bitrate=N/A speed=0.155x    
frame=  247 fps=3.7 q=28.0 size=N/A time=00:00:10.28 bitrate=N/A speed=0.155x    
frame=  250 fps=3.7 q=28.0 size=N/A time=00:00:10.41 bitrate=N/A speed=0.156x    
frame=  253 fps=3.8 q=28.0 size=N/A time=00:00:10.51 bitrate=N/A speed=0.156x    
frame=  255 fps=3.7 q=28.0 size=N/A time=00:00:10.60 bitrate=N/A speed=0.156x    
frame=  259 fps=3.8 q=28.0 size=N/A time=00:00:10.77 bitrate=N/A speed=0.157x    
frame=  261 fps=3.8 q=28.0 size=N/A time=00:00:10.85 bitrate=N/A speed=0.157x    
frame=  264 fps=3.8 q=28.0 size=N/A time=00:00:10.98 bitrate=N/A speed=0.158x    
frame=  266 fps=3.8 q=25.0 size=N/A time=00:00:11.07 bitrate=N/A speed=0.158x    
frame=  267 fps=3.8 q=28.0 size=N/A time=00:00:11.11 bitrate=N/A speed=0.157x    
[hls @ 0x558d626280] Opening '/config/data/transcodes/1b619d23176344dbdee761e1f71f53ae898.ts' for writing
frame=  271 fps=3.8 q=28.0 size=N/A time=00:00:11.28 bitrate=N/A speed=0.157x    
frame=  275 fps=3.8 q=28.0 size=N/A time=00:00:11.43 bitrate=N/A speed=0.158x    
frame=  278 fps=3.8 q=28.0 size=N/A time=00:00:11.56 bitrate=N/A speed=0.158x    
frame=  282 fps=3.8 q=28.0 size=N/A time=00:00:11.73 bitrate=N/A speed=0.159x    
frame=  283 fps=3.8 q=28.0 size=N/A time=00:00:11.77 bitrate=N/A speed=0.159x    
frame=  287 fps=3.8 q=28.0 size=N/A time=00:00:11.94 bitrate=N/A speed=0.159x    
frame=  291 fps=3.8 q=28.0 size=N/A time=00:00:12.11 bitrate=N/A speed=0.16x    
frame=  294 fps=3.8 q=28.0 size=N/A time=00:00:12.24 bitrate=N/A speed=0.16x    
frame=  296 fps=3.8 q=28.0 size=N/A time=00:00:12.30 bitrate=N/A speed=0.16x    
frame=  300 fps=3.9 q=28.0 size=N/A time=00:00:12.47 bitrate=N/A speed=0.161x    
frame=  303 fps=3.9 q=28.0 size=N/A time=00:00:12.60 bitrate=N/A speed=0.161x    
frame=  305 fps=3.9 q=28.0 size=N/A time=00:00:12.71 bitrate=N/A speed=0.161x    
frame=  308 fps=3.9 q=28.0 size=N/A time=00:00:12.82 bitrate=N/A speed=0.161x    
frame=  312 fps=3.9 q=28.0 size=N/A time=00:00:12.99 bitrate=N/A speed=0.162x    
frame=  315 fps=3.9 q=28.0 size=N/A time=00:00:13.11 bitrate=N/A speed=0.162x    
frame=  317 fps=3.9 q=28.0 size=N/A time=00:00:13.20 bitrate=N/A speed=0.162x    
frame=  323 fps=3.9 q=28.0 size=N/A time=00:00:13.43 bitrate=N/A speed=0.163x    
frame=  329 fps=3.9 q=28.0 size=N/A time=00:00:13.69 bitrate=N/A speed=0.164x    
frame=  334 fps=4.0 q=28.0 size=N/A time=00:00:13.90 bitrate=N/A speed=0.165x    
frame=  337 fps=4.0 q=28.0 size=N/A time=00:00:14.03 bitrate=N/A speed=0.165x    
frame=  343 fps=4.0 q=28.0 size=N/A time=00:00:14.27 bitrate=N/A speed=0.166x    
frame=  347 fps=4.0 q=28.0 size=N/A time=00:00:14.44 bitrate=N/A speed=0.166x    
frame=  349 fps=4.0 q=28.0 size=N/A time=00:00:14.52 bitrate=N/A speed=0.166x    
frame=  353 fps=4.0 q=28.0 size=N/A time=00:00:14.69 bitrate=N/A speed=0.167x    
frame=  354 fps=4.0 q=28.0 size=N/A time=00:00:14.74 bitrate=N/A speed=0.167x    
frame=  359 fps=4.0 q=28.0 size=N/A time=00:00:14.95 bitrate=N/A speed=0.167x    
frame=  363 fps=4.0 q=28.0 size=N/A time=00:00:15.10 bitrate=N/A speed=0.168x    
frame=  364 fps=4.0 q=28.0 size=N/A time=00:00:15.14 bitrate=N/A speed=0.167x    
frame=  368 fps=4.0 q=28.0 size=N/A time=00:00:15.31 bitrate=N/A speed=0.168x    
frame=  369 fps=4.0 q=28.0 size=N/A time=00:00:15.36 bitrate=N/A speed=0.167x    
frame=  371 fps=4.0 q=28.0 size=N/A time=00:00:15.44 bitrate=N/A speed=0.167x    
frame=  374 fps=4.0 q=28.0 size=N/A time=00:00:15.57 bitrate=N/A speed=0.167x    
frame=  375 fps=4.0 q=28.0 size=N/A time=00:00:15.63 bitrate=N/A speed=0.167x    

[q] command received. Exiting.

[hls @ 0x558d626280] Opening '/config/data/transcodes/1b619d23176344dbdee761e1f71f53ae899.ts' for writing
frame=  379 fps=3.9 q=-1.0 Lsize=N/A time=00:00:15.80 bitrate=N/A speed=0.164x    
video:8731kB audio:750kB subtitle:0kB other streams:0kB global headers:0kB muxing overhead: unknown
[libx264 @ 0x558d633b20] frame I:2     Avg QP:17.82  size:289820
[libx264 @ 0x558d633b20] frame P:133   Avg QP:19.96  size: 51569
[libx264 @ 0x558d633b20] frame B:244   Avg QP:21.98  size:  6154
[libx264 @ 0x558d633b20] consecutive B-frames: 13.5%  0.5%  4.7% 81.3%
[libx264 @ 0x558d633b20] mb I  I16..4: 67.9%  0.0% 32.1%
[libx264 @ 0x558d633b20] mb P  I16..4: 24.3%  0.0%  0.0%  P16..4: 20.1%  0.0%  0.0%  0.0%  0.0%    skip:55.6%
[libx264 @ 0x558d633b20] mb B  I16..4:  0.7%  0.0%  0.0%  B16..8:  6.2%  0.0%  0.0%  direct: 2.3%  skip:90.8%  L0:44.0% L1:52.5% BI: 3.5%
[libx264 @ 0x558d633b20] coded y,uvDC,uvAC intra: 13.5% 30.6% 5.0% inter: 1.7% 4.4% 0.0%
[libx264 @ 0x558d633b20] i16 v,h,dc,p: 46% 22% 12% 19%
[libx264 @ 0x558d633b20] i4 v,h,dc,ddl,ddr,vr,hd,vl,hu: 28% 20% 21%  3%  8%  6%  4%  4%  8%
[libx264 @ 0x558d633b20] i8c dc,h,v,p: 54% 19% 23%  4%
[libx264 @ 0x558d633b20] Weighted P-Frames: Y:1.5% UV:1.5%
[libx264 @ 0x558d633b20] kb/s:4524.42