/videos/3b6f6b14-5733-5f15-f502-fc128d6ab1a3/hls1/main/0.ts

{"Protocol":0,"Id":"3b6f6b1457335f15f502fc128d6ab1a3","Path":"/data/media/tv/Soundtrack (2022)/Season 1/Soundtrack.1.S01E01.KOREAN.1080p.WEBRip.x265-RARBG.mp4","EncoderPath":null,"EncoderProtocol":null,"Type":0,"Container":"mov,mp4,m4a,3gp,3g2,mj2","Size":720085568,"Name":"Soundtrack.1.S01E01.KOREAN.1080p.WEBRip.x265-RARBG","IsRemote":false,"ETag":"9cfadc57946e85c76119b90b4324cbb8","RunTimeTicks":25838499840,"ReadAtNativeFramerate":false,"IgnoreDts":false,"IgnoreIndex":false,"GenPtsInput":false,"SupportsTranscoding":true,"SupportsDirectStream":true,"SupportsDirectPlay":true,"IsInfiniteStream":false,"RequiresOpening":false,"OpenToken":null,"RequiresClosing":false,"LiveStreamId":null,"BufferMs":null,"RequiresLooping":false,"SupportsProbing":true,"VideoType":0,"IsoType":null,"Video3DFormat":null,"MediaStreams":[{"Codec":"hevc","CodecTag":"hev1","Language":"und","ColorRange":null,"ColorSpace":null,"ColorTransfer":null,"ColorPrimaries":null,"DvVersionMajor":null,"DvVersionMinor":null,"DvProfile":null,"DvLevel":null,"RpuPresentFlag":null,"ElPresentFlag":null,"BlPresentFlag":null,"DvBlSignalCompatibilityId":null,"Comment":null,"TimeBase":"1/24000","CodecTimeBase":null,"Title":null,"VideoRange":"SDR","VideoRangeType":"SDR","VideoDoViTitle":null,"LocalizedUndefined":null,"LocalizedDefault":null,"LocalizedForced":null,"LocalizedExternal":null,"DisplayTitle":"1080p HEVC SDR","NalLengthSize":null,"IsInterlaced":false,"IsAVC":null,"ChannelLayout":null,"BitRate":2000044,"BitDepth":10,"RefFrames":1,"PacketLength":null,"Channels":null,"SampleRate":null,"IsDefault":true,"IsForced":false,"Height":960,"Width":1920,"AverageFrameRate":23.976025,"RealFrameRate":23.976025,"Profile":"Main 10","Type":1,"AspectRatio":"2:1","Index":0,"Score":null,"IsExternal":false,"DeliveryMethod":null,"DeliveryUrl":null,"IsExternalUrl":null,"IsTextSubtitleStream":false,"SupportsExternalStream":false,"Path":null,"PixelFormat":"yuv420p10le","Level":120,"IsAnamorphic":null},{"Codec":"aac","CodecTag":"mp4a","Language":"kor","ColorRange":null,"ColorSpace":null,"ColorTransfer":null,"ColorPrimaries":null,"DvVersionMajor":null,"DvVersionMinor":null,"DvProfile":null,"DvLevel":null,"RpuPresentFlag":null,"ElPresentFlag":null,"BlPresentFlag":null,"DvBlSignalCompatibilityId":null,"Comment":null,"TimeBase":"1/48000","CodecTimeBase":null,"Title":null,"VideoRange":null,"VideoRangeType":null,"VideoDoViTitle":null,"LocalizedUndefined":null,"LocalizedDefault":null,"LocalizedForced":null,"LocalizedExternal":null,"DisplayTitle":"Korean - AAC - 5.1 - Default","NalLengthSize":null,"IsInterlaced":false,"IsAVC":null,"ChannelLayout":"5.1","BitRate":224000,"BitDepth":null,"RefFrames":null,"PacketLength":null,"Channels":6,"SampleRate":48000,"IsDefault":true,"IsForced":false,"Height":null,"Width":null,"AverageFrameRate":null,"RealFrameRate":null,"Profile":"LC","Type":0,"AspectRatio":null,"Index":1,"Score":null,"IsExternal":false,"DeliveryMethod":null,"DeliveryUrl":null,"IsExternalUrl":null,"IsTextSubtitleStream":false,"SupportsExternalStream":false,"Path":null,"PixelFormat":null,"Level":0,"IsAnamorphic":null}],"MediaAttachments":[],"Formats":[],"Bitrate":2229496,"Timestamp":null,"RequiredHttpHeaders":{},"TranscodingUrl":null,"TranscodingSubProtocol":null,"TranscodingContainer":null,"AnalyzeDurationMs":null,"DefaultAudioStreamIndex":null,"DefaultSubtitleStreamIndex":null}

/usr/lib/jellyfin-ffmpeg/ffmpeg -analyzeduration 200M -f mov,mp4,m4a,3gp,3g2,mj2 -autorotate 0 -i file:"/data/media/tv/Soundtrack (2022)/Season 1/Soundtrack.1.S01E01.KOREAN.1080p.WEBRip.x265-RARBG.mp4" -map_metadata -1 -map_chapters -1 -threads 0 -map 0:0 -map 0:1 -map -0:s -codec:v:0 libx264 -preset veryfast -crf 23 -maxrate 6666813 -bufsize 13333626 -x264opts:0 subme=0:me_range=4:rc_lookahead=10:me=dia:no_chroma_me:8x8dct=0:partitions=none -force_key_frames:0 "expr:gte(t,0+n_forced*3)" -sc_threshold:v:0 0 -vf "setparams=color_primaries=bt709:color_trc=bt709:colorspace=bt709,scale=trunc(min(max(iw\,ih*a)\,min(1920\,960*a))/2)*2:trunc(min(max(iw/a\,ih)\,min(1920/a\,960))/2)*2,format=yuv420p" -codec:a:0 libfdk_aac -ac 2 -ab 384000 -ar 48000 -af "volume=2" -copyts -avoid_negative_ts disabled -max_muxing_queue_size 2048 -f hls -max_delay 5000000 -hls_time 3 -hls_segment_type mpegts -start_number 0 -hls_segment_filename "/config/data/transcodes/1fdb716f0e97779d08621a98bc9a561c%d.ts" -hls_playlist_type vod -hls_list_size 0 -y "/config/data/transcodes/1fdb716f0e97779d08621a98bc9a561c.m3u8"


ffmpeg version 5.1.3-Jellyfin Copyright (c) 2000-2022 the FFmpeg developers
  built with gcc 11 (Ubuntu 11.4.0-1ubuntu1~22.04)
  configuration: --prefix=/usr/lib/jellyfin-ffmpeg --target-os=linux --extra-libs=-lfftw3f --extra-version=Jellyfin --disable-doc --disable-ffplay --disable-ptx-compression --disable-static --disable-libxcb --disable-sdl2 --disable-xlib --enable-lto --enable-gpl --enable-version3 --enable-shared --enable-gmp --enable-gnutls --enable-chromaprint --enable-libdrm --enable-libass --enable-libfreetype --enable-libfribidi --enable-libfontconfig --enable-libbluray --enable-libmp3lame --enable-libopus --enable-libtheora --enable-libvorbis --enable-libopenmpt --enable-libdav1d --enable-libwebp --enable-libvpx --enable-libx264 --enable-libx265 --enable-libzvbi --enable-libzimg --enable-libfdk-aac --toolchain=hardened --enable-cross-compile --arch=arm64 --cross-prefix=/usr/bin/aarch64-linux-gnu-
  libavutil      57. 28.100 / 57. 28.100
  libavcodec     59. 37.100 / 59. 37.100
  libavformat    59. 27.100 / 59. 27.100
  libavdevice    59.  7.100 / 59.  7.100
  libavfilter     8. 44.100 /  8. 44.100
  libswscale      6.  7.100 /  6.  7.100
  libswresample   4.  7.100 /  4.  7.100
  libpostproc    56.  6.100 / 56.  6.100
Input #0, mov,mp4,m4a,3gp,3g2,mj2, from 'file:/data/media/tv/Soundtrack (2022)/Season 1/Soundtrack.1.S01E01.KOREAN.1080p.WEBRip.x265-RARBG.mp4':
  Metadata:
    major_brand     : isom
    minor_version   : 512
    compatible_brands: isomiso2mp41
    creation_time   : 2022-04-14T14:39:12.000000Z
    title           : Soundtrack.1.S01E01.KOREAN.1080p.WEBRip.x265-RARBG
    encoder         : Lavf58.20.100
    comment         : Soundtrack.1.S01E01.KOREAN.1080p.WEBRip.x265-RARBG
  Duration: 00:43:03.85, start: 0.000000, bitrate: 2229 kb/s
  Stream #0:0[0x1](und): Video: hevc (Main 10) (hev1 / 0x31766568), yuv420p10le(tv), 1920x960 [SAR 1:1 DAR 2:1], 2000 kb/s, 23.98 fps, 23.98 tbr, 24k tbn (default)
    Metadata:
      creation_time   : 2022-04-14T14:39:12.000000Z
      handler_name    : VideoHandler
      vendor_id       : [0][0][0][0]
  Stream #0:1[0x2](kor): Audio: aac (LC) (mp4a / 0x6134706D), 48000 Hz, 5.1, fltp, 224 kb/s (default)
    Metadata:
      creation_time   : 2022-04-14T14:39:12.000000Z
      handler_name    : SoundHandler
      vendor_id       : [0][0][0][0]
Stream mapping:
  Stream #0:0 -> #0:0 (hevc (native) -> h264 (libx264))
  Stream #0:1 -> #0:1 (aac (native) -> aac (libfdk_aac))
Press [q] to stop, [?] for help
[libx264 @ 0x55acebc480] using SAR=1/1
[libx264 @ 0x55acebc480] using cpu capabilities: ARMv8 NEON
[libx264 @ 0x55acebc480] profile Main, level 4.0, 4:2:0, 8-bit
[libx264 @ 0x55acebc480] 264 - core 163 r3060 5db6aa6 - H.264/MPEG-4 AVC codec - Copyleft 2003-2021 - http://www.videolan.org/x264.html - options: cabac=1 ref=1 deblock=1:0:0 analyse=0x1:0 me=dia subme=0 psy=1 psy_rd=1.00:0.00 mixed_ref=0 me_range=4 chroma_me=0 trellis=0 8x8dct=0 cqm=0 deadzone=21,11 fast_pskip=1 chroma_qp_offset=0 threads=6 lookahead_threads=1 sliced_threads=0 nr=0 decimate=1 interlaced=0 bluray_compat=0 constrained_intra=0 bframes=3 b_pyramid=2 b_adapt=1 b_bias=0 direct=1 weightb=1 open_gop=0 weightp=1 keyint=250 keyint_min=23 scenecut=0 intra_refresh=0 rc_lookahead=10 rc=crf mbtree=1 crf=23.0 qcomp=0.60 qpmin=0 qpmax=69 qpstep=4 vbv_maxrate=6666 vbv_bufsize=13333 crf_max=0.0 nal_hrd=none filler=0 ip_ratio=1.40 aq=1:1.00
Output #0, hls, to '/config/data/transcodes/1fdb716f0e97779d08621a98bc9a561c.m3u8':
  Metadata:
    encoder         : Lavf59.27.100
  Stream #0:0: Video: h264, yuv420p(tv, bt709, progressive), 1920x960 [SAR 1:1 DAR 2:1], q=2-31, 23.98 fps, 90k tbn (default)
    Metadata:
      encoder         : Lavc59.37.100 libx264
    Side data:
      cpb: bitrate max/min/avg: 6666000/0/0 buffer size: 13333000 vbv_delay: N/A
  Stream #0:1: Audio: aac, 48000 Hz, stereo, s16, 384 kb/s (default)
    Metadata:
      encoder         : Lavc59.37.100 libfdk_aac
frame=    1 fps=0.0 q=0.0 size=N/A time=00:00:00.00 bitrate=N/A speed=   0x    
frame=    6 fps=0.0 q=0.0 size=N/A time=00:00:00.23 bitrate=N/A speed=0.309x    
frame=   17 fps= 13 q=0.0 size=N/A time=00:00:00.70 bitrate=N/A speed=0.538x    
frame=   25 fps= 14 q=28.0 size=N/A time=00:00:01.02 bitrate=N/A speed=0.562x    
frame=   32 fps= 13 q=28.0 size=N/A time=00:00:01.32 bitrate=N/A speed=0.557x    
frame=   42 fps= 15 q=28.0 size=N/A time=00:00:01.72 bitrate=N/A speed=0.599x    
frame=   49 fps= 14 q=28.0 size=N/A time=00:00:02.02 bitrate=N/A speed=0.596x    
frame=   59 fps= 15 q=28.0 size=N/A time=00:00:02.45 bitrate=N/A speed=0.607x    
frame=   69 fps= 15 q=28.0 size=N/A time=00:00:02.85 bitrate=N/A speed=0.628x    
frame=   77 fps= 15 q=28.0 size=N/A time=00:00:03.20 bitrate=N/A speed=0.632x    
frame=   85 fps= 15 q=28.0 size=N/A time=00:00:03.54 bitrate=N/A speed=0.619x    
[hls @ 0x55acebbed0] Opening '/config/data/transcodes/1fdb716f0e97779d08621a98bc9a561c0.ts' for writing
frame=   93 fps= 15 q=28.0 size=N/A time=00:00:03.86 bitrate=N/A speed=0.618x    
frame=  100 fps= 15 q=28.0 size=N/A time=00:00:04.18 bitrate=N/A speed=0.619x    
frame=  107 fps= 15 q=28.0 size=N/A time=00:00:04.45 bitrate=N/A speed=0.611x    
frame=  114 fps= 14 q=28.0 size=N/A time=00:00:04.73 bitrate=N/A speed=0.597x    
frame=  123 fps= 14 q=28.0 size=N/A time=00:00:05.12 bitrate=N/A speed=0.598x    
frame=  131 fps= 14 q=28.0 size=N/A time=00:00:05.44 bitrate=N/A speed=0.597x    
frame=  137 fps= 14 q=28.0 size=N/A time=00:00:05.69 bitrate=N/A speed=0.59x    
frame=  142 fps= 14 q=28.0 size=N/A time=00:00:05.90 bitrate=N/A speed=0.58x    
frame=  149 fps= 14 q=28.0 size=N/A time=00:00:06.20 bitrate=N/A speed=0.58x    
frame=  157 fps= 14 q=28.0 size=N/A time=00:00:06.52 bitrate=N/A speed=0.577x    
frame=  162 fps= 14 q=28.0 size=N/A time=00:00:06.74 bitrate=N/A speed=0.57x    
[hls @ 0x55acebbed0] Opening '/config/data/transcodes/1fdb716f0e97779d08621a98bc9a561c1.ts' for writing
frame=  166 fps= 13 q=28.0 size=N/A time=00:00:06.91 bitrate=N/A speed=0.553x    
frame=  172 fps= 13 q=28.0 size=N/A time=00:00:07.16 bitrate=N/A speed=0.544x    
frame=  177 fps= 13 q=28.0 size=N/A time=00:00:07.36 bitrate=N/A speed=0.533x    
frame=  181 fps= 12 q=28.0 size=N/A time=00:00:07.53 bitrate=N/A speed=0.519x    
frame=  183 fps= 12 q=28.0 size=N/A time=00:00:07.61 bitrate=N/A speed=0.501x    
frame=  186 fps= 12 q=28.0 size=N/A time=00:00:07.74 bitrate=N/A speed=0.49x    
frame=  189 fps= 11 q=28.0 size=N/A time=00:00:07.87 bitrate=N/A speed=0.478x    
frame=  194 fps= 11 q=28.0 size=N/A time=00:00:08.08 bitrate=N/A speed=0.467x    
frame=  197 fps= 11 q=28.0 size=N/A time=00:00:08.21 bitrate=N/A speed=0.461x    
frame=  202 fps= 11 q=28.0 size=N/A time=00:00:08.40 bitrate=N/A speed=0.452x    
frame=  206 fps= 11 q=28.0 size=N/A time=00:00:08.59 bitrate=N/A speed=0.45x    
frame=  212 fps= 11 q=28.0 size=N/A time=00:00:08.83 bitrate=N/A speed=0.451x    
frame=  216 fps= 11 q=28.0 size=N/A time=00:00:09.00 bitrate=N/A speed=0.446x    
frame=  222 fps= 11 q=28.0 size=N/A time=00:00:09.23 bitrate=N/A speed=0.445x    
frame=  227 fps= 11 q=28.0 size=N/A time=00:00:09.45 bitrate=N/A speed=0.444x    
frame=  228 fps= 10 q=28.0 size=N/A time=00:00:09.49 bitrate=N/A speed=0.433x    
frame=  234 fps= 10 q=28.0 size=N/A time=00:00:09.74 bitrate=N/A speed=0.433x    
[hls @ 0x55acebbed0] Opening '/config/data/transcodes/1fdb716f0e97779d08621a98bc9a561c2.ts' for writing
frame=  239 fps= 10 q=28.0 size=N/A time=00:00:09.94 bitrate=N/A speed=0.431x    
frame=  243 fps= 10 q=28.0 size=N/A time=00:00:10.11 bitrate=N/A speed=0.429x    
frame=  247 fps= 10 q=28.0 size=N/A time=00:00:10.28 bitrate=N/A speed=0.427x    
frame=  253 fps= 10 q=28.0 size=N/A time=00:00:10.53 bitrate=N/A speed=0.427x    
frame=  259 fps= 10 q=28.0 size=N/A time=00:00:10.79 bitrate=N/A speed=0.419x    
frame=  266 fps= 10 q=28.0 size=N/A time=00:00:11.07 bitrate=N/A speed=0.416x    
frame=  272 fps= 10 q=28.0 size=N/A time=00:00:11.32 bitrate=N/A speed=0.416x    
frame=  276 fps=9.9 q=28.0 size=N/A time=00:00:11.49 bitrate=N/A speed=0.413x    
frame=  279 fps=9.8 q=28.0 size=N/A time=00:00:11.62 bitrate=N/A speed=0.41x    
frame=  285 fps=9.8 q=28.0 size=N/A time=00:00:11.88 bitrate=N/A speed=0.407x    
frame=  291 fps=9.6 q=28.0 size=N/A time=00:00:12.11 bitrate=N/A speed= 0.4x    
frame=  298 fps=9.7 q=28.0 size=N/A time=00:00:12.41 bitrate=N/A speed=0.403x    
frame=  301 fps=9.6 q=28.0 size=N/A time=00:00:12.54 bitrate=N/A speed=0.399x    
frame=  306 fps=9.6 q=28.0 size=N/A time=00:00:12.75 bitrate=N/A speed=0.399x    
[hls @ 0x55acebbed0] Opening '/config/data/transcodes/1fdb716f0e97779d08621a98bc9a561c3.ts' for writing
frame=  310 fps=9.5 q=28.0 size=N/A time=00:00:12.90 bitrate=N/A speed=0.397x    
frame=  315 fps=9.5 q=28.0 size=N/A time=00:00:13.12 bitrate=N/A speed=0.396x    
frame=  321 fps=9.5 q=28.0 size=N/A time=00:00:13.37 bitrate=N/A speed=0.396x    
frame=  325 fps=9.5 q=28.0 size=N/A time=00:00:13.54 bitrate=N/A speed=0.395x    
frame=  329 fps=9.4 q=28.0 size=N/A time=00:00:13.71 bitrate=N/A speed=0.393x    
frame=  335 fps=9.4 q=28.0 size=N/A time=00:00:13.95 bitrate=N/A speed=0.393x    
frame=  340 fps=9.4 q=28.0 size=N/A time=00:00:14.16 bitrate=N/A speed=0.39x    
frame=  343 fps=9.3 q=28.0 size=N/A time=00:00:14.29 bitrate=N/A speed=0.388x    
frame=  348 fps=9.3 q=28.0 size=N/A time=00:00:14.50 bitrate=N/A speed=0.388x    
frame=  354 fps=9.3 q=28.0 size=N/A time=00:00:14.74 bitrate=N/A speed=0.388x    
frame=  356 fps=9.2 q=28.0 size=N/A time=00:00:14.80 bitrate=N/A speed=0.385x    
frame=  358 fps=9.1 q=28.0 size=N/A time=00:00:14.91 bitrate=N/A speed=0.379x    
frame=  364 fps=9.1 q=28.0 size=N/A time=00:00:15.16 bitrate=N/A speed=0.379x    
frame=  368 fps=9.0 q=28.0 size=N/A time=00:00:15.33 bitrate=N/A speed=0.375x    
frame=  372 fps=9.0 q=28.0 size=N/A time=00:00:15.50 bitrate=N/A speed=0.375x    
frame=  377 fps=9.0 q=28.0 size=N/A time=00:00:15.68 bitrate=N/A speed=0.374x    
frame=  379 fps=8.9 q=28.0 size=N/A time=00:00:15.78 bitrate=N/A speed=0.369x    
[hls @ 0x55acebbed0] Opening '/config/data/transcodes/1fdb716f0e97779d08621a98bc9a561c4.ts' for writing
frame=  384 fps=8.8 q=28.0 size=N/A time=00:00:16.00 bitrate=N/A speed=0.367x    
frame=  389 fps=8.8 q=28.0 size=N/A time=00:00:16.21 bitrate=N/A speed=0.366x    
frame=  394 fps=8.8 q=28.0 size=N/A time=00:00:16.42 bitrate=N/A speed=0.366x    
frame=  398 fps=8.8 q=28.0 size=N/A time=00:00:16.57 bitrate=N/A speed=0.365x    
frame=  405 fps=8.8 q=28.0 size=N/A time=00:00:16.87 bitrate=N/A speed=0.366x    
frame=  412 fps=8.8 q=28.0 size=N/A time=00:00:17.17 bitrate=N/A speed=0.367x    
frame=  420 fps=8.9 q=28.0 size=N/A time=00:00:17.49 bitrate=N/A speed=0.37x    
frame=  429 fps=9.0 q=28.0 size=N/A time=00:00:17.87 bitrate=N/A speed=0.373x    
frame=  437 fps=9.0 q=28.0 size=N/A time=00:00:18.21 bitrate=N/A speed=0.377x    
frame=  443 fps=9.0 q=28.0 size=N/A time=00:00:18.45 bitrate=N/A speed=0.376x    
frame=  452 fps=9.1 q=28.0 size=N/A time=00:00:18.83 bitrate=N/A speed=0.379x    
[hls @ 0x55acebbed0] Opening '/config/data/transcodes/1fdb716f0e97779d08621a98bc9a561c5.ts' for writing
frame=  457 fps=9.1 q=28.0 size=N/A time=00:00:19.05 bitrate=N/A speed=0.379x    
frame=  463 fps=9.1 q=28.0 size=N/A time=00:00:19.30 bitrate=N/A speed=0.38x    
frame=  469 fps=9.1 q=28.0 size=N/A time=00:00:19.54 bitrate=N/A speed=0.381x    
frame=  473 fps=9.1 q=28.0 size=N/A time=00:00:19.71 bitrate=N/A speed=0.381x    
frame=  478 fps=9.1 q=28.0 size=N/A time=00:00:19.92 bitrate=N/A speed=0.379x    
frame=  486 fps=9.1 q=28.0 size=N/A time=00:00:20.26 bitrate=N/A speed=0.379x    
frame=  493 fps=9.1 q=28.0 size=N/A time=00:00:20.54 bitrate=N/A speed=0.38x    
frame=  500 fps=9.2 q=28.0 size=N/A time=00:00:20.84 bitrate=N/A speed=0.382x    
frame=  506 fps=9.2 q=28.0 size=N/A time=00:00:21.09 bitrate=N/A speed=0.383x    
frame=  510 fps=9.1 q=28.0 size=N/A time=00:00:21.24 bitrate=N/A speed=0.381x    
frame=  518 fps=9.2 q=28.0 size=N/A time=00:00:21.58 bitrate=N/A speed=0.383x    
[hls @ 0x55acebbed0] Opening '/config/data/transcodes/1fdb716f0e97779d08621a98bc9a561c6.ts' for writing
frame=  525 fps=9.2 q=28.0 size=N/A time=00:00:21.88 bitrate=N/A speed=0.385x    
frame=  535 fps=9.3 q=28.0 size=N/A time=00:00:22.29 bitrate=N/A speed=0.388x    
frame=  542 fps=9.3 q=28.0 size=N/A time=00:00:22.59 bitrate=N/A speed=0.389x    
frame=  548 fps=9.4 q=28.0 size=N/A time=00:00:22.84 bitrate=N/A speed=0.39x    
frame=  553 fps=9.4 q=28.0 size=N/A time=00:00:23.06 bitrate=N/A speed=0.39x    
frame=  558 fps=9.4 q=28.0 size=N/A time=00:00:23.25 bitrate=N/A speed=0.39x    
frame=  561 fps=9.3 q=28.0 size=N/A time=00:00:23.38 bitrate=N/A speed=0.389x    
frame=  567 fps=9.3 q=28.0 size=N/A time=00:00:23.63 bitrate=N/A speed=0.389x    
frame=  574 fps=9.4 q=28.0 size=N/A time=00:00:23.93 bitrate=N/A speed=0.391x    
frame=  581 fps=9.3 q=28.0 size=N/A time=00:00:24.21 bitrate=N/A speed=0.389x    
frame=  588 fps=9.4 q=28.0 size=N/A time=00:00:24.51 bitrate=N/A speed=0.39x    
frame=  592 fps=9.3 q=25.0 size=N/A time=00:00:24.68 bitrate=N/A speed=0.389x    
[hls @ 0x55acebbed0] Opening '/config/data/transcodes/1fdb716f0e97779d08621a98bc9a561c7.ts' for writing
frame=  599 fps=9.3 q=28.0 size=N/A time=00:00:24.96 bitrate=N/A speed=0.39x    
frame=  606 fps=9.4 q=28.0 size=N/A time=00:00:25.25 bitrate=N/A speed=0.391x    
frame=  614 fps=9.4 q=28.0 size=N/A time=00:00:25.60 bitrate=N/A speed=0.392x    
frame=  622 fps=9.4 q=28.0 size=N/A time=00:00:25.92 bitrate=N/A speed=0.394x    
frame=  629 fps=9.5 q=28.0 size=N/A time=00:00:26.21 bitrate=N/A speed=0.395x    
frame=  636 fps=9.5 q=28.0 size=N/A time=00:00:26.51 bitrate=N/A speed=0.396x    
frame=  647 fps=9.6 q=28.0 size=N/A time=00:00:26.96 bitrate=N/A speed= 0.4x    
frame=  654 fps=9.6 q=28.0 size=N/A time=00:00:27.26 bitrate=N/A speed=0.401x    
frame=  660 fps=9.6 q=28.0 size=N/A time=00:00:27.52 bitrate=N/A speed=0.402x    
frame=  667 fps=9.6 q=28.0 size=N/A time=00:00:27.79 bitrate=N/A speed=0.402x    
[hls @ 0x55acebbed0] Opening '/config/data/transcodes/1fdb716f0e97779d08621a98bc9a561c8.ts' for writing
frame=  673 fps=9.7 q=28.0 size=N/A time=00:00:28.05 bitrate=N/A speed=0.403x    
frame=  680 fps=9.7 q=28.0 size=N/A time=00:00:28.35 bitrate=N/A speed=0.403x    
frame=  686 fps=9.7 q=28.0 size=N/A time=00:00:28.60 bitrate=N/A speed=0.404x    
frame=  691 fps=9.7 q=28.0 size=N/A time=00:00:28.82 bitrate=N/A speed=0.404x    
frame=  696 fps=9.7 q=28.0 size=N/A time=00:00:29.01 bitrate=N/A speed=0.403x    
frame=  703 fps=9.7 q=28.0 size=N/A time=00:00:29.31 bitrate=N/A speed=0.404x    
frame=  712 fps=9.7 q=28.0 size=N/A time=00:00:29.67 bitrate=N/A speed=0.406x    
frame=  720 fps=9.8 q=28.0 size=N/A time=00:00:30.01 bitrate=N/A speed=0.408x    
frame=  729 fps=9.8 q=28.0 size=N/A time=00:00:30.40 bitrate=N/A speed=0.41x    
frame=  738 fps=9.9 q=28.0 size=N/A time=00:00:30.76 bitrate=N/A speed=0.412x    
[hls @ 0x55acebbed0] Opening '/config/data/transcodes/1fdb716f0e97779d08621a98bc9a561c9.ts' for writing
frame=  747 fps=9.9 q=28.0 size=N/A time=00:00:31.14 bitrate=N/A speed=0.413x    
frame=  758 fps= 10 q=28.0 size=N/A time=00:00:31.59 bitrate=N/A speed=0.416x    
frame=  768 fps= 10 q=28.0 size=N/A time=00:00:32.02 bitrate=N/A speed=0.419x    
frame=  778 fps= 10 q=28.0 size=N/A time=00:00:32.42 bitrate=N/A speed=0.421x    
frame=  788 fps= 10 q=28.0 size=N/A time=00:00:32.85 bitrate=N/A speed=0.424x    
frame=  798 fps= 10 q=28.0 size=N/A time=00:00:33.28 bitrate=N/A speed=0.427x    
frame=  811 fps= 10 q=28.0 size=N/A time=00:00:33.79 bitrate=N/A speed=0.43x    
[hls @ 0x55acebbed0] Opening '/config/data/transcodes/1fdb716f0e97779d08621a98bc9a561c10.ts' for writing
frame=  823 fps= 10 q=28.0 size=N/A time=00:00:34.30 bitrate=N/A speed=0.434x    
frame=  836 fps= 11 q=28.0 size=N/A time=00:00:34.85 bitrate=N/A speed=0.438x    
frame=  849 fps= 11 q=28.0 size=N/A time=00:00:35.39 bitrate=N/A speed=0.441x    
frame=  863 fps= 11 q=28.0 size=N/A time=00:00:35.98 bitrate=N/A speed=0.446x    
frame=  877 fps= 11 q=28.0 size=N/A time=00:00:36.56 bitrate=N/A speed=0.45x    
[hls @ 0x55acebbed0] Opening '/config/data/transcodes/1fdb716f0e97779d08621a98bc9a561c11.ts' for writing
frame=  890 fps= 11 q=28.0 size=N/A time=00:00:37.09 bitrate=N/A speed=0.454x    
frame=  903 fps= 11 q=28.0 size=N/A time=00:00:37.65 bitrate=N/A speed=0.458x    
frame=  915 fps= 11 q=28.0 size=N/A time=00:00:38.14 bitrate=N/A speed=0.461x    
frame=  928 fps= 11 q=28.0 size=N/A time=00:00:38.69 bitrate=N/A speed=0.464x    
frame=  941 fps= 11 q=28.0 size=N/A time=00:00:39.21 bitrate=N/A speed=0.468x    
frame=  954 fps= 11 q=28.0 size=N/A time=00:00:39.78 bitrate=N/A speed=0.471x    
[hls @ 0x55acebbed0] Opening '/config/data/transcodes/1fdb716f0e97779d08621a98bc9a561c12.ts' for writing
frame=  967 fps= 11 q=28.0 size=N/A time=00:00:40.32 bitrate=N/A speed=0.475x    
frame=  980 fps= 11 q=28.0 size=N/A time=00:00:40.85 bitrate=N/A speed=0.478x    
frame=  994 fps= 12 q=28.0 size=N/A time=00:00:41.45 bitrate=N/A speed=0.482x    
frame= 1005 fps= 12 q=28.0 size=N/A time=00:00:41.89 bitrate=N/A speed=0.485x    
frame= 1018 fps= 12 q=28.0 size=N/A time=00:00:42.45 bitrate=N/A speed=0.488x    
[hls @ 0x55acebbed0] Opening '/config/data/transcodes/1fdb716f0e97779d08621a98bc9a561c13.ts' for writing
frame= 1028 fps= 12 q=28.0 size=N/A time=00:00:42.85 bitrate=N/A speed=0.49x    
frame= 1041 fps= 12 q=28.0 size=N/A time=00:00:43.41 bitrate=N/A speed=0.493x    
frame= 1055 fps= 12 q=28.0 size=N/A time=00:00:43.98 bitrate=N/A speed=0.496x    
frame= 1068 fps= 12 q=28.0 size=N/A time=00:00:44.52 bitrate=N/A speed=0.499x    
frame= 1082 fps= 12 q=28.0 size=N/A time=00:00:45.12 bitrate=N/A speed=0.503x    
frame= 1098 fps= 12 q=28.0 size=N/A time=00:00:45.78 bitrate=N/A speed=0.507x    
[hls @ 0x55acebbed0] Opening '/config/data/transcodes/1fdb716f0e97779d08621a98bc9a561c14.ts' for writing
frame= 1113 fps= 12 q=28.0 size=N/A time=00:00:46.40 bitrate=N/A speed=0.511x    
frame= 1128 fps= 12 q=28.0 size=N/A time=00:00:47.04 bitrate=N/A speed=0.515x    
frame= 1144 fps= 12 q=28.0 size=N/A time=00:00:47.70 bitrate=N/A speed=0.52x    
frame= 1160 fps= 13 q=28.0 size=N/A time=00:00:48.36 bitrate=N/A speed=0.524x    
[hls @ 0x55acebbed0] Opening '/config/data/transcodes/1fdb716f0e97779d08621a98bc9a561c15.ts' for writing
frame= 1174 fps= 13 q=28.0 size=N/A time=00:00:48.96 bitrate=N/A speed=0.527x    
frame= 1190 fps= 13 q=28.0 size=N/A time=00:00:49.62 bitrate=N/A speed=0.531x    
frame= 1201 fps= 13 q=28.0 size=N/A time=00:00:50.06 bitrate=N/A speed=0.533x    
frame= 1215 fps= 13 q=28.0 size=N/A time=00:00:50.66 bitrate=N/A speed=0.537x    
frame= 1229 fps= 13 q=28.0 size=N/A time=00:00:51.24 bitrate=N/A speed=0.539x    
[hls @ 0x55acebbed0] Opening '/config/data/transcodes/1fdb716f0e97779d08621a98bc9a561c16.ts' for writing
frame= 1244 fps= 13 q=28.0 size=N/A time=00:00:51.86 bitrate=N/A speed=0.542x    
frame= 1258 fps= 13 q=28.0 size=N/A time=00:00:52.45 bitrate=N/A speed=0.546x    
frame= 1271 fps= 13 q=28.0 size=N/A time=00:00:52.99 bitrate=N/A speed=0.548x    
frame= 1283 fps= 13 q=28.0 size=N/A time=00:00:53.50 bitrate=N/A speed=0.55x    
frame= 1295 fps= 13 q=28.0 size=N/A time=00:00:53.99 bitrate=N/A speed=0.553x    
frame= 1306 fps= 13 q=28.0 size=N/A time=00:00:54.46 bitrate=N/A speed=0.554x    
[hls @ 0x55acebbed0] Opening '/config/data/transcodes/1fdb716f0e97779d08621a98bc9a561c17.ts' for writing
frame= 1318 fps= 13 q=28.0 size=N/A time=00:00:54.93 bitrate=N/A speed=0.556x    
frame= 1330 fps= 13 q=28.0 size=N/A time=00:00:55.46 bitrate=N/A speed=0.559x    
frame= 1341 fps= 13 q=28.0 size=N/A time=00:00:55.91 bitrate=N/A speed=0.56x    
frame= 1354 fps= 13 q=28.0 size=N/A time=00:00:56.46 bitrate=N/A speed=0.563x    
frame= 1367 fps= 14 q=28.0 size=N/A time=00:00:57.02 bitrate=N/A speed=0.566x    
frame= 1378 fps= 14 q=28.0 size=N/A time=00:00:57.45 bitrate=N/A speed=0.567x    
[hls @ 0x55acebbed0] Opening '/config/data/transcodes/1fdb716f0e97779d08621a98bc9a561c18.ts' for writing
frame= 1388 fps= 14 q=28.0 size=N/A time=00:00:57.87 bitrate=N/A speed=0.568x    
frame= 1398 fps= 14 q=28.0 size=N/A time=00:00:58.30 bitrate=N/A speed=0.569x    
frame= 1409 fps= 14 q=28.0 size=N/A time=00:00:58.75 bitrate=N/A speed=0.57x    
frame= 1420 fps= 14 q=28.0 size=N/A time=00:00:59.22 bitrate=N/A speed=0.572x    
frame= 1432 fps= 14 q=28.0 size=N/A time=00:00:59.71 bitrate=N/A speed=0.573x    
frame= 1446 fps= 14 q=28.0 size=N/A time=00:01:00.28 bitrate=N/A speed=0.576x    
[hls @ 0x55acebbed0] Opening '/config/data/transcodes/1fdb716f0e97779d08621a98bc9a561c19.ts' for writing
frame= 1460 fps= 14 q=28.0 size=N/A time=00:01:00.88 bitrate=N/A speed=0.578x    
frame= 1476 fps= 14 q=28.0 size=N/A time=00:01:01.54 bitrate=N/A speed=0.582x    
frame= 1491 fps= 14 q=28.0 size=N/A time=00:01:02.18 bitrate=N/A speed=0.585x    
frame= 1507 fps= 14 q=28.0 size=N/A time=00:01:02.84 bitrate=N/A speed=0.588x    
frame= 1523 fps= 14 q=28.0 size=N/A time=00:01:03.50 bitrate=N/A speed=0.592x    
[hls @ 0x55acebbed0] Opening '/config/data/transcodes/1fdb716f0e97779d08621a98bc9a561c20.ts' for writing
frame= 1540 fps= 14 q=28.0 size=N/A time=00:01:04.21 bitrate=N/A speed=0.595x    
frame= 1555 fps= 14 q=28.0 size=N/A time=00:01:04.85 bitrate=N/A speed=0.598x    
frame= 1565 fps= 14 q=28.0 size=N/A time=00:01:05.25 bitrate=N/A speed=0.599x    
frame= 1576 fps= 14 q=28.0 size=N/A time=00:01:05.72 bitrate=N/A speed=0.601x    
frame= 1586 fps= 14 q=28.0 size=N/A time=00:01:06.15 bitrate=N/A speed=0.602x    
frame= 1595 fps= 14 q=28.0 size=N/A time=00:01:06.51 bitrate=N/A speed=0.602x    
[hls @ 0x55acebbed0] Opening '/config/data/transcodes/1fdb716f0e97779d08621a98bc9a561c21.ts' for writing
frame= 1604 fps= 14 q=28.0 size=N/A time=00:01:06.90 bitrate=N/A speed=0.603x    
frame= 1615 fps= 14 q=28.0 size=N/A time=00:01:07.34 bitrate=N/A speed=0.604x    
frame= 1624 fps= 15 q=28.0 size=N/A time=00:01:07.73 bitrate=N/A speed=0.605x    
frame= 1633 fps= 15 q=28.0 size=N/A time=00:01:08.09 bitrate=N/A speed=0.605x    
frame= 1641 fps= 15 q=28.0 size=N/A time=00:01:08.43 bitrate=N/A speed=0.605x    
frame= 1650 fps= 15 q=28.0 size=N/A time=00:01:08.80 bitrate=N/A speed=0.605x    
frame= 1658 fps= 15 q=28.0 size=N/A time=00:01:09.14 bitrate=N/A speed=0.606x    
frame= 1668 fps= 15 q=28.0 size=N/A time=00:01:09.54 bitrate=N/A speed=0.606x    
[hls @ 0x55acebbed0] Opening '/config/data/transcodes/1fdb716f0e97779d08621a98bc9a561c22.ts' for writing
frame= 1677 fps= 15 q=28.0 size=N/A time=00:01:09.93 bitrate=N/A speed=0.607x    
frame= 1685 fps= 15 q=28.0 size=N/A time=00:01:10.27 bitrate=N/A speed=0.607x    
frame= 1694 fps= 15 q=28.0 size=N/A time=00:01:10.65 bitrate=N/A speed=0.608x    
frame= 1704 fps= 15 q=28.0 size=N/A time=00:01:11.06 bitrate=N/A speed=0.608x    
frame= 1715 fps= 15 q=28.0 size=N/A time=00:01:11.50 bitrate=N/A speed=0.609x    
frame= 1726 fps= 15 q=28.0 size=N/A time=00:01:11.97 bitrate=N/A speed=0.61x    
frame= 1733 fps= 15 q=28.0 size=N/A time=00:01:12.27 bitrate=N/A speed=0.61x    
frame= 1743 fps= 15 q=25.0 size=N/A time=00:01:12.68 bitrate=N/A speed=0.611x    
[hls @ 0x55acebbed0] Opening '/config/data/transcodes/1fdb716f0e97779d08621a98bc9a561c23.ts' for writing
frame= 1752 fps= 15 q=28.0 size=N/A time=00:01:13.06 bitrate=N/A speed=0.612x    
frame= 1764 fps= 15 q=28.0 size=N/A time=00:01:13.55 bitrate=N/A speed=0.613x    
frame= 1774 fps= 15 q=28.0 size=N/A time=00:01:14.00 bitrate=N/A speed=0.614x    
frame= 1783 fps= 15 q=28.0 size=N/A time=00:01:14.34 bitrate=N/A speed=0.614x    
frame= 1794 fps= 15 q=28.0 size=N/A time=00:01:14.81 bitrate=N/A speed=0.615x    
frame= 1804 fps= 15 q=28.0 size=N/A time=00:01:15.22 bitrate=N/A speed=0.616x    
frame= 1816 fps= 15 q=28.0 size=N/A time=00:01:15.73 bitrate=N/A speed=0.618x    
[hls @ 0x55acebbed0] Opening '/config/data/transcodes/1fdb716f0e97779d08621a98bc9a561c24.ts' for writing
frame= 1826 fps= 15 q=28.0 size=N/A time=00:01:16.13 bitrate=N/A speed=0.618x    
frame= 1836 fps= 15 q=28.0 size=N/A time=00:01:16.56 bitrate=N/A speed=0.619x    
frame= 1845 fps= 15 q=28.0 size=N/A time=00:01:16.92 bitrate=N/A speed=0.62x    
frame= 1855 fps= 15 q=28.0 size=N/A time=00:01:17.35 bitrate=N/A speed=0.62x    
frame= 1865 fps= 15 q=28.0 size=N/A time=00:01:17.78 bitrate=N/A speed=0.621x    
frame= 1877 fps= 15 q=28.0 size=N/A time=00:01:18.25 bitrate=N/A speed=0.622x    
frame= 1888 fps= 15 q=28.0 size=N/A time=00:01:18.74 bitrate=N/A speed=0.624x    
[hls @ 0x55acebbed0] Opening '/config/data/transcodes/1fdb716f0e97779d08621a98bc9a561c25.ts' for writing
frame= 1898 fps= 15 q=28.0 size=N/A time=00:01:19.14 bitrate=N/A speed=0.624x    
frame= 1909 fps= 15 q=28.0 size=N/A time=00:01:19.61 bitrate=N/A speed=0.626x    
frame= 1918 fps= 15 q=28.0 size=N/A time=00:01:19.97 bitrate=N/A speed=0.626x    
frame= 1927 fps= 15 q=28.0 size=N/A time=00:01:20.36 bitrate=N/A speed=0.626x    
frame= 1937 fps= 15 q=28.0 size=N/A time=00:01:20.76 bitrate=N/A speed=0.627x    
frame= 1948 fps= 15 q=28.0 size=N/A time=00:01:21.23 bitrate=N/A speed=0.628x    
frame= 1959 fps= 15 q=25.0 size=N/A time=00:01:21.68 bitrate=N/A speed=0.628x    
[hls @ 0x55acebbed0] Opening '/config/data/transcodes/1fdb716f0e97779d08621a98bc9a561c26.ts' for writing
frame= 1969 fps= 15 q=28.0 size=N/A time=00:01:22.11 bitrate=N/A speed=0.629x    
frame= 1978 fps= 15 q=28.0 size=N/A time=00:01:22.49 bitrate=N/A speed=0.629x    
frame= 1987 fps= 15 q=28.0 size=N/A time=00:01:22.85 bitrate=N/A speed=0.629x    
frame= 1996 fps= 15 q=28.0 size=N/A time=00:01:23.24 bitrate=N/A speed=0.63x    

[q] command received. Exiting.

[hls @ 0x55acebbed0] Opening '/config/data/transcodes/1fdb716f0e97779d08621a98bc9a561c27.ts' for writing
frame= 1998 fps= 15 q=-1.0 Lsize=N/A time=00:01:23.34 bitrate=N/A speed=0.628x    
video:16252kB audio:3915kB subtitle:0kB other streams:0kB global headers:0kB muxing overhead: unknown
[libx264 @ 0x55acebc480] frame I:28    Avg QP:16.50  size: 66040
[libx264 @ 0x55acebc480] frame P:633   Avg QP:20.40  size: 17728
[libx264 @ 0x55acebc480] frame B:1337  Avg QP:23.22  size:  2671
[libx264 @ 0x55acebc480] consecutive B-frames:  8.5%  5.3%  5.0% 81.3%
[libx264 @ 0x55acebc480] mb I  I16..4: 60.2%  0.0% 39.8%
[libx264 @ 0x55acebc480] mb P  I16..4: 24.1%  0.0%  0.0%  P16..4: 27.4%  0.0%  0.0%  0.0%  0.0%    skip:48.5%
[libx264 @ 0x55acebc480] mb B  I16..4:  1.2%  0.0%  0.0%  B16..8:  8.0%  0.0%  0.0%  direct: 2.7%  skip:88.2%  L0:37.0% L1:49.0% BI:14.0%
[libx264 @ 0x55acebc480] coded y,uvDC,uvAC intra: 20.1% 29.0% 5.5% inter: 3.9% 4.8% 0.1%
[libx264 @ 0x55acebc480] i16 v,h,dc,p: 37% 31% 11% 20%
[libx264 @ 0x55acebc480] i4 v,h,dc,ddl,ddr,vr,hd,vl,hu: 24% 25% 19%  3%  7%  5%  5%  4%  7%
[libx264 @ 0x55acebc480] i8c dc,h,v,p: 53% 24% 17%  7%
[libx264 @ 0x55acebc480] Weighted P-Frames: Y:3.8% UV:1.6%
[libx264 @ 0x55acebc480] kb/s:1597.57