/videos/40d322c8-8ba7-ec47-543c-e387c3ecad3d/hls1/main/0.ts

{"Protocol":0,"Id":"40d322c88ba7ec47543ce387c3ecad3d","Path":"/data/media/movies/Your Name. (2016)/Your Name. (2016) Bluray-2160p.mkv","EncoderPath":null,"EncoderProtocol":null,"Type":0,"Container":"mkv,webm","Size":5211882496,"Name":"Your Name. (2016) Bluray-2160p","IsRemote":false,"ETag":"d856ddce4c308e19fa28b87149128635","RunTimeTicks":63956828160,"ReadAtNativeFramerate":false,"IgnoreDts":false,"IgnoreIndex":false,"GenPtsInput":false,"SupportsTranscoding":true,"SupportsDirectStream":true,"SupportsDirectPlay":true,"IsInfiniteStream":false,"RequiresOpening":false,"OpenToken":null,"RequiresClosing":false,"LiveStreamId":null,"BufferMs":null,"RequiresLooping":false,"SupportsProbing":true,"VideoType":0,"IsoType":null,"Video3DFormat":null,"MediaStreams":[{"Codec":"hevc","CodecTag":null,"Language":null,"ColorRange":null,"ColorSpace":"bt709","ColorTransfer":"bt709","ColorPrimaries":"bt709","DvVersionMajor":null,"DvVersionMinor":null,"DvProfile":null,"DvLevel":null,"RpuPresentFlag":null,"ElPresentFlag":null,"BlPresentFlag":null,"DvBlSignalCompatibilityId":null,"Comment":null,"TimeBase":"1/1000","CodecTimeBase":null,"Title":null,"VideoRange":"SDR","VideoRangeType":"SDR","VideoDoViTitle":null,"LocalizedUndefined":null,"LocalizedDefault":null,"LocalizedForced":null,"LocalizedExternal":null,"DisplayTitle":"4K HEVC SDR","NalLengthSize":null,"IsInterlaced":false,"IsAVC":null,"ChannelLayout":null,"BitRate":6519250,"BitDepth":10,"RefFrames":1,"PacketLength":null,"Channels":null,"SampleRate":null,"IsDefault":true,"IsForced":false,"Height":2160,"Width":3840,"AverageFrameRate":23.976025,"RealFrameRate":23.976025,"Profile":"Main 10","Type":1,"AspectRatio":"16:9","Index":0,"Score":null,"IsExternal":false,"DeliveryMethod":null,"DeliveryUrl":null,"IsExternalUrl":null,"IsTextSubtitleStream":false,"SupportsExternalStream":false,"Path":null,"PixelFormat":"yuv420p10le","Level":150,"IsAnamorphic":null},{"Codec":"aac","CodecTag":null,"Language":null,"ColorRange":null,"ColorSpace":null,"ColorTransfer":null,"ColorPrimaries":null,"DvVersionMajor":null,"DvVersionMinor":null,"DvProfile":null,"DvLevel":null,"RpuPresentFlag":null,"ElPresentFlag":null,"BlPresentFlag":null,"DvBlSignalCompatibilityId":null,"Comment":null,"TimeBase":"1/1000","CodecTimeBase":null,"Title":null,"VideoRange":null,"VideoRangeType":null,"VideoDoViTitle":null,"LocalizedUndefined":null,"LocalizedDefault":null,"LocalizedForced":null,"LocalizedExternal":null,"DisplayTitle":"AAC - 5.1 - Default","NalLengthSize":null,"IsInterlaced":false,"IsAVC":null,"ChannelLayout":"5.1","BitRate":320000,"BitDepth":null,"RefFrames":null,"PacketLength":null,"Channels":6,"SampleRate":48000,"IsDefault":true,"IsForced":false,"Height":null,"Width":null,"AverageFrameRate":null,"RealFrameRate":null,"Profile":"LC","Type":0,"AspectRatio":null,"Index":1,"Score":null,"IsExternal":false,"DeliveryMethod":null,"DeliveryUrl":null,"IsExternalUrl":null,"IsTextSubtitleStream":false,"SupportsExternalStream":false,"Path":null,"PixelFormat":null,"Level":0,"IsAnamorphic":null},{"Codec":"subrip","CodecTag":null,"Language":"eng","ColorRange":null,"ColorSpace":null,"ColorTransfer":null,"ColorPrimaries":null,"DvVersionMajor":null,"DvVersionMinor":null,"DvProfile":null,"DvLevel":null,"RpuPresentFlag":null,"ElPresentFlag":null,"BlPresentFlag":null,"DvBlSignalCompatibilityId":null,"Comment":null,"TimeBase":"1/1000","CodecTimeBase":null,"Title":"English-SRT","VideoRange":null,"VideoRangeType":null,"VideoDoViTitle":null,"LocalizedUndefined":"Undefined","LocalizedDefault":"Default","LocalizedForced":"Forced","LocalizedExternal":"External","DisplayTitle":"English-SRT - Default - Forced - SUBRIP","NalLengthSize":null,"IsInterlaced":false,"IsAVC":null,"ChannelLayout":null,"BitRate":null,"BitDepth":null,"RefFrames":null,"PacketLength":null,"Channels":null,"SampleRate":null,"IsDefault":true,"IsForced":true,"Height":null,"Width":null,"AverageFrameRate":null,"RealFrameRate":null,"Profile":null,"Type":2,"AspectRatio":null,"Index":2,"Score":null,"IsExternal":false,"DeliveryMethod":null,"DeliveryUrl":null,"IsExternalUrl":null,"IsTextSubtitleStream":true,"SupportsExternalStream":true,"Path":null,"PixelFormat":null,"Level":0,"IsAnamorphic":null},{"Codec":"PGSSUB","CodecTag":null,"Language":null,"ColorRange":null,"ColorSpace":null,"ColorTransfer":null,"ColorPrimaries":null,"DvVersionMajor":null,"DvVersionMinor":null,"DvProfile":null,"DvLevel":null,"RpuPresentFlag":null,"ElPresentFlag":null,"BlPresentFlag":null,"DvBlSignalCompatibilityId":null,"Comment":null,"TimeBase":"1/1000","CodecTimeBase":null,"Title":null,"VideoRange":null,"VideoRangeType":null,"VideoDoViTitle":null,"LocalizedUndefined":"Undefined","LocalizedDefault":"Default","LocalizedForced":"Forced","LocalizedExternal":"External","DisplayTitle":"Undefined - Forced - PGSSUB","NalLengthSize":null,"IsInterlaced":false,"IsAVC":null,"ChannelLayout":null,"BitRate":null,"BitDepth":null,"RefFrames":null,"PacketLength":null,"Channels":null,"SampleRate":null,"IsDefault":false,"IsForced":true,"Height":null,"Width":null,"AverageFrameRate":null,"RealFrameRate":null,"Profile":null,"Type":2,"AspectRatio":null,"Index":3,"Score":null,"IsExternal":false,"DeliveryMethod":null,"DeliveryUrl":null,"IsExternalUrl":null,"IsTextSubtitleStream":false,"SupportsExternalStream":false,"Path":null,"PixelFormat":null,"Level":0,"IsAnamorphic":null},{"Codec":"PGSSUB","CodecTag":null,"Language":null,"ColorRange":null,"ColorSpace":null,"ColorTransfer":null,"ColorPrimaries":null,"DvVersionMajor":null,"DvVersionMinor":null,"DvProfile":null,"DvLevel":null,"RpuPresentFlag":null,"ElPresentFlag":null,"BlPresentFlag":null,"DvBlSignalCompatibilityId":null,"Comment":null,"TimeBase":"1/1000","CodecTimeBase":null,"Title":null,"VideoRange":null,"VideoRangeType":null,"VideoDoViTitle":null,"LocalizedUndefined":"Undefined","LocalizedDefault":"Default","LocalizedForced":"Forced","LocalizedExternal":"External","DisplayTitle":"Undefined - PGSSUB","NalLengthSize":null,"IsInterlaced":false,"IsAVC":null,"ChannelLayout":null,"BitRate":null,"BitDepth":null,"RefFrames":null,"PacketLength":null,"Channels":null,"SampleRate":null,"IsDefault":false,"IsForced":false,"Height":null,"Width":null,"AverageFrameRate":null,"RealFrameRate":null,"Profile":null,"Type":2,"AspectRatio":null,"Index":4,"Score":null,"IsExternal":false,"DeliveryMethod":null,"DeliveryUrl":null,"IsExternalUrl":null,"IsTextSubtitleStream":false,"SupportsExternalStream":false,"Path":null,"PixelFormat":null,"Level":0,"IsAnamorphic":null},{"Codec":"PGSSUB","CodecTag":null,"Language":null,"ColorRange":null,"ColorSpace":null,"ColorTransfer":null,"ColorPrimaries":null,"DvVersionMajor":null,"DvVersionMinor":null,"DvProfile":null,"DvLevel":null,"RpuPresentFlag":null,"ElPresentFlag":null,"BlPresentFlag":null,"DvBlSignalCompatibilityId":null,"Comment":null,"TimeBase":"1/1000","CodecTimeBase":null,"Title":null,"VideoRange":null,"VideoRangeType":null,"VideoDoViTitle":null,"LocalizedUndefined":"Undefined","LocalizedDefault":"Default","LocalizedForced":"Forced","LocalizedExternal":"External","DisplayTitle":"Undefined - PGSSUB","NalLengthSize":null,"IsInterlaced":false,"IsAVC":null,"ChannelLayout":null,"BitRate":null,"BitDepth":null,"RefFrames":null,"PacketLength":null,"Channels":null,"SampleRate":null,"IsDefault":false,"IsForced":false,"Height":null,"Width":null,"AverageFrameRate":null,"RealFrameRate":null,"Profile":null,"Type":2,"AspectRatio":null,"Index":5,"Score":null,"IsExternal":false,"DeliveryMethod":null,"DeliveryUrl":null,"IsExternalUrl":null,"IsTextSubtitleStream":false,"SupportsExternalStream":false,"Path":null,"PixelFormat":null,"Level":0,"IsAnamorphic":null},{"Codec":"PGSSUB","CodecTag":null,"Language":null,"ColorRange":null,"ColorSpace":null,"ColorTransfer":null,"ColorPrimaries":null,"DvVersionMajor":null,"DvVersionMinor":null,"DvProfile":null,"DvLevel":null,"RpuPresentFlag":null,"ElPresentFlag":null,"BlPresentFlag":null,"DvBlSignalCompatibilityId":null,"Comment":null,"TimeBase":"1/1000","CodecTimeBase":null,"Title":null,"VideoRange":null,"VideoRangeType":null,"VideoDoViTitle":null,"LocalizedUndefined":"Undefined","LocalizedDefault":"Default","LocalizedForced":"Forced","LocalizedExternal":"External","DisplayTitle":"Undefined - PGSSUB","NalLengthSize":null,"IsInterlaced":false,"IsAVC":null,"ChannelLayout":null,"BitRate":null,"BitDepth":null,"RefFrames":null,"PacketLength":null,"Channels":null,"SampleRate":null,"IsDefault":false,"IsForced":false,"Height":null,"Width":null,"AverageFrameRate":null,"RealFrameRate":null,"Profile":null,"Type":2,"AspectRatio":null,"Index":6,"Score":null,"IsExternal":false,"DeliveryMethod":null,"DeliveryUrl":null,"IsExternalUrl":null,"IsTextSubtitleStream":false,"SupportsExternalStream":false,"Path":null,"PixelFormat":null,"Level":0,"IsAnamorphic":null}],"MediaAttachments":[],"Formats":[],"Bitrate":6839250,"Timestamp":null,"RequiredHttpHeaders":{},"TranscodingUrl":null,"TranscodingSubProtocol":null,"TranscodingContainer":null,"AnalyzeDurationMs":null,"DefaultAudioStreamIndex":null,"DefaultSubtitleStreamIndex":null}

/usr/lib/jellyfin-ffmpeg/ffmpeg -analyzeduration 200M -f matroska,webm -autorotate 0 -i file:"/data/media/movies/Your Name. (2016)/Your Name. (2016) Bluray-2160p.mkv" -map_metadata -1 -map_chapters -1 -threads 0 -map 0:0 -map 0:1 -map -0:s -codec:v:0 libx264 -preset veryfast -crf 23 -maxrate 10865417 -bufsize 21730834 -x264opts:0 subme=0:me_range=4:rc_lookahead=10:me=dia:no_chroma_me:8x8dct=0:partitions=none -force_key_frames:0 "expr:gte(t,0+n_forced*3)" -sc_threshold:v:0 0 -vf "setparams=color_primaries=bt709:color_trc=bt709:colorspace=bt709,scale=trunc(min(max(iw\,ih*a)\,min(3840\,2160*a))/2)*2:trunc(min(max(iw/a\,ih)\,min(3840/a\,2160))/2)*2,format=yuv420p" -codec:a:0 libfdk_aac -ac 2 -ab 384000 -ar 48000 -af "volume=2" -copyts -avoid_negative_ts disabled -max_muxing_queue_size 2048 -f hls -max_delay 5000000 -hls_time 3 -hls_segment_type mpegts -start_number 0 -hls_segment_filename "/config/data/transcodes/07d858415872df7b3426eecf6674e935%d.ts" -hls_playlist_type vod -hls_list_size 0 -y "/config/data/transcodes/07d858415872df7b3426eecf6674e935.m3u8"


ffmpeg version 5.1.3-Jellyfin Copyright (c) 2000-2022 the FFmpeg developers
  built with gcc 11 (Ubuntu 11.4.0-1ubuntu1~22.04)
  configuration: --prefix=/usr/lib/jellyfin-ffmpeg --target-os=linux --extra-libs=-lfftw3f --extra-version=Jellyfin --disable-doc --disable-ffplay --disable-ptx-compression --disable-static --disable-libxcb --disable-sdl2 --disable-xlib --enable-lto --enable-gpl --enable-version3 --enable-shared --enable-gmp --enable-gnutls --enable-chromaprint --enable-libdrm --enable-libass --enable-libfreetype --enable-libfribidi --enable-libfontconfig --enable-libbluray --enable-libmp3lame --enable-libopus --enable-libtheora --enable-libvorbis --enable-libopenmpt --enable-libdav1d --enable-libwebp --enable-libvpx --enable-libx264 --enable-libx265 --enable-libzvbi --enable-libzimg --enable-libfdk-aac --toolchain=hardened --enable-cross-compile --arch=arm64 --cross-prefix=/usr/bin/aarch64-linux-gnu-
  libavutil      57. 28.100 / 57. 28.100
  libavcodec     59. 37.100 / 59. 37.100
  libavformat    59. 27.100 / 59. 27.100
  libavdevice    59.  7.100 / 59.  7.100
  libavfilter     8. 44.100 /  8. 44.100
  libswscale      6.  7.100 /  6.  7.100
  libswresample   4.  7.100 /  4.  7.100
  libpostproc    56.  6.100 / 56.  6.100
[matroska,webm @ 0x55906e0570] Could not find codec parameters for stream 3 (Subtitle: hdmv_pgs_subtitle (pgssub)): unspecified size
Consider increasing the value for the 'analyzeduration' (200000000) and 'probesize' (5000000) options
[matroska,webm @ 0x55906e0570] Could not find codec parameters for stream 4 (Subtitle: hdmv_pgs_subtitle (pgssub)): unspecified size
Consider increasing the value for the 'analyzeduration' (200000000) and 'probesize' (5000000) options
[matroska,webm @ 0x55906e0570] Could not find codec parameters for stream 5 (Subtitle: hdmv_pgs_subtitle (pgssub)): unspecified size
Consider increasing the value for the 'analyzeduration' (200000000) and 'probesize' (5000000) options
[matroska,webm @ 0x55906e0570] Could not find codec parameters for stream 6 (Subtitle: hdmv_pgs_subtitle (pgssub)): unspecified size
Consider increasing the value for the 'analyzeduration' (200000000) and 'probesize' (5000000) options
Input #0, matroska,webm, from 'file:/data/media/movies/Your Name. (2016)/Your Name. (2016) Bluray-2160p.mkv':
  Metadata:
    ENCODER         : Lavf58.68.100
  Duration: 01:46:35.68, start: 0.000000, bitrate: 6519 kb/s
  Stream #0:0: Video: hevc (Main 10), yuv420p10le(tv, bt709, progressive), 3840x2160 [SAR 1:1 DAR 16:9], 23.98 fps, 23.98 tbr, 1k tbn (default)
    Metadata:
      ENCODER         : Lavc58.125.101 libx265
      DURATION        : 01:46:35.683000000
  Stream #0:1: Audio: aac (LC), 48000 Hz, 5.1, fltp (default)
    Metadata:
      ENCODER         : Lavc58.125.101 libfdk_aac
      DURATION        : 01:46:35.680000000
  Stream #0:2(eng): Subtitle: subrip (default) (forced)
    Metadata:
      title           : English-SRT
      BPS-eng         : 47
      DURATION-eng    : 01:45:31.659000000
      NUMBER_OF_FRAMES-eng: 1154
      NUMBER_OF_BYTES-eng: 37410
      _STATISTICS_TAGS-eng: BPS DURATION NUMBER_OF_FRAMES NUMBER_OF_BYTES
      DURATION        : 01:46:25.130000000
  Stream #0:3: Subtitle: hdmv_pgs_subtitle (forced)
    Metadata:
      DURATION        : 01:46:25.130000000
  Stream #0:4: Subtitle: hdmv_pgs_subtitle
    Metadata:
      DURATION        : 01:46:16.455000000
  Stream #0:5: Subtitle: hdmv_pgs_subtitle
    Metadata:
      DURATION        : 01:46:16.038000000
  Stream #0:6: Subtitle: hdmv_pgs_subtitle
    Metadata:
      DURATION        : 01:46:24.963000000
Stream mapping:
  Stream #0:0 -> #0:0 (hevc (native) -> h264 (libx264))
  Stream #0:1 -> #0:1 (aac (native) -> aac (libfdk_aac))
Press [q] to stop, [?] for help
[libx264 @ 0x5590707290] using SAR=1/1
[libx264 @ 0x5590707290] using cpu capabilities: ARMv8 NEON
[libx264 @ 0x5590707290] profile Main, level 5.1, 4:2:0, 8-bit
[libx264 @ 0x5590707290] 264 - core 163 r3060 5db6aa6 - H.264/MPEG-4 AVC codec - Copyleft 2003-2021 - http://www.videolan.org/x264.html - options: cabac=1 ref=1 deblock=1:0:0 analyse=0x1:0 me=dia subme=0 psy=1 psy_rd=1.00:0.00 mixed_ref=0 me_range=4 chroma_me=0 trellis=0 8x8dct=0 cqm=0 deadzone=21,11 fast_pskip=1 chroma_qp_offset=0 threads=6 lookahead_threads=1 sliced_threads=0 nr=0 decimate=1 interlaced=0 bluray_compat=0 constrained_intra=0 bframes=3 b_pyramid=2 b_adapt=1 b_bias=0 direct=1 weightb=1 open_gop=0 weightp=1 keyint=250 keyint_min=23 scenecut=0 intra_refresh=0 rc_lookahead=10 rc=crf mbtree=1 crf=23.0 qcomp=0.60 qpmin=0 qpmax=69 qpstep=4 vbv_maxrate=10865 vbv_bufsize=21730 crf_max=0.0 nal_hrd=none filler=0 ip_ratio=1.40 aq=1:1.00
Output #0, hls, to '/config/data/transcodes/07d858415872df7b3426eecf6674e935.m3u8':
  Metadata:
    encoder         : Lavf59.27.100
  Stream #0:0: Video: h264, yuv420p(tv, bt709, progressive), 3840x2160 [SAR 1:1 DAR 16:9], q=2-31, 23.98 fps, 90k tbn (default)
    Metadata:
      encoder         : Lavc59.37.100 libx264
    Side data:
      cpb: bitrate max/min/avg: 10865000/0/0 buffer size: 21730000 vbv_delay: N/A
  Stream #0:1: Audio: aac, 48000 Hz, stereo, s16, 384 kb/s (default)
    Metadata:
      encoder         : Lavc59.37.100 libfdk_aac
frame=    1 fps=0.0 q=0.0 size=N/A time=00:00:00.00 bitrate=N/A speed=   0x    
frame=    1 fps=0.6 q=0.0 size=N/A time=00:00:00.02 bitrate=N/A speed=0.0135x    
frame=    3 fps=1.3 q=0.0 size=N/A time=00:00:00.06 bitrate=N/A dup=1 drop=0 speed=0.0282x    
frame=    6 fps=2.0 q=0.0 size=N/A time=00:00:00.19 bitrate=N/A dup=1 drop=0 speed=0.0634x    
frame=    9 fps=2.4 q=0.0 size=N/A time=00:00:00.32 bitrate=N/A dup=1 drop=0 speed=0.0858x    
frame=   11 fps=2.5 q=0.0 size=N/A time=00:00:00.40 bitrate=N/A dup=1 drop=0 speed=0.094x    
frame=   13 fps=2.6 q=0.0 size=N/A time=00:00:00.49 bitrate=N/A dup=1 drop=0 speed=0.0973x    
frame=   14 fps=2.5 q=0.0 size=N/A time=00:00:00.53 bitrate=N/A dup=1 drop=0 speed=0.0958x    
frame=   16 fps=2.5 q=0.0 size=N/A time=00:00:00.61 bitrate=N/A dup=1 drop=0 speed=0.0982x    
frame=   18 fps=2.6 q=0.0 size=N/A time=00:00:00.70 bitrate=N/A dup=1 drop=0 speed=0.103x    
frame=   20 fps=2.6 q=0.0 size=N/A time=00:00:00.76 bitrate=N/A dup=1 drop=0 speed=0.099x    
frame=   21 fps=2.1 q=28.0 size=N/A time=00:00:00.81 bitrate=N/A dup=1 drop=0 speed=0.0829x    
frame=   22 fps=2.1 q=28.0 size=N/A time=00:00:00.85 bitrate=N/A dup=1 drop=0 speed=0.0822x    
frame=   23 fps=1.9 q=28.0 size=N/A time=00:00:00.89 bitrate=N/A dup=1 drop=0 speed=0.0751x    
frame=   26 fps=2.1 q=28.0 size=N/A time=00:00:01.02 bitrate=N/A dup=1 drop=0 speed=0.0821x    
frame=   27 fps=2.0 q=28.0 size=N/A time=00:00:01.06 bitrate=N/A dup=1 drop=0 speed=0.0796x    
frame=   29 fps=2.1 q=28.0 size=N/A time=00:00:01.15 bitrate=N/A dup=1 drop=0 speed=0.0823x    
frame=   32 fps=2.1 q=28.0 size=N/A time=00:00:01.28 bitrate=N/A dup=1 drop=0 speed=0.0852x    
frame=   34 fps=2.1 q=28.0 size=N/A time=00:00:01.36 bitrate=N/A dup=1 drop=0 speed=0.0843x    
frame=   35 fps=2.0 q=28.0 size=N/A time=00:00:01.40 bitrate=N/A dup=1 drop=0 speed=0.0818x    
frame=   36 fps=1.8 q=28.0 size=N/A time=00:00:01.45 bitrate=N/A dup=1 drop=0 speed=0.0743x    
frame=   40 fps=1.9 q=28.0 size=N/A time=00:00:01.62 bitrate=N/A dup=1 drop=0 speed=0.0774x    
frame=   41 fps=1.7 q=28.0 size=N/A time=00:00:01.66 bitrate=N/A dup=1 drop=0 speed=0.0703x    
frame=   44 fps=1.7 q=28.0 size=N/A time=00:00:01.77 bitrate=N/A dup=1 drop=0 speed=0.0692x    
frame=   45 fps=1.6 q=28.0 size=N/A time=00:00:01.81 bitrate=N/A dup=1 drop=0 speed=0.0639x    
frame=   49 fps=1.5 q=28.0 size=N/A time=00:00:01.98 bitrate=N/A dup=1 drop=0 speed=0.0619x    
frame=   50 fps=1.5 q=28.0 size=N/A time=00:00:02.02 bitrate=N/A dup=1 drop=0 speed=0.0608x    
frame=   51 fps=1.5 q=28.0 size=N/A time=00:00:02.06 bitrate=N/A dup=1 drop=0 speed=0.0592x    
frame=   54 fps=1.5 q=28.0 size=N/A time=00:00:02.19 bitrate=N/A dup=1 drop=0 speed=0.0619x    
frame=   55 fps=1.5 q=28.0 size=N/A time=00:00:02.24 bitrate=N/A dup=1 drop=0 speed=0.0606x    
frame=   56 fps=1.4 q=28.0 size=N/A time=00:00:02.28 bitrate=N/A dup=1 drop=0 speed=0.0585x    
frame=   57 fps=1.4 q=28.0 size=N/A time=00:00:02.32 bitrate=N/A dup=1 drop=0 speed=0.0563x    
frame=   58 fps=1.3 q=28.0 size=N/A time=00:00:02.36 bitrate=N/A dup=1 drop=0 speed=0.0546x    
frame=   61 fps=1.3 q=28.0 size=N/A time=00:00:02.49 bitrate=N/A dup=1 drop=0 speed=0.0548x    
frame=   62 fps=1.3 q=28.0 size=N/A time=00:00:02.53 bitrate=N/A dup=1 drop=0 speed=0.055x    
frame=   63 fps=1.3 q=28.0 size=N/A time=00:00:02.58 bitrate=N/A dup=1 drop=0 speed=0.0549x    
frame=   64 fps=1.3 q=28.0 size=N/A time=00:00:02.62 bitrate=N/A dup=1 drop=0 speed=0.0535x    
frame=   65 fps=1.3 q=28.0 size=N/A time=00:00:02.64 bitrate=N/A dup=1 drop=0 speed=0.053x    
frame=   66 fps=1.3 q=28.0 size=N/A time=00:00:02.68 bitrate=N/A dup=1 drop=0 speed=0.0532x    
frame=   67 fps=1.3 q=28.0 size=N/A time=00:00:02.73 bitrate=N/A dup=1 drop=0 speed=0.0525x    
frame=   68 fps=1.3 q=28.0 size=N/A time=00:00:02.77 bitrate=N/A dup=1 drop=0 speed=0.0524x    
frame=   69 fps=1.3 q=28.0 size=N/A time=00:00:02.81 bitrate=N/A dup=1 drop=0 speed=0.0518x    
frame=   70 fps=1.3 q=28.0 size=N/A time=00:00:02.85 bitrate=N/A dup=1 drop=0 speed=0.0516x    
frame=   71 fps=1.3 q=28.0 size=N/A time=00:00:02.90 bitrate=N/A dup=1 drop=0 speed=0.0519x    
frame=   73 fps=1.3 q=28.0 size=N/A time=00:00:02.98 bitrate=N/A dup=1 drop=0 speed=0.0517x    
frame=   74 fps=1.2 q=28.0 size=N/A time=00:00:03.02 bitrate=N/A dup=1 drop=0 speed=0.051x    
frame=   75 fps=1.2 q=28.0 size=N/A time=00:00:03.07 bitrate=N/A dup=1 drop=0 speed=0.051x    
frame=   76 fps=1.2 q=28.0 size=N/A time=00:00:03.11 bitrate=N/A dup=1 drop=0 speed=0.0512x    
frame=   77 fps=1.2 q=28.0 size=N/A time=00:00:03.15 bitrate=N/A dup=1 drop=0 speed=0.0512x    

[q] command received. Exiting.
