/videos/3b6f6b14-5733-5f15-f502-fc128d6ab1a3/hls1/main/98.ts

{"Protocol":0,"Id":"3b6f6b1457335f15f502fc128d6ab1a3","Path":"/data/media/tv/Soundtrack (2022)/Season 1/Soundtrack.1.S01E01.KOREAN.1080p.WEBRip.x265-RARBG.mp4","EncoderPath":null,"EncoderProtocol":null,"Type":0,"Container":"mov,mp4,m4a,3gp,3g2,mj2","Size":720085568,"Name":"Soundtrack.1.S01E01.KOREAN.1080p.WEBRip.x265-RARBG","IsRemote":false,"ETag":"9cfadc57946e85c76119b90b4324cbb8","RunTimeTicks":25838499840,"ReadAtNativeFramerate":false,"IgnoreDts":false,"IgnoreIndex":false,"GenPtsInput":false,"SupportsTranscoding":true,"SupportsDirectStream":true,"SupportsDirectPlay":true,"IsInfiniteStream":false,"RequiresOpening":false,"OpenToken":null,"RequiresClosing":false,"LiveStreamId":null,"BufferMs":null,"RequiresLooping":false,"SupportsProbing":true,"VideoType":0,"IsoType":null,"Video3DFormat":null,"MediaStreams":[{"Codec":"subrip","CodecTag":null,"Language":"eng","ColorRange":null,"ColorSpace":null,"ColorTransfer":null,"ColorPrimaries":null,"DvVersionMajor":null,"DvVersionMinor":null,"DvProfile":null,"DvLevel":null,"RpuPresentFlag":null,"ElPresentFlag":null,"BlPresentFlag":null,"DvBlSignalCompatibilityId":null,"Comment":null,"TimeBase":"1/1000","CodecTimeBase":null,"Title":null,"VideoRange":null,"VideoRangeType":null,"VideoDoViTitle":null,"LocalizedUndefined":"Undefined","LocalizedDefault":"Default","LocalizedForced":"Forced","LocalizedExternal":"External","DisplayTitle":"English - SUBRIP - External","NalLengthSize":null,"IsInterlaced":false,"IsAVC":null,"ChannelLayout":null,"BitRate":null,"BitDepth":null,"RefFrames":null,"PacketLength":null,"Channels":null,"SampleRate":null,"IsDefault":false,"IsForced":false,"Height":null,"Width":null,"AverageFrameRate":null,"RealFrameRate":null,"Profile":null,"Type":2,"AspectRatio":null,"Index":0,"Score":null,"IsExternal":true,"DeliveryMethod":null,"DeliveryUrl":null,"IsExternalUrl":null,"IsTextSubtitleStream":true,"SupportsExternalStream":true,"Path":"/data/media/tv/Soundtrack (2022)/Season 1/Soundtrack.1.S01E01.KOREAN.1080p.WEBRip.x265-RARBG.en.srt","PixelFormat":null,"Level":0,"IsAnamorphic":null},{"Codec":"hevc","CodecTag":"hev1","Language":"und","ColorRange":null,"ColorSpace":null,"ColorTransfer":null,"ColorPrimaries":null,"DvVersionMajor":null,"DvVersionMinor":null,"DvProfile":null,"DvLevel":null,"RpuPresentFlag":null,"ElPresentFlag":null,"BlPresentFlag":null,"DvBlSignalCompatibilityId":null,"Comment":null,"TimeBase":"1/24000","CodecTimeBase":null,"Title":null,"VideoRange":"SDR","VideoRangeType":"SDR","VideoDoViTitle":null,"LocalizedUndefined":null,"LocalizedDefault":null,"LocalizedForced":null,"LocalizedExternal":null,"DisplayTitle":"1080p HEVC SDR","NalLengthSize":null,"IsInterlaced":false,"IsAVC":null,"ChannelLayout":null,"BitRate":2000044,"BitDepth":10,"RefFrames":1,"PacketLength":null,"Channels":null,"SampleRate":null,"IsDefault":true,"IsForced":false,"Height":960,"Width":1920,"AverageFrameRate":23.976025,"RealFrameRate":23.976025,"Profile":"Main 10","Type":1,"AspectRatio":"2:1","Index":1,"Score":null,"IsExternal":false,"DeliveryMethod":null,"DeliveryUrl":null,"IsExternalUrl":null,"IsTextSubtitleStream":false,"SupportsExternalStream":false,"Path":null,"PixelFormat":"yuv420p10le","Level":120,"IsAnamorphic":null},{"Codec":"aac","CodecTag":"mp4a","Language":"kor","ColorRange":null,"ColorSpace":null,"ColorTransfer":null,"ColorPrimaries":null,"DvVersionMajor":null,"DvVersionMinor":null,"DvProfile":null,"DvLevel":null,"RpuPresentFlag":null,"ElPresentFlag":null,"BlPresentFlag":null,"DvBlSignalCompatibilityId":null,"Comment":null,"TimeBase":"1/48000","CodecTimeBase":null,"Title":null,"VideoRange":null,"VideoRangeType":null,"VideoDoViTitle":null,"LocalizedUndefined":null,"LocalizedDefault":null,"LocalizedForced":null,"LocalizedExternal":null,"DisplayTitle":"Korean - AAC - 5.1 - Default","NalLengthSize":null,"IsInterlaced":false,"IsAVC":null,"ChannelLayout":"5.1","BitRate":224000,"BitDepth":null,"RefFrames":null,"PacketLength":null,"Channels":6,"SampleRate":48000,"IsDefault":true,"IsForced":false,"Height":null,"Width":null,"AverageFrameRate":null,"RealFrameRate":null,"Profile":"LC","Type":0,"AspectRatio":null,"Index":2,"Score":null,"IsExternal":false,"DeliveryMethod":null,"DeliveryUrl":null,"IsExternalUrl":null,"IsTextSubtitleStream":false,"SupportsExternalStream":false,"Path":null,"PixelFormat":null,"Level":0,"IsAnamorphic":null}],"MediaAttachments":[],"Formats":[],"Bitrate":2229496,"Timestamp":null,"RequiredHttpHeaders":{},"TranscodingUrl":null,"TranscodingSubProtocol":null,"TranscodingContainer":null,"AnalyzeDurationMs":null,"DefaultAudioStreamIndex":null,"DefaultSubtitleStreamIndex":null}

/usr/lib/jellyfin-ffmpeg/ffmpeg -analyzeduration 200M -ss 00:04:54.000 -f mov,mp4,m4a,3gp,3g2,mj2 -autorotate 0 -i file:"/data/media/tv/Soundtrack (2022)/Season 1/Soundtrack.1.S01E01.KOREAN.1080p.WEBRip.x265-RARBG.mp4" -map_metadata -1 -map_chapters -1 -threads 0 -map 0:0 -map 0:1 -map -0:s -codec:v:0 libx264 -preset veryfast -crf 23 -maxrate 6666813 -bufsize 13333626 -x264opts:0 subme=0:me_range=4:rc_lookahead=10:me=dia:no_chroma_me:8x8dct=0:partitions=none -force_key_frames:0 "expr:gte(t,294+n_forced*3)" -sc_threshold:v:0 0 -vf "setparams=color_primaries=bt709:color_trc=bt709:colorspace=bt709,scale=trunc(min(max(iw\,ih*a)\,min(1920\,960*a))/2)*2:trunc(min(max(iw/a\,ih)\,min(1920/a\,960))/2)*2,format=yuv420p" -codec:a:0 copy -copyts -avoid_negative_ts disabled -max_muxing_queue_size 2048 -f hls -max_delay 5000000 -hls_time 3 -hls_segment_type mpegts -start_number 98 -hls_segment_filename "/config/data/transcodes/e3e74e4037adc8e13e3cee0de0e3916e%d.ts" -hls_playlist_type vod -hls_list_size 0 -y "/config/data/transcodes/e3e74e4037adc8e13e3cee0de0e3916e.m3u8"


ffmpeg version 5.1.3-Jellyfin Copyright (c) 2000-2022 the FFmpeg developers
  built with gcc 11 (Ubuntu 11.4.0-1ubuntu1~22.04)
  configuration: --prefix=/usr/lib/jellyfin-ffmpeg --target-os=linux --extra-libs=-lfftw3f --extra-version=Jellyfin --disable-doc --disable-ffplay --disable-ptx-compression --disable-static --disable-libxcb --disable-sdl2 --disable-xlib --enable-lto --enable-gpl --enable-version3 --enable-shared --enable-gmp --enable-gnutls --enable-chromaprint --enable-libdrm --enable-libass --enable-libfreetype --enable-libfribidi --enable-libfontconfig --enable-libbluray --enable-libmp3lame --enable-libopus --enable-libtheora --enable-libvorbis --enable-libopenmpt --enable-libdav1d --enable-libwebp --enable-libvpx --enable-libx264 --enable-libx265 --enable-libzvbi --enable-libzimg --enable-libfdk-aac --toolchain=hardened --enable-cross-compile --arch=arm64 --cross-prefix=/usr/bin/aarch64-linux-gnu-
  libavutil      57. 28.100 / 57. 28.100
  libavcodec     59. 37.100 / 59. 37.100
  libavformat    59. 27.100 / 59. 27.100
  libavdevice    59.  7.100 / 59.  7.100
  libavfilter     8. 44.100 /  8. 44.100
  libswscale      6.  7.100 /  6.  7.100
  libswresample   4.  7.100 /  4.  7.100
  libpostproc    56.  6.100 / 56.  6.100
Input #0, mov,mp4,m4a,3gp,3g2,mj2, from 'file:/data/media/tv/Soundtrack (2022)/Season 1/Soundtrack.1.S01E01.KOREAN.1080p.WEBRip.x265-RARBG.mp4':
  Metadata:
    major_brand     : isom
    minor_version   : 512
    compatible_brands: isomiso2mp41
    creation_time   : 2022-04-14T14:39:12.000000Z
    title           : Soundtrack.1.S01E01.KOREAN.1080p.WEBRip.x265-RARBG
    encoder         : Lavf58.20.100
    comment         : Soundtrack.1.S01E01.KOREAN.1080p.WEBRip.x265-RARBG
  Duration: 00:43:03.85, start: 0.000000, bitrate: 2229 kb/s
  Stream #0:0[0x1](und): Video: hevc (Main 10) (hev1 / 0x31766568), yuv420p10le(tv), 1920x960 [SAR 1:1 DAR 2:1], 2000 kb/s, 23.98 fps, 23.98 tbr, 24k tbn (default)
    Metadata:
      creation_time   : 2022-04-14T14:39:12.000000Z
      handler_name    : VideoHandler
      vendor_id       : [0][0][0][0]
  Stream #0:1[0x2](kor): Audio: aac (LC) (mp4a / 0x6134706D), 48000 Hz, 5.1, fltp, 224 kb/s (default)
    Metadata:
      creation_time   : 2022-04-14T14:39:12.000000Z
      handler_name    : SoundHandler
      vendor_id       : [0][0][0][0]
Stream mapping:
  Stream #0:0 -> #0:0 (hevc (native) -> h264 (libx264))
  Stream #0:1 -> #0:1 (copy)
Press [q] to stop, [?] for help
[libx264 @ 0x55ad8d5690] using SAR=1/1
[libx264 @ 0x55ad8d5690] using cpu capabilities: ARMv8 NEON
[libx264 @ 0x55ad8d5690] profile Main, level 4.0, 4:2:0, 8-bit
[libx264 @ 0x55ad8d5690] 264 - core 163 r3060 5db6aa6 - H.264/MPEG-4 AVC codec - Copyleft 2003-2021 - http://www.videolan.org/x264.html - options: cabac=1 ref=1 deblock=1:0:0 analyse=0x1:0 me=dia subme=0 psy=1 psy_rd=1.00:0.00 mixed_ref=0 me_range=4 chroma_me=0 trellis=0 8x8dct=0 cqm=0 deadzone=21,11 fast_pskip=1 chroma_qp_offset=0 threads=6 lookahead_threads=1 sliced_threads=0 nr=0 decimate=1 interlaced=0 bluray_compat=0 constrained_intra=0 bframes=3 b_pyramid=2 b_adapt=1 b_bias=0 direct=1 weightb=1 open_gop=0 weightp=1 keyint=250 keyint_min=23 scenecut=0 intra_refresh=0 rc_lookahead=10 rc=crf mbtree=1 crf=23.0 qcomp=0.60 qpmin=0 qpmax=69 qpstep=4 vbv_maxrate=6666 vbv_bufsize=13333 crf_max=0.0 nal_hrd=none filler=0 ip_ratio=1.40 aq=1:1.00
Output #0, hls, to '/config/data/transcodes/e3e74e4037adc8e13e3cee0de0e3916e.m3u8':
  Metadata:
    encoder         : Lavf59.27.100
  Stream #0:0: Video: h264, yuv420p(tv, bt709, progressive), 1920x960 [SAR 1:1 DAR 2:1], q=2-31, 23.98 fps, 90k tbn (default)
    Metadata:
      encoder         : Lavc59.37.100 libx264
    Side data:
      cpb: bitrate max/min/avg: 6666000/0/0 buffer size: 13333000 vbv_delay: N/A
  Stream #0:1: Audio: aac (LC) (mp4a / 0x6134706D), 48000 Hz, 5.1, fltp, 224 kb/s (default)
frame=    1 fps=0.0 q=0.0 size=N/A time=00:00:00.00 bitrate=N/A speed=   0x    
frame=   14 fps= 13 q=0.0 size=N/A time=00:00:00.55 bitrate=N/A speed=0.528x    
frame=   24 fps= 15 q=28.0 size=N/A time=00:00:00.98 bitrate=N/A speed=0.613x    
frame=   36 fps= 17 q=28.0 size=N/A time=00:00:01.47 bitrate=N/A speed=0.698x    
frame=   47 fps= 18 q=28.0 size=N/A time=00:00:01.94 bitrate=N/A speed=0.742x    
frame=   59 fps= 19 q=28.0 size=N/A time=00:00:02.43 bitrate=N/A speed=0.766x    
frame=   72 fps= 19 q=28.0 size=N/A time=00:00:02.96 bitrate=N/A speed=0.795x    
frame=   86 fps= 20 q=28.0 size=N/A time=00:00:03.56 bitrate=N/A speed=0.839x    
frame=   98 fps= 21 q=28.0 size=N/A time=00:00:04.05 bitrate=N/A speed=0.851x    
frame=  111 fps= 21 q=28.0 size=N/A time=00:00:04.60 bitrate=N/A speed=0.87x    
frame=  126 fps= 22 q=28.0 size=N/A time=00:00:05.22 bitrate=N/A speed=0.895x    
frame=  140 fps= 22 q=28.0 size=N/A time=00:00:05.80 bitrate=N/A speed=0.909x    
frame=  154 fps= 22 q=28.0 size=N/A time=00:00:06.40 bitrate=N/A speed=0.925x    
frame=  167 fps= 22 q=28.0 size=N/A time=00:00:06.93 bitrate=N/A speed=0.934x    
frame=  181 fps= 23 q=28.0 size=N/A time=00:00:07.53 bitrate=N/A speed=0.949x    
frame=  192 fps= 23 q=28.0 size=N/A time=00:00:07.97 bitrate=N/A speed=0.945x    
frame=  207 fps= 23 q=28.0 size=N/A time=00:00:08.59 bitrate=N/A speed=0.96x    
frame=  219 fps= 23 q=28.0 size=N/A time=00:00:09.10 bitrate=N/A speed=0.955x    
frame=  230 fps= 23 q=28.0 size=N/A time=00:00:09.55 bitrate=N/A speed=0.949x    
frame=  243 fps= 23 q=28.0 size=N/A time=00:00:10.11 bitrate=N/A speed=0.953x    
frame=  255 fps= 23 q=28.0 size=N/A time=00:00:10.60 bitrate=N/A speed=0.951x    
frame=  267 fps= 23 q=28.0 size=N/A time=00:00:11.11 bitrate=N/A speed=0.951x    
[hls @ 0x55ada3be80] Opening '/config/data/transcodes/e3e74e4037adc8e13e3cee0de0e3916e98.ts' for writing
frame=  281 fps= 23 q=28.0 size=N/A time=00:00:11.69 bitrate=N/A speed=0.956x    
frame=  294 fps= 23 q=28.0 size=N/A time=00:00:12.24 bitrate=N/A speed=0.96x    
frame=  308 fps= 23 q=28.0 size=N/A time=00:00:12.82 bitrate=N/A speed=0.965x    
frame=  321 fps= 23 q=28.0 size=N/A time=00:00:13.35 bitrate=N/A speed=0.969x    
frame=  334 fps= 23 q=28.0 size=N/A time=00:00:13.90 bitrate=N/A speed=0.974x    
frame=  349 fps= 24 q=28.0 size=N/A time=00:00:14.52 bitrate=N/A speed=0.981x    
frame=  363 fps= 24 q=28.0 size=N/A time=00:00:15.10 bitrate=N/A speed=0.985x    
frame=  376 fps= 24 q=28.0 size=N/A time=00:00:15.65 bitrate=N/A speed=0.987x    
frame=  388 fps= 24 q=28.0 size=N/A time=00:00:16.17 bitrate=N/A speed=0.988x    
frame=  400 fps= 24 q=28.0 size=N/A time=00:00:16.66 bitrate=N/A speed=0.986x    
frame=  414 fps= 24 q=28.0 size=N/A time=00:00:17.23 bitrate=N/A speed=0.99x    
frame=  427 fps= 24 q=28.0 size=N/A time=00:00:17.79 bitrate=N/A speed=0.993x    
frame=  439 fps= 24 q=28.0 size=N/A time=00:00:18.28 bitrate=N/A speed=0.992x    
frame=  451 fps= 24 q=28.0 size=N/A time=00:00:18.77 bitrate=N/A speed=0.992x    
frame=  465 fps= 24 q=28.0 size=N/A time=00:00:19.37 bitrate=N/A speed=0.991x    
frame=  479 fps= 24 q=28.0 size=N/A time=00:00:19.94 bitrate=N/A speed=0.991x    
frame=  492 fps= 24 q=28.0 size=N/A time=00:00:20.50 bitrate=N/A speed=0.994x    
frame=  504 fps= 24 q=28.0 size=N/A time=00:00:20.99 bitrate=N/A speed=0.988x    
frame=  515 fps= 24 q=28.0 size=N/A time=00:00:21.46 bitrate=N/A speed=0.984x    
[hls @ 0x55ada3be80] Opening '/config/data/transcodes/e3e74e4037adc8e13e3cee0de0e3916e99.ts' for writing
frame=  528 fps= 24 q=28.0 size=N/A time=00:00:21.99 bitrate=N/A speed=0.984x    
frame=  541 fps= 24 q=28.0 size=N/A time=00:00:22.52 bitrate=N/A speed=0.985x    
frame=  553 fps= 24 q=28.0 size=N/A time=00:00:23.04 bitrate=N/A speed=0.983x    
frame=  566 fps= 24 q=28.0 size=N/A time=00:00:23.57 bitrate=N/A speed=0.985x    
frame=  578 fps= 24 q=28.0 size=N/A time=00:00:24.08 bitrate=N/A speed=0.984x    
frame=  592 fps= 24 q=28.0 size=N/A time=00:00:24.66 bitrate=N/A speed=0.987x    
frame=  603 fps= 24 q=28.0 size=N/A time=00:00:25.13 bitrate=N/A speed=0.985x    
frame=  615 fps= 24 q=28.0 size=N/A time=00:00:25.62 bitrate=N/A speed=0.983x    
frame=  627 fps= 24 q=28.0 size=N/A time=00:00:26.13 bitrate=N/A speed=0.983x    
frame=  639 fps= 24 q=28.0 size=N/A time=00:00:26.62 bitrate=N/A speed=0.982x    
frame=  652 fps= 24 q=28.0 size=N/A time=00:00:27.15 bitrate=N/A speed=0.981x    
frame=  666 fps= 24 q=28.0 size=N/A time=00:00:27.75 bitrate=N/A speed=0.985x    
frame=  681 fps= 24 q=28.0 size=N/A time=00:00:28.37 bitrate=N/A speed=0.989x    
frame=  692 fps= 24 q=28.0 size=N/A time=00:00:28.84 bitrate=N/A speed=0.988x    
frame=  703 fps= 24 q=28.0 size=N/A time=00:00:29.29 bitrate=N/A speed=0.985x    
frame=  716 fps= 24 q=28.0 size=N/A time=00:00:29.84 bitrate=N/A speed=0.986x    
frame=  726 fps= 24 q=28.0 size=N/A time=00:00:30.25 bitrate=N/A speed=0.983x    
frame=  737 fps= 24 q=28.0 size=N/A time=00:00:30.72 bitrate=N/A speed=0.982x    
frame=  750 fps= 24 q=28.0 size=N/A time=00:00:31.25 bitrate=N/A speed=0.98x    
frame=  762 fps= 24 q=28.0 size=N/A time=00:00:31.74 bitrate=N/A speed=0.98x    
[hls @ 0x55ada3be80] Opening '/config/data/transcodes/e3e74e4037adc8e13e3cee0de0e3916e100.ts' for writing
frame=  772 fps= 23 q=28.0 size=N/A time=00:00:32.17 bitrate=N/A speed=0.978x    
frame=  784 fps= 23 q=28.0 size=N/A time=00:00:32.66 bitrate=N/A speed=0.976x    
frame=  795 fps= 23 q=28.0 size=N/A time=00:00:33.13 bitrate=N/A speed=0.975x    
frame=  810 fps= 23 q=28.0 size=N/A time=00:00:33.74 bitrate=N/A speed=0.979x    
frame=  823 fps= 24 q=28.0 size=N/A time=00:00:34.30 bitrate=N/A speed=0.98x    
frame=  836 fps= 24 q=28.0 size=N/A time=00:00:34.83 bitrate=N/A speed=0.981x    
frame=  849 fps= 24 q=28.0 size=N/A time=00:00:35.39 bitrate=N/A speed=0.982x    
frame=  863 fps= 24 q=28.0 size=N/A time=00:00:35.96 bitrate=N/A speed=0.983x    
frame=  875 fps= 24 q=28.0 size=N/A time=00:00:36.45 bitrate=N/A speed=0.983x    
frame=  888 fps= 24 q=28.0 size=N/A time=00:00:37.01 bitrate=N/A speed=0.984x    
frame=  901 fps= 24 q=28.0 size=N/A time=00:00:37.54 bitrate=N/A speed=0.984x    
frame=  914 fps= 24 q=28.0 size=N/A time=00:00:38.10 bitrate=N/A speed=0.984x    
frame=  928 fps= 24 q=28.0 size=N/A time=00:00:38.67 bitrate=N/A speed=0.984x    
frame=  941 fps= 24 q=28.0 size=N/A time=00:00:39.21 bitrate=N/A speed=0.985x    
frame=  955 fps= 24 q=28.0 size=N/A time=00:00:39.80 bitrate=N/A speed=0.985x    
frame=  968 fps= 24 q=28.0 size=N/A time=00:00:40.34 bitrate=N/A speed=0.984x    
frame=  984 fps= 24 q=28.0 size=N/A time=00:00:41.02 bitrate=N/A speed=0.986x    
frame= 1001 fps= 24 q=28.0 size=N/A time=00:00:41.72 bitrate=N/A speed=0.991x    
frame= 1014 fps= 24 q=28.0 size=N/A time=00:00:42.26 bitrate=N/A speed=0.991x    
[hls @ 0x55ada3be80] Opening '/config/data/transcodes/e3e74e4037adc8e13e3cee0de0e3916e101.ts' for writing
frame= 1026 fps= 24 q=28.0 size=N/A time=00:00:42.77 bitrate=N/A speed=0.991x    
frame= 1038 fps= 24 q=28.0 size=N/A time=00:00:43.26 bitrate=N/A speed=0.99x    
frame= 1053 fps= 24 q=28.0 size=N/A time=00:00:43.88 bitrate=N/A speed=0.991x    
frame= 1067 fps= 24 q=28.0 size=N/A time=00:00:44.48 bitrate=N/A speed=0.991x    
frame= 1082 fps= 24 q=28.0 size=N/A time=00:00:45.09 bitrate=N/A speed=0.994x    
frame= 1095 fps= 24 q=28.0 size=N/A time=00:00:45.65 bitrate=N/A speed=0.994x    
frame= 1108 fps= 24 q=28.0 size=N/A time=00:00:46.18 bitrate=N/A speed=0.995x    
frame= 1121 fps= 24 q=28.0 size=N/A time=00:00:46.72 bitrate=N/A speed=0.995x    
frame= 1133 fps= 24 q=28.0 size=N/A time=00:00:47.23 bitrate=N/A speed=0.995x    
frame= 1145 fps= 24 q=28.0 size=N/A time=00:00:47.72 bitrate=N/A speed=0.995x    
frame= 1158 fps= 24 q=28.0 size=N/A time=00:00:48.27 bitrate=N/A speed=0.996x    
frame= 1170 fps= 24 q=28.0 size=N/A time=00:00:48.76 bitrate=N/A speed=0.995x    
frame= 1185 fps= 24 q=28.0 size=N/A time=00:00:49.38 bitrate=N/A speed=0.997x    
frame= 1198 fps= 24 q=28.0 size=N/A time=00:00:49.94 bitrate=N/A speed=0.998x    
frame= 1212 fps= 24 q=28.0 size=N/A time=00:00:50.51 bitrate=N/A speed=0.999x    
frame= 1224 fps= 24 q=28.0 size=N/A time=00:00:51.02 bitrate=N/A speed=0.999x    
frame= 1235 fps= 24 q=28.0 size=N/A time=00:00:51.47 bitrate=N/A speed=0.998x    
frame= 1247 fps= 24 q=28.0 size=N/A time=00:00:51.98 bitrate=N/A speed=0.997x    
frame= 1259 fps= 24 q=28.0 size=N/A time=00:00:52.48 bitrate=N/A speed=0.996x    
[hls @ 0x55ada3be80] Opening '/config/data/transcodes/e3e74e4037adc8e13e3cee0de0e3916e102.ts' for writing
frame= 1271 fps= 24 q=28.0 size=N/A time=00:00:52.99 bitrate=N/A speed=0.996x    
frame= 1283 fps= 24 q=28.0 size=N/A time=00:00:53.48 bitrate=N/A speed=0.995x    
frame= 1297 fps= 24 q=28.0 size=N/A time=00:00:54.05 bitrate=N/A speed=0.996x    
frame= 1311 fps= 24 q=28.0 size=N/A time=00:00:54.65 bitrate=N/A speed=0.998x    
frame= 1323 fps= 24 q=28.0 size=N/A time=00:00:55.14 bitrate=N/A speed=0.997x    
frame= 1339 fps= 24 q=28.0 size=N/A time=00:00:55.82 bitrate=N/A speed=   1x    
frame= 1354 fps= 24 q=28.0 size=N/A time=00:00:56.44 bitrate=N/A speed=   1x    
frame= 1369 fps= 24 q=28.0 size=N/A time=00:00:57.06 bitrate=N/A speed=   1x    
frame= 1385 fps= 24 q=28.0 size=N/A time=00:00:57.72 bitrate=N/A speed=1.01x    
frame= 1400 fps= 24 q=28.0 size=N/A time=00:00:58.36 bitrate=N/A speed=1.01x    
frame= 1415 fps= 24 q=28.0 size=N/A time=00:00:58.98 bitrate=N/A speed=1.01x    
frame= 1428 fps= 24 q=28.0 size=N/A time=00:00:59.54 bitrate=N/A speed=1.01x    
frame= 1442 fps= 24 q=28.0 size=N/A time=00:01:00.11 bitrate=N/A speed=1.01x    
frame= 1457 fps= 24 q=28.0 size=N/A time=00:01:00.73 bitrate=N/A speed=1.01x    
frame= 1470 fps= 24 q=28.0 size=N/A time=00:01:01.29 bitrate=N/A speed=1.01x    
frame= 1483 fps= 24 q=28.0 size=N/A time=00:01:01.82 bitrate=N/A speed=1.01x    
frame= 1495 fps= 24 q=28.0 size=N/A time=00:01:02.33 bitrate=N/A speed=1.01x    
frame= 1510 fps= 24 q=28.0 size=N/A time=00:01:02.95 bitrate=N/A speed=1.01x    
[hls @ 0x55ada3be80] Opening '/config/data/transcodes/e3e74e4037adc8e13e3cee0de0e3916e103.ts' for writing
frame= 1524 fps= 24 q=28.0 size=N/A time=00:01:03.53 bitrate=N/A speed=1.01x    
frame= 1533 fps= 24 q=28.0 size=N/A time=00:01:03.91 bitrate=N/A speed=1.01x    
frame= 1548 fps= 24 q=28.0 size=N/A time=00:01:04.53 bitrate=N/A speed=1.01x    
frame= 1564 fps= 24 q=28.0 size=N/A time=00:01:05.19 bitrate=N/A speed=1.01x    
frame= 1580 fps= 24 q=28.0 size=N/A time=00:01:05.87 bitrate=N/A speed=1.01x    
frame= 1594 fps= 24 q=28.0 size=N/A time=00:01:06.45 bitrate=N/A speed=1.01x    
frame= 1605 fps= 24 q=28.0 size=N/A time=00:01:06.92 bitrate=N/A speed=1.01x    
frame= 1618 fps= 24 q=28.0 size=N/A time=00:01:07.45 bitrate=N/A speed=1.01x    
frame= 1632 fps= 24 q=28.0 size=N/A time=00:01:08.03 bitrate=N/A speed=1.01x    
frame= 1646 fps= 24 q=28.0 size=N/A time=00:01:08.62 bitrate=N/A speed=1.01x    
frame= 1660 fps= 24 q=28.0 size=N/A time=00:01:09.20 bitrate=N/A speed=1.01x    
frame= 1672 fps= 24 q=28.0 size=N/A time=00:01:09.71 bitrate=N/A speed=1.01x    
frame= 1684 fps= 24 q=28.0 size=N/A time=00:01:10.20 bitrate=N/A speed=1.01x    
frame= 1697 fps= 24 q=28.0 size=N/A time=00:01:10.74 bitrate=N/A speed=1.01x    
frame= 1709 fps= 24 q=28.0 size=N/A time=00:01:11.25 bitrate=N/A speed=1.01x    
frame= 1724 fps= 24 q=28.0 size=N/A time=00:01:11.87 bitrate=N/A speed=1.02x    
frame= 1737 fps= 24 q=28.0 size=N/A time=00:01:12.42 bitrate=N/A speed=1.02x    
frame= 1751 fps= 24 q=28.0 size=N/A time=00:01:13.00 bitrate=N/A speed=1.02x    
frame= 1765 fps= 24 q=28.0 size=N/A time=00:01:13.57 bitrate=N/A speed=1.02x    
[hls @ 0x55ada3be80] Opening '/config/data/transcodes/e3e74e4037adc8e13e3cee0de0e3916e104.ts' for writing
frame= 1777 fps= 24 q=28.0 size=N/A time=00:01:14.09 bitrate=N/A speed=1.02x    
frame= 1789 fps= 24 q=28.0 size=N/A time=00:01:14.58 bitrate=N/A speed=1.02x    
frame= 1803 fps= 24 q=28.0 size=N/A time=00:01:15.17 bitrate=N/A speed=1.02x    
frame= 1814 fps= 24 q=28.0 size=N/A time=00:01:15.62 bitrate=N/A speed=1.02x    
frame= 1827 fps= 24 q=28.0 size=N/A time=00:01:16.18 bitrate=N/A speed=1.02x    
frame= 1839 fps= 24 q=28.0 size=N/A time=00:01:16.67 bitrate=N/A speed=1.01x    
frame= 1853 fps= 24 q=28.0 size=N/A time=00:01:17.24 bitrate=N/A speed=1.01x    
frame= 1866 fps= 24 q=28.0 size=N/A time=00:01:17.80 bitrate=N/A speed=1.02x    
frame= 1879 fps= 24 q=28.0 size=N/A time=00:01:18.33 bitrate=N/A speed=1.02x    
frame= 1892 fps= 24 q=28.0 size=N/A time=00:01:18.89 bitrate=N/A speed=1.02x    
frame= 1906 fps= 24 q=28.0 size=N/A time=00:01:19.46 bitrate=N/A speed=1.02x    
frame= 1918 fps= 24 q=28.0 size=N/A time=00:01:19.97 bitrate=N/A speed=1.02x    
frame= 1930 fps= 24 q=28.0 size=N/A time=00:01:20.46 bitrate=N/A speed=1.02x    
frame= 1945 fps= 24 q=28.0 size=N/A time=00:01:21.08 bitrate=N/A speed=1.02x    
frame= 1959 fps= 24 q=28.0 size=N/A time=00:01:21.68 bitrate=N/A speed=1.02x    
frame= 1974 fps= 24 q=28.0 size=N/A time=00:01:22.30 bitrate=N/A speed=1.02x    
frame= 1988 fps= 24 q=28.0 size=N/A time=00:01:22.88 bitrate=N/A speed=1.02x    
frame= 2003 fps= 24 q=28.0 size=N/A time=00:01:23.52 bitrate=N/A speed=1.02x    
frame= 2016 fps= 24 q=25.0 size=N/A time=00:01:24.05 bitrate=N/A speed=1.02x    
[hls @ 0x55ada3be80] Opening '/config/data/transcodes/e3e74e4037adc8e13e3cee0de0e3916e105.ts' for writing
frame= 2031 fps= 25 q=28.0 size=N/A time=00:01:24.67 bitrate=N/A speed=1.02x    
frame= 2045 fps= 25 q=28.0 size=N/A time=00:01:25.26 bitrate=N/A speed=1.02x    
frame= 2059 fps= 25 q=28.0 size=N/A time=00:01:25.84 bitrate=N/A speed=1.02x    
frame= 2073 fps= 25 q=28.0 size=N/A time=00:01:26.44 bitrate=N/A speed=1.02x    
frame= 2088 fps= 25 q=28.0 size=N/A time=00:01:27.06 bitrate=N/A speed=1.02x    
frame= 2100 fps= 25 q=28.0 size=N/A time=00:01:27.55 bitrate=N/A speed=1.02x    
frame= 2115 fps= 25 q=28.0 size=N/A time=00:01:28.19 bitrate=N/A speed=1.02x    
frame= 2128 fps= 25 q=28.0 size=N/A time=00:01:28.72 bitrate=N/A speed=1.02x    
frame= 2140 fps= 25 q=28.0 size=N/A time=00:01:29.23 bitrate=N/A speed=1.02x    
frame= 2153 fps= 25 q=28.0 size=N/A time=00:01:29.77 bitrate=N/A speed=1.03x    
frame= 2168 fps= 25 q=28.0 size=N/A time=00:01:30.38 bitrate=N/A speed=1.03x    
frame= 2181 fps= 25 q=28.0 size=N/A time=00:01:30.94 bitrate=N/A speed=1.03x    
frame= 2196 fps= 25 q=28.0 size=N/A time=00:01:31.56 bitrate=N/A speed=1.03x    
frame= 2211 fps= 25 q=28.0 size=N/A time=00:01:32.18 bitrate=N/A speed=1.03x    
frame= 2226 fps= 25 q=28.0 size=N/A time=00:01:32.82 bitrate=N/A speed=1.03x    
frame= 2241 fps= 25 q=28.0 size=N/A time=00:01:33.44 bitrate=N/A speed=1.03x    
frame= 2256 fps= 25 q=28.0 size=N/A time=00:01:34.05 bitrate=N/A speed=1.03x    
frame= 2269 fps= 25 q=28.0 size=N/A time=00:01:34.61 bitrate=N/A speed=1.03x    
[hls @ 0x55ada3be80] Opening '/config/data/transcodes/e3e74e4037adc8e13e3cee0de0e3916e106.ts' for writing
frame= 2281 fps= 25 q=28.0 size=N/A time=00:01:35.10 bitrate=N/A speed=1.03x    
frame= 2294 fps= 25 q=28.0 size=N/A time=00:01:35.65 bitrate=N/A speed=1.03x    
frame= 2309 fps= 25 q=28.0 size=N/A time=00:01:36.27 bitrate=N/A speed=1.03x    
frame= 2322 fps= 25 q=28.0 size=N/A time=00:01:36.81 bitrate=N/A speed=1.03x    
frame= 2336 fps= 25 q=28.0 size=N/A time=00:01:37.40 bitrate=N/A speed=1.03x    
frame= 2350 fps= 25 q=28.0 size=N/A time=00:01:38.00 bitrate=N/A speed=1.03x    
frame= 2366 fps= 25 q=28.0 size=N/A time=00:01:38.64 bitrate=N/A speed=1.03x    
frame= 2380 fps= 25 q=28.0 size=N/A time=00:01:39.24 bitrate=N/A speed=1.03x    
frame= 2393 fps= 25 q=28.0 size=N/A time=00:01:39.77 bitrate=N/A speed=1.03x    
frame= 2406 fps= 25 q=28.0 size=N/A time=00:01:40.33 bitrate=N/A speed=1.04x    
frame= 2418 fps= 25 q=28.0 size=N/A time=00:01:40.82 bitrate=N/A speed=1.03x    
frame= 2428 fps= 25 q=28.0 size=N/A time=00:01:41.24 bitrate=N/A speed=1.03x    
frame= 2439 fps= 25 q=28.0 size=N/A time=00:01:41.69 bitrate=N/A speed=1.03x    
frame= 2450 fps= 25 q=28.0 size=N/A time=00:01:42.16 bitrate=N/A speed=1.03x    
frame= 2459 fps= 25 q=28.0 size=N/A time=00:01:42.52 bitrate=N/A speed=1.03x    
frame= 2469 fps= 25 q=28.0 size=N/A time=00:01:42.95 bitrate=N/A speed=1.03x    
frame= 2477 fps= 25 q=28.0 size=N/A time=00:01:43.27 bitrate=N/A speed=1.03x    
frame= 2488 fps= 25 q=28.0 size=N/A time=00:01:43.74 bitrate=N/A speed=1.03x    
frame= 2498 fps= 25 q=28.0 size=N/A time=00:01:44.14 bitrate=N/A speed=1.02x    
frame= 2509 fps= 24 q=28.0 size=N/A time=00:01:44.61 bitrate=N/A speed=1.02x    
[hls @ 0x55ada3be80] Opening '/config/data/transcodes/e3e74e4037adc8e13e3cee0de0e3916e107.ts' for writing
frame= 2521 fps= 24 q=28.0 size=N/A time=00:01:45.10 bitrate=N/A speed=1.02x    
frame= 2531 fps= 24 q=28.0 size=N/A time=00:01:45.53 bitrate=N/A speed=1.02x    
frame= 2543 fps= 24 q=28.0 size=N/A time=00:01:46.02 bitrate=N/A speed=1.02x    
frame= 2554 fps= 24 q=28.0 size=N/A time=00:01:46.49 bitrate=N/A speed=1.02x    
frame= 2566 fps= 24 q=28.0 size=N/A time=00:01:46.98 bitrate=N/A speed=1.02x    
frame= 2576 fps= 24 q=28.0 size=N/A time=00:01:47.41 bitrate=N/A speed=1.02x    
frame= 2589 fps= 24 q=28.0 size=N/A time=00:01:47.94 bitrate=N/A speed=1.02x    
frame= 2600 fps= 24 q=28.0 size=N/A time=00:01:48.41 bitrate=N/A speed=1.01x    
frame= 2611 fps= 24 q=28.0 size=N/A time=00:01:48.86 bitrate=N/A speed=1.01x    
frame= 2624 fps= 24 q=28.0 size=N/A time=00:01:49.41 bitrate=N/A speed=1.01x    
frame= 2635 fps= 24 q=28.0 size=N/A time=00:01:49.86 bitrate=N/A speed=1.01x    
frame= 2644 fps= 24 q=28.0 size=N/A time=00:01:50.25 bitrate=N/A speed=1.01x    
frame= 2656 fps= 24 q=28.0 size=N/A time=00:01:50.74 bitrate=N/A speed=1.01x    
frame= 2666 fps= 24 q=28.0 size=N/A time=00:01:51.16 bitrate=N/A speed=1.01x    
frame= 2677 fps= 24 q=28.0 size=N/A time=00:01:51.61 bitrate=N/A speed=1.01x    
frame= 2688 fps= 24 q=28.0 size=N/A time=00:01:52.08 bitrate=N/A speed=1.01x    
frame= 2698 fps= 24 q=28.0 size=N/A time=00:01:52.51 bitrate=N/A speed=1.01x    
frame= 2710 fps= 24 q=28.0 size=N/A time=00:01:53.00 bitrate=N/A speed=1.01x    
frame= 2720 fps= 24 q=28.0 size=N/A time=00:01:53.42 bitrate=N/A speed=1.01x    
frame= 2731 fps= 24 q=28.0 size=N/A time=00:01:53.87 bitrate=N/A speed=1.01x    
frame= 2742 fps= 24 q=28.0 size=N/A time=00:01:54.34 bitrate=N/A speed=1.01x    
frame= 2753 fps= 24 q=28.0 size=N/A time=00:01:54.79 bitrate=N/A speed=1.01x    
frame= 2763 fps= 24 q=28.0 size=N/A time=00:01:55.22 bitrate=N/A speed=   1x    
[hls @ 0x55ada3be80] Opening '/config/data/transcodes/e3e74e4037adc8e13e3cee0de0e3916e108.ts' for writing
frame= 2774 fps= 24 q=28.0 size=N/A time=00:01:55.66 bitrate=N/A speed=   1x    
frame= 2787 fps= 24 q=28.0 size=N/A time=00:01:56.22 bitrate=N/A speed=   1x    
frame= 2801 fps= 24 q=28.0 size=N/A time=00:01:56.80 bitrate=N/A speed=   1x    
frame= 2813 fps= 24 q=28.0 size=N/A time=00:01:57.29 bitrate=N/A speed=   1x    
frame= 2828 fps= 24 q=28.0 size=N/A time=00:01:57.93 bitrate=N/A speed=   1x    
frame= 2841 fps= 24 q=28.0 size=N/A time=00:01:58.46 bitrate=N/A speed=   1x    
frame= 2853 fps= 24 q=28.0 size=N/A time=00:01:58.97 bitrate=N/A speed=   1x    
frame= 2863 fps= 24 q=28.0 size=N/A time=00:01:59.38 bitrate=N/A speed=   1x    
frame= 2875 fps= 24 q=28.0 size=N/A time=00:01:59.89 bitrate=N/A speed=   1x    
frame= 2886 fps= 24 q=28.0 size=N/A time=00:02:00.34 bitrate=N/A speed=   1x    
frame= 2897 fps= 24 q=28.0 size=N/A time=00:02:00.81 bitrate=N/A speed=   1x    
frame= 2910 fps= 24 q=28.0 size=N/A time=00:02:01.34 bitrate=N/A speed=   1x    
frame= 2923 fps= 24 q=28.0 size=N/A time=00:02:01.87 bitrate=N/A speed=   1x    
frame= 2938 fps= 24 q=28.0 size=N/A time=00:02:02.51 bitrate=N/A speed=   1x    
frame= 2951 fps= 24 q=28.0 size=N/A time=00:02:03.05 bitrate=N/A speed=   1x    
frame= 2965 fps= 24 q=28.0 size=N/A time=00:02:03.64 bitrate=N/A speed=   1x    
frame= 2978 fps= 24 q=28.0 size=N/A time=00:02:04.18 bitrate=N/A speed=   1x    
frame= 2990 fps= 24 q=28.0 size=N/A time=00:02:04.67 bitrate=N/A speed=   1x    
frame= 3002 fps= 24 q=28.0 size=N/A time=00:02:05.18 bitrate=N/A speed=   1x    
frame= 3016 fps= 24 q=25.0 size=N/A time=00:02:05.76 bitrate=N/A speed=   1x    
[hls @ 0x55ada3be80] Opening '/config/data/transcodes/e3e74e4037adc8e13e3cee0de0e3916e109.ts' for writing
frame= 3030 fps= 24 q=28.0 size=N/A time=00:02:06.35 bitrate=N/A speed=   1x    
frame= 3043 fps= 24 q=28.0 size=N/A time=00:02:06.89 bitrate=N/A speed=   1x    
frame= 3056 fps= 24 q=28.0 size=N/A time=00:02:07.42 bitrate=N/A speed=   1x    
frame= 3068 fps= 24 q=28.0 size=N/A time=00:02:07.93 bitrate=N/A speed=   1x    
frame= 3081 fps= 24 q=28.0 size=N/A time=00:02:08.46 bitrate=N/A speed=   1x    
frame= 3093 fps= 24 q=28.0 size=N/A time=00:02:08.98 bitrate=N/A speed=   1x    
frame= 3105 fps= 24 q=28.0 size=N/A time=00:02:09.47 bitrate=N/A speed=   1x    
frame= 3115 fps= 24 q=28.0 size=N/A time=00:02:09.89 bitrate=N/A speed=0.999x    
frame= 3127 fps= 24 q=28.0 size=N/A time=00:02:10.38 bitrate=N/A speed=0.999x    
frame= 3138 fps= 24 q=28.0 size=N/A time=00:02:10.85 bitrate=N/A speed=0.999x    
frame= 3149 fps= 24 q=28.0 size=N/A time=00:02:11.30 bitrate=N/A speed=0.998x    
frame= 3160 fps= 24 q=28.0 size=N/A time=00:02:11.77 bitrate=N/A speed=0.998x    
frame= 3172 fps= 24 q=28.0 size=N/A time=00:02:12.26 bitrate=N/A speed=0.997x    
frame= 3183 fps= 24 q=28.0 size=N/A time=00:02:12.73 bitrate=N/A speed=0.997x    
frame= 3194 fps= 24 q=28.0 size=N/A time=00:02:13.18 bitrate=N/A speed=0.996x    
frame= 3207 fps= 24 q=28.0 size=N/A time=00:02:13.73 bitrate=N/A speed=0.996x    
frame= 3218 fps= 24 q=28.0 size=N/A time=00:02:14.18 bitrate=N/A speed=0.996x    
frame= 3231 fps= 24 q=28.0 size=N/A time=00:02:14.74 bitrate=N/A speed=0.995x    
frame= 3243 fps= 24 q=28.0 size=N/A time=00:02:15.23 bitrate=N/A speed=0.995x    
frame= 3255 fps= 24 q=28.0 size=N/A time=00:02:15.72 bitrate=N/A speed=0.995x    
frame= 3266 fps= 24 q=25.0 size=N/A time=00:02:16.19 bitrate=N/A speed=0.994x    
[hls @ 0x55ada3be80] Opening '/config/data/transcodes/e3e74e4037adc8e13e3cee0de0e3916e110.ts' for writing
frame= 3280 fps= 24 q=28.0 size=N/A time=00:02:16.76 bitrate=N/A speed=0.995x    
frame= 3294 fps= 24 q=28.0 size=N/A time=00:02:17.36 bitrate=N/A speed=0.995x    
frame= 3306 fps= 24 q=28.0 size=N/A time=00:02:17.85 bitrate=N/A speed=0.995x    
frame= 3317 fps= 24 q=28.0 size=N/A time=00:02:18.32 bitrate=N/A speed=0.995x    
frame= 3327 fps= 24 q=28.0 size=N/A time=00:02:18.73 bitrate=N/A speed=0.994x    
frame= 3340 fps= 24 q=28.0 size=N/A time=00:02:19.28 bitrate=N/A speed=0.994x    
frame= 3354 fps= 24 q=28.0 size=N/A time=00:02:19.86 bitrate=N/A speed=0.994x    
frame= 3371 fps= 24 q=28.0 size=N/A time=00:02:20.56 bitrate=N/A speed=0.996x    
frame= 3388 fps= 24 q=28.0 size=N/A time=00:02:21.29 bitrate=N/A speed=0.997x    

[q] command received. Exiting.

[hls @ 0x55ada3be80] Opening '/config/data/transcodes/e3e74e4037adc8e13e3cee0de0e3916e111.ts' for writing
frame= 3398 fps= 24 q=-1.0 Lsize=N/A time=00:02:21.67 bitrate=N/A speed=0.995x    
video:20057kB audio:3898kB subtitle:0kB other streams:0kB global headers:0kB muxing overhead: unknown
[libx264 @ 0x55ad8d5690] frame I:14    Avg QP:17.64  size: 74108
[libx264 @ 0x55ad8d5690] frame P:1011  Avg QP:20.40  size: 15133
[libx264 @ 0x55ad8d5690] frame B:2373  Avg QP:23.44  size:  1770
[libx264 @ 0x55ad8d5690] consecutive B-frames:  4.9%  4.7%  3.4% 87.0%
[libx264 @ 0x55ad8d5690] mb I  I16..4: 53.9%  0.0% 46.1%
[libx264 @ 0x55ad8d5690] mb P  I16..4: 12.1%  0.0%  0.0%  P16..4: 33.0%  0.0%  0.0%  0.0%  0.0%    skip:54.9%
[libx264 @ 0x55ad8d5690] mb B  I16..4:  0.6%  0.0%  0.0%  B16..8:  6.4%  0.0%  0.0%  direct: 2.1%  skip:91.0%  L0:36.2% L1:53.8% BI:10.0%
[libx264 @ 0x55ad8d5690] coded y,uvDC,uvAC intra: 26.3% 35.4% 5.7% inter: 3.2% 4.0% 0.0%
[libx264 @ 0x55ad8d5690] i16 v,h,dc,p: 39% 24% 15% 23%
[libx264 @ 0x55ad8d5690] i4 v,h,dc,ddl,ddr,vr,hd,vl,hu: 24% 18% 21%  4%  9%  6%  5%  5%  7%
[libx264 @ 0x55ad8d5690] i8c dc,h,v,p: 50% 20% 25%  6%
[libx264 @ 0x55ad8d5690] Weighted P-Frames: Y:0.2% UV:0.0%
[libx264 @ 0x55ad8d5690] kb/s:1159.29