/videos/40d322c8-8ba7-ec47-543c-e387c3ecad3d/hls1/main/0.ts

{"Protocol":0,"Id":"40d322c88ba7ec47543ce387c3ecad3d","Path":"/data/media/movies/Your Name. (2016)/Your Name. (2016) Bluray-2160p.mkv","EncoderPath":null,"EncoderProtocol":null,"Type":0,"Container":"mkv,webm","Size":5211882496,"Name":"Your Name. (2016) Bluray-2160p","IsRemote":false,"ETag":"d856ddce4c308e19fa28b87149128635","RunTimeTicks":63956828160,"ReadAtNativeFramerate":false,"IgnoreDts":false,"IgnoreIndex":false,"GenPtsInput":false,"SupportsTranscoding":true,"SupportsDirectStream":true,"SupportsDirectPlay":true,"IsInfiniteStream":false,"RequiresOpening":false,"OpenToken":null,"RequiresClosing":false,"LiveStreamId":null,"BufferMs":null,"RequiresLooping":false,"SupportsProbing":true,"VideoType":0,"IsoType":null,"Video3DFormat":null,"MediaStreams":[{"Codec":"hevc","CodecTag":null,"Language":null,"ColorRange":null,"ColorSpace":"bt709","ColorTransfer":"bt709","ColorPrimaries":"bt709","DvVersionMajor":null,"DvVersionMinor":null,"DvProfile":null,"DvLevel":null,"RpuPresentFlag":null,"ElPresentFlag":null,"BlPresentFlag":null,"DvBlSignalCompatibilityId":null,"Comment":null,"TimeBase":"1/1000","CodecTimeBase":null,"Title":null,"VideoRange":"SDR","VideoRangeType":"SDR","VideoDoViTitle":null,"LocalizedUndefined":null,"LocalizedDefault":null,"LocalizedForced":null,"LocalizedExternal":null,"DisplayTitle":"4K HEVC SDR","NalLengthSize":null,"IsInterlaced":false,"IsAVC":null,"ChannelLayout":null,"BitRate":6519250,"BitDepth":10,"RefFrames":1,"PacketLength":null,"Channels":null,"SampleRate":null,"IsDefault":true,"IsForced":false,"Height":2160,"Width":3840,"AverageFrameRate":23.976025,"RealFrameRate":23.976025,"Profile":"Main 10","Type":1,"AspectRatio":"16:9","Index":0,"Score":null,"IsExternal":false,"DeliveryMethod":null,"DeliveryUrl":null,"IsExternalUrl":null,"IsTextSubtitleStream":false,"SupportsExternalStream":false,"Path":null,"PixelFormat":"yuv420p10le","Level":150,"IsAnamorphic":null},{"Codec":"aac","CodecTag":null,"Language":null,"ColorRange":null,"ColorSpace":null,"ColorTransfer":null,"ColorPrimaries":null,"DvVersionMajor":null,"DvVersionMinor":null,"DvProfile":null,"DvLevel":null,"RpuPresentFlag":null,"ElPresentFlag":null,"BlPresentFlag":null,"DvBlSignalCompatibilityId":null,"Comment":null,"TimeBase":"1/1000","CodecTimeBase":null,"Title":null,"VideoRange":null,"VideoRangeType":null,"VideoDoViTitle":null,"LocalizedUndefined":null,"LocalizedDefault":null,"LocalizedForced":null,"LocalizedExternal":null,"DisplayTitle":"AAC - 5.1 - Default","NalLengthSize":null,"IsInterlaced":false,"IsAVC":null,"ChannelLayout":"5.1","BitRate":320000,"BitDepth":null,"RefFrames":null,"PacketLength":null,"Channels":6,"SampleRate":48000,"IsDefault":true,"IsForced":false,"Height":null,"Width":null,"AverageFrameRate":null,"RealFrameRate":null,"Profile":"LC","Type":0,"AspectRatio":null,"Index":1,"Score":null,"IsExternal":false,"DeliveryMethod":null,"DeliveryUrl":null,"IsExternalUrl":null,"IsTextSubtitleStream":false,"SupportsExternalStream":false,"Path":null,"PixelFormat":null,"Level":0,"IsAnamorphic":null},{"Codec":"subrip","CodecTag":null,"Language":"eng","ColorRange":null,"ColorSpace":null,"ColorTransfer":null,"ColorPrimaries":null,"DvVersionMajor":null,"DvVersionMinor":null,"DvProfile":null,"DvLevel":null,"RpuPresentFlag":null,"ElPresentFlag":null,"BlPresentFlag":null,"DvBlSignalCompatibilityId":null,"Comment":null,"TimeBase":"1/1000","CodecTimeBase":null,"Title":"English-SRT","VideoRange":null,"VideoRangeType":null,"VideoDoViTitle":null,"LocalizedUndefined":"Undefined","LocalizedDefault":"Default","LocalizedForced":"Forced","LocalizedExternal":"External","DisplayTitle":"English-SRT - Default - Forced - SUBRIP","NalLengthSize":null,"IsInterlaced":false,"IsAVC":null,"ChannelLayout":null,"BitRate":null,"BitDepth":null,"RefFrames":null,"PacketLength":null,"Channels":null,"SampleRate":null,"IsDefault":true,"IsForced":true,"Height":null,"Width":null,"AverageFrameRate":null,"RealFrameRate":null,"Profile":null,"Type":2,"AspectRatio":null,"Index":2,"Score":null,"IsExternal":false,"DeliveryMethod":null,"DeliveryUrl":null,"IsExternalUrl":null,"IsTextSubtitleStream":true,"SupportsExternalStream":true,"Path":null,"PixelFormat":null,"Level":0,"IsAnamorphic":null},{"Codec":"PGSSUB","CodecTag":null,"Language":null,"ColorRange":null,"ColorSpace":null,"ColorTransfer":null,"ColorPrimaries":null,"DvVersionMajor":null,"DvVersionMinor":null,"DvProfile":null,"DvLevel":null,"RpuPresentFlag":null,"ElPresentFlag":null,"BlPresentFlag":null,"DvBlSignalCompatibilityId":null,"Comment":null,"TimeBase":"1/1000","CodecTimeBase":null,"Title":null,"VideoRange":null,"VideoRangeType":null,"VideoDoViTitle":null,"LocalizedUndefined":"Undefined","LocalizedDefault":"Default","LocalizedForced":"Forced","LocalizedExternal":"External","DisplayTitle":"Undefined - Forced - PGSSUB","NalLengthSize":null,"IsInterlaced":false,"IsAVC":null,"ChannelLayout":null,"BitRate":null,"BitDepth":null,"RefFrames":null,"PacketLength":null,"Channels":null,"SampleRate":null,"IsDefault":false,"IsForced":true,"Height":null,"Width":null,"AverageFrameRate":null,"RealFrameRate":null,"Profile":null,"Type":2,"AspectRatio":null,"Index":3,"Score":null,"IsExternal":false,"DeliveryMethod":null,"DeliveryUrl":null,"IsExternalUrl":null,"IsTextSubtitleStream":false,"SupportsExternalStream":false,"Path":null,"PixelFormat":null,"Level":0,"IsAnamorphic":null},{"Codec":"PGSSUB","CodecTag":null,"Language":null,"ColorRange":null,"ColorSpace":null,"ColorTransfer":null,"ColorPrimaries":null,"DvVersionMajor":null,"DvVersionMinor":null,"DvProfile":null,"DvLevel":null,"RpuPresentFlag":null,"ElPresentFlag":null,"BlPresentFlag":null,"DvBlSignalCompatibilityId":null,"Comment":null,"TimeBase":"1/1000","CodecTimeBase":null,"Title":null,"VideoRange":null,"VideoRangeType":null,"VideoDoViTitle":null,"LocalizedUndefined":"Undefined","LocalizedDefault":"Default","LocalizedForced":"Forced","LocalizedExternal":"External","DisplayTitle":"Undefined - PGSSUB","NalLengthSize":null,"IsInterlaced":false,"IsAVC":null,"ChannelLayout":null,"BitRate":null,"BitDepth":null,"RefFrames":null,"PacketLength":null,"Channels":null,"SampleRate":null,"IsDefault":false,"IsForced":false,"Height":null,"Width":null,"AverageFrameRate":null,"RealFrameRate":null,"Profile":null,"Type":2,"AspectRatio":null,"Index":4,"Score":null,"IsExternal":false,"DeliveryMethod":null,"DeliveryUrl":null,"IsExternalUrl":null,"IsTextSubtitleStream":false,"SupportsExternalStream":false,"Path":null,"PixelFormat":null,"Level":0,"IsAnamorphic":null},{"Codec":"PGSSUB","CodecTag":null,"Language":null,"ColorRange":null,"ColorSpace":null,"ColorTransfer":null,"ColorPrimaries":null,"DvVersionMajor":null,"DvVersionMinor":null,"DvProfile":null,"DvLevel":null,"RpuPresentFlag":null,"ElPresentFlag":null,"BlPresentFlag":null,"DvBlSignalCompatibilityId":null,"Comment":null,"TimeBase":"1/1000","CodecTimeBase":null,"Title":null,"VideoRange":null,"VideoRangeType":null,"VideoDoViTitle":null,"LocalizedUndefined":"Undefined","LocalizedDefault":"Default","LocalizedForced":"Forced","LocalizedExternal":"External","DisplayTitle":"Undefined - PGSSUB","NalLengthSize":null,"IsInterlaced":false,"IsAVC":null,"ChannelLayout":null,"BitRate":null,"BitDepth":null,"RefFrames":null,"PacketLength":null,"Channels":null,"SampleRate":null,"IsDefault":false,"IsForced":false,"Height":null,"Width":null,"AverageFrameRate":null,"RealFrameRate":null,"Profile":null,"Type":2,"AspectRatio":null,"Index":5,"Score":null,"IsExternal":false,"DeliveryMethod":null,"DeliveryUrl":null,"IsExternalUrl":null,"IsTextSubtitleStream":false,"SupportsExternalStream":false,"Path":null,"PixelFormat":null,"Level":0,"IsAnamorphic":null},{"Codec":"PGSSUB","CodecTag":null,"Language":null,"ColorRange":null,"ColorSpace":null,"ColorTransfer":null,"ColorPrimaries":null,"DvVersionMajor":null,"DvVersionMinor":null,"DvProfile":null,"DvLevel":null,"RpuPresentFlag":null,"ElPresentFlag":null,"BlPresentFlag":null,"DvBlSignalCompatibilityId":null,"Comment":null,"TimeBase":"1/1000","CodecTimeBase":null,"Title":null,"VideoRange":null,"VideoRangeType":null,"VideoDoViTitle":null,"LocalizedUndefined":"Undefined","LocalizedDefault":"Default","LocalizedForced":"Forced","LocalizedExternal":"External","DisplayTitle":"Undefined - PGSSUB","NalLengthSize":null,"IsInterlaced":false,"IsAVC":null,"ChannelLayout":null,"BitRate":null,"BitDepth":null,"RefFrames":null,"PacketLength":null,"Channels":null,"SampleRate":null,"IsDefault":false,"IsForced":false,"Height":null,"Width":null,"AverageFrameRate":null,"RealFrameRate":null,"Profile":null,"Type":2,"AspectRatio":null,"Index":6,"Score":null,"IsExternal":false,"DeliveryMethod":null,"DeliveryUrl":null,"IsExternalUrl":null,"IsTextSubtitleStream":false,"SupportsExternalStream":false,"Path":null,"PixelFormat":null,"Level":0,"IsAnamorphic":null}],"MediaAttachments":[],"Formats":[],"Bitrate":6839250,"Timestamp":null,"RequiredHttpHeaders":{},"TranscodingUrl":null,"TranscodingSubProtocol":null,"TranscodingContainer":null,"AnalyzeDurationMs":null,"DefaultAudioStreamIndex":null,"DefaultSubtitleStreamIndex":null}

/usr/lib/jellyfin-ffmpeg/ffmpeg -analyzeduration 200M -f matroska,webm -autorotate 0 -canvas_size 1920x1080 -i file:"/data/media/movies/Your Name. (2016)/Your Name. (2016) Bluray-2160p.mkv" -map_metadata -1 -map_chapters -1 -threads 0 -map 0:0 -map 0:1 -map -0:0 -codec:v:0 libx264 -preset veryfast -crf 23 -maxrate 10865417 -bufsize 21730834 -x264opts:0 subme=0:me_range=4:rc_lookahead=10:me=dia:no_chroma_me:8x8dct=0:partitions=none -force_key_frames:0 "expr:gte(t,0+n_forced*3)" -sc_threshold:v:0 0 -filter_complex "[0:3]scale=s=3840x2160:flags=fast_bilinear[sub];[0:0]setparams=color_primaries=bt709:color_trc=bt709:colorspace=bt709,scale=trunc(min(max(iw\,ih*a)\,min(3840\,2160*a))/2)*2:trunc(min(max(iw/a\,ih)\,min(3840/a\,2160))/2)*2,format=yuv420p[main];[main][sub]overlay=eof_action=endall:shortest=1:repeatlast=0" -start_at_zero -codec:a:0 copy -copyts -avoid_negative_ts disabled -max_muxing_queue_size 2048 -f hls -max_delay 5000000 -hls_time 3 -hls_segment_type mpegts -start_number 0 -hls_segment_filename "/config/data/transcodes/68e946df1c7b9274f50dac3df996c1c7%d.ts" -hls_playlist_type vod -hls_list_size 0 -y "/config/data/transcodes/68e946df1c7b9274f50dac3df996c1c7.m3u8"


ffmpeg version 5.1.3-Jellyfin Copyright (c) 2000-2022 the FFmpeg developers
  built with gcc 11 (Ubuntu 11.4.0-1ubuntu1~22.04)
  configuration: --prefix=/usr/lib/jellyfin-ffmpeg --target-os=linux --extra-libs=-lfftw3f --extra-version=Jellyfin --disable-doc --disable-ffplay --disable-ptx-compression --disable-static --disable-libxcb --disable-sdl2 --disable-xlib --enable-lto --enable-gpl --enable-version3 --enable-shared --enable-gmp --enable-gnutls --enable-chromaprint --enable-libdrm --enable-libass --enable-libfreetype --enable-libfribidi --enable-libfontconfig --enable-libbluray --enable-libmp3lame --enable-libopus --enable-libtheora --enable-libvorbis --enable-libopenmpt --enable-libdav1d --enable-libwebp --enable-libvpx --enable-libx264 --enable-libx265 --enable-libzvbi --enable-libzimg --enable-libfdk-aac --toolchain=hardened --enable-cross-compile --arch=arm64 --cross-prefix=/usr/bin/aarch64-linux-gnu-
  libavutil      57. 28.100 / 57. 28.100
  libavcodec     59. 37.100 / 59. 37.100
  libavformat    59. 27.100 / 59. 27.100
  libavdevice    59.  7.100 / 59.  7.100
  libavfilter     8. 44.100 /  8. 44.100
  libswscale      6.  7.100 /  6.  7.100
  libswresample   4.  7.100 /  4.  7.100
  libpostproc    56.  6.100 / 56.  6.100
[matroska,webm @ 0x55a701b7e0] Could not find codec parameters for stream 3 (Subtitle: hdmv_pgs_subtitle (pgssub)): unspecified size
Consider increasing the value for the 'analyzeduration' (200000000) and 'probesize' (5000000) options
[matroska,webm @ 0x55a701b7e0] Could not find codec parameters for stream 4 (Subtitle: hdmv_pgs_subtitle (pgssub)): unspecified size
Consider increasing the value for the 'analyzeduration' (200000000) and 'probesize' (5000000) options
[matroska,webm @ 0x55a701b7e0] Could not find codec parameters for stream 5 (Subtitle: hdmv_pgs_subtitle (pgssub)): unspecified size
Consider increasing the value for the 'analyzeduration' (200000000) and 'probesize' (5000000) options
[matroska,webm @ 0x55a701b7e0] Could not find codec parameters for stream 6 (Subtitle: hdmv_pgs_subtitle (pgssub)): unspecified size
Consider increasing the value for the 'analyzeduration' (200000000) and 'probesize' (5000000) options
Input #0, matroska,webm, from 'file:/data/media/movies/Your Name. (2016)/Your Name. (2016) Bluray-2160p.mkv':
  Metadata:
    ENCODER         : Lavf58.68.100
  Duration: 01:46:35.68, start: 0.000000, bitrate: 6519 kb/s
  Stream #0:0: Video: hevc (Main 10), yuv420p10le(tv, bt709, progressive), 3840x2160 [SAR 1:1 DAR 16:9], 23.98 fps, 23.98 tbr, 1k tbn (default)
    Metadata:
      ENCODER         : Lavc58.125.101 libx265
      DURATION        : 01:46:35.683000000
  Stream #0:1: Audio: aac (LC), 48000 Hz, 5.1, fltp (default)
    Metadata:
      ENCODER         : Lavc58.125.101 libfdk_aac
      DURATION        : 01:46:35.680000000
  Stream #0:2(eng): Subtitle: subrip, 1920x1080 (default) (forced)
    Metadata:
      title           : English-SRT
      BPS-eng         : 47
      DURATION-eng    : 01:45:31.659000000
      NUMBER_OF_FRAMES-eng: 1154
      NUMBER_OF_BYTES-eng: 37410
      _STATISTICS_TAGS-eng: BPS DURATION NUMBER_OF_FRAMES NUMBER_OF_BYTES
      DURATION        : 01:46:25.130000000
  Stream #0:3: Subtitle: hdmv_pgs_subtitle, 1920x1080 (forced)
    Metadata:
      DURATION        : 01:46:25.130000000
  Stream #0:4: Subtitle: hdmv_pgs_subtitle, 1920x1080
    Metadata:
      DURATION        : 01:46:16.455000000
  Stream #0:5: Subtitle: hdmv_pgs_subtitle, 1920x1080
    Metadata:
      DURATION        : 01:46:16.038000000
  Stream #0:6: Subtitle: hdmv_pgs_subtitle, 1920x1080
    Metadata:
      DURATION        : 01:46:24.963000000
Stream mapping:
  Stream #0:0 (hevc) -> setparams:default
  Stream #0:3 (pgssub) -> scale:default
  overlay:default -> Stream #0:0 (libx264)
  Stream #0:1 -> #0:1 (copy)
Press [q] to stop, [?] for help
[matroska,webm @ 0x55a701b7e0] sub2video: using 3840x2160 canvas
[libx264 @ 0x55a7042390] using SAR=1/1
[libx264 @ 0x55a7042390] using cpu capabilities: ARMv8 NEON
[libx264 @ 0x55a7042390] profile Main, level 5.1, 4:2:0, 8-bit
[libx264 @ 0x55a7042390] 264 - core 163 r3060 5db6aa6 - H.264/MPEG-4 AVC codec - Copyleft 2003-2021 - http://www.videolan.org/x264.html - options: cabac=1 ref=1 deblock=1:0:0 analyse=0x1:0 me=dia subme=0 psy=1 psy_rd=1.00:0.00 mixed_ref=0 me_range=4 chroma_me=0 trellis=0 8x8dct=0 cqm=0 deadzone=21,11 fast_pskip=1 chroma_qp_offset=0 threads=6 lookahead_threads=1 sliced_threads=0 nr=0 decimate=1 interlaced=0 bluray_compat=0 constrained_intra=0 bframes=3 b_pyramid=2 b_adapt=1 b_bias=0 direct=1 weightb=1 open_gop=0 weightp=1 keyint=250 keyint_min=23 scenecut=0 intra_refresh=0 rc_lookahead=10 rc=crf mbtree=1 crf=23.0 qcomp=0.60 qpmin=0 qpmax=69 qpstep=4 vbv_maxrate=10865 vbv_bufsize=21730 crf_max=0.0 nal_hrd=none filler=0 ip_ratio=1.40 aq=1:1.00
Output #0, hls, to '/config/data/transcodes/68e946df1c7b9274f50dac3df996c1c7.m3u8':
  Metadata:
    encoder         : Lavf59.27.100
  Stream #0:0: Video: h264, yuv420p(tv, bt709, progressive), 3840x2160 [SAR 1:1 DAR 16:9], q=2-31, 23.98 fps, 90k tbn
    Metadata:
      encoder         : Lavc59.37.100 libx264
    Side data:
      cpb: bitrate max/min/avg: 10865000/0/0 buffer size: 21730000 vbv_delay: N/A
  Stream #0:1: Audio: aac (LC), 48000 Hz, 5.1, fltp (default)
frame=    1 fps=0.9 q=0.0 size=N/A time=00:00:00.00 bitrate=N/A speed=   0x    
frame=    3 fps=1.6 q=0.0 size=N/A time=00:00:00.04 bitrate=N/A dup=1 drop=0 speed=0.0228x    
frame=    6 fps=2.5 q=0.0 size=N/A time=00:00:00.17 bitrate=N/A dup=1 drop=0 speed=0.0721x    
frame=    9 fps=3.0 q=0.0 size=N/A time=00:00:00.29 bitrate=N/A dup=1 drop=0 speed= 0.1x    
frame=   12 fps=3.2 q=0.0 size=N/A time=00:00:00.44 bitrate=N/A dup=1 drop=0 speed=0.121x    
frame=   15 fps=3.5 q=0.0 size=N/A time=00:00:00.55 bitrate=N/A dup=1 drop=0 speed=0.13x    
frame=   17 fps=3.6 q=0.0 size=N/A time=00:00:00.63 bitrate=N/A dup=1 drop=0 speed=0.134x    
frame=   18 fps=3.4 q=0.0 size=N/A time=00:00:00.68 bitrate=N/A dup=1 drop=0 speed=0.128x    
frame=   21 fps=3.6 q=28.0 size=N/A time=00:00:00.78 bitrate=N/A dup=1 drop=0 speed=0.134x    
frame=   23 fps=3.4 q=28.0 size=N/A time=00:00:00.87 bitrate=N/A dup=1 drop=0 speed=0.128x    
frame=   25 fps=3.4 q=28.0 size=N/A time=00:00:00.96 bitrate=N/A dup=1 drop=0 speed=0.13x    
frame=   28 fps=3.5 q=28.0 size=N/A time=00:00:01.08 bitrate=N/A dup=1 drop=0 speed=0.136x    
frame=   29 fps=3.4 q=28.0 size=N/A time=00:00:01.13 bitrate=N/A dup=1 drop=0 speed=0.132x    
frame=   31 fps=3.3 q=28.0 size=N/A time=00:00:01.21 bitrate=N/A dup=1 drop=0 speed=0.131x    
frame=   33 fps=3.3 q=28.0 size=N/A time=00:00:01.30 bitrate=N/A dup=1 drop=0 speed=0.132x    
frame=   36 fps=3.3 q=28.0 size=N/A time=00:00:01.42 bitrate=N/A dup=1 drop=0 speed=0.132x    
frame=   37 fps=3.2 q=28.0 size=N/A time=00:00:01.49 bitrate=N/A dup=1 drop=0 speed=0.129x    
frame=   41 fps=3.1 q=28.0 size=N/A time=00:00:01.64 bitrate=N/A dup=1 drop=0 speed=0.123x    
frame=   44 fps=3.2 q=28.0 size=N/A time=00:00:01.74 bitrate=N/A dup=1 drop=0 speed=0.126x    
frame=   45 fps=2.9 q=28.0 size=N/A time=00:00:01.79 bitrate=N/A dup=1 drop=0 speed=0.116x    
frame=   46 fps=2.8 q=28.0 size=N/A time=00:00:01.85 bitrate=N/A dup=1 drop=0 speed=0.114x    
frame=   49 fps=2.8 q=28.0 size=N/A time=00:00:01.96 bitrate=N/A dup=1 drop=0 speed=0.113x    
frame=   50 fps=2.6 q=28.0 size=N/A time=00:00:02.00 bitrate=N/A dup=1 drop=0 speed=0.105x    
frame=   52 fps=2.6 q=28.0 size=N/A time=00:00:02.09 bitrate=N/A dup=1 drop=0 speed=0.107x    
frame=   55 fps=2.6 q=28.0 size=N/A time=00:00:02.21 bitrate=N/A dup=1 drop=0 speed=0.104x    
frame=   57 fps=2.5 q=28.0 size=N/A time=00:00:02.30 bitrate=N/A dup=1 drop=0 speed=0.102x    
frame=   58 fps=2.5 q=28.0 size=N/A time=00:00:02.34 bitrate=N/A dup=1 drop=0 speed=0.101x    
frame=   61 fps=2.5 q=28.0 size=N/A time=00:00:02.49 bitrate=N/A dup=1 drop=0 speed=0.101x    
frame=   63 fps=2.5 q=28.0 size=N/A time=00:00:02.55 bitrate=N/A dup=1 drop=0 speed=0.101x    
frame=   64 fps=2.4 q=28.0 size=N/A time=00:00:02.60 bitrate=N/A dup=1 drop=0 speed=0.0977x    
frame=   66 fps=2.4 q=28.0 size=N/A time=00:00:02.68 bitrate=N/A dup=1 drop=0 speed=0.0977x    
frame=   67 fps=2.3 q=28.0 size=N/A time=00:00:02.70 bitrate=N/A dup=1 drop=0 speed=0.0938x    
frame=   69 fps=2.3 q=28.0 size=N/A time=00:00:02.79 bitrate=N/A dup=1 drop=0 speed=0.0949x    
frame=   71 fps=2.3 q=28.0 size=N/A time=00:00:02.90 bitrate=N/A dup=1 drop=0 speed=0.093x    
frame=   74 fps=2.2 q=28.0 size=N/A time=00:00:03.00 bitrate=N/A dup=1 drop=0 speed=0.0913x    
frame=   76 fps=2.3 q=28.0 size=N/A time=00:00:03.11 bitrate=N/A dup=1 drop=0 speed=0.0931x    
frame=   77 fps=2.2 q=28.0 size=N/A time=00:00:03.13 bitrate=N/A dup=1 drop=0 speed=0.0906x    
frame=   78 fps=2.2 q=28.0 size=N/A time=00:00:03.17 bitrate=N/A dup=1 drop=0 speed=0.0885x    
frame=   81 fps=2.2 q=28.0 size=N/A time=00:00:03.32 bitrate=N/A dup=1 drop=0 speed=0.0908x    
frame=   83 fps=2.2 q=28.0 size=N/A time=00:00:03.39 bitrate=N/A dup=1 drop=0 speed=0.0911x    
frame=   84 fps=2.2 q=28.0 size=N/A time=00:00:03.43 bitrate=N/A dup=1 drop=0 speed=0.0894x    
frame=   85 fps=2.2 q=28.0 size=N/A time=00:00:03.47 bitrate=N/A dup=1 drop=0 speed=0.0882x    
frame=   87 fps=2.1 q=28.0 size=N/A time=00:00:03.51 bitrate=N/A dup=1 drop=0 speed=0.0869x    
frame=   90 fps=2.1 q=28.0 size=N/A time=00:00:03.66 bitrate=N/A dup=1 drop=0 speed=0.0869x    
frame=   92 fps=2.2 q=28.0 size=N/A time=00:00:03.75 bitrate=N/A dup=1 drop=0 speed=0.0879x    
[hls @ 0x55a7047210] Opening '/config/data/transcodes/68e946df1c7b9274f50dac3df996c1c70.ts' for writing
frame=   93 fps=2.1 q=28.0 size=N/A time=00:00:03.79 bitrate=N/A dup=1 drop=0 speed=0.0867x    
frame=   94 fps=2.1 q=28.0 size=N/A time=00:00:03.84 bitrate=N/A dup=1 drop=0 speed=0.0854x    
frame=   96 fps=2.1 q=28.0 size=N/A time=00:00:03.94 bitrate=N/A dup=1 drop=0 speed=0.0861x    
frame=   99 fps=2.1 q=28.0 size=N/A time=00:00:04.05 bitrate=N/A dup=1 drop=0 speed=0.087x    
frame=  100 fps=2.1 q=28.0 size=N/A time=00:00:04.09 bitrate=N/A dup=1 drop=0 speed=0.0849x    
frame=  102 fps=2.1 q=28.0 size=N/A time=00:00:04.18 bitrate=N/A dup=1 drop=0 speed=0.0856x    
frame=  103 fps=2.1 q=28.0 size=N/A time=00:00:04.22 bitrate=N/A dup=1 drop=0 speed=0.0854x    
frame=  105 fps=2.0 q=28.0 size=N/A time=00:00:04.30 bitrate=N/A dup=1 drop=0 speed=0.0839x    
frame=  106 fps=2.0 q=28.0 size=N/A time=00:00:04.37 bitrate=N/A dup=1 drop=0 speed=0.084x    
frame=  107 fps=2.0 q=28.0 size=N/A time=00:00:04.39 bitrate=N/A dup=1 drop=0 speed=0.0836x    
frame=  109 fps=2.0 q=28.0 size=N/A time=00:00:04.45 bitrate=N/A dup=1 drop=0 speed=0.0835x    
frame=  111 fps=2.0 q=28.0 size=N/A time=00:00:04.56 bitrate=N/A dup=1 drop=0 speed=0.0834x    
frame=  114 fps=2.0 q=28.0 size=N/A time=00:00:04.67 bitrate=N/A dup=1 drop=0 speed=0.0833x    
frame=  117 fps=2.1 q=28.0 size=N/A time=00:00:04.79 bitrate=N/A dup=1 drop=0 speed=0.0846x    
frame=  119 fps=2.1 q=28.0 size=N/A time=00:00:04.88 bitrate=N/A dup=1 drop=0 speed=0.0847x    
frame=  122 fps=2.1 q=28.0 size=N/A time=00:00:05.01 bitrate=N/A dup=1 drop=0 speed=0.0852x    
frame=  123 fps=2.1 q=28.0 size=N/A time=00:00:05.05 bitrate=N/A dup=1 drop=0 speed=0.0849x    
frame=  124 fps=2.1 q=28.0 size=N/A time=00:00:05.09 bitrate=N/A dup=1 drop=0 speed=0.0849x    
frame=  126 fps=2.1 q=28.0 size=N/A time=00:00:05.18 bitrate=N/A dup=1 drop=0 speed=0.0851x    
frame=  127 fps=2.0 q=28.0 size=N/A time=00:00:05.22 bitrate=N/A dup=1 drop=0 speed=0.0837x    
frame=  128 fps=2.0 q=28.0 size=N/A time=00:00:05.27 bitrate=N/A dup=1 drop=0 speed=0.0834x    
frame=  129 fps=2.0 q=28.0 size=N/A time=00:00:05.31 bitrate=N/A dup=1 drop=0 speed=0.0832x    
frame=  130 fps=2.0 q=28.0 size=N/A time=00:00:05.37 bitrate=N/A dup=1 drop=0 speed=0.0835x    
frame=  133 fps=2.0 q=28.0 size=N/A time=00:00:05.46 bitrate=N/A dup=1 drop=0 speed=0.0837x    
frame=  134 fps=2.0 q=28.0 size=N/A time=00:00:05.50 bitrate=N/A dup=1 drop=0 speed=0.0828x    
frame=  135 fps=2.0 q=28.0 size=N/A time=00:00:05.56 bitrate=N/A dup=1 drop=0 speed=0.0822x    
frame=  138 fps=2.0 q=28.0 size=N/A time=00:00:05.67 bitrate=N/A dup=1 drop=0 speed=0.0832x    
frame=  140 fps=2.0 q=28.0 size=N/A time=00:00:05.75 bitrate=N/A dup=1 drop=0 speed=0.0833x    
frame=  141 fps=2.0 q=28.0 size=N/A time=00:00:05.80 bitrate=N/A dup=1 drop=0 speed=0.0828x    
frame=  142 fps=2.0 q=28.0 size=N/A time=00:00:05.84 bitrate=N/A dup=1 drop=0 speed=0.0823x    
frame=  143 fps=2.0 q=28.0 size=N/A time=00:00:05.88 bitrate=N/A dup=1 drop=0 speed=0.0819x    
frame=  144 fps=2.0 q=28.0 size=N/A time=00:00:05.93 bitrate=N/A dup=1 drop=0 speed=0.0814x    
frame=  145 fps=1.9 q=28.0 size=N/A time=00:00:05.99 bitrate=N/A dup=1 drop=0 speed=0.0795x    
frame=  148 fps=1.9 q=28.0 size=N/A time=00:00:06.10 bitrate=N/A dup=1 drop=0 speed=0.0788x    
frame=  150 fps=1.9 q=28.0 size=N/A time=00:00:06.20 bitrate=N/A dup=1 drop=0 speed=0.0792x    
frame=  151 fps=1.8 q=28.0 size=N/A time=00:00:06.22 bitrate=N/A dup=1 drop=0 speed=0.0745x    
frame=  152 fps=1.8 q=28.0 size=N/A time=00:00:06.27 bitrate=N/A dup=1 drop=0 speed=0.0745x    
frame=  154 fps=1.8 q=28.0 size=N/A time=00:00:06.33 bitrate=N/A dup=1 drop=0 speed=0.0747x    
frame=  155 fps=1.8 q=28.0 size=N/A time=00:00:06.40 bitrate=N/A dup=1 drop=0 speed=0.0743x    
frame=  156 fps=1.8 q=28.0 size=N/A time=00:00:06.42 bitrate=N/A dup=1 drop=0 speed=0.0733x    
frame=  157 fps=1.8 q=28.0 size=N/A time=00:00:06.46 bitrate=N/A dup=1 drop=0 speed=0.0729x    
frame=  158 fps=1.8 q=28.0 size=N/A time=00:00:06.50 bitrate=N/A dup=1 drop=0 speed=0.0729x    
frame=  159 fps=1.7 q=28.0 size=N/A time=00:00:06.54 bitrate=N/A dup=1 drop=0 speed=0.0708x    
frame=  160 fps=1.7 q=25.0 size=N/A time=00:00:06.61 bitrate=N/A dup=1 drop=0 speed=0.0703x    
frame=  162 fps=1.7 q=28.0 size=N/A time=00:00:06.67 bitrate=N/A dup=1 drop=0 speed=0.0703x    
frame=  164 fps=1.7 q=28.0 size=N/A time=00:00:06.76 bitrate=N/A dup=1 drop=0 speed=0.0708x    
[hls @ 0x55a7047210] Opening '/config/data/transcodes/68e946df1c7b9274f50dac3df996c1c71.ts' for writing
frame=  165 fps=1.7 q=28.0 size=N/A time=00:00:06.80 bitrate=N/A dup=1 drop=0 speed=0.0709x    
frame=  165 fps=1.6 q=28.0 size=N/A time=00:00:06.82 bitrate=N/A dup=1 drop=0 speed=0.0669x    
frame=  166 fps=1.6 q=28.0 size=N/A time=00:00:06.84 bitrate=N/A dup=1 drop=0 speed=0.0664x    
frame=  167 fps=1.6 q=28.0 size=N/A time=00:00:06.89 bitrate=N/A dup=1 drop=0 speed=0.0658x    
frame=  168 fps=1.6 q=28.0 size=N/A time=00:00:06.93 bitrate=N/A dup=1 drop=0 speed=0.0657x    
frame=  170 fps=1.6 q=28.0 size=N/A time=00:00:07.04 bitrate=N/A dup=1 drop=0 speed=0.0663x    
frame=  171 fps=1.6 q=28.0 size=N/A time=00:00:07.06 bitrate=N/A dup=1 drop=0 speed=0.0642x    
frame=  172 fps=1.5 q=28.0 size=N/A time=00:00:07.10 bitrate=N/A dup=1 drop=0 speed=0.0635x    
frame=  174 fps=1.5 q=28.0 size=N/A time=00:00:07.18 bitrate=N/A dup=1 drop=0 speed=0.0638x    
frame=  176 fps=1.5 q=28.0 size=N/A time=00:00:07.23 bitrate=N/A dup=1 drop=0 speed=0.0629x    
frame=  177 fps=1.5 q=28.0 size=N/A time=00:00:07.29 bitrate=N/A dup=1 drop=0 speed=0.0631x    
frame=  178 fps=1.5 q=28.0 size=N/A time=00:00:07.33 bitrate=N/A dup=1 drop=0 speed=0.0625x    
frame=  179 fps=1.5 q=28.0 size=N/A time=00:00:07.38 bitrate=N/A dup=1 drop=0 speed=0.0615x    
frame=  181 fps=1.5 q=28.0 size=N/A time=00:00:07.46 bitrate=N/A dup=1 drop=0 speed=0.0619x    
frame=  183 fps=1.5 q=28.0 size=N/A time=00:00:07.55 bitrate=N/A dup=1 drop=0 speed=0.0614x    
frame=  185 fps=1.5 q=28.0 size=N/A time=00:00:07.65 bitrate=N/A dup=1 drop=0 speed=0.0617x    
frame=  187 fps=1.5 q=28.0 size=N/A time=00:00:07.72 bitrate=N/A dup=1 drop=0 speed=0.0605x    
frame=  188 fps=1.5 q=28.0 size=N/A time=00:00:07.76 bitrate=N/A dup=1 drop=0 speed=0.0606x    
frame=  190 fps=1.5 q=28.0 size=N/A time=00:00:07.87 bitrate=N/A dup=1 drop=0 speed=0.0605x    
frame=  191 fps=1.5 q=28.0 size=N/A time=00:00:07.89 bitrate=N/A dup=1 drop=0 speed=0.0602x    
frame=  192 fps=1.5 q=28.0 size=N/A time=00:00:07.93 bitrate=N/A dup=1 drop=0 speed=0.0603x    
frame=  194 fps=1.5 q=28.0 size=N/A time=00:00:08.02 bitrate=N/A dup=1 drop=0 speed=0.0602x    
frame=  195 fps=1.4 q=28.0 size=N/A time=00:00:08.08 bitrate=N/A dup=1 drop=0 speed=0.0599x    
frame=  197 fps=1.5 q=28.0 size=N/A time=00:00:08.14 bitrate=N/A dup=1 drop=0 speed=0.0601x    
frame=  198 fps=1.4 q=28.0 size=N/A time=00:00:08.19 bitrate=N/A dup=1 drop=0 speed=0.0596x    
frame=  199 fps=1.4 q=28.0 size=N/A time=00:00:08.21 bitrate=N/A dup=1 drop=0 speed=0.0593x    
frame=  202 fps=1.5 q=28.0 size=N/A time=00:00:08.34 bitrate=N/A dup=1 drop=0 speed=0.06x    
frame=  204 fps=1.4 q=28.0 size=N/A time=00:00:08.42 bitrate=N/A dup=1 drop=0 speed=0.0598x    
frame=  205 fps=1.4 q=28.0 size=N/A time=00:00:08.46 bitrate=N/A dup=1 drop=0 speed=0.0596x    
frame=  206 fps=1.4 q=28.0 size=N/A time=00:00:08.51 bitrate=N/A dup=1 drop=0 speed=0.0593x    
frame=  207 fps=1.4 q=28.0 size=N/A time=00:00:08.55 bitrate=N/A dup=1 drop=0 speed=0.0593x    
frame=  208 fps=1.4 q=28.0 size=N/A time=00:00:08.59 bitrate=N/A dup=1 drop=0 speed=0.0594x    
frame=  211 fps=1.4 q=28.0 size=N/A time=00:00:08.72 bitrate=N/A dup=1 drop=0 speed=0.0594x    
frame=  213 fps=1.4 q=28.0 size=N/A time=00:00:08.81 bitrate=N/A dup=1 drop=0 speed=0.0598x    
frame=  214 fps=1.4 q=28.0 size=N/A time=00:00:08.87 bitrate=N/A dup=1 drop=0 speed=0.0593x    
frame=  215 fps=1.4 q=28.0 size=N/A time=00:00:08.89 bitrate=N/A dup=1 drop=0 speed=0.059x    
frame=  218 fps=1.4 q=28.0 size=N/A time=00:00:09.02 bitrate=N/A dup=1 drop=0 speed=0.0593x    
frame=  220 fps=1.4 q=28.0 size=N/A time=00:00:09.06 bitrate=N/A dup=1 drop=0 speed=0.0589x    
frame=  220 fps=1.4 q=28.0 size=N/A time=00:00:09.08 bitrate=N/A dup=1 drop=0 speed=0.0588x    
frame=  221 fps=1.4 q=28.0 size=N/A time=00:00:09.13 bitrate=N/A dup=1 drop=0 speed=0.0588x    
frame=  222 fps=1.4 q=28.0 size=N/A time=00:00:09.17 bitrate=N/A dup=1 drop=0 speed=0.0586x    
frame=  223 fps=1.4 q=28.0 size=N/A time=00:00:09.21 bitrate=N/A dup=1 drop=0 speed=0.0585x    
frame=  225 fps=1.4 q=28.0 size=N/A time=00:00:09.30 bitrate=N/A dup=1 drop=0 speed=0.0588x    
frame=  227 fps=1.4 q=28.0 size=N/A time=00:00:09.38 bitrate=N/A dup=1 drop=0 speed=0.0586x    
frame=  230 fps=1.4 q=28.0 size=N/A time=00:00:09.51 bitrate=N/A dup=1 drop=0 speed=0.0587x    

[q] command received. Exiting.

[hls @ 0x55a7047210] Opening '/config/data/transcodes/68e946df1c7b9274f50dac3df996c1c72.ts' for writing