/videos/3b6f6b14-5733-5f15-f502-fc128d6ab1a3/hls1/main/0.ts

{"Protocol":0,"Id":"3b6f6b1457335f15f502fc128d6ab1a3","Path":"/data/media/tv/Soundtrack (2022)/Season 1/Soundtrack.1.S01E01.KOREAN.1080p.WEBRip.x265-RARBG.mp4","EncoderPath":null,"EncoderProtocol":null,"Type":0,"Container":"mov,mp4,m4a,3gp,3g2,mj2","Size":720085568,"Name":"Soundtrack.1.S01E01.KOREAN.1080p.WEBRip.x265-RARBG","IsRemote":false,"ETag":"9cfadc57946e85c76119b90b4324cbb8","RunTimeTicks":25838499840,"ReadAtNativeFramerate":false,"IgnoreDts":false,"IgnoreIndex":false,"GenPtsInput":false,"SupportsTranscoding":true,"SupportsDirectStream":true,"SupportsDirectPlay":true,"IsInfiniteStream":false,"RequiresOpening":false,"OpenToken":null,"RequiresClosing":false,"LiveStreamId":null,"BufferMs":null,"RequiresLooping":false,"SupportsProbing":true,"VideoType":0,"IsoType":null,"Video3DFormat":null,"MediaStreams":[{"Codec":"subrip","CodecTag":null,"Language":"eng","ColorRange":null,"ColorSpace":null,"ColorTransfer":null,"ColorPrimaries":null,"DvVersionMajor":null,"DvVersionMinor":null,"DvProfile":null,"DvLevel":null,"RpuPresentFlag":null,"ElPresentFlag":null,"BlPresentFlag":null,"DvBlSignalCompatibilityId":null,"Comment":null,"TimeBase":"1/1000","CodecTimeBase":null,"Title":null,"VideoRange":null,"VideoRangeType":null,"VideoDoViTitle":null,"LocalizedUndefined":"Undefined","LocalizedDefault":"Default","LocalizedForced":"Forced","LocalizedExternal":"External","DisplayTitle":"English - SUBRIP - External","NalLengthSize":null,"IsInterlaced":false,"IsAVC":null,"ChannelLayout":null,"BitRate":null,"BitDepth":null,"RefFrames":null,"PacketLength":null,"Channels":null,"SampleRate":null,"IsDefault":false,"IsForced":false,"Height":null,"Width":null,"AverageFrameRate":null,"RealFrameRate":null,"Profile":null,"Type":2,"AspectRatio":null,"Index":0,"Score":null,"IsExternal":true,"DeliveryMethod":null,"DeliveryUrl":null,"IsExternalUrl":null,"IsTextSubtitleStream":true,"SupportsExternalStream":true,"Path":"/data/media/tv/Soundtrack (2022)/Season 1/Soundtrack.1.S01E01.KOREAN.1080p.WEBRip.x265-RARBG.en.srt","PixelFormat":null,"Level":0,"IsAnamorphic":null},{"Codec":"hevc","CodecTag":"hev1","Language":"und","ColorRange":null,"ColorSpace":null,"ColorTransfer":null,"ColorPrimaries":null,"DvVersionMajor":null,"DvVersionMinor":null,"DvProfile":null,"DvLevel":null,"RpuPresentFlag":null,"ElPresentFlag":null,"BlPresentFlag":null,"DvBlSignalCompatibilityId":null,"Comment":null,"TimeBase":"1/24000","CodecTimeBase":null,"Title":null,"VideoRange":"SDR","VideoRangeType":"SDR","VideoDoViTitle":null,"LocalizedUndefined":null,"LocalizedDefault":null,"LocalizedForced":null,"LocalizedExternal":null,"DisplayTitle":"1080p HEVC SDR","NalLengthSize":null,"IsInterlaced":false,"IsAVC":null,"ChannelLayout":null,"BitRate":2000044,"BitDepth":10,"RefFrames":1,"PacketLength":null,"Channels":null,"SampleRate":null,"IsDefault":true,"IsForced":false,"Height":960,"Width":1920,"AverageFrameRate":23.976025,"RealFrameRate":23.976025,"Profile":"Main 10","Type":1,"AspectRatio":"2:1","Index":1,"Score":null,"IsExternal":false,"DeliveryMethod":null,"DeliveryUrl":null,"IsExternalUrl":null,"IsTextSubtitleStream":false,"SupportsExternalStream":false,"Path":null,"PixelFormat":"yuv420p10le","Level":120,"IsAnamorphic":null},{"Codec":"aac","CodecTag":"mp4a","Language":"kor","ColorRange":null,"ColorSpace":null,"ColorTransfer":null,"ColorPrimaries":null,"DvVersionMajor":null,"DvVersionMinor":null,"DvProfile":null,"DvLevel":null,"RpuPresentFlag":null,"ElPresentFlag":null,"BlPresentFlag":null,"DvBlSignalCompatibilityId":null,"Comment":null,"TimeBase":"1/48000","CodecTimeBase":null,"Title":null,"VideoRange":null,"VideoRangeType":null,"VideoDoViTitle":null,"LocalizedUndefined":null,"LocalizedDefault":null,"LocalizedForced":null,"LocalizedExternal":null,"DisplayTitle":"Korean - AAC - 5.1 - Default","NalLengthSize":null,"IsInterlaced":false,"IsAVC":null,"ChannelLayout":"5.1","BitRate":224000,"BitDepth":null,"RefFrames":null,"PacketLength":null,"Channels":6,"SampleRate":48000,"IsDefault":true,"IsForced":false,"Height":null,"Width":null,"AverageFrameRate":null,"RealFrameRate":null,"Profile":"LC","Type":0,"AspectRatio":null,"Index":2,"Score":null,"IsExternal":false,"DeliveryMethod":null,"DeliveryUrl":null,"IsExternalUrl":null,"IsTextSubtitleStream":false,"SupportsExternalStream":false,"Path":null,"PixelFormat":null,"Level":0,"IsAnamorphic":null}],"MediaAttachments":[],"Formats":[],"Bitrate":2229496,"Timestamp":null,"RequiredHttpHeaders":{},"TranscodingUrl":null,"TranscodingSubProtocol":null,"TranscodingContainer":null,"AnalyzeDurationMs":null,"DefaultAudioStreamIndex":null,"DefaultSubtitleStreamIndex":null}

/usr/lib/jellyfin-ffmpeg/ffmpeg -analyzeduration 200M -f mov,mp4,m4a,3gp,3g2,mj2 -autorotate 0 -i file:"/data/media/tv/Soundtrack (2022)/Season 1/Soundtrack.1.S01E01.KOREAN.1080p.WEBRip.x265-RARBG.mp4" -map_metadata -1 -map_chapters -1 -threads 0 -map 0:0 -map 0:1 -map -0:s -codec:v:0 libx264 -preset veryfast -crf 23 -maxrate 6666813 -bufsize 13333626 -x264opts:0 subme=0:me_range=4:rc_lookahead=10:me=dia:no_chroma_me:8x8dct=0:partitions=none -force_key_frames:0 "expr:gte(t,0+n_forced*3)" -sc_threshold:v:0 0 -vf "setparams=color_primaries=bt709:color_trc=bt709:colorspace=bt709,scale=trunc(min(max(iw\,ih*a)\,640)/2)*2:trunc(ow/a/2)*2,format=yuv420p" -codec:a:0 libfdk_aac -ac 2 -ab 384000 -ar 48000 -af "volume=2" -copyts -avoid_negative_ts disabled -max_muxing_queue_size 2048 -f hls -max_delay 5000000 -hls_time 3 -hls_segment_type mpegts -start_number 0 -hls_segment_filename "/config/data/transcodes/62112d06b1979fac7387b39afb6abc7f%d.ts" -hls_playlist_type vod -hls_list_size 0 -y "/config/data/transcodes/62112d06b1979fac7387b39afb6abc7f.m3u8"


ffmpeg version 5.1.3-Jellyfin Copyright (c) 2000-2022 the FFmpeg developers
  built with gcc 11 (Ubuntu 11.4.0-1ubuntu1~22.04)
  configuration: --prefix=/usr/lib/jellyfin-ffmpeg --target-os=linux --extra-libs=-lfftw3f --extra-version=Jellyfin --disable-doc --disable-ffplay --disable-ptx-compression --disable-static --disable-libxcb --disable-sdl2 --disable-xlib --enable-lto --enable-gpl --enable-version3 --enable-shared --enable-gmp --enable-gnutls --enable-chromaprint --enable-libdrm --enable-libass --enable-libfreetype --enable-libfribidi --enable-libfontconfig --enable-libbluray --enable-libmp3lame --enable-libopus --enable-libtheora --enable-libvorbis --enable-libopenmpt --enable-libdav1d --enable-libwebp --enable-libvpx --enable-libx264 --enable-libx265 --enable-libzvbi --enable-libzimg --enable-libfdk-aac --toolchain=hardened --enable-cross-compile --arch=arm64 --cross-prefix=/usr/bin/aarch64-linux-gnu-
  libavutil      57. 28.100 / 57. 28.100
  libavcodec     59. 37.100 / 59. 37.100
  libavformat    59. 27.100 / 59. 27.100
  libavdevice    59.  7.100 / 59.  7.100
  libavfilter     8. 44.100 /  8. 44.100
  libswscale      6.  7.100 /  6.  7.100
  libswresample   4.  7.100 /  4.  7.100
  libpostproc    56.  6.100 / 56.  6.100
Input #0, mov,mp4,m4a,3gp,3g2,mj2, from 'file:/data/media/tv/Soundtrack (2022)/Season 1/Soundtrack.1.S01E01.KOREAN.1080p.WEBRip.x265-RARBG.mp4':
  Metadata:
    major_brand     : isom
    minor_version   : 512
    compatible_brands: isomiso2mp41
    creation_time   : 2022-04-14T14:39:12.000000Z
    title           : Soundtrack.1.S01E01.KOREAN.1080p.WEBRip.x265-RARBG
    encoder         : Lavf58.20.100
    comment         : Soundtrack.1.S01E01.KOREAN.1080p.WEBRip.x265-RARBG
  Duration: 00:43:03.85, start: 0.000000, bitrate: 2229 kb/s
  Stream #0:0[0x1](und): Video: hevc (Main 10) (hev1 / 0x31766568), yuv420p10le(tv), 1920x960 [SAR 1:1 DAR 2:1], 2000 kb/s, 23.98 fps, 23.98 tbr, 24k tbn (default)
    Metadata:
      creation_time   : 2022-04-14T14:39:12.000000Z
      handler_name    : VideoHandler
      vendor_id       : [0][0][0][0]
  Stream #0:1[0x2](kor): Audio: aac (LC) (mp4a / 0x6134706D), 48000 Hz, 5.1, fltp, 224 kb/s (default)
    Metadata:
      creation_time   : 2022-04-14T14:39:12.000000Z
      handler_name    : SoundHandler
      vendor_id       : [0][0][0][0]
Stream mapping:
  Stream #0:0 -> #0:0 (hevc (native) -> h264 (libx264))
  Stream #0:1 -> #0:1 (aac (native) -> aac (libfdk_aac))
Press [q] to stop, [?] for help
[libx264 @ 0x556d63b480] using SAR=1/1
[libx264 @ 0x556d63b480] using cpu capabilities: ARMv8 NEON
[libx264 @ 0x556d63b480] profile Main, level 3.1, 4:2:0, 8-bit
[libx264 @ 0x556d63b480] 264 - core 163 r3060 5db6aa6 - H.264/MPEG-4 AVC codec - Copyleft 2003-2021 - http://www.videolan.org/x264.html - options: cabac=1 ref=1 deblock=1:0:0 analyse=0x1:0 me=dia subme=0 psy=1 psy_rd=1.00:0.00 mixed_ref=0 me_range=4 chroma_me=0 trellis=0 8x8dct=0 cqm=0 deadzone=21,11 fast_pskip=1 chroma_qp_offset=0 threads=6 lookahead_threads=1 sliced_threads=0 nr=0 decimate=1 interlaced=0 bluray_compat=0 constrained_intra=0 bframes=3 b_pyramid=2 b_adapt=1 b_bias=0 direct=1 weightb=1 open_gop=0 weightp=1 keyint=250 keyint_min=23 scenecut=0 intra_refresh=0 rc_lookahead=10 rc=crf mbtree=1 crf=23.0 qcomp=0.60 qpmin=0 qpmax=69 qpstep=4 vbv_maxrate=6666 vbv_bufsize=13333 crf_max=0.0 nal_hrd=none filler=0 ip_ratio=1.40 aq=1:1.00
Output #0, hls, to '/config/data/transcodes/62112d06b1979fac7387b39afb6abc7f.m3u8':
  Metadata:
    encoder         : Lavf59.27.100
  Stream #0:0: Video: h264, yuv420p(tv, bt709, progressive), 640x320 [SAR 1:1 DAR 2:1], q=2-31, 23.98 fps, 90k tbn (default)
    Metadata:
      encoder         : Lavc59.37.100 libx264
    Side data:
      cpb: bitrate max/min/avg: 6666000/0/0 buffer size: 13333000 vbv_delay: N/A
  Stream #0:1: Audio: aac, 48000 Hz, stereo, s16, 384 kb/s (default)
    Metadata:
      encoder         : Lavc59.37.100 libfdk_aac
frame=    1 fps=0.0 q=0.0 size=N/A time=00:00:00.00 bitrate=N/A speed=   0x    
frame=   21 fps=0.0 q=28.0 size=N/A time=00:00:00.85 bitrate=N/A speed=1.47x    
frame=   49 fps= 45 q=28.0 size=N/A time=00:00:02.02 bitrate=N/A speed=1.85x    
frame=   73 fps= 45 q=28.0 size=N/A time=00:00:03.02 bitrate=N/A speed=1.87x    
frame=   92 fps= 43 q=28.0 size=N/A time=00:00:03.81 bitrate=N/A speed=1.78x    
[hls @ 0x556d63aed0] Opening '/config/data/transcodes/62112d06b1979fac7387b39afb6abc7f0.ts' for writing
frame=  113 fps= 42 q=28.0 size=N/A time=00:00:04.69 bitrate=N/A speed=1.76x    
frame=  134 fps= 42 q=28.0 size=N/A time=00:00:05.56 bitrate=N/A speed=1.73x    
frame=  154 fps= 41 q=28.0 size=N/A time=00:00:06.40 bitrate=N/A speed=1.72x    
[hls @ 0x556d63aed0] Opening '/config/data/transcodes/62112d06b1979fac7387b39afb6abc7f1.ts' for writing
frame=  174 fps= 41 q=28.0 size=N/A time=00:00:07.25 bitrate=N/A speed=1.71x    
frame=  193 fps= 41 q=28.0 size=N/A time=00:00:08.02 bitrate=N/A speed=1.69x    
frame=  209 fps= 40 q=28.0 size=N/A time=00:00:08.70 bitrate=N/A speed=1.66x    
frame=  227 fps= 39 q=28.0 size=N/A time=00:00:09.45 bitrate=N/A speed=1.64x    
[hls @ 0x556d63aed0] Opening '/config/data/transcodes/62112d06b1979fac7387b39afb6abc7f2.ts' for writing
frame=  245 fps= 39 q=28.0 size=N/A time=00:00:10.21 bitrate=N/A speed=1.63x    
frame=  263 fps= 39 q=28.0 size=N/A time=00:00:10.96 bitrate=N/A speed=1.62x    
frame=  283 fps= 39 q=28.0 size=N/A time=00:00:11.79 bitrate=N/A speed=1.62x    
frame=  299 fps= 38 q=28.0 size=N/A time=00:00:12.45 bitrate=N/A speed= 1.6x    
[hls @ 0x556d63aed0] Opening '/config/data/transcodes/62112d06b1979fac7387b39afb6abc7f3.ts' for writing
frame=  312 fps= 38 q=28.0 size=N/A time=00:00:12.99 bitrate=N/A speed=1.56x    
frame=  327 fps= 37 q=28.0 size=N/A time=00:00:13.63 bitrate=N/A speed=1.55x    
frame=  342 fps= 37 q=28.0 size=N/A time=00:00:14.25 bitrate=N/A speed=1.53x    
frame=  357 fps= 36 q=28.0 size=N/A time=00:00:14.86 bitrate=N/A speed=1.51x    
frame=  371 fps= 36 q=28.0 size=N/A time=00:00:15.46 bitrate=N/A speed=1.49x    
[hls @ 0x556d63aed0] Opening '/config/data/transcodes/62112d06b1979fac7387b39afb6abc7f4.ts' for writing
frame=  385 fps= 35 q=28.0 size=N/A time=00:00:16.04 bitrate=N/A speed=1.47x    
frame=  397 fps= 35 q=28.0 size=N/A time=00:00:16.55 bitrate=N/A speed=1.45x    
frame=  410 fps= 34 q=28.0 size=N/A time=00:00:17.08 bitrate=N/A speed=1.43x    
frame=  429 fps= 34 q=28.0 size=N/A time=00:00:17.87 bitrate=N/A speed=1.43x    
frame=  445 fps= 34 q=28.0 size=N/A time=00:00:18.53 bitrate=N/A speed=1.43x    
[hls @ 0x556d63aed0] Opening '/config/data/transcodes/62112d06b1979fac7387b39afb6abc7f5.ts' for writing
frame=  459 fps= 34 q=28.0 size=N/A time=00:00:19.13 bitrate=N/A speed=1.42x    
frame=  473 fps= 34 q=28.0 size=N/A time=00:00:19.73 bitrate=N/A speed=1.41x    
frame=  485 fps= 33 q=28.0 size=N/A time=00:00:20.22 bitrate=N/A speed= 1.4x    
frame=  499 fps= 33 q=28.0 size=N/A time=00:00:20.80 bitrate=N/A speed=1.39x    
frame=  516 fps= 33 q=28.0 size=N/A time=00:00:21.50 bitrate=N/A speed=1.39x    
[hls @ 0x556d63aed0] Opening '/config/data/transcodes/62112d06b1979fac7387b39afb6abc7f6.ts' for writing
frame=  531 fps= 33 q=28.0 size=N/A time=00:00:22.14 bitrate=N/A speed=1.38x    
frame=  546 fps= 33 q=28.0 size=N/A time=00:00:22.76 bitrate=N/A speed=1.37x    
frame=  560 fps= 33 q=28.0 size=N/A time=00:00:23.33 bitrate=N/A speed=1.37x    
frame=  574 fps= 33 q=28.0 size=N/A time=00:00:23.93 bitrate=N/A speed=1.36x    
frame=  588 fps= 32 q=28.0 size=N/A time=00:00:24.53 bitrate=N/A speed=1.35x    
[hls @ 0x556d63aed0] Opening '/config/data/transcodes/62112d06b1979fac7387b39afb6abc7f7.ts' for writing
frame=  601 fps= 32 q=28.0 size=N/A time=00:00:25.04 bitrate=N/A speed=1.34x    
frame=  619 fps= 32 q=28.0 size=N/A time=00:00:25.81 bitrate=N/A speed=1.35x    

[q] command received. Exiting.

[hls @ 0x556d63aed0] Opening '/config/data/transcodes/62112d06b1979fac7387b39afb6abc7f8.ts' for writing
frame=  636 fps= 32 q=-1.0 Lsize=N/A time=00:00:26.53 bitrate=N/A speed=1.34x    
video:758kB audio:1252kB subtitle:0kB other streams:0kB global headers:0kB muxing overhead: unknown
[libx264 @ 0x556d63b480] frame I:9     Avg QP:15.90  size:  9093
[libx264 @ 0x556d63b480] frame P:220   Avg QP:21.08  size:  2547
[libx264 @ 0x556d63b480] frame B:407   Avg QP:23.76  size:   327
[libx264 @ 0x556d63b480] consecutive B-frames: 11.2%  7.9%  8.0% 73.0%
[libx264 @ 0x556d63b480] mb I  I16..4: 52.4%  0.0% 47.6%
[libx264 @ 0x556d63b480] mb P  I16..4:  7.4%  0.0%  0.0%  P16..4: 33.2%  0.0%  0.0%  0.0%  0.0%    skip:59.4%
[libx264 @ 0x556d63b480] mb B  I16..4:  0.4%  0.0%  0.0%  B16..8:  6.4%  0.0%  0.0%  direct: 2.2%  skip:91.0%  L0:32.7% L1:44.6% BI:22.7%
[libx264 @ 0x556d63b480] coded y,uvDC,uvAC intra: 44.3% 37.8% 14.7% inter: 5.9% 3.4% 0.1%
[libx264 @ 0x556d63b480] i16 v,h,dc,p: 50% 18% 12% 20%
[libx264 @ 0x556d63b480] i4 v,h,dc,ddl,ddr,vr,hd,vl,hu: 30% 17% 18%  4%  7%  6%  5%  6%  7%
[libx264 @ 0x556d63b480] i8c dc,h,v,p: 58% 14% 22%  5%
[libx264 @ 0x556d63b480] Weighted P-Frames: Y:2.7% UV:0.5%
[libx264 @ 0x556d63b480] kb/s:233.82