/videos/3b6f6b14-5733-5f15-f502-fc128d6ab1a3/hls1/main/0.ts

{"Protocol":0,"Id":"3b6f6b1457335f15f502fc128d6ab1a3","Path":"/data/media/tv/Soundtrack (2022)/Season 1/Soundtrack.1.S01E01.KOREAN.1080p.WEBRip.x265-RARBG.mp4","EncoderPath":null,"EncoderProtocol":null,"Type":0,"Container":"mov,mp4,m4a,3gp,3g2,mj2","Size":720085568,"Name":"Soundtrack.1.S01E01.KOREAN.1080p.WEBRip.x265-RARBG","IsRemote":false,"ETag":"9cfadc57946e85c76119b90b4324cbb8","RunTimeTicks":25838499840,"ReadAtNativeFramerate":false,"IgnoreDts":false,"IgnoreIndex":false,"GenPtsInput":false,"SupportsTranscoding":true,"SupportsDirectStream":true,"SupportsDirectPlay":true,"IsInfiniteStream":false,"RequiresOpening":false,"OpenToken":null,"RequiresClosing":false,"LiveStreamId":null,"BufferMs":null,"RequiresLooping":false,"SupportsProbing":true,"VideoType":0,"IsoType":null,"Video3DFormat":null,"MediaStreams":[{"Codec":"subrip","CodecTag":null,"Language":"eng","ColorRange":null,"ColorSpace":null,"ColorTransfer":null,"ColorPrimaries":null,"DvVersionMajor":null,"DvVersionMinor":null,"DvProfile":null,"DvLevel":null,"RpuPresentFlag":null,"ElPresentFlag":null,"BlPresentFlag":null,"DvBlSignalCompatibilityId":null,"Comment":null,"TimeBase":"1/1000","CodecTimeBase":null,"Title":null,"VideoRange":null,"VideoRangeType":null,"VideoDoViTitle":null,"LocalizedUndefined":"Undefined","LocalizedDefault":"Default","LocalizedForced":"Forced","LocalizedExternal":"External","DisplayTitle":"English - SUBRIP - External","NalLengthSize":null,"IsInterlaced":false,"IsAVC":null,"ChannelLayout":null,"BitRate":null,"BitDepth":null,"RefFrames":null,"PacketLength":null,"Channels":null,"SampleRate":null,"IsDefault":false,"IsForced":false,"Height":null,"Width":null,"AverageFrameRate":null,"RealFrameRate":null,"Profile":null,"Type":2,"AspectRatio":null,"Index":0,"Score":null,"IsExternal":true,"DeliveryMethod":null,"DeliveryUrl":null,"IsExternalUrl":null,"IsTextSubtitleStream":true,"SupportsExternalStream":true,"Path":"/data/media/tv/Soundtrack (2022)/Season 1/Soundtrack.1.S01E01.KOREAN.1080p.WEBRip.x265-RARBG.en.srt","PixelFormat":null,"Level":0,"IsAnamorphic":null},{"Codec":"hevc","CodecTag":"hev1","Language":"und","ColorRange":null,"ColorSpace":null,"ColorTransfer":null,"ColorPrimaries":null,"DvVersionMajor":null,"DvVersionMinor":null,"DvProfile":null,"DvLevel":null,"RpuPresentFlag":null,"ElPresentFlag":null,"BlPresentFlag":null,"DvBlSignalCompatibilityId":null,"Comment":null,"TimeBase":"1/24000","CodecTimeBase":null,"Title":null,"VideoRange":"SDR","VideoRangeType":"SDR","VideoDoViTitle":null,"LocalizedUndefined":null,"LocalizedDefault":null,"LocalizedForced":null,"LocalizedExternal":null,"DisplayTitle":"1080p HEVC SDR","NalLengthSize":null,"IsInterlaced":false,"IsAVC":null,"ChannelLayout":null,"BitRate":2000044,"BitDepth":10,"RefFrames":1,"PacketLength":null,"Channels":null,"SampleRate":null,"IsDefault":true,"IsForced":false,"Height":960,"Width":1920,"AverageFrameRate":23.976025,"RealFrameRate":23.976025,"Profile":"Main 10","Type":1,"AspectRatio":"2:1","Index":1,"Score":null,"IsExternal":false,"DeliveryMethod":null,"DeliveryUrl":null,"IsExternalUrl":null,"IsTextSubtitleStream":false,"SupportsExternalStream":false,"Path":null,"PixelFormat":"yuv420p10le","Level":120,"IsAnamorphic":null},{"Codec":"aac","CodecTag":"mp4a","Language":"kor","ColorRange":null,"ColorSpace":null,"ColorTransfer":null,"ColorPrimaries":null,"DvVersionMajor":null,"DvVersionMinor":null,"DvProfile":null,"DvLevel":null,"RpuPresentFlag":null,"ElPresentFlag":null,"BlPresentFlag":null,"DvBlSignalCompatibilityId":null,"Comment":null,"TimeBase":"1/48000","CodecTimeBase":null,"Title":null,"VideoRange":null,"VideoRangeType":null,"VideoDoViTitle":null,"LocalizedUndefined":null,"LocalizedDefault":null,"LocalizedForced":null,"LocalizedExternal":null,"DisplayTitle":"Korean - AAC - 5.1 - Default","NalLengthSize":null,"IsInterlaced":false,"IsAVC":null,"ChannelLayout":"5.1","BitRate":224000,"BitDepth":null,"RefFrames":null,"PacketLength":null,"Channels":6,"SampleRate":48000,"IsDefault":true,"IsForced":false,"Height":null,"Width":null,"AverageFrameRate":null,"RealFrameRate":null,"Profile":"LC","Type":0,"AspectRatio":null,"Index":2,"Score":null,"IsExternal":false,"DeliveryMethod":null,"DeliveryUrl":null,"IsExternalUrl":null,"IsTextSubtitleStream":false,"SupportsExternalStream":false,"Path":null,"PixelFormat":null,"Level":0,"IsAnamorphic":null}],"MediaAttachments":[],"Formats":[],"Bitrate":2229496,"Timestamp":null,"RequiredHttpHeaders":{},"TranscodingUrl":null,"TranscodingSubProtocol":null,"TranscodingContainer":null,"AnalyzeDurationMs":null,"DefaultAudioStreamIndex":null,"DefaultSubtitleStreamIndex":null}

/usr/lib/jellyfin-ffmpeg/ffmpeg -analyzeduration 200M -f mov,mp4,m4a,3gp,3g2,mj2 -autorotate 0 -i file:"/data/media/tv/Soundtrack (2022)/Season 1/Soundtrack.1.S01E01.KOREAN.1080p.WEBRip.x265-RARBG.mp4" -map_metadata -1 -map_chapters -1 -threads 0 -map 0:0 -map 0:1 -map -0:s -codec:v:0 libx264 -preset veryfast -crf 23 -maxrate 6666813 -bufsize 13333626 -x264opts:0 subme=0:me_range=4:rc_lookahead=10:me=dia:no_chroma_me:8x8dct=0:partitions=none -force_key_frames:0 "expr:gte(t,0+n_forced*3)" -sc_threshold:v:0 0 -vf "setparams=color_primaries=bt709:color_trc=bt709:colorspace=bt709,scale=trunc(min(max(iw\,ih*a)\,min(1920\,960*a))/2)*2:trunc(min(max(iw/a\,ih)\,min(1920/a\,960))/2)*2,format=yuv420p" -codec:a:0 copy -copyts -avoid_negative_ts disabled -max_muxing_queue_size 2048 -f hls -max_delay 5000000 -hls_time 3 -hls_segment_type mpegts -start_number 0 -hls_segment_filename "/config/data/transcodes/a2092fc28c7c83fd209c436fc7f428ea%d.ts" -hls_playlist_type vod -hls_list_size 0 -y "/config/data/transcodes/a2092fc28c7c83fd209c436fc7f428ea.m3u8"


ffmpeg version 5.1.3-Jellyfin Copyright (c) 2000-2022 the FFmpeg developers
  built with gcc 11 (Ubuntu 11.4.0-1ubuntu1~22.04)
  configuration: --prefix=/usr/lib/jellyfin-ffmpeg --target-os=linux --extra-libs=-lfftw3f --extra-version=Jellyfin --disable-doc --disable-ffplay --disable-ptx-compression --disable-static --disable-libxcb --disable-sdl2 --disable-xlib --enable-lto --enable-gpl --enable-version3 --enable-shared --enable-gmp --enable-gnutls --enable-chromaprint --enable-libdrm --enable-libass --enable-libfreetype --enable-libfribidi --enable-libfontconfig --enable-libbluray --enable-libmp3lame --enable-libopus --enable-libtheora --enable-libvorbis --enable-libopenmpt --enable-libdav1d --enable-libwebp --enable-libvpx --enable-libx264 --enable-libx265 --enable-libzvbi --enable-libzimg --enable-libfdk-aac --toolchain=hardened --enable-cross-compile --arch=arm64 --cross-prefix=/usr/bin/aarch64-linux-gnu-
  libavutil      57. 28.100 / 57. 28.100
  libavcodec     59. 37.100 / 59. 37.100
  libavformat    59. 27.100 / 59. 27.100
  libavdevice    59.  7.100 / 59.  7.100
  libavfilter     8. 44.100 /  8. 44.100
  libswscale      6.  7.100 /  6.  7.100
  libswresample   4.  7.100 /  4.  7.100
  libpostproc    56.  6.100 / 56.  6.100
Input #0, mov,mp4,m4a,3gp,3g2,mj2, from 'file:/data/media/tv/Soundtrack (2022)/Season 1/Soundtrack.1.S01E01.KOREAN.1080p.WEBRip.x265-RARBG.mp4':
  Metadata:
    major_brand     : isom
    minor_version   : 512
    compatible_brands: isomiso2mp41
    creation_time   : 2022-04-14T14:39:12.000000Z
    title           : Soundtrack.1.S01E01.KOREAN.1080p.WEBRip.x265-RARBG
    encoder         : Lavf58.20.100
    comment         : Soundtrack.1.S01E01.KOREAN.1080p.WEBRip.x265-RARBG
  Duration: 00:43:03.85, start: 0.000000, bitrate: 2229 kb/s
  Stream #0:0[0x1](und): Video: hevc (Main 10) (hev1 / 0x31766568), yuv420p10le(tv), 1920x960 [SAR 1:1 DAR 2:1], 2000 kb/s, 23.98 fps, 23.98 tbr, 24k tbn (default)
    Metadata:
      creation_time   : 2022-04-14T14:39:12.000000Z
      handler_name    : VideoHandler
      vendor_id       : [0][0][0][0]
  Stream #0:1[0x2](kor): Audio: aac (LC) (mp4a / 0x6134706D), 48000 Hz, 5.1, fltp, 224 kb/s (default)
    Metadata:
      creation_time   : 2022-04-14T14:39:12.000000Z
      handler_name    : SoundHandler
      vendor_id       : [0][0][0][0]
Stream mapping:
  Stream #0:0 -> #0:0 (hevc (native) -> h264 (libx264))
  Stream #0:1 -> #0:1 (copy)
Press [q] to stop, [?] for help
[libx264 @ 0x55a13830e0] using SAR=1/1
[libx264 @ 0x55a13830e0] using cpu capabilities: ARMv8 NEON
[libx264 @ 0x55a13830e0] profile Main, level 4.0, 4:2:0, 8-bit
[libx264 @ 0x55a13830e0] 264 - core 163 r3060 5db6aa6 - H.264/MPEG-4 AVC codec - Copyleft 2003-2021 - http://www.videolan.org/x264.html - options: cabac=1 ref=1 deblock=1:0:0 analyse=0x1:0 me=dia subme=0 psy=1 psy_rd=1.00:0.00 mixed_ref=0 me_range=4 chroma_me=0 trellis=0 8x8dct=0 cqm=0 deadzone=21,11 fast_pskip=1 chroma_qp_offset=0 threads=6 lookahead_threads=1 sliced_threads=0 nr=0 decimate=1 interlaced=0 bluray_compat=0 constrained_intra=0 bframes=3 b_pyramid=2 b_adapt=1 b_bias=0 direct=1 weightb=1 open_gop=0 weightp=1 keyint=250 keyint_min=23 scenecut=0 intra_refresh=0 rc_lookahead=10 rc=crf mbtree=1 crf=23.0 qcomp=0.60 qpmin=0 qpmax=69 qpstep=4 vbv_maxrate=6666 vbv_bufsize=13333 crf_max=0.0 nal_hrd=none filler=0 ip_ratio=1.40 aq=1:1.00
Output #0, hls, to '/config/data/transcodes/a2092fc28c7c83fd209c436fc7f428ea.m3u8':
  Metadata:
    encoder         : Lavf59.27.100
  Stream #0:0: Video: h264, yuv420p(tv, bt709, progressive), 1920x960 [SAR 1:1 DAR 2:1], q=2-31, 23.98 fps, 90k tbn (default)
    Metadata:
      encoder         : Lavc59.37.100 libx264
    Side data:
      cpb: bitrate max/min/avg: 6666000/0/0 buffer size: 13333000 vbv_delay: N/A
  Stream #0:1: Audio: aac (LC) (mp4a / 0x6134706D), 48000 Hz, 5.1, fltp, 224 kb/s (default)
frame=    1 fps=0.0 q=0.0 size=N/A time=00:00:00.00 bitrate=N/A speed=   0x    
frame=   18 fps=0.0 q=0.0 size=N/A time=00:00:00.74 bitrate=N/A speed=1.21x    
frame=   35 fps= 30 q=28.0 size=N/A time=00:00:01.45 bitrate=N/A speed=1.26x    
frame=   53 fps= 32 q=28.0 size=N/A time=00:00:02.19 bitrate=N/A speed=1.32x    
frame=   72 fps= 33 q=28.0 size=N/A time=00:00:02.98 bitrate=N/A speed=1.37x    
frame=   88 fps= 32 q=25.0 size=N/A time=00:00:03.64 bitrate=N/A speed=1.34x    
[hls @ 0x55a1382e70] Opening '/config/data/transcodes/a2092fc28c7c83fd209c436fc7f428ea0.ts' for writing
frame=  103 fps= 32 q=28.0 size=N/A time=00:00:04.28 bitrate=N/A speed=1.33x    
frame=  117 fps= 31 q=28.0 size=N/A time=00:00:04.86 bitrate=N/A speed= 1.3x    
frame=  133 fps= 31 q=28.0 size=N/A time=00:00:05.52 bitrate=N/A speed=1.29x    
frame=  149 fps= 31 q=28.0 size=N/A time=00:00:06.20 bitrate=N/A speed=1.29x    
frame=  163 fps= 30 q=28.0 size=N/A time=00:00:06.78 bitrate=N/A speed=1.27x    
[hls @ 0x55a1382e70] Opening '/config/data/transcodes/a2092fc28c7c83fd209c436fc7f428ea1.ts' for writing
frame=  177 fps= 30 q=28.0 size=N/A time=00:00:07.36 bitrate=N/A speed=1.25x    
frame=  193 fps= 30 q=28.0 size=N/A time=00:00:08.04 bitrate=N/A speed=1.26x    
frame=  207 fps= 30 q=28.0 size=N/A time=00:00:08.61 bitrate=N/A speed=1.25x    
frame=  224 fps= 30 q=28.0 size=N/A time=00:00:09.32 bitrate=N/A speed=1.26x    
[hls @ 0x55a1382e70] Opening '/config/data/transcodes/a2092fc28c7c83fd209c436fc7f428ea2.ts' for writing
frame=  239 fps= 30 q=28.0 size=N/A time=00:00:09.96 bitrate=N/A speed=1.25x    
frame=  253 fps= 30 q=28.0 size=N/A time=00:00:10.53 bitrate=N/A speed=1.25x    
frame=  265 fps= 30 q=28.0 size=N/A time=00:00:11.02 bitrate=N/A speed=1.23x    
frame=  278 fps= 29 q=28.0 size=N/A time=00:00:11.58 bitrate=N/A speed=1.21x    
frame=  290 fps= 29 q=28.0 size=N/A time=00:00:12.07 bitrate=N/A speed= 1.2x    
frame=  304 fps= 29 q=25.0 size=N/A time=00:00:12.67 bitrate=N/A speed= 1.2x    
[hls @ 0x55a1382e70] Opening '/config/data/transcodes/a2092fc28c7c83fd209c436fc7f428ea3.ts' for writing
frame=  315 fps= 28 q=28.0 size=N/A time=00:00:13.12 bitrate=N/A speed=1.18x    
frame=  328 fps= 28 q=28.0 size=N/A time=00:00:13.67 bitrate=N/A speed=1.17x    
frame=  342 fps= 28 q=28.0 size=N/A time=00:00:14.25 bitrate=N/A speed=1.17x    
frame=  351 fps= 27 q=28.0 size=N/A time=00:00:14.63 bitrate=N/A speed=1.15x    
frame=  359 fps= 27 q=28.0 size=N/A time=00:00:14.95 bitrate=N/A speed=1.12x    
frame=  369 fps= 27 q=28.0 size=N/A time=00:00:15.38 bitrate=N/A speed=1.11x    
frame=  379 fps= 26 q=28.0 size=N/A time=00:00:15.78 bitrate=N/A speed=1.09x    
[hls @ 0x55a1382e70] Opening '/config/data/transcodes/a2092fc28c7c83fd209c436fc7f428ea4.ts' for writing
frame=  390 fps= 26 q=28.0 size=N/A time=00:00:16.25 bitrate=N/A speed=1.09x    
frame=  400 fps= 26 q=28.0 size=N/A time=00:00:16.66 bitrate=N/A speed=1.08x    
frame=  411 fps= 26 q=28.0 size=N/A time=00:00:17.13 bitrate=N/A speed=1.07x    
frame=  424 fps= 26 q=28.0 size=N/A time=00:00:17.66 bitrate=N/A speed=1.07x    
frame=  439 fps= 26 q=28.0 size=N/A time=00:00:18.30 bitrate=N/A speed=1.07x    
frame=  450 fps= 26 q=28.0 size=N/A time=00:00:18.75 bitrate=N/A speed=1.07x    
[hls @ 0x55a1382e70] Opening '/config/data/transcodes/a2092fc28c7c83fd209c436fc7f428ea5.ts' for writing
frame=  458 fps= 25 q=28.0 size=N/A time=00:00:19.09 bitrate=N/A speed=1.05x    
frame=  465 fps= 25 q=28.0 size=N/A time=00:00:19.37 bitrate=N/A speed=1.04x    
frame=  471 fps= 24 q=28.0 size=N/A time=00:00:19.62 bitrate=N/A speed=1.02x    
frame=  481 fps= 24 q=28.0 size=N/A time=00:00:20.05 bitrate=N/A speed=1.01x    
frame=  490 fps= 24 q=28.0 size=N/A time=00:00:20.41 bitrate=N/A speed=1.01x    
frame=  501 fps= 24 q=28.0 size=N/A time=00:00:20.88 bitrate=N/A speed=   1x    
frame=  513 fps= 24 q=28.0 size=N/A time=00:00:21.37 bitrate=N/A speed=   1x    
[hls @ 0x55a1382e70] Opening '/config/data/transcodes/a2092fc28c7c83fd209c436fc7f428ea6.ts' for writing
frame=  525 fps= 24 q=28.0 size=N/A time=00:00:21.88 bitrate=N/A speed=   1x    
frame=  539 fps= 24 q=28.0 size=N/A time=00:00:22.46 bitrate=N/A speed=   1x    
frame=  549 fps= 24 q=28.0 size=N/A time=00:00:22.89 bitrate=N/A speed=   1x    
frame=  560 fps= 24 q=28.0 size=N/A time=00:00:23.33 bitrate=N/A speed=0.995x    
frame=  570 fps= 24 q=28.0 size=N/A time=00:00:23.76 bitrate=N/A speed=0.992x    
frame=  579 fps= 24 q=28.0 size=N/A time=00:00:24.12 bitrate=N/A speed=0.986x    
frame=  590 fps= 24 q=28.0 size=N/A time=00:00:24.59 bitrate=N/A speed=0.984x    
[hls @ 0x55a1382e70] Opening '/config/data/transcodes/a2092fc28c7c83fd209c436fc7f428ea7.ts' for writing
frame=  597 fps= 23 q=28.0 size=N/A time=00:00:24.89 bitrate=N/A speed=0.974x    
frame=  609 fps= 23 q=28.0 size=N/A time=00:00:25.38 bitrate=N/A speed=0.974x    
frame=  622 fps= 23 q=28.0 size=N/A time=00:00:25.92 bitrate=N/A speed=0.976x    
frame=  637 fps= 24 q=28.0 size=N/A time=00:00:26.56 bitrate=N/A speed=0.98x    
frame=  652 fps= 24 q=28.0 size=N/A time=00:00:27.17 bitrate=N/A speed=0.984x    
frame=  665 fps= 24 q=28.0 size=N/A time=00:00:27.71 bitrate=N/A speed=0.985x    
[hls @ 0x55a1382e70] Opening '/config/data/transcodes/a2092fc28c7c83fd209c436fc7f428ea8.ts' for writing
frame=  676 fps= 24 q=28.0 size=N/A time=00:00:28.18 bitrate=N/A speed=0.984x    
frame=  686 fps= 24 q=28.0 size=N/A time=00:00:28.60 bitrate=N/A speed=0.981x    
frame=  696 fps= 23 q=28.0 size=N/A time=00:00:29.01 bitrate=N/A speed=0.978x    
frame=  707 fps= 23 q=28.0 size=N/A time=00:00:29.48 bitrate=N/A speed=0.974x    
frame=  719 fps= 23 q=28.0 size=N/A time=00:00:29.97 bitrate=N/A speed=0.973x    
frame=  729 fps= 23 q=28.0 size=N/A time=00:00:30.40 bitrate=N/A speed=0.97x    
frame=  739 fps= 23 q=28.0 size=N/A time=00:00:30.80 bitrate=N/A speed=0.967x    
[hls @ 0x55a1382e70] Opening '/config/data/transcodes/a2092fc28c7c83fd209c436fc7f428ea9.ts' for writing
frame=  750 fps= 23 q=28.0 size=N/A time=00:00:31.27 bitrate=N/A speed=0.965x    