/videos/3b6f6b14-5733-5f15-f502-fc128d6ab1a3/hls1/main/184.ts

{"Protocol":0,"Id":"3b6f6b1457335f15f502fc128d6ab1a3","Path":"/data/media/tv/Soundtrack (2022)/Season 1/Soundtrack.1.S01E01.KOREAN.1080p.WEBRip.x265-RARBG.mp4","EncoderPath":null,"EncoderProtocol":null,"Type":0,"Container":"mov,mp4,m4a,3gp,3g2,mj2","Size":720085568,"Name":"Soundtrack.1.S01E01.KOREAN.1080p.WEBRip.x265-RARBG","IsRemote":false,"ETag":"9cfadc57946e85c76119b90b4324cbb8","RunTimeTicks":25838499840,"ReadAtNativeFramerate":false,"IgnoreDts":false,"IgnoreIndex":false,"GenPtsInput":false,"SupportsTranscoding":true,"SupportsDirectStream":true,"SupportsDirectPlay":true,"IsInfiniteStream":false,"RequiresOpening":false,"OpenToken":null,"RequiresClosing":false,"LiveStreamId":null,"BufferMs":null,"RequiresLooping":false,"SupportsProbing":true,"VideoType":0,"IsoType":null,"Video3DFormat":null,"MediaStreams":[{"Codec":"subrip","CodecTag":null,"Language":"eng","ColorRange":null,"ColorSpace":null,"ColorTransfer":null,"ColorPrimaries":null,"DvVersionMajor":null,"DvVersionMinor":null,"DvProfile":null,"DvLevel":null,"RpuPresentFlag":null,"ElPresentFlag":null,"BlPresentFlag":null,"DvBlSignalCompatibilityId":null,"Comment":null,"TimeBase":"1/1000","CodecTimeBase":null,"Title":null,"VideoRange":null,"VideoRangeType":null,"VideoDoViTitle":null,"LocalizedUndefined":"Undefined","LocalizedDefault":"Default","LocalizedForced":"Forced","LocalizedExternal":"External","DisplayTitle":"English - SUBRIP - External","NalLengthSize":null,"IsInterlaced":false,"IsAVC":null,"ChannelLayout":null,"BitRate":null,"BitDepth":null,"RefFrames":null,"PacketLength":null,"Channels":null,"SampleRate":null,"IsDefault":false,"IsForced":false,"Height":null,"Width":null,"AverageFrameRate":null,"RealFrameRate":null,"Profile":null,"Type":2,"AspectRatio":null,"Index":0,"Score":null,"IsExternal":true,"DeliveryMethod":null,"DeliveryUrl":null,"IsExternalUrl":null,"IsTextSubtitleStream":true,"SupportsExternalStream":true,"Path":"/data/media/tv/Soundtrack (2022)/Season 1/Soundtrack.1.S01E01.KOREAN.1080p.WEBRip.x265-RARBG.en.srt","PixelFormat":null,"Level":0,"IsAnamorphic":null},{"Codec":"hevc","CodecTag":"hev1","Language":"und","ColorRange":null,"ColorSpace":null,"ColorTransfer":null,"ColorPrimaries":null,"DvVersionMajor":null,"DvVersionMinor":null,"DvProfile":null,"DvLevel":null,"RpuPresentFlag":null,"ElPresentFlag":null,"BlPresentFlag":null,"DvBlSignalCompatibilityId":null,"Comment":null,"TimeBase":"1/24000","CodecTimeBase":null,"Title":null,"VideoRange":"SDR","VideoRangeType":"SDR","VideoDoViTitle":null,"LocalizedUndefined":null,"LocalizedDefault":null,"LocalizedForced":null,"LocalizedExternal":null,"DisplayTitle":"1080p HEVC SDR","NalLengthSize":null,"IsInterlaced":false,"IsAVC":null,"ChannelLayout":null,"BitRate":2000044,"BitDepth":10,"RefFrames":1,"PacketLength":null,"Channels":null,"SampleRate":null,"IsDefault":true,"IsForced":false,"Height":960,"Width":1920,"AverageFrameRate":23.976025,"RealFrameRate":23.976025,"Profile":"Main 10","Type":1,"AspectRatio":"2:1","Index":1,"Score":null,"IsExternal":false,"DeliveryMethod":null,"DeliveryUrl":null,"IsExternalUrl":null,"IsTextSubtitleStream":false,"SupportsExternalStream":false,"Path":null,"PixelFormat":"yuv420p10le","Level":120,"IsAnamorphic":null},{"Codec":"aac","CodecTag":"mp4a","Language":"kor","ColorRange":null,"ColorSpace":null,"ColorTransfer":null,"ColorPrimaries":null,"DvVersionMajor":null,"DvVersionMinor":null,"DvProfile":null,"DvLevel":null,"RpuPresentFlag":null,"ElPresentFlag":null,"BlPresentFlag":null,"DvBlSignalCompatibilityId":null,"Comment":null,"TimeBase":"1/48000","CodecTimeBase":null,"Title":null,"VideoRange":null,"VideoRangeType":null,"VideoDoViTitle":null,"LocalizedUndefined":null,"LocalizedDefault":null,"LocalizedForced":null,"LocalizedExternal":null,"DisplayTitle":"Korean - AAC - 5.1 - Default","NalLengthSize":null,"IsInterlaced":false,"IsAVC":null,"ChannelLayout":"5.1","BitRate":224000,"BitDepth":null,"RefFrames":null,"PacketLength":null,"Channels":6,"SampleRate":48000,"IsDefault":true,"IsForced":false,"Height":null,"Width":null,"AverageFrameRate":null,"RealFrameRate":null,"Profile":"LC","Type":0,"AspectRatio":null,"Index":2,"Score":null,"IsExternal":false,"DeliveryMethod":null,"DeliveryUrl":null,"IsExternalUrl":null,"IsTextSubtitleStream":false,"SupportsExternalStream":false,"Path":null,"PixelFormat":null,"Level":0,"IsAnamorphic":null}],"MediaAttachments":[],"Formats":[],"Bitrate":2229496,"Timestamp":null,"RequiredHttpHeaders":{},"TranscodingUrl":null,"TranscodingSubProtocol":null,"TranscodingContainer":null,"AnalyzeDurationMs":null,"DefaultAudioStreamIndex":null,"DefaultSubtitleStreamIndex":null}

/usr/lib/jellyfin-ffmpeg/ffmpeg -analyzeduration 200M -ss 00:09:12.000 -f mov,mp4,m4a,3gp,3g2,mj2 -autorotate 0 -i file:"/data/media/tv/Soundtrack (2022)/Season 1/Soundtrack.1.S01E01.KOREAN.1080p.WEBRip.x265-RARBG.mp4" -map_metadata -1 -map_chapters -1 -threads 2 -map 0:0 -map 0:1 -map -0:s -codec:v:0 libx264 -preset veryfast -crf 23 -maxrate 6666813 -bufsize 13333626 -x264opts:0 subme=0:me_range=4:rc_lookahead=10:me=dia:no_chroma_me:8x8dct=0:partitions=none -force_key_frames:0 "expr:gte(t,552+n_forced*3)" -sc_threshold:v:0 0 -vf "setparams=color_primaries=bt709:color_trc=bt709:colorspace=bt709,scale=trunc(min(max(iw\,ih*a)\,min(1920\,960*a))/2)*2:trunc(min(max(iw/a\,ih)\,min(1920/a\,960))/2)*2,format=yuv420p" -codec:a:0 libfdk_aac -ac 2 -ab 384000 -ar 48000 -af "volume=2" -copyts -avoid_negative_ts disabled -max_muxing_queue_size 2048 -f hls -max_delay 5000000 -hls_time 3 -hls_segment_type mpegts -start_number 184 -hls_segment_filename "/config/data/transcodes/4e07adc12b07ba7a85a5919f3bbf4419%d.ts" -hls_playlist_type vod -hls_list_size 0 -y "/config/data/transcodes/4e07adc12b07ba7a85a5919f3bbf4419.m3u8"


ffmpeg version 5.1.3-Jellyfin Copyright (c) 2000-2022 the FFmpeg developers
  built with gcc 11 (Ubuntu 11.4.0-1ubuntu1~22.04)
  configuration: --prefix=/usr/lib/jellyfin-ffmpeg --target-os=linux --extra-libs=-lfftw3f --extra-version=Jellyfin --disable-doc --disable-ffplay --disable-ptx-compression --disable-static --disable-libxcb --disable-sdl2 --disable-xlib --enable-lto --enable-gpl --enable-version3 --enable-shared --enable-gmp --enable-gnutls --enable-chromaprint --enable-libdrm --enable-libass --enable-libfreetype --enable-libfribidi --enable-libfontconfig --enable-libbluray --enable-libmp3lame --enable-libopus --enable-libtheora --enable-libvorbis --enable-libopenmpt --enable-libdav1d --enable-libwebp --enable-libvpx --enable-libx264 --enable-libx265 --enable-libzvbi --enable-libzimg --enable-libfdk-aac --toolchain=hardened --enable-cross-compile --arch=arm64 --cross-prefix=/usr/bin/aarch64-linux-gnu-
  libavutil      57. 28.100 / 57. 28.100
  libavcodec     59. 37.100 / 59. 37.100
  libavformat    59. 27.100 / 59. 27.100
  libavdevice    59.  7.100 / 59.  7.100
  libavfilter     8. 44.100 /  8. 44.100
  libswscale      6.  7.100 /  6.  7.100
  libswresample   4.  7.100 /  4.  7.100
  libpostproc    56.  6.100 / 56.  6.100
Input #0, mov,mp4,m4a,3gp,3g2,mj2, from 'file:/data/media/tv/Soundtrack (2022)/Season 1/Soundtrack.1.S01E01.KOREAN.1080p.WEBRip.x265-RARBG.mp4':
  Metadata:
    major_brand     : isom
    minor_version   : 512
    compatible_brands: isomiso2mp41
    creation_time   : 2022-04-14T14:39:12.000000Z
    title           : Soundtrack.1.S01E01.KOREAN.1080p.WEBRip.x265-RARBG
    encoder         : Lavf58.20.100
    comment         : Soundtrack.1.S01E01.KOREAN.1080p.WEBRip.x265-RARBG
  Duration: 00:43:03.85, start: 0.000000, bitrate: 2229 kb/s
  Stream #0:0[0x1](und): Video: hevc (Main 10) (hev1 / 0x31766568), yuv420p10le(tv), 1920x960 [SAR 1:1 DAR 2:1], 2000 kb/s, 23.98 fps, 23.98 tbr, 24k tbn (default)
    Metadata:
      creation_time   : 2022-04-14T14:39:12.000000Z
      handler_name    : VideoHandler
      vendor_id       : [0][0][0][0]
  Stream #0:1[0x2](kor): Audio: aac (LC) (mp4a / 0x6134706D), 48000 Hz, 5.1, fltp, 224 kb/s (default)
    Metadata:
      creation_time   : 2022-04-14T14:39:12.000000Z
      handler_name    : SoundHandler
      vendor_id       : [0][0][0][0]
Stream mapping:
  Stream #0:0 -> #0:0 (hevc (native) -> h264 (libx264))
  Stream #0:1 -> #0:1 (aac (native) -> aac (libfdk_aac))
Press [q] to stop, [?] for help
[libx264 @ 0x556edcea30] using SAR=1/1
[libx264 @ 0x556edcea30] using cpu capabilities: ARMv8 NEON
[libx264 @ 0x556edcea30] profile Main, level 4.0, 4:2:0, 8-bit
[libx264 @ 0x556edcea30] 264 - core 163 r3060 5db6aa6 - H.264/MPEG-4 AVC codec - Copyleft 2003-2021 - http://www.videolan.org/x264.html - options: cabac=1 ref=1 deblock=1:0:0 analyse=0x1:0 me=dia subme=0 psy=1 psy_rd=1.00:0.00 mixed_ref=0 me_range=4 chroma_me=0 trellis=0 8x8dct=0 cqm=0 deadzone=21,11 fast_pskip=1 chroma_qp_offset=0 threads=2 lookahead_threads=1 sliced_threads=0 nr=0 decimate=1 interlaced=0 bluray_compat=0 constrained_intra=0 bframes=3 b_pyramid=2 b_adapt=1 b_bias=0 direct=1 weightb=1 open_gop=0 weightp=1 keyint=250 keyint_min=23 scenecut=0 intra_refresh=0 rc_lookahead=10 rc=crf mbtree=1 crf=23.0 qcomp=0.60 qpmin=0 qpmax=69 qpstep=4 vbv_maxrate=6666 vbv_bufsize=13333 crf_max=0.0 nal_hrd=none filler=0 ip_ratio=1.40 aq=1:1.00
Output #0, hls, to '/config/data/transcodes/4e07adc12b07ba7a85a5919f3bbf4419.m3u8':
  Metadata:
    encoder         : Lavf59.27.100
  Stream #0:0: Video: h264, yuv420p(tv, bt709, progressive), 1920x960 [SAR 1:1 DAR 2:1], q=2-31, 23.98 fps, 90k tbn (default)
    Metadata:
      encoder         : Lavc59.37.100 libx264
    Side data:
      cpb: bitrate max/min/avg: 6666000/0/0 buffer size: 13333000 vbv_delay: N/A
  Stream #0:1: Audio: aac, 48000 Hz, stereo, s16, 384 kb/s (default)
    Metadata:
      encoder         : Lavc59.37.100 libfdk_aac
frame=    1 fps=0.6 q=0.0 size=N/A time=00:00:00.00 bitrate=N/A speed=   0x    
frame=   12 fps=5.4 q=0.0 size=N/A time=00:00:00.46 bitrate=N/A speed=0.211x    
frame=   19 fps=7.0 q=28.0 size=N/A time=00:00:00.76 bitrate=N/A speed=0.282x    
frame=   30 fps=9.0 q=28.0 size=N/A time=00:00:01.21 bitrate=N/A speed=0.363x    
frame=   40 fps= 10 q=28.0 size=N/A time=00:00:01.64 bitrate=N/A speed=0.423x    
frame=   49 fps= 11 q=28.0 size=N/A time=00:00:02.02 bitrate=N/A speed=0.46x    
frame=   59 fps= 12 q=28.0 size=N/A time=00:00:02.45 bitrate=N/A speed= 0.5x    
frame=   70 fps= 13 q=28.0 size=N/A time=00:00:02.90 bitrate=N/A speed=0.535x    
frame=   79 fps= 13 q=28.0 size=N/A time=00:00:03.26 bitrate=N/A speed=0.546x    
frame=   90 fps= 14 q=28.0 size=N/A time=00:00:03.73 bitrate=N/A speed=0.576x    
frame=   99 fps= 14 q=28.0 size=N/A time=00:00:04.09 bitrate=N/A speed=0.584x    
frame=  108 fps= 14 q=28.0 size=N/A time=00:00:04.48 bitrate=N/A speed=0.596x    
frame=  118 fps= 15 q=28.0 size=N/A time=00:00:04.88 bitrate=N/A speed=0.609x    
frame=  126 fps= 15 q=28.0 size=N/A time=00:00:05.22 bitrate=N/A speed=0.611x    
frame=  135 fps= 15 q=28.0 size=N/A time=00:00:05.61 bitrate=N/A speed=0.618x    
frame=  143 fps= 15 q=28.0 size=N/A time=00:00:05.93 bitrate=N/A speed=0.619x    
frame=  152 fps= 15 q=28.0 size=N/A time=00:00:06.31 bitrate=N/A speed=0.625x    
frame=  161 fps= 15 q=28.0 size=N/A time=00:00:06.69 bitrate=N/A speed=0.631x    
frame=  170 fps= 15 q=28.0 size=N/A time=00:00:07.06 bitrate=N/A speed=0.633x    
frame=  178 fps= 15 q=28.0 size=N/A time=00:00:07.40 bitrate=N/A speed=0.634x    
frame=  187 fps= 15 q=28.0 size=N/A time=00:00:07.76 bitrate=N/A speed=0.635x    
frame=  196 fps= 15 q=28.0 size=N/A time=00:00:08.14 bitrate=N/A speed=0.64x    
frame=  206 fps= 15 q=28.0 size=N/A time=00:00:08.57 bitrate=N/A speed=0.644x    
frame=  215 fps= 16 q=28.0 size=N/A time=00:00:08.93 bitrate=N/A speed=0.646x    
frame=  223 fps= 16 q=28.0 size=N/A time=00:00:09.28 bitrate=N/A speed=0.646x    
frame=  232 fps= 16 q=28.0 size=N/A time=00:00:09.64 bitrate=N/A speed=0.647x    
frame=  241 fps= 16 q=28.0 size=N/A time=00:00:10.02 bitrate=N/A speed=0.65x    
frame=  251 fps= 16 q=28.0 size=N/A time=00:00:10.45 bitrate=N/A speed=0.653x    
frame=  261 fps= 16 q=28.0 size=N/A time=00:00:10.85 bitrate=N/A speed=0.657x    
[hls @ 0x556ef34ee0] Opening '/config/data/transcodes/4e07adc12b07ba7a85a5919f3bbf4419184.ts' for writing
frame=  271 fps= 16 q=28.0 size=N/A time=00:00:11.28 bitrate=N/A speed=0.662x    
frame=  280 fps= 16 q=28.0 size=N/A time=00:00:11.64 bitrate=N/A speed=0.662x    
frame=  289 fps= 16 q=28.0 size=N/A time=00:00:12.03 bitrate=N/A speed=0.664x    
frame=  299 fps= 16 q=28.0 size=N/A time=00:00:12.43 bitrate=N/A speed=0.667x    
frame=  309 fps= 16 q=28.0 size=N/A time=00:00:12.86 bitrate=N/A speed=0.67x    
frame=  320 fps= 16 q=28.0 size=N/A time=00:00:13.31 bitrate=N/A speed=0.674x    
frame=  332 fps= 16 q=28.0 size=N/A time=00:00:13.82 bitrate=N/A speed=0.68x    
frame=  343 fps= 16 q=28.0 size=N/A time=00:00:14.27 bitrate=N/A speed=0.684x    
frame=  354 fps= 16 q=28.0 size=N/A time=00:00:14.74 bitrate=N/A speed=0.686x    
frame=  364 fps= 17 q=28.0 size=N/A time=00:00:15.14 bitrate=N/A speed=0.687x    
frame=  373 fps= 16 q=28.0 size=N/A time=00:00:15.53 bitrate=N/A speed=0.687x    
frame=  382 fps= 17 q=28.0 size=N/A time=00:00:15.91 bitrate=N/A speed=0.688x    
frame=  392 fps= 17 q=28.0 size=N/A time=00:00:16.32 bitrate=N/A speed=0.688x    
frame=  403 fps= 17 q=28.0 size=N/A time=00:00:16.78 bitrate=N/A speed=0.69x    
frame=  413 fps= 17 q=28.0 size=N/A time=00:00:17.19 bitrate=N/A speed=0.69x    
frame=  425 fps= 17 q=28.0 size=N/A time=00:00:17.68 bitrate=N/A speed=0.696x    
frame=  433 fps= 17 q=28.0 size=N/A time=00:00:18.02 bitrate=N/A speed=0.694x    
frame=  441 fps= 17 q=28.0 size=N/A time=00:00:18.36 bitrate=N/A speed=0.694x    
frame=  452 fps= 17 q=28.0 size=N/A time=00:00:18.83 bitrate=N/A speed=0.696x    
frame=  462 fps= 17 q=28.0 size=N/A time=00:00:19.24 bitrate=N/A speed=0.696x    
frame=  472 fps= 17 q=28.0 size=N/A time=00:00:19.66 bitrate=N/A speed=0.697x    
frame=  482 fps= 17 q=28.0 size=N/A time=00:00:20.07 bitrate=N/A speed=0.698x    
frame=  491 fps= 17 q=28.0 size=N/A time=00:00:20.45 bitrate=N/A speed=0.699x    
frame=  501 fps= 17 q=28.0 size=N/A time=00:00:20.86 bitrate=N/A speed=0.699x    
frame=  511 fps= 17 q=28.0 size=N/A time=00:00:21.29 bitrate=N/A speed=0.701x    
[hls @ 0x556ef34ee0] Opening '/config/data/transcodes/4e07adc12b07ba7a85a5919f3bbf4419185.ts' for writing
frame=  520 fps= 17 q=28.0 size=N/A time=00:00:21.65 bitrate=N/A speed=0.701x    
frame=  527 fps= 17 q=28.0 size=N/A time=00:00:21.95 bitrate=N/A speed=0.698x    
frame=  538 fps= 17 q=28.0 size=N/A time=00:00:22.42 bitrate=N/A speed=0.697x    
frame=  548 fps= 17 q=28.0 size=N/A time=00:00:22.82 bitrate=N/A speed=0.699x    
frame=  557 fps= 17 q=28.0 size=N/A time=00:00:23.21 bitrate=N/A speed= 0.7x    
frame=  566 fps= 17 q=28.0 size=N/A time=00:00:23.57 bitrate=N/A speed= 0.7x    
frame=  577 fps= 17 q=28.0 size=N/A time=00:00:24.04 bitrate=N/A speed=0.702x    
frame=  588 fps= 17 q=28.0 size=N/A time=00:00:24.49 bitrate=N/A speed=0.704x    
frame=  597 fps= 17 q=28.0 size=N/A time=00:00:24.87 bitrate=N/A speed=0.705x    
frame=  607 fps= 17 q=28.0 size=N/A time=00:00:25.30 bitrate=N/A speed=0.705x    
frame=  617 fps= 17 q=28.0 size=N/A time=00:00:25.70 bitrate=N/A speed=0.704x    
frame=  626 fps= 17 q=28.0 size=N/A time=00:00:26.09 bitrate=N/A speed=0.705x    
frame=  635 fps= 17 q=28.0 size=N/A time=00:00:26.45 bitrate=N/A speed=0.704x    
frame=  644 fps= 17 q=28.0 size=N/A time=00:00:26.83 bitrate=N/A speed=0.703x    
frame=  653 fps= 17 q=28.0 size=N/A time=00:00:27.20 bitrate=N/A speed=0.704x    
frame=  662 fps= 17 q=28.0 size=N/A time=00:00:27.58 bitrate=N/A speed=0.704x    
frame=  671 fps= 17 q=28.0 size=N/A time=00:00:27.96 bitrate=N/A speed=0.704x    
frame=  681 fps= 17 q=28.0 size=N/A time=00:00:28.37 bitrate=N/A speed=0.704x    
frame=  691 fps= 17 q=28.0 size=N/A time=00:00:28.80 bitrate=N/A speed=0.705x    
frame=  701 fps= 17 q=28.0 size=N/A time=00:00:29.20 bitrate=N/A speed=0.706x    
frame=  711 fps= 17 q=28.0 size=N/A time=00:00:29.63 bitrate=N/A speed=0.706x    
frame=  721 fps= 17 q=28.0 size=N/A time=00:00:30.03 bitrate=N/A speed=0.707x    
frame=  732 fps= 17 q=28.0 size=N/A time=00:00:30.50 bitrate=N/A speed=0.708x    
frame=  743 fps= 17 q=28.0 size=N/A time=00:00:30.95 bitrate=N/A speed=0.71x    
frame=  753 fps= 17 q=28.0 size=N/A time=00:00:31.38 bitrate=N/A speed=0.711x    
frame=  762 fps= 17 q=28.0 size=N/A time=00:00:31.76 bitrate=N/A speed=0.712x    
[hls @ 0x556ef34ee0] Opening '/config/data/transcodes/4e07adc12b07ba7a85a5919f3bbf4419186.ts' for writing
frame=  771 fps= 17 q=28.0 size=N/A time=00:00:32.12 bitrate=N/A speed=0.711x    
frame=  779 fps= 17 q=28.0 size=N/A time=00:00:32.46 bitrate=N/A speed=0.711x    
frame=  789 fps= 17 q=28.0 size=N/A time=00:00:32.87 bitrate=N/A speed=0.711x    
frame=  798 fps= 17 q=28.0 size=N/A time=00:00:33.25 bitrate=N/A speed=0.711x    
frame=  809 fps= 17 q=28.0 size=N/A time=00:00:33.70 bitrate=N/A speed=0.713x    
frame=  818 fps= 17 q=28.0 size=N/A time=00:00:34.09 bitrate=N/A speed=0.713x    
frame=  829 fps= 17 q=28.0 size=N/A time=00:00:34.56 bitrate=N/A speed=0.715x    
frame=  838 fps= 17 q=28.0 size=N/A time=00:00:34.92 bitrate=N/A speed=0.714x    
frame=  847 fps= 17 q=28.0 size=N/A time=00:00:35.30 bitrate=N/A speed=0.715x    
frame=  858 fps= 17 q=28.0 size=N/A time=00:00:35.75 bitrate=N/A speed=0.715x    
frame=  869 fps= 17 q=28.0 size=N/A time=00:00:36.22 bitrate=N/A speed=0.717x    
frame=  879 fps= 17 q=28.0 size=N/A time=00:00:36.62 bitrate=N/A speed=0.718x    
frame=  891 fps= 17 q=28.0 size=N/A time=00:00:37.14 bitrate=N/A speed=0.72x    
frame=  901 fps= 17 q=28.0 size=N/A time=00:00:37.54 bitrate=N/A speed=0.721x    
frame=  913 fps= 17 q=28.0 size=N/A time=00:00:38.05 bitrate=N/A speed=0.723x    
frame=  924 fps= 17 q=28.0 size=N/A time=00:00:38.50 bitrate=N/A speed=0.725x    
frame=  937 fps= 17 q=28.0 size=N/A time=00:00:39.06 bitrate=N/A speed=0.728x    
frame=  949 fps= 18 q=28.0 size=N/A time=00:00:39.55 bitrate=N/A speed=0.73x    
frame=  963 fps= 18 q=28.0 size=N/A time=00:00:40.14 bitrate=N/A speed=0.733x    
frame=  976 fps= 18 q=28.0 size=N/A time=00:00:40.68 bitrate=N/A speed=0.736x    
frame=  988 fps= 18 q=28.0 size=N/A time=00:00:41.17 bitrate=N/A speed=0.738x    
frame= 1000 fps= 18 q=28.0 size=N/A time=00:00:41.68 bitrate=N/A speed=0.74x    
frame= 1013 fps= 18 q=28.0 size=N/A time=00:00:42.21 bitrate=N/A speed=0.743x    
[hls @ 0x556ef34ee0] Opening '/config/data/transcodes/4e07adc12b07ba7a85a5919f3bbf4419187.ts' for writing
frame= 1024 fps= 18 q=28.0 size=N/A time=00:00:42.68 bitrate=N/A speed=0.744x    
frame= 1038 fps= 18 q=28.0 size=N/A time=00:00:43.26 bitrate=N/A speed=0.747x    
frame= 1053 fps= 18 q=28.0 size=N/A time=00:00:43.90 bitrate=N/A speed=0.751x    
frame= 1063 fps= 18 q=28.0 size=N/A time=00:00:44.33 bitrate=N/A speed=0.752x    
frame= 1075 fps= 18 q=28.0 size=N/A time=00:00:44.80 bitrate=N/A speed=0.753x    
frame= 1086 fps= 18 q=28.0 size=N/A time=00:00:45.26 bitrate=N/A speed=0.754x    
frame= 1098 fps= 18 q=28.0 size=N/A time=00:00:45.76 bitrate=N/A speed=0.755x    
frame= 1111 fps= 18 q=28.0 size=N/A time=00:00:46.31 bitrate=N/A speed=0.758x    
frame= 1123 fps= 18 q=28.0 size=N/A time=00:00:46.80 bitrate=N/A speed=0.759x    
frame= 1135 fps= 18 q=28.0 size=N/A time=00:00:47.31 bitrate=N/A speed=0.761x    
frame= 1146 fps= 18 q=28.0 size=N/A time=00:00:47.76 bitrate=N/A speed=0.761x    
frame= 1158 fps= 18 q=28.0 size=N/A time=00:00:48.27 bitrate=N/A speed=0.763x    
frame= 1169 fps= 18 q=28.0 size=N/A time=00:00:48.72 bitrate=N/A speed=0.764x    
frame= 1180 fps= 18 q=28.0 size=N/A time=00:00:49.19 bitrate=N/A speed=0.765x    
frame= 1192 fps= 18 q=28.0 size=N/A time=00:00:49.68 bitrate=N/A speed=0.766x    
frame= 1201 fps= 18 q=28.0 size=N/A time=00:00:50.06 bitrate=N/A speed=0.766x    
frame= 1212 fps= 18 q=28.0 size=N/A time=00:00:50.51 bitrate=N/A speed=0.767x    
frame= 1223 fps= 18 q=28.0 size=N/A time=00:00:50.98 bitrate=N/A speed=0.768x    
frame= 1235 fps= 18 q=28.0 size=N/A time=00:00:51.47 bitrate=N/A speed=0.769x    
frame= 1247 fps= 18 q=28.0 size=N/A time=00:00:51.98 bitrate=N/A speed=0.771x    
frame= 1259 fps= 19 q=28.0 size=N/A time=00:00:52.48 bitrate=N/A speed=0.772x    
[hls @ 0x556ef34ee0] Opening '/config/data/transcodes/4e07adc12b07ba7a85a5919f3bbf4419188.ts' for writing
frame= 1269 fps= 19 q=28.0 size=N/A time=00:00:52.90 bitrate=N/A speed=0.772x    
frame= 1280 fps= 19 q=28.0 size=N/A time=00:00:53.35 bitrate=N/A speed=0.773x    
frame= 1291 fps= 19 q=28.0 size=N/A time=00:00:53.82 bitrate=N/A speed=0.774x    
frame= 1300 fps= 19 q=28.0 size=N/A time=00:00:54.18 bitrate=N/A speed=0.772x    
frame= 1310 fps= 19 q=28.0 size=N/A time=00:00:54.61 bitrate=N/A speed=0.773x    
frame= 1320 fps= 19 q=28.0 size=N/A time=00:00:55.04 bitrate=N/A speed=0.773x    
frame= 1330 fps= 19 q=28.0 size=N/A time=00:00:55.44 bitrate=N/A speed=0.773x    
frame= 1341 fps= 19 q=28.0 size=N/A time=00:00:55.91 bitrate=N/A speed=0.773x    
frame= 1352 fps= 19 q=28.0 size=N/A time=00:00:56.36 bitrate=N/A speed=0.774x    
frame= 1361 fps= 19 q=28.0 size=N/A time=00:00:56.74 bitrate=N/A speed=0.774x    
frame= 1371 fps= 19 q=28.0 size=N/A time=00:00:57.15 bitrate=N/A speed=0.774x    
frame= 1381 fps= 19 q=28.0 size=N/A time=00:00:57.57 bitrate=N/A speed=0.774x    
frame= 1393 fps= 19 q=28.0 size=N/A time=00:00:58.06 bitrate=N/A speed=0.775x    
frame= 1405 fps= 19 q=28.0 size=N/A time=00:00:58.58 bitrate=N/A speed=0.776x    
frame= 1416 fps= 19 q=28.0 size=N/A time=00:00:59.02 bitrate=N/A speed=0.776x    
frame= 1426 fps= 19 q=28.0 size=N/A time=00:00:59.47 bitrate=N/A speed=0.777x    
frame= 1437 fps= 19 q=28.0 size=N/A time=00:00:59.90 bitrate=N/A speed=0.777x    
frame= 1447 fps= 19 q=28.0 size=N/A time=00:01:00.33 bitrate=N/A speed=0.777x    
frame= 1459 fps= 19 q=28.0 size=N/A time=00:01:00.82 bitrate=N/A speed=0.778x    
frame= 1470 fps= 19 q=28.0 size=N/A time=00:01:01.29 bitrate=N/A speed=0.779x    
frame= 1482 fps= 19 q=28.0 size=N/A time=00:01:01.78 bitrate=N/A speed=0.779x    
frame= 1493 fps= 19 q=28.0 size=N/A time=00:01:02.25 bitrate=N/A speed=0.78x    
frame= 1504 fps= 19 q=28.0 size=N/A time=00:01:02.69 bitrate=N/A speed=0.78x    
frame= 1515 fps= 19 q=28.0 size=N/A time=00:01:03.16 bitrate=N/A speed=0.78x    
[hls @ 0x556ef34ee0] Opening '/config/data/transcodes/4e07adc12b07ba7a85a5919f3bbf4419189.ts' for writing
frame= 1525 fps= 19 q=28.0 size=N/A time=00:01:03.57 bitrate=N/A speed=0.781x    
frame= 1534 fps= 19 q=28.0 size=N/A time=00:01:03.95 bitrate=N/A speed=0.78x    
frame= 1545 fps= 19 q=28.0 size=N/A time=00:01:04.40 bitrate=N/A speed=0.781x    
frame= 1556 fps= 19 q=28.0 size=N/A time=00:01:04.87 bitrate=N/A speed=0.782x    
frame= 1566 fps= 19 q=28.0 size=N/A time=00:01:05.28 bitrate=N/A speed=0.782x    
frame= 1577 fps= 19 q=28.0 size=N/A time=00:01:05.72 bitrate=N/A speed=0.782x    
frame= 1585 fps= 19 q=28.0 size=N/A time=00:01:06.09 bitrate=N/A speed=0.782x    
frame= 1597 fps= 19 q=28.0 size=N/A time=00:01:06.58 bitrate=N/A speed=0.783x    
frame= 1608 fps= 19 q=28.0 size=N/A time=00:01:07.05 bitrate=N/A speed=0.783x    
frame= 1619 fps= 19 q=28.0 size=N/A time=00:01:07.49 bitrate=N/A speed=0.783x    
frame= 1630 fps= 19 q=28.0 size=N/A time=00:01:07.96 bitrate=N/A speed=0.784x    
frame= 1640 fps= 19 q=28.0 size=N/A time=00:01:08.37 bitrate=N/A speed=0.784x    
frame= 1649 fps= 19 q=28.0 size=N/A time=00:01:08.75 bitrate=N/A speed=0.784x    
frame= 1660 fps= 19 q=28.0 size=N/A time=00:01:09.20 bitrate=N/A speed=0.784x    
frame= 1672 fps= 19 q=28.0 size=N/A time=00:01:09.71 bitrate=N/A speed=0.784x    
frame= 1683 fps= 19 q=28.0 size=N/A time=00:01:10.16 bitrate=N/A speed=0.785x    
frame= 1694 fps= 19 q=28.0 size=N/A time=00:01:10.63 bitrate=N/A speed=0.785x    
frame= 1703 fps= 19 q=28.0 size=N/A time=00:01:10.99 bitrate=N/A speed=0.784x    
frame= 1713 fps= 19 q=28.0 size=N/A time=00:01:11.42 bitrate=N/A speed=0.785x    
frame= 1724 fps= 19 q=28.0 size=N/A time=00:01:11.87 bitrate=N/A speed=0.785x    
frame= 1735 fps= 19 q=28.0 size=N/A time=00:01:12.34 bitrate=N/A speed=0.785x    
frame= 1747 fps= 19 q=28.0 size=N/A time=00:01:12.83 bitrate=N/A speed=0.786x    
frame= 1758 fps= 19 q=28.0 size=N/A time=00:01:13.30 bitrate=N/A speed=0.786x    
[hls @ 0x556ef34ee0] Opening '/config/data/transcodes/4e07adc12b07ba7a85a5919f3bbf4419190.ts' for writing
frame= 1768 fps= 19 q=28.0 size=N/A time=00:01:13.70 bitrate=N/A speed=0.786x    
frame= 1779 fps= 19 q=28.0 size=N/A time=00:01:14.17 bitrate=N/A speed=0.787x    

[q] command received. Exiting.

[hls @ 0x556ef34ee0] Opening '/config/data/transcodes/4e07adc12b07ba7a85a5919f3bbf4419191.ts' for writing
frame= 1781 fps= 19 q=-1.0 Lsize=N/A time=00:01:14.28 bitrate=N/A speed=0.785x    
video:15782kB audio:3491kB subtitle:0kB other streams:0kB global headers:0kB muxing overhead: unknown
[libx264 @ 0x556edcea30] frame I:8     Avg QP:18.26  size:105893
[libx264 @ 0x556edcea30] frame P:493   Avg QP:21.25  size: 22583
[libx264 @ 0x556edcea30] frame B:1280  Avg QP:24.34  size:  3265
[libx264 @ 0x556edcea30] consecutive B-frames:  3.1%  2.0%  3.7% 91.2%
[libx264 @ 0x556edcea30] mb I  I16..4: 41.3%  0.0% 58.7%
[libx264 @ 0x556edcea30] mb P  I16..4: 16.7%  0.0%  0.0%  P16..4: 42.1%  0.0%  0.0%  0.0%  0.0%    skip:41.1%
[libx264 @ 0x556edcea30] mb B  I16..4:  1.2%  0.0%  0.0%  B16..8: 10.5%  0.0%  0.0%  direct: 3.8%  skip:84.4%  L0:38.2% L1:51.8% BI:10.0%
[libx264 @ 0x556edcea30] coded y,uvDC,uvAC intra: 32.1% 49.8% 15.1% inter: 4.8% 8.0% 0.2%
[libx264 @ 0x556edcea30] i16 v,h,dc,p: 40% 23% 17% 20%
[libx264 @ 0x556edcea30] i4 v,h,dc,ddl,ddr,vr,hd,vl,hu: 23% 24% 18%  4%  7%  5%  6%  5%  8%
[libx264 @ 0x556edcea30] i8c dc,h,v,p: 41% 21% 27% 10%
[libx264 @ 0x556edcea30] Weighted P-Frames: Y:1.0% UV:0.4%
[libx264 @ 0x556edcea30] kb/s:1740.34