/videos/3b6f6b14-5733-5f15-f502-fc128d6ab1a3/hls1/main/0.ts

{"Protocol":0,"Id":"3b6f6b1457335f15f502fc128d6ab1a3","Path":"/data/media/tv/Soundtrack (2022)/Season 1/Soundtrack.1.S01E01.KOREAN.1080p.WEBRip.x265-RARBG.mp4","EncoderPath":null,"EncoderProtocol":null,"Type":0,"Container":"mov,mp4,m4a,3gp,3g2,mj2","Size":720085568,"Name":"Soundtrack.1.S01E01.KOREAN.1080p.WEBRip.x265-RARBG","IsRemote":false,"ETag":"9cfadc57946e85c76119b90b4324cbb8","RunTimeTicks":25838499840,"ReadAtNativeFramerate":false,"IgnoreDts":false,"IgnoreIndex":false,"GenPtsInput":false,"SupportsTranscoding":true,"SupportsDirectStream":true,"SupportsDirectPlay":true,"IsInfiniteStream":false,"RequiresOpening":false,"OpenToken":null,"RequiresClosing":false,"LiveStreamId":null,"BufferMs":null,"RequiresLooping":false,"SupportsProbing":true,"VideoType":0,"IsoType":null,"Video3DFormat":null,"MediaStreams":[{"Codec":"hevc","CodecTag":"hev1","Language":"und","ColorRange":null,"ColorSpace":null,"ColorTransfer":null,"ColorPrimaries":null,"DvVersionMajor":null,"DvVersionMinor":null,"DvProfile":null,"DvLevel":null,"RpuPresentFlag":null,"ElPresentFlag":null,"BlPresentFlag":null,"DvBlSignalCompatibilityId":null,"Comment":null,"TimeBase":"1/24000","CodecTimeBase":null,"Title":null,"VideoRange":"SDR","VideoRangeType":"SDR","VideoDoViTitle":null,"LocalizedUndefined":null,"LocalizedDefault":null,"LocalizedForced":null,"LocalizedExternal":null,"DisplayTitle":"1080p HEVC SDR","NalLengthSize":null,"IsInterlaced":false,"IsAVC":null,"ChannelLayout":null,"BitRate":2000044,"BitDepth":10,"RefFrames":1,"PacketLength":null,"Channels":null,"SampleRate":null,"IsDefault":true,"IsForced":false,"Height":960,"Width":1920,"AverageFrameRate":23.976025,"RealFrameRate":23.976025,"Profile":"Main 10","Type":1,"AspectRatio":"2:1","Index":0,"Score":null,"IsExternal":false,"DeliveryMethod":null,"DeliveryUrl":null,"IsExternalUrl":null,"IsTextSubtitleStream":false,"SupportsExternalStream":false,"Path":null,"PixelFormat":"yuv420p10le","Level":120,"IsAnamorphic":null},{"Codec":"aac","CodecTag":"mp4a","Language":"kor","ColorRange":null,"ColorSpace":null,"ColorTransfer":null,"ColorPrimaries":null,"DvVersionMajor":null,"DvVersionMinor":null,"DvProfile":null,"DvLevel":null,"RpuPresentFlag":null,"ElPresentFlag":null,"BlPresentFlag":null,"DvBlSignalCompatibilityId":null,"Comment":null,"TimeBase":"1/48000","CodecTimeBase":null,"Title":null,"VideoRange":null,"VideoRangeType":null,"VideoDoViTitle":null,"LocalizedUndefined":null,"LocalizedDefault":null,"LocalizedForced":null,"LocalizedExternal":null,"DisplayTitle":"Korean - AAC - 5.1 - Default","NalLengthSize":null,"IsInterlaced":false,"IsAVC":null,"ChannelLayout":"5.1","BitRate":224000,"BitDepth":null,"RefFrames":null,"PacketLength":null,"Channels":6,"SampleRate":48000,"IsDefault":true,"IsForced":false,"Height":null,"Width":null,"AverageFrameRate":null,"RealFrameRate":null,"Profile":"LC","Type":0,"AspectRatio":null,"Index":1,"Score":null,"IsExternal":false,"DeliveryMethod":null,"DeliveryUrl":null,"IsExternalUrl":null,"IsTextSubtitleStream":false,"SupportsExternalStream":false,"Path":null,"PixelFormat":null,"Level":0,"IsAnamorphic":null}],"MediaAttachments":[],"Formats":[],"Bitrate":2229496,"Timestamp":null,"RequiredHttpHeaders":{},"TranscodingUrl":null,"TranscodingSubProtocol":null,"TranscodingContainer":null,"AnalyzeDurationMs":null,"DefaultAudioStreamIndex":null,"DefaultSubtitleStreamIndex":null}

/usr/lib/jellyfin-ffmpeg/ffmpeg -analyzeduration 200M -f mov,mp4,m4a,3gp,3g2,mj2 -autorotate 0 -i file:"/data/media/tv/Soundtrack (2022)/Season 1/Soundtrack.1.S01E01.KOREAN.1080p.WEBRip.x265-RARBG.mp4" -map_metadata -1 -map_chapters -1 -threads 0 -map 0:0 -map 0:1 -map -0:s -codec:v:0 libx264 -preset veryfast -crf 23 -maxrate 6666813 -bufsize 13333626 -x264opts:0 subme=0:me_range=4:rc_lookahead=10:me=dia:no_chroma_me:8x8dct=0:partitions=none -force_key_frames:0 "expr:gte(t,0+n_forced*3)" -sc_threshold:v:0 0 -vf "setparams=color_primaries=bt709:color_trc=bt709:colorspace=bt709,scale=trunc(min(max(iw\,ih*a)\,min(1920\,960*a))/2)*2:trunc(min(max(iw/a\,ih)\,min(1920/a\,960))/2)*2,format=yuv420p" -codec:a:0 libfdk_aac -ac 2 -ab 384000 -ar 48000 -af "volume=2" -copyts -avoid_negative_ts disabled -max_muxing_queue_size 2048 -f hls -max_delay 5000000 -hls_time 3 -hls_segment_type mpegts -start_number 0 -hls_segment_filename "/config/data/transcodes/8dcdd74ddba0daab16ddeb1a59c826f6%d.ts" -hls_playlist_type vod -hls_list_size 0 -y "/config/data/transcodes/8dcdd74ddba0daab16ddeb1a59c826f6.m3u8"


ffmpeg version 5.1.3-Jellyfin Copyright (c) 2000-2022 the FFmpeg developers
  built with gcc 11 (Ubuntu 11.4.0-1ubuntu1~22.04)
  configuration: --prefix=/usr/lib/jellyfin-ffmpeg --target-os=linux --extra-libs=-lfftw3f --extra-version=Jellyfin --disable-doc --disable-ffplay --disable-ptx-compression --disable-static --disable-libxcb --disable-sdl2 --disable-xlib --enable-lto --enable-gpl --enable-version3 --enable-shared --enable-gmp --enable-gnutls --enable-chromaprint --enable-libdrm --enable-libass --enable-libfreetype --enable-libfribidi --enable-libfontconfig --enable-libbluray --enable-libmp3lame --enable-libopus --enable-libtheora --enable-libvorbis --enable-libopenmpt --enable-libdav1d --enable-libwebp --enable-libvpx --enable-libx264 --enable-libx265 --enable-libzvbi --enable-libzimg --enable-libfdk-aac --toolchain=hardened --enable-cross-compile --arch=arm64 --cross-prefix=/usr/bin/aarch64-linux-gnu-
  libavutil      57. 28.100 / 57. 28.100
  libavcodec     59. 37.100 / 59. 37.100
  libavformat    59. 27.100 / 59. 27.100
  libavdevice    59.  7.100 / 59.  7.100
  libavfilter     8. 44.100 /  8. 44.100
  libswscale      6.  7.100 /  6.  7.100
  libswresample   4.  7.100 /  4.  7.100
  libpostproc    56.  6.100 / 56.  6.100
Input #0, mov,mp4,m4a,3gp,3g2,mj2, from 'file:/data/media/tv/Soundtrack (2022)/Season 1/Soundtrack.1.S01E01.KOREAN.1080p.WEBRip.x265-RARBG.mp4':
  Metadata:
    major_brand     : isom
    minor_version   : 512
    compatible_brands: isomiso2mp41
    creation_time   : 2022-04-14T14:39:12.000000Z
    title           : Soundtrack.1.S01E01.KOREAN.1080p.WEBRip.x265-RARBG
    encoder         : Lavf58.20.100
    comment         : Soundtrack.1.S01E01.KOREAN.1080p.WEBRip.x265-RARBG
  Duration: 00:43:03.85, start: 0.000000, bitrate: 2229 kb/s
  Stream #0:0[0x1](und): Video: hevc (Main 10) (hev1 / 0x31766568), yuv420p10le(tv), 1920x960 [SAR 1:1 DAR 2:1], 2000 kb/s, 23.98 fps, 23.98 tbr, 24k tbn (default)
    Metadata:
      creation_time   : 2022-04-14T14:39:12.000000Z
      handler_name    : VideoHandler
      vendor_id       : [0][0][0][0]
  Stream #0:1[0x2](kor): Audio: aac (LC) (mp4a / 0x6134706D), 48000 Hz, 5.1, fltp, 224 kb/s (default)
    Metadata:
      creation_time   : 2022-04-14T14:39:12.000000Z
      handler_name    : SoundHandler
      vendor_id       : [0][0][0][0]
Stream mapping:
  Stream #0:0 -> #0:0 (hevc (native) -> h264 (libx264))
  Stream #0:1 -> #0:1 (aac (native) -> aac (libfdk_aac))
Press [q] to stop, [?] for help
[libx264 @ 0x555ce6a480] using SAR=1/1
[libx264 @ 0x555ce6a480] using cpu capabilities: ARMv8 NEON
[libx264 @ 0x555ce6a480] profile Main, level 4.0, 4:2:0, 8-bit
[libx264 @ 0x555ce6a480] 264 - core 163 r3060 5db6aa6 - H.264/MPEG-4 AVC codec - Copyleft 2003-2021 - http://www.videolan.org/x264.html - options: cabac=1 ref=1 deblock=1:0:0 analyse=0x1:0 me=dia subme=0 psy=1 psy_rd=1.00:0.00 mixed_ref=0 me_range=4 chroma_me=0 trellis=0 8x8dct=0 cqm=0 deadzone=21,11 fast_pskip=1 chroma_qp_offset=0 threads=6 lookahead_threads=1 sliced_threads=0 nr=0 decimate=1 interlaced=0 bluray_compat=0 constrained_intra=0 bframes=3 b_pyramid=2 b_adapt=1 b_bias=0 direct=1 weightb=1 open_gop=0 weightp=1 keyint=250 keyint_min=23 scenecut=0 intra_refresh=0 rc_lookahead=10 rc=crf mbtree=1 crf=23.0 qcomp=0.60 qpmin=0 qpmax=69 qpstep=4 vbv_maxrate=6666 vbv_bufsize=13333 crf_max=0.0 nal_hrd=none filler=0 ip_ratio=1.40 aq=1:1.00
Output #0, hls, to '/config/data/transcodes/8dcdd74ddba0daab16ddeb1a59c826f6.m3u8':
  Metadata:
    encoder         : Lavf59.27.100
  Stream #0:0: Video: h264, yuv420p(tv, bt709, progressive), 1920x960 [SAR 1:1 DAR 2:1], q=2-31, 23.98 fps, 90k tbn (default)
    Metadata:
      encoder         : Lavc59.37.100 libx264
    Side data:
      cpb: bitrate max/min/avg: 6666000/0/0 buffer size: 13333000 vbv_delay: N/A
  Stream #0:1: Audio: aac, 48000 Hz, stereo, s16, 384 kb/s (default)
    Metadata:
      encoder         : Lavc59.37.100 libfdk_aac
frame=    1 fps=0.0 q=0.0 size=N/A time=00:00:00.00 bitrate=N/A speed=   0x    
frame=    4 fps=0.0 q=0.0 size=N/A time=00:00:00.14 bitrate=N/A speed=0.23x    
frame=    7 fps=6.0 q=0.0 size=N/A time=00:00:00.27 bitrate=N/A speed=0.239x    
frame=   11 fps=6.6 q=0.0 size=N/A time=00:00:00.44 bitrate=N/A speed=0.268x    
frame=   14 fps=6.2 q=0.0 size=N/A time=00:00:00.57 bitrate=N/A speed=0.253x    
frame=   19 fps=6.5 q=0.0 size=N/A time=00:00:00.78 bitrate=N/A speed=0.272x    
frame=   24 fps=6.8 q=28.0 size=N/A time=00:00:00.98 bitrate=N/A speed=0.278x    
frame=   27 fps=6.7 q=28.0 size=N/A time=00:00:01.10 bitrate=N/A speed=0.274x    
frame=   33 fps=6.9 q=28.0 size=N/A time=00:00:01.36 bitrate=N/A speed=0.284x    
frame=   39 fps=7.3 q=28.0 size=N/A time=00:00:01.62 bitrate=N/A speed=0.303x    
frame=   41 fps=6.9 q=28.0 size=N/A time=00:00:01.70 bitrate=N/A speed=0.288x    
frame=   50 fps=7.7 q=28.0 size=N/A time=00:00:02.06 bitrate=N/A speed=0.32x    
frame=   54 fps=7.6 q=28.0 size=N/A time=00:00:02.24 bitrate=N/A speed=0.313x    
frame=   59 fps=7.6 q=28.0 size=N/A time=00:00:02.45 bitrate=N/A speed=0.315x    
frame=   66 fps=7.8 q=28.0 size=N/A time=00:00:02.73 bitrate=N/A speed=0.321x    
frame=   72 fps=7.9 q=28.0 size=N/A time=00:00:02.98 bitrate=N/A speed=0.329x    
frame=   75 fps=7.7 q=28.0 size=N/A time=00:00:03.11 bitrate=N/A speed=0.321x    
frame=   81 fps=7.8 q=28.0 size=N/A time=00:00:03.37 bitrate=N/A speed=0.323x    
frame=   87 fps=7.6 q=28.0 size=N/A time=00:00:03.60 bitrate=N/A speed=0.315x    
[hls @ 0x555ce69ed0] Opening '/config/data/transcodes/8dcdd74ddba0daab16ddeb1a59c826f60.ts' for writing
frame=   93 fps=7.4 q=28.0 size=N/A time=00:00:03.86 bitrate=N/A speed=0.306x    
frame=   99 fps=7.4 q=28.0 size=N/A time=00:00:04.11 bitrate=N/A speed=0.308x    
frame=  104 fps=7.5 q=28.0 size=N/A time=00:00:04.33 bitrate=N/A speed=0.311x    
frame=  107 fps=7.4 q=28.0 size=N/A time=00:00:04.45 bitrate=N/A speed=0.31x    
frame=  110 fps=7.4 q=28.0 size=N/A time=00:00:04.58 bitrate=N/A speed=0.308x    
frame=  116 fps=7.4 q=28.0 size=N/A time=00:00:04.82 bitrate=N/A speed=0.309x    
frame=  120 fps=7.4 q=28.0 size=N/A time=00:00:04.99 bitrate=N/A speed=0.308x    
frame=  127 fps=7.6 q=28.0 size=N/A time=00:00:05.29 bitrate=N/A speed=0.316x    
frame=  131 fps=7.6 q=28.0 size=N/A time=00:00:05.44 bitrate=N/A speed=0.314x    
frame=  133 fps=7.5 q=28.0 size=N/A time=00:00:05.52 bitrate=N/A speed=0.31x    
frame=  136 fps=7.4 q=28.0 size=N/A time=00:00:05.65 bitrate=N/A speed=0.307x    
frame=  140 fps=7.3 q=28.0 size=N/A time=00:00:05.82 bitrate=N/A speed=0.303x    
frame=  145 fps=7.3 q=28.0 size=N/A time=00:00:06.03 bitrate=N/A speed=0.306x    
frame=  149 fps=7.4 q=28.0 size=N/A time=00:00:06.20 bitrate=N/A speed=0.306x    
frame=  154 fps=7.4 q=28.0 size=N/A time=00:00:06.40 bitrate=N/A speed=0.307x    
frame=  159 fps=7.4 q=28.0 size=N/A time=00:00:06.61 bitrate=N/A speed=0.31x    
frame=  164 fps=7.4 q=28.0 size=N/A time=00:00:06.82 bitrate=N/A speed=0.308x    
[hls @ 0x555ce69ed0] Opening '/config/data/transcodes/8dcdd74ddba0daab16ddeb1a59c826f61.ts' for writing
frame=  170 fps=7.5 q=28.0 size=N/A time=00:00:07.06 bitrate=N/A speed=0.311x    
frame=  174 fps=7.4 q=28.0 size=N/A time=00:00:07.25 bitrate=N/A speed=0.31x    
frame=  180 fps=7.5 q=28.0 size=N/A time=00:00:07.48 bitrate=N/A speed=0.313x    
frame=  183 fps=7.4 q=28.0 size=N/A time=00:00:07.61 bitrate=N/A speed=0.309x    
frame=  189 fps=7.5 q=28.0 size=N/A time=00:00:07.87 bitrate=N/A speed=0.311x    
frame=  195 fps=7.6 q=28.0 size=N/A time=00:00:08.12 bitrate=N/A speed=0.315x    
frame=  199 fps=7.5 q=28.0 size=N/A time=00:00:08.27 bitrate=N/A speed=0.312x    
frame=  207 fps=7.6 q=28.0 size=N/A time=00:00:08.61 bitrate=N/A speed=0.316x    
frame=  212 fps=7.6 q=28.0 size=N/A time=00:00:08.83 bitrate=N/A speed=0.318x    
frame=  216 fps=7.6 q=28.0 size=N/A time=00:00:09.00 bitrate=N/A speed=0.318x    
frame=  223 fps=7.7 q=28.0 size=N/A time=00:00:09.28 bitrate=N/A speed=0.322x    
frame=  227 fps=7.7 q=28.0 size=N/A time=00:00:09.45 bitrate=N/A speed=0.32x    
frame=  233 fps=7.7 q=28.0 size=N/A time=00:00:09.70 bitrate=N/A speed=0.321x    
[hls @ 0x555ce69ed0] Opening '/config/data/transcodes/8dcdd74ddba0daab16ddeb1a59c826f62.ts' for writing
frame=  239 fps=7.7 q=28.0 size=N/A time=00:00:09.96 bitrate=N/A speed=0.322x    
frame=  245 fps=7.8 q=28.0 size=N/A time=00:00:10.19 bitrate=N/A speed=0.324x    
frame=  252 fps=7.8 q=28.0 size=N/A time=00:00:10.49 bitrate=N/A speed=0.326x    

[q] command received. Exiting.

[hls @ 0x555ce69ed0] Opening '/config/data/transcodes/8dcdd74ddba0daab16ddeb1a59c826f63.ts' for writing
frame=  255 fps=7.5 q=-1.0 Lsize=N/A time=00:00:10.64 bitrate=N/A speed=0.315x    
video:393kB audio:507kB subtitle:0kB other streams:0kB global headers:0kB muxing overhead: unknown
[libx264 @ 0x555ce6a480] frame I:4     Avg QP:12.57  size: 22118
[libx264 @ 0x555ce6a480] frame P:64    Avg QP:15.56  size:  3478
[libx264 @ 0x555ce6a480] frame B:187   Avg QP:18.22  size:   487
[libx264 @ 0x555ce6a480] consecutive B-frames:  1.6%  0.8%  3.5% 94.1%
[libx264 @ 0x555ce6a480] mb I  I16..4: 84.1%  0.0% 15.9%
[libx264 @ 0x555ce6a480] mb P  I16..4:  5.4%  0.0%  0.0%  P16..4: 11.7%  0.0%  0.0%  0.0%  0.0%    skip:82.9%
[libx264 @ 0x555ce6a480] mb B  I16..4:  0.2%  0.0%  0.0%  B16..8:  1.4%  0.0%  0.0%  direct: 1.2%  skip:97.2%  L0:37.9% L1:54.7% BI: 7.4%
[libx264 @ 0x555ce6a480] coded y,uvDC,uvAC intra: 10.8% 22.2% 5.3% inter: 0.5% 2.1% 0.0%
[libx264 @ 0x555ce6a480] i16 v,h,dc,p: 66% 12%  7% 15%
[libx264 @ 0x555ce6a480] i4 v,h,dc,ddl,ddr,vr,hd,vl,hu: 29% 12% 31%  3%  7%  6%  3%  5%  4%
[libx264 @ 0x555ce6a480] i8c dc,h,v,p: 70%  9% 16%  4%
[libx264 @ 0x555ce6a480] Weighted P-Frames: Y:0.0% UV:0.0%
[libx264 @ 0x555ce6a480] kb/s:302.52