Nov 28, 2023 01:26:33.314 [548438052920] INFO - Plex Media Scanner v1.32.7.7621-871adbd44 - Docker Docker Container (LinuxServer.io) aarch64 - build: linux-aarch64 - GMT 00:00
Nov 28, 2023 01:26:33.314 [548438052920] INFO - Linux version: 6.1.0-rpi6-rpi-v8, language: en-US
Nov 28, 2023 01:26:33.314 [548438052920] INFO - Processor: 4-core AArch64
Nov 28, 2023 01:26:33.315 [548438052920] INFO - /usr/lib/plexmediaserver/Plex Media Scanner --analyze --log-file-suffix  Analysis --no-thumbs --item 1
Nov 28, 2023 01:26:33.316 [548505153592] DEBUG - Opening 20 database sessions to library (com.plexapp.plugins.library), SQLite 3.39.4, threadsafe=1
Nov 28, 2023 01:26:33.605 [548505153592] DEBUG - Analyzing media parts for item 1 (Your Name.): 1
Nov 28, 2023 01:26:33.608 [548505153592] DEBUG - Downloading document http://127.0.0.1:32400/library/changestamp
Nov 28, 2023 01:26:33.608 [548505153592] DEBUG - [HCl#1] HTTP requesting GET http://127.0.0.1:32400/library/changestamp
Nov 28, 2023 01:26:33.610 [548428243000] DEBUG - [HttpClient/HCl#1] HTTP/1.1 (0.0s) 200 response from GET http://127.0.0.1:32400/library/changestamp
Nov 28, 2023 01:26:33.611 [548505153592] DEBUG - Updating metadata item (save) (Your Name.) with ID 1
Nov 28, 2023 01:26:33.616 [548505153592] DEBUG - [ID 1] Media part analysis: /media/movies/Your Name. (2016)/Your Name. (2016) Bluray-2160p.mkv
Nov 28, 2023 01:26:33.617 [548505153592] DEBUG - [MI] Opening input file: "/media/movies/Your Name. (2016)/Your Name. (2016) Bluray-2160p.mkv"
Nov 28, 2023 01:26:33.632 [548505153592] DEBUG - [FFMPEG] - Opening '/media/movies/Your Name. (2016)/Your Name. (2016) Bluray-2160p.mkv' for reading
Nov 28, 2023 01:26:33.635 [548505153592] DEBUG - [FFMPEG] - Setting default whitelist 'file,crypto,data'
Nov 28, 2023 01:26:33.668 [548505153592] DEBUG - [FFMPEG] - Format matroska,webm probed with size=2048 and score=100
Nov 28, 2023 01:26:33.675 [548505153592] DEBUG - [FFMPEG] - st:0 removing common factor 1000000 from timebase
Nov 28, 2023 01:26:33.675 [548505153592] DEBUG - [FFMPEG] - st:1 removing common factor 1000000 from timebase
Nov 28, 2023 01:26:33.675 [548505153592] DEBUG - [FFMPEG] - st:2 removing common factor 1000000 from timebase
Nov 28, 2023 01:26:33.675 [548505153592] DEBUG - [FFMPEG] - st:3 removing common factor 1000000 from timebase
Nov 28, 2023 01:26:33.675 [548505153592] DEBUG - [FFMPEG] - st:4 removing common factor 1000000 from timebase
Nov 28, 2023 01:26:33.675 [548505153592] DEBUG - [FFMPEG] - st:5 removing common factor 1000000 from timebase
Nov 28, 2023 01:26:33.675 [548505153592] DEBUG - [FFMPEG] - st:6 removing common factor 1000000 from timebase
Nov 28, 2023 01:26:33.675 [548505153592] INFO - CodecManager: obtaining decoder 'hevc'
Nov 28, 2023 01:26:33.676 [548505153592] DEBUG - [HCl#2] HTTP requesting GET https://plex.tv/api/codecs/hevc_decoder?build=linux-aarch64-standard&deviceId=16fd088c-cead-41f3-93d5-ff537b941bb1&oldestPreviousVersion=1%2E32%2E7%2E7621-871adbd44&version=a31c019-4614
Nov 28, 2023 01:26:34.240 [548428243000] DEBUG - [HttpClient/HCl#2] HTTP/2.0 (0.6s) 200 response from GET https://plex.tv/api/codecs/hevc_decoder?build=linux-aarch64-standard&deviceId=16fd088c-cead-41f3-93d5-ff537b941bb1&oldestPreviousVersion=1%2E32%2E7%2E7621-871adbd44&version=a31c019-4614
Nov 28, 2023 01:26:34.241 [548427718712] DEBUG - [GetFile/HCl#3] HTTP requesting GET https://downloads.plex.tv/codecs/a31c019-4614/linux-aarch64-standard/libhevc_decoder.so
Nov 28, 2023 01:26:34.463 [548428243000] DEBUG - [HttpClient/HCl#3] HTTP/2.0 (0.2s) 200 response from GET https://downloads.plex.tv/codecs/a31c019-4614/linux-aarch64-standard/libhevc_decoder.so
Nov 28, 2023 01:26:34.499 [548505153592] DEBUG - [FFMPEG] - Before avformat_find_stream_info() pos: 4024 bytes read:32768 seeks:0 nb_streams:7
Nov 28, 2023 01:26:34.508 [548505153592] DEBUG - [FFMPEG] - nal_unit_type: 32(VPS), nuh_layer_id: 0, temporal_id: 0
Nov 28, 2023 01:26:34.508 [548505153592] DEBUG - [FFMPEG] - Decoding VPS
Nov 28, 2023 01:26:34.508 [548505153592] DEBUG - [FFMPEG] - Main 10 profile bitstream
Nov 28, 2023 01:26:34.508 [548505153592] DEBUG - [FFMPEG] - nal_unit_type: 33(SPS), nuh_layer_id: 0, temporal_id: 0
Nov 28, 2023 01:26:34.508 [548505153592] DEBUG - [FFMPEG] - Decoding SPS
Nov 28, 2023 01:26:34.508 [548505153592] DEBUG - [FFMPEG] - Main 10 profile bitstream
Nov 28, 2023 01:26:34.508 [548505153592] DEBUG - [FFMPEG] - Decoding VUI
Nov 28, 2023 01:26:34.508 [548505153592] DEBUG - [FFMPEG] - nal_unit_type: 34(PPS), nuh_layer_id: 0, temporal_id: 0
Nov 28, 2023 01:26:34.508 [548505153592] DEBUG - [FFMPEG] - Decoding PPS
Nov 28, 2023 01:26:34.508 [548505153592] DEBUG - [FFMPEG] - nal_unit_type: 39(SEI_PREFIX), nuh_layer_id: 0, temporal_id: 0
Nov 28, 2023 01:26:34.508 [548505153592] DEBUG - [FFMPEG] - Decoding SEI
Nov 28, 2023 01:26:34.509 [548505153592] DEBUG - [FFMPEG] - first_dts 0 not matching first dts NOPTS (pts 0, duration 41) in the queue
Nov 28, 2023 01:26:34.562 [548505153592] WARN - [FFMPEG] - Could not find codec parameters for stream 3 (Subtitle: hdmv_pgs_subtitle (pgssub)): unspecified size
Consider increasing the value for the 'analyzeduration' (20000000) and 'probesize' (20000000) options
Nov 28, 2023 01:26:34.562 [548505153592] WARN - [FFMPEG] - Could not find codec parameters for stream 4 (Subtitle: hdmv_pgs_subtitle (pgssub)): unspecified size
Consider increasing the value for the 'analyzeduration' (20000000) and 'probesize' (20000000) options
Nov 28, 2023 01:26:34.562 [548505153592] WARN - [FFMPEG] - Could not find codec parameters for stream 5 (Subtitle: hdmv_pgs_subtitle (pgssub)): unspecified size
Consider increasing the value for the 'analyzeduration' (20000000) and 'probesize' (20000000) options
Nov 28, 2023 01:26:34.562 [548505153592] WARN - [FFMPEG] - Could not find codec parameters for stream 6 (Subtitle: hdmv_pgs_subtitle (pgssub)): unspecified size
Consider increasing the value for the 'analyzeduration' (20000000) and 'probesize' (20000000) options
Nov 28, 2023 01:26:34.563 [548505153592] DEBUG - [FFMPEG] - After avformat_find_stream_info() pos: 14272055 bytes read:14278584 seeks:0 frames:1417
Nov 28, 2023 01:26:34.576 [548505153592] DEBUG - [MI]  * 71f9608155d4b17679ea78c5f0fc951da2b33a2a [mkv hevc/aac] Duration: 6395683ms, 3840x2160 (1.777778) 23.976fps, bitrate=6519kbps, audio channels=6, optimizedForStreaming=0 ("/media/movies/Your Name. (2016)/Your Name. (2016) Bluray-2160p.mkv")
Nov 28, 2023 01:26:34.576 [548505153592] DEBUG - [MI] Chapters had generic titles, clearing.
Nov 28, 2023 01:26:34.577 [548505153592] DEBUG - [MI] Closing input file: "/media/movies/Your Name. (2016)/Your Name. (2016) Bluray-2160p.mkv"
Nov 28, 2023 01:26:34.599 [548505153592] DEBUG - Committing media stream changes for part 1
Nov 28, 2023 01:26:34.601 [548505153592] DEBUG - Updating media item 1, size=5211882381, metadata_item_id=1
Nov 28, 2023 01:26:34.601 [548505153592] DEBUG - Updating part with ID=1 [/media/movies/Your Name. (2016)/Your Name. (2016) Bluray-2160p.mkv]
Nov 28, 2023 01:26:34.602 [548425072696] DEBUG - [HCl#4] HTTP requesting GET http://127.0.0.1:32400/:/metadata/notify/changeItemState?librarySectionID=1&metadataItemID=1&metadataType=1&state=-1&parentID=-1&rootID=-1&mediaState=analyzing
Nov 28, 2023 01:26:34.604 [548428243000] DEBUG - [HttpClient/HCl#4] HTTP/1.1 (0.0s) 200 response from GET http://127.0.0.1:32400/:/metadata/notify/changeItemState?librarySectionID=1&metadataItemID=1&metadataType=1&state=-1&parentID=-1&rootID=-1&mediaState=analyzing (reused)
Nov 28, 2023 01:26:34.604 [548425072696] DEBUG - [HCl#5] HTTP requesting GET http://127.0.0.1:32400/:/metadata/notify/changeItemState?librarySectionID=1&metadataItemID=1&metadataType=1&state=-1&parentID=-1&rootID=-1&mediaState=idle
Nov 28, 2023 01:26:34.605 [548428243000] DEBUG - [HttpClient/HCl#5] HTTP/1.1 (0.0s) 200 response from GET http://127.0.0.1:32400/:/metadata/notify/changeItemState?librarySectionID=1&metadataItemID=1&metadataType=1&state=-1&parentID=-1&rootID=-1&mediaState=idle (reused)
Nov 28, 2023 01:26:34.610 [548505153592] DEBUG - Downloading document http://127.0.0.1:32400/library/changestamp
Nov 28, 2023 01:26:34.610 [548505153592] DEBUG - [HCl#6] HTTP requesting GET http://127.0.0.1:32400/library/changestamp
Nov 28, 2023 01:26:34.612 [548428243000] DEBUG - [HttpClient/HCl#6] HTTP/1.1 (0.0s) 200 response from GET http://127.0.0.1:32400/library/changestamp (reused)
Nov 28, 2023 01:26:34.612 [548505153592] DEBUG - Updating metadata item (save) (Your Name.) with ID 1
