Nov 28, 2023 01:26:49.566 [547532660792] INFO - Plex Media Scanner v1.32.7.7621-871adbd44 - Docker Docker Container (LinuxServer.io) aarch64 - build: linux-aarch64 - GMT 00:00
Nov 28, 2023 01:26:49.567 [547532660792] INFO - Linux version: 6.1.0-rpi6-rpi-v8, language: en-US
Nov 28, 2023 01:26:49.567 [547532660792] INFO - Processor: 4-core AArch64
Nov 28, 2023 01:26:49.567 [547532660792] INFO - /usr/lib/plexmediaserver/Plex Media Scanner --match --type 2 --log-file-suffix  Matcher --item 40
Nov 28, 2023 01:26:49.568 [547599761464] DEBUG - Opening 20 database sessions to library (com.plexapp.plugins.library), SQLite 3.39.4, threadsafe=1
Nov 28, 2023 01:26:49.888 [547599761464] DEBUG - Matcher: found 0 auxiliary files for Specials
Nov 28, 2023 01:26:49.898 [547599761464] DEBUG - Matcher: no sidecar subtitle files found for /media/tv/The Eminence in Shadow/Specials/The Eminence In Shadow - S00E01 - Kage-Jitsu! Operation 1 The Seven Shadows Want Their Operation To Succeed!.mkv
Nov 28, 2023 01:26:49.898 [547599761464] DEBUG - Matcher: no sidecar subtitle files found for /media/tv/The Eminence in Shadow/Specials/The Eminence In Shadow - S00E02 - Kage-Jitsu! Operation 2 The Seven Shadows Want To Perfect An Amazing War Chronicle!.mkv
Nov 28, 2023 01:26:49.898 [547599761464] DEBUG - Matcher: no sidecar subtitle files found for /media/tv/The Eminence in Shadow/Specials/The Eminence In Shadow - S00E03 - Kage-Jitsu! Operation 3 The Seven Shadows Want To Make Delicious Chocolate!.mkv
Nov 28, 2023 01:26:49.898 [547599761464] DEBUG - Matcher: no sidecar subtitle files found for /media/tv/The Eminence in Shadow/Specials/The Eminence In Shadow - S00E04 - Kage-Jitsu! Operation 4 The Seven Shadows Want To Procure The Legendary Coffee!.mkv
Nov 28, 2023 01:26:49.898 [547599761464] DEBUG - Matcher: no sidecar subtitle files found for /media/tv/The Eminence in Shadow/Specials/The Eminence In Shadow - S00E05 - Kage-Jitsu! Operation 5 The Seven Shadows Want To Create An Artifact!.mkv
Nov 28, 2023 01:26:49.898 [547599761464] DEBUG - Matcher: no sidecar subtitle files found for /media/tv/The Eminence in Shadow/Specials/The Eminence In Shadow - S00E06 - Kage-Jitsu! Operation 6 The Seven Shadows Want To Recommend Cute Underwear!.mkv
Nov 28, 2023 01:26:49.898 [547599761464] DEBUG - Matcher: no sidecar subtitle files found for /media/tv/The Eminence in Shadow/Specials/The Eminence In Shadow - S00E07 - Kage-Jitsu! Operation 7 The Seven Shadows Want To Select Cute Underwear!.mkv
Nov 28, 2023 01:26:49.898 [547599761464] DEBUG - Matcher: no sidecar subtitle files found for /media/tv/The Eminence in Shadow/Specials/The Eminence In Shadow - S00E08 - Kage-Jitsu! Operation 8 The Seven Shadows Want To Bathe In The Finest Hot Spa!.mkv
Nov 28, 2023 01:26:49.898 [547599761464] DEBUG - Matcher: no sidecar subtitle files found for /media/tv/The Eminence in Shadow/Specials/The Eminence In Shadow - S00E09 - Kage-Jitsu! Operation 9 The Seven Shadows Want To Get Along Together!.mkv
Nov 28, 2023 01:26:49.898 [547599761464] DEBUG - Matcher: no sidecar subtitle files found for /media/tv/The Eminence in Shadow/Specials/The Eminence In Shadow - S00E10 - Kage-Jitsu! Operation 10 The Seven Shadows Want To Gain Awesome Muscles!.mkv
Nov 28, 2023 01:26:49.898 [547599761464] DEBUG - Matcher: no sidecar subtitle files found for /media/tv/The Eminence in Shadow/Specials/The Eminence In Shadow - S00E11 - Kage-Jitsu! Operation 11 The Seven Shadows Want To Understand What Bubble Means!.mkv
Nov 28, 2023 01:26:49.898 [547599761464] DEBUG - Matcher: no sidecar subtitle files found for /media/tv/The Eminence in Shadow/Specials/The Eminence In Shadow - S00E12 - Kage-Jitsu! Operation 12 The Seven Shadows Want To Create A New Flavor!.mkv
Nov 28, 2023 01:26:49.898 [547599761464] DEBUG - Matcher: no sidecar subtitle files found for /media/tv/The Eminence in Shadow/Specials/The Eminence In Shadow - S00E13 - Kage-Jitsu! Operation 13 The Seven Shadows Want To See Friendliness Being Displayed!.mkv
Nov 28, 2023 01:26:49.898 [547599761464] DEBUG - Matcher: no sidecar subtitle files found for /media/tv/The Eminence in Shadow/Specials/The Eminence In Shadow - S00E14 - Kage-Jitsu! Operation 14 The Seven Shadows Want To Receive Words Of Praise!.mkv
Nov 28, 2023 01:26:49.898 [547599761464] DEBUG - Matcher: no sidecar subtitle files found for /media/tv/The Eminence in Shadow/Specials/The Eminence In Shadow - S00E15 - Kage-Jitsu! Operation 15 The Seven Shadows Want To Enjoy Pleasant Music!.mkv
Nov 28, 2023 01:26:49.898 [547599761464] DEBUG - Matcher: no sidecar subtitle files found for /media/tv/The Eminence in Shadow/Specials/The Eminence In Shadow - S00E16 - Kage-Jitsu! Operation 16 The Seven Shadows Want To Put On Amazing Underwear!.mkv
Nov 28, 2023 01:26:49.898 [547599761464] DEBUG - Matcher: no sidecar subtitle files found for /media/tv/The Eminence in Shadow/Specials/The Eminence In Shadow - S00E17 - Kage-Jitsu! Operation 17 The Seven Shadows Want To Continue This Operation!.mkv
