2023-11-27T06:00:00.047Z [debug][Jobs]: Starting scheduled job: Download Sync 
2023-11-27T06:00:00.111Z [info][Jobs]: Starting scheduled job: Jellyfin Recently Added Sync 
2023-11-27T06:00:00.112Z [info][Jellyfin Sync]: Jellyfin Sync Starting {"sessionId":"758ca74d-6f03-4ed3-86ed-6461873aea6b"}
2023-11-27T06:00:00.146Z [info][Jellyfin Sync]: Beginning to process recently added for library: Movies 
2023-11-27T06:00:00.503Z [debug][Jellyfin Sync]: Title already exists and no new media types found Your Name. 
2023-11-27T06:00:04.507Z [info][Jellyfin Sync]: Beginning to process recently added for library: Shows 
2023-11-27T06:00:04.778Z [debug][Jellyfin Sync]: Updating existing title: Soundtrack #1 
2023-11-27T06:00:04.849Z [debug][Jellyfin Sync]: Updating existing title: The Eminence in Shadow 
2023-11-27T06:00:08.852Z [info][Jellyfin Sync]: Recently Added Scan Complete 
2023-11-27T06:01:00.059Z [debug][Jobs]: Starting scheduled job: Download Sync 
2023-11-27T06:02:00.027Z [debug][Jobs]: Starting scheduled job: Download Sync 
2023-11-27T06:03:00.055Z [debug][Jobs]: Starting scheduled job: Download Sync 
2023-11-27T06:04:00.051Z [debug][Jobs]: Starting scheduled job: Download Sync 
2023-11-27T06:04:40.205Z [info][Jobs]: Starting scheduled job: Plex Watchlist Sync 
2023-11-27T06:05:00.037Z [debug][Jobs]: Starting scheduled job: Download Sync 
2023-11-27T06:05:00.053Z [info][Jobs]: Starting scheduled job: Jellyfin Recently Added Sync 
2023-11-27T06:05:00.055Z [info][Jellyfin Sync]: Jellyfin Sync Starting {"sessionId":"50e003ae-1e6d-4316-8442-a0fda6804dd3"}
2023-11-27T06:05:00.119Z [info][Jellyfin Sync]: Beginning to process recently added for library: Movies 
2023-11-27T06:05:00.220Z [debug][Jellyfin Sync]: Title already exists and no new media types found Your Name. 
2023-11-27T06:05:04.228Z [info][Jellyfin Sync]: Beginning to process recently added for library: Shows 
2023-11-27T06:05:04.357Z [debug][Jellyfin Sync]: Updating existing title: Soundtrack #1 
2023-11-27T06:05:04.437Z [debug][Jellyfin Sync]: Updating existing title: The Eminence in Shadow 
2023-11-27T06:05:08.442Z [info][Jellyfin Sync]: Recently Added Scan Complete 
2023-11-27T06:06:00.055Z [debug][Jobs]: Starting scheduled job: Download Sync 
2023-11-27T06:07:00.026Z [debug][Jobs]: Starting scheduled job: Download Sync 
2023-11-27T06:08:00.045Z [debug][Jobs]: Starting scheduled job: Download Sync 
2023-11-27T06:09:00.049Z [debug][Jobs]: Starting scheduled job: Download Sync 
2023-11-27T06:10:00.056Z [debug][Jobs]: Starting scheduled job: Download Sync 
2023-11-27T06:10:00.076Z [info][Jobs]: Starting scheduled job: Jellyfin Recently Added Sync 
2023-11-27T06:10:00.080Z [info][Jellyfin Sync]: Jellyfin Sync Starting {"sessionId":"0893e2bb-cde4-4ac0-a979-24c832a4511f"}
2023-11-27T06:10:00.098Z [info][Jellyfin Sync]: Beginning to process recently added for library: Movies 
2023-11-27T06:10:01.572Z [debug][Jellyfin Sync]: Title already exists and no new media types found Your Name. 
2023-11-27T06:10:05.580Z [info][Jellyfin Sync]: Beginning to process recently added for library: Shows 
2023-11-27T06:10:05.879Z [debug][Jellyfin Sync]: Updating existing title: Soundtrack #1 
2023-11-27T06:10:06.244Z [debug][Jellyfin Sync]: Updating existing title: The Eminence in Shadow 
2023-11-27T06:10:10.249Z [info][Jellyfin Sync]: Recently Added Scan Complete 
2023-11-27T06:11:00.021Z [debug][Jobs]: Starting scheduled job: Download Sync 
2023-11-27T06:12:00.051Z [debug][Jobs]: Starting scheduled job: Download Sync 
2023-11-27T06:13:00.055Z [debug][Jobs]: Starting scheduled job: Download Sync 
2023-11-27T06:14:00.025Z [debug][Jobs]: Starting scheduled job: Download Sync 
2023-11-27T06:15:00.056Z [debug][Jobs]: Starting scheduled job: Download Sync 
2023-11-27T06:15:00.074Z [info][Jobs]: Starting scheduled job: Jellyfin Recently Added Sync 
2023-11-27T06:15:00.076Z [info][Jellyfin Sync]: Jellyfin Sync Starting {"sessionId":"41d371c8-c5eb-4567-8a8b-b09274d9f3d8"}
2023-11-27T06:15:00.105Z [info][Jellyfin Sync]: Beginning to process recently added for library: Movies 
2023-11-27T06:15:00.194Z [debug][Jellyfin Sync]: Title already exists and no new media types found Your Name. 
2023-11-27T06:15:04.199Z [info][Jellyfin Sync]: Beginning to process recently added for library: Shows 
2023-11-27T06:15:04.316Z [debug][Jellyfin Sync]: Updating existing title: Soundtrack #1 
2023-11-27T06:15:04.394Z [debug][Jellyfin Sync]: Updating existing title: The Eminence in Shadow 
2023-11-27T06:15:08.400Z [info][Jellyfin Sync]: Recently Added Scan Complete 
2023-11-27T06:16:00.053Z [debug][Jobs]: Starting scheduled job: Download Sync 
2023-11-27T06:17:00.024Z [debug][Jobs]: Starting scheduled job: Download Sync 
2023-11-27T06:18:00.056Z [debug][Jobs]: Starting scheduled job: Download Sync 
2023-11-27T06:19:00.047Z [debug][Jobs]: Starting scheduled job: Download Sync 
2023-11-27T06:20:00.051Z [debug][Jobs]: Starting scheduled job: Download Sync 
2023-11-27T06:20:00.068Z [info][Jobs]: Starting scheduled job: Jellyfin Recently Added Sync 
2023-11-27T06:20:00.070Z [info][Jellyfin Sync]: Jellyfin Sync Starting {"sessionId":"e5cc4d70-3762-4198-bfdb-1757e0250bbe"}
2023-11-27T06:20:00.089Z [info][Jellyfin Sync]: Beginning to process recently added for library: Movies 
2023-11-27T06:20:01.299Z [debug][Jellyfin Sync]: Title already exists and no new media types found Your Name. 
2023-11-27T06:20:05.305Z [info][Jellyfin Sync]: Beginning to process recently added for library: Shows 
2023-11-27T06:20:05.664Z [debug][Jellyfin Sync]: Updating existing title: Soundtrack #1 
2023-11-27T06:20:05.814Z [debug][Jellyfin Sync]: Updating existing title: The Eminence in Shadow 
2023-11-27T06:20:09.819Z [info][Jellyfin Sync]: Recently Added Scan Complete 
2023-11-27T06:21:00.052Z [debug][Jobs]: Starting scheduled job: Download Sync 
2023-11-27T06:22:00.047Z [debug][Jobs]: Starting scheduled job: Download Sync 
2023-11-27T06:23:00.050Z [debug][Jobs]: Starting scheduled job: Download Sync 
2023-11-27T06:24:00.047Z [debug][Jobs]: Starting scheduled job: Download Sync 
2023-11-27T06:24:10.967Z [info][Jobs]: Starting scheduled job: Plex Watchlist Sync 
2023-11-27T06:25:00.050Z [debug][Jobs]: Starting scheduled job: Download Sync 
2023-11-27T06:25:00.067Z [info][Jobs]: Starting scheduled job: Jellyfin Recently Added Sync 
2023-11-27T06:25:00.069Z [info][Jellyfin Sync]: Jellyfin Sync Starting {"sessionId":"b301d0be-bb31-4538-b5d7-2b259f1106ce"}
2023-11-27T06:25:00.087Z [info][Jellyfin Sync]: Beginning to process recently added for library: Movies 
2023-11-27T06:25:00.199Z [debug][Jellyfin Sync]: Title already exists and no new media types found Your Name. 
2023-11-27T06:25:04.207Z [info][Jellyfin Sync]: Beginning to process recently added for library: Shows 
2023-11-27T06:25:04.350Z [debug][Jellyfin Sync]: Updating existing title: Soundtrack #1 
2023-11-27T06:25:04.450Z [debug][Jellyfin Sync]: Updating existing title: The Eminence in Shadow 
2023-11-27T06:25:08.455Z [info][Jellyfin Sync]: Recently Added Scan Complete 
2023-11-27T06:26:00.057Z [debug][Jobs]: Starting scheduled job: Download Sync 
2023-11-27T06:27:00.044Z [debug][Jobs]: Starting scheduled job: Download Sync 
2023-11-27T06:28:00.029Z [debug][Jobs]: Starting scheduled job: Download Sync 
2023-11-27T06:29:00.048Z [debug][Jobs]: Starting scheduled job: Download Sync 
2023-11-27T06:30:00.054Z [debug][Jobs]: Starting scheduled job: Download Sync 
2023-11-27T06:30:00.074Z [info][Jobs]: Starting scheduled job: Jellyfin Recently Added Sync 
2023-11-27T06:30:00.079Z [info][Jellyfin Sync]: Jellyfin Sync Starting {"sessionId":"aeee973a-12d2-4c15-9a36-9ef47024d7ba"}
2023-11-27T06:30:00.099Z [info][Jellyfin Sync]: Beginning to process recently added for library: Movies 
2023-11-27T06:30:00.328Z [debug][Jellyfin Sync]: Title already exists and no new media types found Your Name. 
2023-11-27T06:30:04.331Z [info][Jellyfin Sync]: Beginning to process recently added for library: Shows 
2023-11-27T06:30:04.621Z [debug][Jellyfin Sync]: Updating existing title: Soundtrack #1 
2023-11-27T06:30:04.671Z [debug][Jellyfin Sync]: Updating existing title: The Eminence in Shadow 
2023-11-27T06:30:08.675Z [info][Jellyfin Sync]: Recently Added Scan Complete 
2023-11-27T06:31:00.056Z [debug][Jobs]: Starting scheduled job: Download Sync 
2023-11-27T06:32:00.014Z [debug][Jobs]: Starting scheduled job: Download Sync 
2023-11-27T06:33:00.053Z [debug][Jobs]: Starting scheduled job: Download Sync 
2023-11-27T06:34:00.015Z [debug][Jobs]: Starting scheduled job: Download Sync 
2023-11-27T06:35:00.053Z [debug][Jobs]: Starting scheduled job: Download Sync 
2023-11-27T06:35:00.070Z [info][Jobs]: Starting scheduled job: Jellyfin Recently Added Sync 
2023-11-27T06:35:00.072Z [info][Jellyfin Sync]: Jellyfin Sync Starting {"sessionId":"4d81bc5e-e267-4a2e-830c-d1c44cbf75b5"}
2023-11-27T06:35:00.092Z [info][Jellyfin Sync]: Beginning to process recently added for library: Movies 
2023-11-27T06:35:00.169Z [debug][Jellyfin Sync]: Title already exists and no new media types found Your Name. 
2023-11-27T06:35:04.175Z [info][Jellyfin Sync]: Beginning to process recently added for library: Shows 
2023-11-27T06:35:04.297Z [debug][Jellyfin Sync]: Updating existing title: Soundtrack #1 
2023-11-27T06:35:04.380Z [debug][Jellyfin Sync]: Updating existing title: The Eminence in Shadow 
2023-11-27T06:35:08.386Z [info][Jellyfin Sync]: Recently Added Scan Complete 
2023-11-27T06:36:00.060Z [debug][Jobs]: Starting scheduled job: Download Sync 
2023-11-27T06:37:00.052Z [debug][Jobs]: Starting scheduled job: Download Sync 
2023-11-27T06:38:00.045Z [debug][Jobs]: Starting scheduled job: Download Sync 
2023-11-27T06:39:00.026Z [debug][Jobs]: Starting scheduled job: Download Sync 
2023-11-27T06:40:00.036Z [debug][Jobs]: Starting scheduled job: Download Sync 
2023-11-27T06:40:00.044Z [info][Jobs]: Starting scheduled job: Jellyfin Recently Added Sync 
2023-11-27T06:40:00.045Z [info][Jellyfin Sync]: Jellyfin Sync Starting {"sessionId":"6b9b55d3-80e0-4dc0-8c7a-4d2c15d19a75"}
2023-11-27T06:40:00.052Z [info][Jellyfin Sync]: Beginning to process recently added for library: Movies 
2023-11-27T06:40:00.267Z [debug][Jellyfin Sync]: Title already exists and no new media types found Your Name. 
2023-11-27T06:40:04.271Z [info][Jellyfin Sync]: Beginning to process recently added for library: Shows 
2023-11-27T06:40:04.553Z [debug][Jellyfin Sync]: Updating existing title: Soundtrack #1 
2023-11-27T06:40:04.698Z [debug][Jellyfin Sync]: Updating existing title: The Eminence in Shadow 
2023-11-27T06:40:08.702Z [info][Jellyfin Sync]: Recently Added Scan Complete 
2023-11-27T06:41:00.045Z [debug][Jobs]: Starting scheduled job: Download Sync 
2023-11-27T06:42:00.012Z [debug][Jobs]: Starting scheduled job: Download Sync 
2023-11-27T06:43:00.024Z [debug][Jobs]: Starting scheduled job: Download Sync 
2023-11-27T06:44:00.042Z [debug][Jobs]: Starting scheduled job: Download Sync 
2023-11-27T06:45:00.044Z [debug][Jobs]: Starting scheduled job: Download Sync 
2023-11-27T06:45:00.061Z [info][Jobs]: Starting scheduled job: Jellyfin Recently Added Sync 
2023-11-27T06:45:00.063Z [info][Jellyfin Sync]: Jellyfin Sync Starting {"sessionId":"83347d06-9ae4-48fb-be55-97e4d21c69ee"}
2023-11-27T06:45:00.080Z [info][Jellyfin Sync]: Beginning to process recently added for library: Movies 
2023-11-27T06:45:00.179Z [debug][Jellyfin Sync]: Title already exists and no new media types found Your Name. 
2023-11-27T06:45:02.625Z [info][Jobs]: Starting scheduled job: Plex Watchlist Sync 
2023-11-27T06:45:04.182Z [info][Jellyfin Sync]: Beginning to process recently added for library: Shows 
2023-11-27T06:45:04.301Z [debug][Jellyfin Sync]: Updating existing title: Soundtrack #1 
2023-11-27T06:45:04.384Z [debug][Jellyfin Sync]: Updating existing title: The Eminence in Shadow 
2023-11-27T06:45:08.389Z [info][Jellyfin Sync]: Recently Added Scan Complete 
2023-11-27T06:46:00.053Z [debug][Jobs]: Starting scheduled job: Download Sync 
2023-11-27T06:47:00.026Z [debug][Jobs]: Starting scheduled job: Download Sync 
2023-11-27T06:48:00.055Z [debug][Jobs]: Starting scheduled job: Download Sync 
2023-11-27T06:49:00.051Z [debug][Jobs]: Starting scheduled job: Download Sync 
2023-11-27T06:50:00.043Z [debug][Jobs]: Starting scheduled job: Download Sync 
2023-11-27T06:50:00.050Z [info][Jobs]: Starting scheduled job: Jellyfin Recently Added Sync 
2023-11-27T06:50:00.051Z [info][Jellyfin Sync]: Jellyfin Sync Starting {"sessionId":"b28cb17e-8377-47db-8485-c90f6093c7be"}
2023-11-27T06:50:00.060Z [info][Jellyfin Sync]: Beginning to process recently added for library: Movies 
2023-11-27T06:50:00.251Z [debug][Jellyfin Sync]: Title already exists and no new media types found Your Name. 
2023-11-27T06:50:04.256Z [info][Jellyfin Sync]: Beginning to process recently added for library: Shows 
2023-11-27T06:50:04.556Z [debug][Jellyfin Sync]: Updating existing title: Soundtrack #1 
2023-11-27T06:50:04.661Z [debug][Jellyfin Sync]: Updating existing title: The Eminence in Shadow 
2023-11-27T06:50:08.666Z [info][Jellyfin Sync]: Recently Added Scan Complete 
2023-11-27T06:51:00.049Z [debug][Jobs]: Starting scheduled job: Download Sync 
2023-11-27T06:52:00.044Z [debug][Jobs]: Starting scheduled job: Download Sync 
2023-11-27T06:53:00.049Z [debug][Jobs]: Starting scheduled job: Download Sync 
2023-11-27T06:54:00.030Z [debug][Jobs]: Starting scheduled job: Download Sync 
2023-11-27T06:55:00.053Z [debug][Jobs]: Starting scheduled job: Download Sync 
2023-11-27T06:55:00.071Z [info][Jobs]: Starting scheduled job: Jellyfin Recently Added Sync 
2023-11-27T06:55:00.078Z [info][Jellyfin Sync]: Jellyfin Sync Starting {"sessionId":"2811846d-9863-4e56-8583-015e3a0dea8d"}
2023-11-27T06:55:00.094Z [info][Jellyfin Sync]: Beginning to process recently added for library: Movies 
2023-11-27T06:55:00.193Z [debug][Jellyfin Sync]: Title already exists and no new media types found Your Name. 
2023-11-27T06:55:04.198Z [info][Jellyfin Sync]: Beginning to process recently added for library: Shows 
2023-11-27T06:55:04.322Z [debug][Jellyfin Sync]: Updating existing title: Soundtrack #1 
2023-11-27T06:55:04.398Z [debug][Jellyfin Sync]: Updating existing title: The Eminence in Shadow 
2023-11-27T06:55:08.402Z [info][Jellyfin Sync]: Recently Added Scan Complete 
2023-11-27T06:56:00.045Z [debug][Jobs]: Starting scheduled job: Download Sync 
2023-11-27T06:57:00.052Z [debug][Jobs]: Starting scheduled job: Download Sync 
2023-11-27T06:58:00.017Z [debug][Jobs]: Starting scheduled job: Download Sync 
2023-11-27T06:59:00.048Z [debug][Jobs]: Starting scheduled job: Download Sync 
2023-11-27T07:00:00.027Z [debug][Jobs]: Starting scheduled job: Download Sync 
2023-11-27T07:00:00.033Z [info][Jobs]: Starting scheduled job: Jellyfin Recently Added Sync 
2023-11-27T07:00:00.034Z [info][Jellyfin Sync]: Jellyfin Sync Starting {"sessionId":"745de2e5-08da-46b1-a88d-5eb866b90170"}
2023-11-27T07:00:00.055Z [info][Jobs]: Starting scheduled job: Download Sync Reset 
2023-11-27T07:00:00.061Z [info][Jellyfin Sync]: Beginning to process recently added for library: Movies 
2023-11-27T07:00:00.270Z [debug][Jellyfin Sync]: Title already exists and no new media types found Your Name. 
2023-11-27T07:00:04.274Z [info][Jellyfin Sync]: Beginning to process recently added for library: Shows 
2023-11-27T07:00:04.535Z [debug][Jellyfin Sync]: Updating existing title: Soundtrack #1 
2023-11-27T07:00:04.616Z [debug][Jellyfin Sync]: Updating existing title: The Eminence in Shadow 
2023-11-27T07:00:08.621Z [info][Jellyfin Sync]: Recently Added Scan Complete 
2023-11-27T07:01:00.064Z [debug][Jobs]: Starting scheduled job: Download Sync 
2023-11-27T07:02:00.059Z [debug][Jobs]: Starting scheduled job: Download Sync 
2023-11-27T07:03:00.054Z [debug][Jobs]: Starting scheduled job: Download Sync 
2023-11-27T07:03:42.996Z [info][Jobs]: Starting scheduled job: Plex Watchlist Sync 
2023-11-27T07:04:00.014Z [debug][Jobs]: Starting scheduled job: Download Sync 
2023-11-27T07:05:00.031Z [debug][Jobs]: Starting scheduled job: Download Sync 
2023-11-27T07:05:00.055Z [info][Jobs]: Starting scheduled job: Jellyfin Recently Added Sync 
2023-11-27T07:05:00.058Z [info][Jellyfin Sync]: Jellyfin Sync Starting {"sessionId":"43631136-647f-4211-8a6e-bd822e5eb256"}
2023-11-27T07:05:00.079Z [info][Jellyfin Sync]: Beginning to process recently added for library: Movies 
2023-11-27T07:05:00.168Z [debug][Jellyfin Sync]: Title already exists and no new media types found Your Name. 
2023-11-27T07:05:04.175Z [info][Jellyfin Sync]: Beginning to process recently added for library: Shows 
2023-11-27T07:05:04.290Z [debug][Jellyfin Sync]: Updating existing title: Soundtrack #1 
2023-11-27T07:05:04.371Z [debug][Jellyfin Sync]: Updating existing title: The Eminence in Shadow 
2023-11-27T07:05:08.378Z [info][Jellyfin Sync]: Recently Added Scan Complete 
2023-11-27T07:06:00.038Z [debug][Jobs]: Starting scheduled job: Download Sync 
2023-11-27T07:07:00.054Z [debug][Jobs]: Starting scheduled job: Download Sync 
2023-11-27T07:08:00.058Z [debug][Jobs]: Starting scheduled job: Download Sync 
2023-11-27T07:09:00.058Z [debug][Jobs]: Starting scheduled job: Download Sync 
2023-11-27T07:10:00.057Z [debug][Jobs]: Starting scheduled job: Download Sync 
2023-11-27T07:10:00.082Z [info][Jobs]: Starting scheduled job: Jellyfin Recently Added Sync 
2023-11-27T07:10:00.084Z [info][Jellyfin Sync]: Jellyfin Sync Starting {"sessionId":"88855a4e-7fbc-41a0-8c47-fe2c8249014e"}
2023-11-27T07:10:00.097Z [info][Jellyfin Sync]: Beginning to process recently added for library: Movies 
2023-11-27T07:10:00.336Z [debug][Jellyfin Sync]: Title already exists and no new media types found Your Name. 
2023-11-27T07:10:04.340Z [info][Jellyfin Sync]: Beginning to process recently added for library: Shows 
2023-11-27T07:10:04.736Z [debug][Jellyfin Sync]: Updating existing title: The Eminence in Shadow 
2023-11-27T07:10:08.174Z [debug][Jellyfin Sync]: Updating existing title: Soundtrack #1 
2023-11-27T07:10:12.179Z [info][Jellyfin Sync]: Recently Added Scan Complete 
2023-11-27T07:11:00.061Z [debug][Jobs]: Starting scheduled job: Download Sync 
2023-11-27T07:12:00.043Z [debug][Jobs]: Starting scheduled job: Download Sync 
2023-11-27T07:13:00.022Z [debug][Jobs]: Starting scheduled job: Download Sync 
2023-11-27T07:14:00.038Z [debug][Jobs]: Starting scheduled job: Download Sync 
2023-11-27T07:15:00.049Z [debug][Jobs]: Starting scheduled job: Download Sync 
2023-11-27T07:15:00.096Z [info][Jobs]: Starting scheduled job: Jellyfin Recently Added Sync 
2023-11-27T07:15:00.098Z [info][Jellyfin Sync]: Jellyfin Sync Starting {"sessionId":"481b9351-05e0-4665-8ce9-23f1c3adb891"}
2023-11-27T07:15:00.125Z [info][Jellyfin Sync]: Beginning to process recently added for library: Movies 
2023-11-27T07:15:00.216Z [debug][Jellyfin Sync]: Title already exists and no new media types found Your Name. 
2023-11-27T07:15:04.221Z [info][Jellyfin Sync]: Beginning to process recently added for library: Shows 
2023-11-27T07:15:04.345Z [debug][Jellyfin Sync]: Updating existing title: Soundtrack #1 
2023-11-27T07:15:04.439Z [debug][Jellyfin Sync]: Updating existing title: The Eminence in Shadow 
2023-11-27T07:15:08.445Z [info][Jellyfin Sync]: Recently Added Scan Complete 
2023-11-27T07:16:00.057Z [debug][Jobs]: Starting scheduled job: Download Sync 
2023-11-27T07:17:00.051Z [debug][Jobs]: Starting scheduled job: Download Sync 
2023-11-27T07:18:00.050Z [debug][Jobs]: Starting scheduled job: Download Sync 
2023-11-27T07:18:54.396Z [info][Jobs]: Starting scheduled job: Plex Watchlist Sync 
2023-11-27T07:19:00.023Z [debug][Jobs]: Starting scheduled job: Download Sync 
2023-11-27T07:20:00.050Z [debug][Jobs]: Starting scheduled job: Download Sync 
2023-11-27T07:20:00.091Z [info][Jobs]: Starting scheduled job: Jellyfin Recently Added Sync 
2023-11-27T07:20:00.094Z [info][Jellyfin Sync]: Jellyfin Sync Starting {"sessionId":"b170ed9c-056a-4ead-b240-0f3b254b827b"}
2023-11-27T07:20:00.109Z [info][Jellyfin Sync]: Beginning to process recently added for library: Movies 
2023-11-27T07:20:00.306Z [debug][Jellyfin Sync]: Title already exists and no new media types found Your Name. 
2023-11-27T07:20:04.311Z [info][Jellyfin Sync]: Beginning to process recently added for library: Shows 
2023-11-27T07:20:04.565Z [debug][Jellyfin Sync]: Updating existing title: Soundtrack #1 
2023-11-27T07:20:04.640Z [debug][Jellyfin Sync]: Updating existing title: The Eminence in Shadow 
2023-11-27T07:20:08.643Z [info][Jellyfin Sync]: Recently Added Scan Complete 
2023-11-27T07:21:00.056Z [debug][Jobs]: Starting scheduled job: Download Sync 
2023-11-27T07:22:00.046Z [debug][Jobs]: Starting scheduled job: Download Sync 
2023-11-27T07:23:00.054Z [debug][Jobs]: Starting scheduled job: Download Sync 
2023-11-27T07:24:00.051Z [debug][Jobs]: Starting scheduled job: Download Sync 
2023-11-27T07:25:00.027Z [debug][Jobs]: Starting scheduled job: Download Sync 
2023-11-27T07:25:00.044Z [info][Jobs]: Starting scheduled job: Jellyfin Recently Added Sync 
2023-11-27T07:25:00.046Z [info][Jellyfin Sync]: Jellyfin Sync Starting {"sessionId":"b5450b7e-2bba-4e36-a191-5bea5cf93b29"}
2023-11-27T07:25:00.063Z [info][Jellyfin Sync]: Beginning to process recently added for library: Movies 
2023-11-27T07:25:00.134Z [debug][Jellyfin Sync]: Title already exists and no new media types found Your Name. 
2023-11-27T07:25:04.139Z [info][Jellyfin Sync]: Beginning to process recently added for library: Shows 
2023-11-27T07:25:04.251Z [debug][Jellyfin Sync]: Updating existing title: Soundtrack #1 
2023-11-27T07:25:04.331Z [debug][Jellyfin Sync]: Updating existing title: The Eminence in Shadow 
2023-11-27T07:25:08.336Z [info][Jellyfin Sync]: Recently Added Scan Complete 
2023-11-27T07:26:00.030Z [debug][Jobs]: Starting scheduled job: Download Sync 
2023-11-27T07:27:00.023Z [debug][Jobs]: Starting scheduled job: Download Sync 
2023-11-27T07:28:00.054Z [debug][Jobs]: Starting scheduled job: Download Sync 
2023-11-27T07:29:00.027Z [debug][Jobs]: Starting scheduled job: Download Sync 
2023-11-27T07:30:00.039Z [debug][Jobs]: Starting scheduled job: Download Sync 
2023-11-27T07:30:00.060Z [info][Jobs]: Starting scheduled job: Jellyfin Recently Added Sync 
2023-11-27T07:30:00.062Z [info][Jellyfin Sync]: Jellyfin Sync Starting {"sessionId":"123d8555-da67-4709-aa8d-7c7dcb469f37"}
2023-11-27T07:30:00.078Z [info][Jellyfin Sync]: Beginning to process recently added for library: Movies 
2023-11-27T07:30:00.502Z [debug][Jellyfin Sync]: Title already exists and no new media types found Your Name. 
2023-11-27T07:30:04.507Z [info][Jellyfin Sync]: Beginning to process recently added for library: Shows 
2023-11-27T07:30:04.805Z [debug][Jellyfin Sync]: Updating existing title: Soundtrack #1 
2023-11-27T07:30:04.874Z [debug][Jellyfin Sync]: Updating existing title: The Eminence in Shadow 
2023-11-27T07:30:08.878Z [info][Jellyfin Sync]: Recently Added Scan Complete 
2023-11-27T07:31:00.051Z [debug][Jobs]: Starting scheduled job: Download Sync 
2023-11-27T07:32:00.030Z [debug][Jobs]: Starting scheduled job: Download Sync 
2023-11-27T07:33:00.044Z [debug][Jobs]: Starting scheduled job: Download Sync 
2023-11-27T07:34:00.051Z [debug][Jobs]: Starting scheduled job: Download Sync 
2023-11-27T07:35:00.054Z [debug][Jobs]: Starting scheduled job: Download Sync 
2023-11-27T07:35:00.071Z [info][Jobs]: Starting scheduled job: Jellyfin Recently Added Sync 
2023-11-27T07:35:00.073Z [info][Jellyfin Sync]: Jellyfin Sync Starting {"sessionId":"459f4a1e-758e-4ff7-8188-75c44acae5b8"}
2023-11-27T07:35:00.089Z [info][Jellyfin Sync]: Beginning to process recently added for library: Movies 
2023-11-27T07:35:00.165Z [debug][Jellyfin Sync]: Title already exists and no new media types found Your Name. 
2023-11-27T07:35:04.171Z [info][Jellyfin Sync]: Beginning to process recently added for library: Shows 
2023-11-27T07:35:04.309Z [debug][Jellyfin Sync]: Updating existing title: Soundtrack #1 
2023-11-27T07:35:04.376Z [debug][Jellyfin Sync]: Updating existing title: The Eminence in Shadow 
2023-11-27T07:35:08.382Z [info][Jellyfin Sync]: Recently Added Scan Complete 
2023-11-27T07:35:39.716Z [info][Jobs]: Starting scheduled job: Plex Watchlist Sync 
2023-11-27T07:36:00.042Z [debug][Jobs]: Starting scheduled job: Download Sync 
2023-11-27T07:37:00.024Z [debug][Jobs]: Starting scheduled job: Download Sync 
2023-11-27T07:38:00.055Z [debug][Jobs]: Starting scheduled job: Download Sync 
2023-11-27T07:39:00.025Z [debug][Jobs]: Starting scheduled job: Download Sync 
2023-11-27T07:40:00.055Z [debug][Jobs]: Starting scheduled job: Download Sync 
2023-11-27T07:40:00.071Z [info][Jobs]: Starting scheduled job: Jellyfin Recently Added Sync 
2023-11-27T07:40:00.073Z [info][Jellyfin Sync]: Jellyfin Sync Starting {"sessionId":"26c6edff-fa9a-4a2c-aea7-09d96eb5f984"}
2023-11-27T07:40:00.088Z [info][Jellyfin Sync]: Beginning to process recently added for library: Movies 
2023-11-27T07:40:00.769Z [debug][Jellyfin Sync]: Title already exists and no new media types found Your Name. 
2023-11-27T07:40:04.773Z [info][Jellyfin Sync]: Beginning to process recently added for library: Shows 
2023-11-27T07:40:05.039Z [debug][Jellyfin Sync]: Updating existing title: Soundtrack #1 
2023-11-27T07:40:05.136Z [debug][Jellyfin Sync]: Updating existing title: The Eminence in Shadow 
2023-11-27T07:40:09.141Z [info][Jellyfin Sync]: Recently Added Scan Complete 
2023-11-27T07:41:00.025Z [debug][Jobs]: Starting scheduled job: Download Sync 
2023-11-27T07:42:00.036Z [debug][Jobs]: Starting scheduled job: Download Sync 
2023-11-27T07:43:00.042Z [debug][Jobs]: Starting scheduled job: Download Sync 
2023-11-27T07:44:00.054Z [debug][Jobs]: Starting scheduled job: Download Sync 
2023-11-27T07:45:00.038Z [debug][Jobs]: Starting scheduled job: Download Sync 
2023-11-27T07:45:00.059Z [info][Jobs]: Starting scheduled job: Jellyfin Recently Added Sync 
2023-11-27T07:45:00.061Z [info][Jellyfin Sync]: Jellyfin Sync Starting {"sessionId":"257042cf-ae6b-4c40-9993-1d8ad61da938"}
2023-11-27T07:45:00.122Z [info][Jellyfin Sync]: Beginning to process recently added for library: Movies 
2023-11-27T07:45:00.302Z [debug][Jellyfin Sync]: Title already exists and no new media types found Your Name. 
2023-11-27T07:45:04.308Z [info][Jellyfin Sync]: Beginning to process recently added for library: Shows 
2023-11-27T07:45:04.419Z [debug][Jellyfin Sync]: Updating existing title: Soundtrack #1 
2023-11-27T07:45:04.499Z [debug][Jellyfin Sync]: Updating existing title: The Eminence in Shadow 
2023-11-27T07:45:08.505Z [info][Jellyfin Sync]: Recently Added Scan Complete 
2023-11-27T07:46:00.056Z [debug][Jobs]: Starting scheduled job: Download Sync 
2023-11-27T07:47:00.026Z [debug][Jobs]: Starting scheduled job: Download Sync 
2023-11-27T23:18:54.485Z [info]: Commit Tag: $GIT_SHA 
2023-11-27T23:18:58.205Z [info]: Starting Overseerr version 1.7.0 
2023-11-27T23:19:09.492Z [info][Notifications]: Registered notification agents 
2023-11-27T23:19:09.756Z [info][Jobs]: Scheduled jobs loaded 
2023-11-27T23:19:11.653Z [info][Server]: Server ready on port 5055 
2023-11-27T23:20:00.063Z [debug][Jobs]: Starting scheduled job: Download Sync 
2023-11-27T23:20:00.087Z [info][Jobs]: Starting scheduled job: Jellyfin Recently Added Sync 
2023-11-27T23:20:00.091Z [info][Jellyfin Sync]: Jellyfin Sync Starting {"sessionId":"fe387c4c-b7d2-49dd-bbd0-ae324077a07d"}
2023-11-27T23:20:00.125Z [info][Jellyfin Sync]: Beginning to process recently added for library: Movies 
2023-11-27T23:20:02.852Z [debug][Jellyfin Sync]: Title already exists and no new media types found Your Name. 
2023-11-27T23:20:06.859Z [info][Jellyfin Sync]: Beginning to process recently added for library: Shows 
2023-11-27T23:20:07.709Z [debug][Jellyfin Sync]: Updating existing title: Soundtrack #1 
2023-11-27T23:20:07.811Z [debug][Jellyfin Sync]: Updating existing title: The Eminence in Shadow 
2023-11-27T23:20:11.816Z [info][Jellyfin Sync]: Recently Added Scan Complete 
2023-11-27T23:21:00.018Z [debug][Jobs]: Starting scheduled job: Download Sync 
2023-11-27T23:22:00.024Z [debug][Jobs]: Starting scheduled job: Download Sync 
2023-11-27T23:23:00.040Z [debug][Jobs]: Starting scheduled job: Download Sync 
2023-11-27T23:24:00.055Z [debug][Jobs]: Starting scheduled job: Download Sync 
2023-11-27T23:25:00.024Z [debug][Jobs]: Starting scheduled job: Download Sync 
2023-11-27T23:25:00.057Z [info][Jobs]: Starting scheduled job: Jellyfin Recently Added Sync 
2023-11-27T23:25:00.067Z [info][Jellyfin Sync]: Jellyfin Sync Starting {"sessionId":"bc0d17c1-e4bd-43d5-8216-4b87d35758e6"}
2023-11-27T23:25:00.101Z [info][Jellyfin Sync]: Beginning to process recently added for library: Movies 
2023-11-27T23:25:00.464Z [debug][Jellyfin Sync]: Title already exists and no new media types found Your Name. 
2023-11-27T23:25:04.473Z [info][Jellyfin Sync]: Beginning to process recently added for library: Shows 
2023-11-27T23:25:04.830Z [debug][Jellyfin Sync]: Updating existing title: Soundtrack #1 
2023-11-27T23:25:05.117Z [debug][Jellyfin Sync]: Updating existing title: The Eminence in Shadow 
2023-11-27T23:25:09.124Z [info][Jellyfin Sync]: Recently Added Scan Complete 
2023-11-27T23:26:00.077Z [debug][Jobs]: Starting scheduled job: Download Sync 
2023-11-27T23:27:00.030Z [debug][Jobs]: Starting scheduled job: Download Sync 
2023-11-27T23:28:00.034Z [debug][Jobs]: Starting scheduled job: Download Sync 
2023-11-27T23:29:00.040Z [debug][Jobs]: Starting scheduled job: Download Sync 
2023-11-27T23:30:00.046Z [debug][Jobs]: Starting scheduled job: Download Sync 
2023-11-27T23:30:00.079Z [info][Jobs]: Starting scheduled job: Jellyfin Recently Added Sync 
2023-11-27T23:30:00.081Z [info][Jellyfin Sync]: Jellyfin Sync Starting {"sessionId":"6462c5fe-b6d1-42bc-b455-557ee55d44dc"}
2023-11-27T23:30:00.095Z [info][Jellyfin Sync]: Beginning to process recently added for library: Movies 
2023-11-27T23:30:00.371Z [debug][Jellyfin Sync]: Title already exists and no new media types found Your Name. 
2023-11-27T23:30:04.375Z [info][Jellyfin Sync]: Beginning to process recently added for library: Shows 
2023-11-27T23:30:04.630Z [debug][Jellyfin Sync]: Updating existing title: Soundtrack #1 
2023-11-27T23:30:04.736Z [debug][Jellyfin Sync]: Updating existing title: The Eminence in Shadow 
2023-11-27T23:30:08.741Z [info][Jellyfin Sync]: Recently Added Scan Complete 
2023-11-27T23:31:00.026Z [debug][Jobs]: Starting scheduled job: Download Sync 
2023-11-27T23:32:00.020Z [debug][Jobs]: Starting scheduled job: Download Sync 
2023-11-27T23:33:00.037Z [debug][Jobs]: Starting scheduled job: Download Sync 
2023-11-27T23:34:00.018Z [debug][Jobs]: Starting scheduled job: Download Sync 
2023-11-27T23:35:00.250Z [debug][Jobs]: Starting scheduled job: Download Sync 
2023-11-27T23:35:00.328Z [info][Jobs]: Starting scheduled job: Jellyfin Recently Added Sync 
2023-11-27T23:35:00.331Z [info][Jellyfin Sync]: Jellyfin Sync Starting {"sessionId":"cce690ac-9c54-4687-afc8-bf1065e86d6f"}
2023-11-27T23:35:00.379Z [info][Jellyfin Sync]: Beginning to process recently added for library: Movies 
2023-11-27T23:35:08.314Z [debug][Jellyfin Sync]: Title already exists and no new media types found Your Name. 
2023-11-27T23:35:12.324Z [info][Jellyfin Sync]: Beginning to process recently added for library: Shows 
2023-11-27T23:35:12.973Z [debug][Jellyfin Sync]: Updating existing title: Soundtrack #1 
2023-11-27T23:35:13.298Z [debug][Jellyfin Sync]: Updating existing title: The Eminence in Shadow 
2023-11-27T23:35:17.304Z [info][Jellyfin Sync]: Recently Added Scan Complete 
2023-11-27T23:36:00.019Z [debug][Jobs]: Starting scheduled job: Download Sync 
2023-11-27T23:37:00.042Z [debug][Jobs]: Starting scheduled job: Download Sync 
2023-11-27T23:38:00.016Z [debug][Jobs]: Starting scheduled job: Download Sync 
2023-11-27T23:39:00.023Z [debug][Jobs]: Starting scheduled job: Download Sync 
2023-11-27T23:39:09.672Z [info][Jobs]: Starting scheduled job: Plex Watchlist Sync 
2023-11-27T23:40:00.015Z [debug][Jobs]: Starting scheduled job: Download Sync 
2023-11-27T23:40:00.034Z [info][Jobs]: Starting scheduled job: Jellyfin Recently Added Sync 
2023-11-27T23:40:00.041Z [info][Jellyfin Sync]: Jellyfin Sync Starting {"sessionId":"d37dcb78-bdd9-42ec-b6b2-6e44325b5c9d"}
2023-11-27T23:40:00.062Z [info][Jellyfin Sync]: Beginning to process recently added for library: Movies 
2023-11-27T23:40:00.288Z [debug][Jellyfin Sync]: Title already exists and no new media types found Your Name. 
2023-11-27T23:40:04.297Z [info][Jellyfin Sync]: Beginning to process recently added for library: Shows 
2023-11-27T23:40:04.617Z [debug][Jellyfin Sync]: Updating existing title: Soundtrack #1 
2023-11-27T23:40:04.910Z [debug][Jellyfin Sync]: Updating existing title: The Eminence in Shadow 
2023-11-27T23:40:08.916Z [info][Jellyfin Sync]: Recently Added Scan Complete 
2023-11-27T23:41:00.014Z [debug][Jobs]: Starting scheduled job: Download Sync 
2023-11-27T23:42:00.022Z [debug][Jobs]: Starting scheduled job: Download Sync 
2023-11-27T23:43:00.028Z [debug][Jobs]: Starting scheduled job: Download Sync 
2023-11-27T23:44:00.013Z [debug][Jobs]: Starting scheduled job: Download Sync 
2023-11-27T23:45:00.035Z [debug][Jobs]: Starting scheduled job: Download Sync 
2023-11-27T23:45:00.096Z [info][Jobs]: Starting scheduled job: Jellyfin Recently Added Sync 
2023-11-27T23:45:00.104Z [info][Jellyfin Sync]: Jellyfin Sync Starting {"sessionId":"ad432c40-ca0e-467b-8db6-380baa62205b"}
2023-11-27T23:45:00.134Z [info][Jellyfin Sync]: Beginning to process recently added for library: Movies 
2023-11-27T23:45:00.534Z [debug][Jellyfin Sync]: Title already exists and no new media types found Your Name. 
2023-11-27T23:45:04.539Z [info][Jellyfin Sync]: Beginning to process recently added for library: Shows 
2023-11-27T23:45:04.920Z [debug][Jellyfin Sync]: Updating existing title: Soundtrack #1 
2023-11-27T23:45:05.229Z [debug][Jellyfin Sync]: Updating existing title: The Eminence in Shadow 
2023-11-27T23:45:09.232Z [info][Jellyfin Sync]: Recently Added Scan Complete 
2023-11-27T23:46:00.014Z [debug][Jobs]: Starting scheduled job: Download Sync 
2023-11-27T23:47:00.018Z [debug][Jobs]: Starting scheduled job: Download Sync 
2023-11-27T23:48:00.021Z [debug][Jobs]: Starting scheduled job: Download Sync 
2023-11-27T23:49:00.014Z [debug][Jobs]: Starting scheduled job: Download Sync 
2023-11-27T23:50:00.015Z [debug][Jobs]: Starting scheduled job: Download Sync 
2023-11-27T23:50:00.029Z [info][Jobs]: Starting scheduled job: Jellyfin Recently Added Sync 
2023-11-27T23:50:00.031Z [info][Jellyfin Sync]: Jellyfin Sync Starting {"sessionId":"2195ca12-eeaf-407e-ae77-81f69787a66d"}
2023-11-27T23:50:00.082Z [info][Jellyfin Sync]: Beginning to process recently added for library: Movies 
2023-11-27T23:50:00.323Z [debug][Jellyfin Sync]: Title already exists and no new media types found Your Name. 
2023-11-27T23:50:04.328Z [info][Jellyfin Sync]: Beginning to process recently added for library: Shows 
2023-11-27T23:50:04.829Z [debug][Jellyfin Sync]: Updating existing title: Soundtrack #1 
2023-11-27T23:50:05.050Z [debug][Jellyfin Sync]: Updating existing title: The Eminence in Shadow 
2023-11-27T23:50:09.061Z [info][Jellyfin Sync]: Recently Added Scan Complete 
2023-11-27T23:51:00.026Z [debug][Jobs]: Starting scheduled job: Download Sync 
2023-11-27T23:52:00.016Z [debug][Jobs]: Starting scheduled job: Download Sync 
2023-11-27T23:53:00.014Z [debug][Jobs]: Starting scheduled job: Download Sync 
2023-11-27T23:54:00.023Z [debug][Jobs]: Starting scheduled job: Download Sync 
2023-11-27T23:55:00.013Z [debug][Jobs]: Starting scheduled job: Download Sync 
2023-11-27T23:55:00.042Z [info][Jobs]: Starting scheduled job: Jellyfin Recently Added Sync 
2023-11-27T23:55:00.049Z [info][Jellyfin Sync]: Jellyfin Sync Starting {"sessionId":"71852302-160c-4907-a9a6-5abbde42512f"}
2023-11-27T23:55:00.073Z [info][Jellyfin Sync]: Beginning to process recently added for library: Movies 
2023-11-27T23:55:00.348Z [debug][Jellyfin Sync]: Title already exists and no new media types found Your Name. 
2023-11-27T23:55:04.352Z [info][Jellyfin Sync]: Beginning to process recently added for library: Shows 
2023-11-27T23:55:04.786Z [debug][Jellyfin Sync]: Updating existing title: Soundtrack #1 
2023-11-27T23:55:04.933Z [debug][Jellyfin Sync]: Updating existing title: The Eminence in Shadow 
2023-11-27T23:55:08.936Z [info][Jellyfin Sync]: Recently Added Scan Complete 
2023-11-27T23:56:00.015Z [debug][Jobs]: Starting scheduled job: Download Sync 
2023-11-27T23:57:00.014Z [debug][Jobs]: Starting scheduled job: Download Sync 
2023-11-27T23:58:38.274Z [info]: Commit Tag: $GIT_SHA 
2023-11-27T23:58:42.352Z [info]: Starting Overseerr version 1.7.0 
2023-11-27T23:58:53.856Z [info][Notifications]: Registered notification agents 
2023-11-27T23:58:54.321Z [info][Jobs]: Scheduled jobs loaded 
2023-11-27T23:58:56.353Z [info][Server]: Server ready on port 5055 
2023-11-27T23:59:00.228Z [debug][Jobs]: Starting scheduled job: Download Sync 
2023-11-28T00:00:00.066Z [debug][Jobs]: Starting scheduled job: Download Sync 
2023-11-28T00:00:00.082Z [info][Jobs]: Starting scheduled job: Jellyfin Recently Added Sync 
2023-11-28T00:00:00.086Z [info][Jellyfin Sync]: Jellyfin Sync Starting {"sessionId":"8e64e8eb-7eb3-460d-898e-4a9e7b93ef0c"}
2023-11-28T00:00:00.120Z [info][Jellyfin Sync]: Beginning to process recently added for library: Movies 
2023-11-28T00:00:01.711Z [debug][Jellyfin Sync]: Title already exists and no new media types found Your Name. 
2023-11-28T00:00:05.719Z [info][Jellyfin Sync]: Beginning to process recently added for library: Shows 
2023-11-28T00:00:06.489Z [debug][Jellyfin Sync]: Updating existing title: Soundtrack #1 
2023-11-28T00:00:06.587Z [debug][Jellyfin Sync]: Updating existing title: The Eminence in Shadow 
2023-11-28T00:00:10.593Z [info][Jellyfin Sync]: Recently Added Scan Complete 
2023-11-28T00:01:00.030Z [debug][Jobs]: Starting scheduled job: Download Sync 
2023-11-28T00:02:00.045Z [debug][Jobs]: Starting scheduled job: Download Sync 
2023-11-28T00:03:00.078Z [debug][Jobs]: Starting scheduled job: Download Sync 
2023-11-28T00:04:00.049Z [debug][Jobs]: Starting scheduled job: Download Sync 
2023-11-28T00:05:00.044Z [debug][Jobs]: Starting scheduled job: Download Sync 
2023-11-28T00:05:00.111Z [info][Jobs]: Starting scheduled job: Jellyfin Recently Added Sync 
2023-11-28T00:05:00.114Z [info][Jellyfin Sync]: Jellyfin Sync Starting {"sessionId":"6734ab6b-5b80-4187-aef6-7fd95c365533"}
2023-11-28T00:05:00.136Z [info][Jellyfin Sync]: Beginning to process recently added for library: Movies 
2023-11-28T00:05:00.255Z [debug][Jellyfin Sync]: Title already exists and no new media types found Your Name. 
2023-11-28T00:05:04.262Z [info][Jellyfin Sync]: Beginning to process recently added for library: Shows 
2023-11-28T00:05:04.434Z [debug][Jellyfin Sync]: Updating existing title: Soundtrack #1 
2023-11-28T00:05:04.529Z [debug][Jellyfin Sync]: Updating existing title: The Eminence in Shadow 
2023-11-28T00:05:08.535Z [info][Jellyfin Sync]: Recently Added Scan Complete 
2023-11-28T00:06:00.036Z [debug][Jobs]: Starting scheduled job: Download Sync 
2023-11-28T00:07:00.053Z [debug][Jobs]: Starting scheduled job: Download Sync 
2023-11-28T00:08:00.049Z [debug][Jobs]: Starting scheduled job: Download Sync 
2023-11-28T00:09:00.048Z [debug][Jobs]: Starting scheduled job: Download Sync 
2023-11-28T00:10:00.070Z [debug][Jobs]: Starting scheduled job: Download Sync 
2023-11-28T00:10:00.095Z [info][Jobs]: Starting scheduled job: Jellyfin Recently Added Sync 
2023-11-28T00:10:00.097Z [info][Jellyfin Sync]: Jellyfin Sync Starting {"sessionId":"2be3b7ec-12c1-4045-af1a-6a4c8feb7836"}
2023-11-28T00:10:00.110Z [info][Jellyfin Sync]: Beginning to process recently added for library: Movies 
2023-11-28T00:10:00.380Z [debug][Jellyfin Sync]: Title already exists and no new media types found Your Name. 
2023-11-28T00:10:04.385Z [info][Jellyfin Sync]: Beginning to process recently added for library: Shows 
2023-11-28T00:10:04.755Z [debug][Jellyfin Sync]: Updating existing title: The Eminence in Shadow 
2023-11-28T00:10:05.793Z [debug][Jellyfin Sync]: Updating existing title: Soundtrack #1 
2023-11-28T00:10:09.798Z [info][Jellyfin Sync]: Recently Added Scan Complete 
2023-11-28T00:11:00.043Z [debug][Jobs]: Starting scheduled job: Download Sync 
2023-11-28T00:12:00.054Z [debug][Jobs]: Starting scheduled job: Download Sync 
2023-11-28T00:13:00.045Z [debug][Jobs]: Starting scheduled job: Download Sync 
2023-11-28T00:14:00.032Z [debug][Jobs]: Starting scheduled job: Download Sync 
2023-11-28T00:15:00.078Z [debug][Jobs]: Starting scheduled job: Download Sync 
2023-11-28T00:15:00.107Z [info][Jobs]: Starting scheduled job: Jellyfin Recently Added Sync 
2023-11-28T00:15:00.110Z [info][Jellyfin Sync]: Jellyfin Sync Starting {"sessionId":"ccdd35b9-82d2-4d2b-8769-2e8544973e4b"}
2023-11-28T00:15:00.135Z [info][Jellyfin Sync]: Beginning to process recently added for library: Movies 
2023-11-28T00:15:00.250Z [debug][Jellyfin Sync]: Title already exists and no new media types found Your Name. 
2023-11-28T00:15:04.257Z [info][Jellyfin Sync]: Beginning to process recently added for library: Shows 
2023-11-28T00:15:04.398Z [debug][Jellyfin Sync]: Updating existing title: Soundtrack #1 
2023-11-28T00:15:04.495Z [debug][Jellyfin Sync]: Updating existing title: The Eminence in Shadow 
2023-11-28T00:15:08.503Z [info][Jellyfin Sync]: Recently Added Scan Complete 
2023-11-28T00:16:00.042Z [debug][Jobs]: Starting scheduled job: Download Sync 
2023-11-28T00:17:00.046Z [debug][Jobs]: Starting scheduled job: Download Sync 
2023-11-28T00:18:00.047Z [debug][Jobs]: Starting scheduled job: Download Sync 
2023-11-28T00:18:54.281Z [info][Jobs]: Starting scheduled job: Plex Watchlist Sync 
2023-11-28T00:19:00.028Z [debug][Jobs]: Starting scheduled job: Download Sync 
2023-11-28T00:20:00.040Z [debug][Jobs]: Starting scheduled job: Download Sync 
2023-11-28T00:20:00.061Z [info][Jobs]: Starting scheduled job: Jellyfin Recently Added Sync 
2023-11-28T00:20:00.063Z [info][Jellyfin Sync]: Jellyfin Sync Starting {"sessionId":"0d087cf3-f13e-4bbe-a610-62cc35e18825"}
2023-11-28T00:20:00.087Z [info][Jellyfin Sync]: Beginning to process recently added for library: Movies 
2023-11-28T00:20:00.318Z [debug][Jellyfin Sync]: Title already exists and no new media types found Your Name. 
2023-11-28T00:20:04.322Z [info][Jellyfin Sync]: Beginning to process recently added for library: Shows 
2023-11-28T00:20:04.592Z [debug][Jellyfin Sync]: Updating existing title: Soundtrack #1 
2023-11-28T00:20:04.673Z [debug][Jellyfin Sync]: Updating existing title: The Eminence in Shadow 
2023-11-28T00:20:08.678Z [info][Jellyfin Sync]: Recently Added Scan Complete 
2023-11-28T00:21:00.046Z [debug][Jobs]: Starting scheduled job: Download Sync 
2023-11-28T00:22:00.027Z [debug][Jobs]: Starting scheduled job: Download Sync 
2023-11-28T00:23:00.045Z [debug][Jobs]: Starting scheduled job: Download Sync 
2023-11-28T00:24:00.043Z [debug][Jobs]: Starting scheduled job: Download Sync 
2023-11-28T00:25:00.052Z [debug][Jobs]: Starting scheduled job: Download Sync 
2023-11-28T00:25:00.073Z [info][Jobs]: Starting scheduled job: Jellyfin Recently Added Sync 
2023-11-28T00:25:00.075Z [info][Jellyfin Sync]: Jellyfin Sync Starting {"sessionId":"4d807ad9-92e3-452b-a26d-103ad691b0bf"}
2023-11-28T00:25:00.102Z [info][Jellyfin Sync]: Beginning to process recently added for library: Movies 
2023-11-28T00:25:00.195Z [debug][Jellyfin Sync]: Title already exists and no new media types found Your Name. 
2023-11-28T00:25:04.201Z [info][Jellyfin Sync]: Beginning to process recently added for library: Shows 
2023-11-28T00:25:04.323Z [debug][Jellyfin Sync]: Updating existing title: Soundtrack #1 
2023-11-28T00:25:04.407Z [debug][Jellyfin Sync]: Updating existing title: The Eminence in Shadow 
2023-11-28T00:25:08.412Z [info][Jellyfin Sync]: Recently Added Scan Complete 
2023-11-28T00:26:00.025Z [debug][Jobs]: Starting scheduled job: Download Sync 
2023-11-28T00:27:00.033Z [debug][Jobs]: Starting scheduled job: Download Sync 
2023-11-28T00:28:00.041Z [debug][Jobs]: Starting scheduled job: Download Sync 
2023-11-28T00:29:00.030Z [debug][Jobs]: Starting scheduled job: Download Sync 
2023-11-28T00:30:00.028Z [debug][Jobs]: Starting scheduled job: Download Sync 
2023-11-28T00:30:00.037Z [info][Jobs]: Starting scheduled job: Jellyfin Recently Added Sync 
2023-11-28T00:30:00.038Z [info][Jellyfin Sync]: Jellyfin Sync Starting {"sessionId":"4b487791-013f-4bfa-92bd-8ddb6ca840c3"}
2023-11-28T00:30:00.054Z [info][Jellyfin Sync]: Beginning to process recently added for library: Movies 
2023-11-28T00:30:00.730Z [debug][Jellyfin Sync]: Title already exists and no new media types found Your Name. 
2023-11-28T00:30:04.735Z [info][Jellyfin Sync]: Beginning to process recently added for library: Shows 
2023-11-28T00:30:05.067Z [debug][Jellyfin Sync]: Updating existing title: Soundtrack #1 
2023-11-28T00:30:05.163Z [debug][Jellyfin Sync]: Updating existing title: The Eminence in Shadow 
2023-11-28T00:30:09.167Z [info][Jellyfin Sync]: Recently Added Scan Complete 
2023-11-28T00:31:00.015Z [debug][Jobs]: Starting scheduled job: Download Sync 
2023-11-28T00:32:00.032Z [debug][Jobs]: Starting scheduled job: Download Sync 
2023-11-28T00:33:00.039Z [debug][Jobs]: Starting scheduled job: Download Sync 
2023-11-28T00:33:17.332Z [info][Jobs]: Starting scheduled job: Plex Watchlist Sync 
2023-11-28T00:34:00.027Z [debug][Jobs]: Starting scheduled job: Download Sync 
2023-11-28T00:35:00.029Z [debug][Jobs]: Starting scheduled job: Download Sync 
2023-11-28T00:35:00.042Z [info][Jobs]: Starting scheduled job: Jellyfin Recently Added Sync 
2023-11-28T00:35:00.043Z [info][Jellyfin Sync]: Jellyfin Sync Starting {"sessionId":"cf2efab4-6eb0-4f62-9988-16814f15bfc0"}
2023-11-28T00:35:00.055Z [info][Jellyfin Sync]: Beginning to process recently added for library: Movies 
2023-11-28T00:35:00.126Z [debug][Jellyfin Sync]: Title already exists and no new media types found Your Name. 
2023-11-28T00:35:04.132Z [info][Jellyfin Sync]: Beginning to process recently added for library: Shows 
2023-11-28T00:35:04.319Z [debug][Jellyfin Sync]: Updating existing title: Soundtrack #1 
2023-11-28T00:35:04.515Z [debug][Jellyfin Sync]: Updating existing title: The Eminence in Shadow 
2023-11-28T00:35:08.521Z [info][Jellyfin Sync]: Recently Added Scan Complete 
2023-11-28T00:36:00.037Z [debug][Jobs]: Starting scheduled job: Download Sync 
2023-11-28T00:37:00.029Z [debug][Jobs]: Starting scheduled job: Download Sync 
2023-11-28T00:38:00.028Z [debug][Jobs]: Starting scheduled job: Download Sync 
2023-11-28T00:39:00.041Z [debug][Jobs]: Starting scheduled job: Download Sync 
2023-11-28T00:40:00.015Z [debug][Jobs]: Starting scheduled job: Download Sync 
2023-11-28T00:40:00.024Z [info][Jobs]: Starting scheduled job: Jellyfin Recently Added Sync 
2023-11-28T00:40:00.025Z [info][Jellyfin Sync]: Jellyfin Sync Starting {"sessionId":"6e19810b-aae8-40ff-9158-9e7c37ef966d"}
2023-11-28T00:40:00.038Z [info][Jellyfin Sync]: Beginning to process recently added for library: Movies 
2023-11-28T00:40:00.252Z [debug][Jellyfin Sync]: Title already exists and no new media types found Your Name. 
2023-11-28T00:40:04.257Z [info][Jellyfin Sync]: Beginning to process recently added for library: Shows 
2023-11-28T00:40:04.640Z [debug][Jellyfin Sync]: Updating existing title: The Eminence in Shadow 
2023-11-28T00:40:07.069Z [debug][Jellyfin Sync]: Updating existing title: Soundtrack #1 
2023-11-28T00:40:11.081Z [info][Jellyfin Sync]: Recently Added Scan Complete 
2023-11-28T00:41:00.038Z [debug][Jobs]: Starting scheduled job: Download Sync 
2023-11-28T00:42:00.036Z [debug][Jobs]: Starting scheduled job: Download Sync 
2023-11-28T00:45:19.698Z [info]: Commit Tag: $GIT_SHA 
2023-11-28T00:45:23.476Z [info]: Starting Overseerr version 1.7.0 
2023-11-28T00:45:33.249Z [info][Notifications]: Registered notification agents 
2023-11-28T00:45:33.701Z [info][Jobs]: Scheduled jobs loaded 
2023-11-28T00:45:36.200Z [info][Server]: Server ready on port 5055 
2023-11-28T00:46:00.051Z [debug][Jobs]: Starting scheduled job: Download Sync 
2023-11-28T00:47:00.031Z [debug][Jobs]: Starting scheduled job: Download Sync 
2023-11-28T00:48:00.036Z [debug][Jobs]: Starting scheduled job: Download Sync 
2023-11-28T00:49:00.074Z [debug][Jobs]: Starting scheduled job: Download Sync 
2023-11-28T00:50:00.083Z [debug][Jobs]: Starting scheduled job: Download Sync 
2023-11-28T00:50:00.167Z [info][Jobs]: Starting scheduled job: Jellyfin Recently Added Sync 
2023-11-28T00:50:00.178Z [info][Jellyfin Sync]: Jellyfin Sync Starting {"sessionId":"0f3c4242-13ca-44a7-a689-45dd3bb09cb9"}
2023-11-28T00:50:00.298Z [info][Jellyfin Sync]: Beginning to process recently added for library: Movies 
2023-11-28T00:50:01.216Z [debug][Jellyfin Sync]: Title already exists and no new media types found Your Name. 
2023-11-28T00:50:05.225Z [info][Jellyfin Sync]: Beginning to process recently added for library: Shows 
2023-11-28T00:50:06.180Z [debug][Jellyfin Sync]: Updating existing title: The Eminence in Shadow 
2023-11-28T00:50:08.329Z [debug][Jellyfin Sync]: Updating existing title: Soundtrack #1 
2023-11-28T00:50:12.332Z [info][Jellyfin Sync]: Recently Added Scan Complete 
2023-11-28T00:51:00.068Z [debug][Jobs]: Starting scheduled job: Download Sync 
2023-11-28T00:52:00.063Z [debug][Jobs]: Starting scheduled job: Download Sync 
2023-11-28T00:53:00.029Z [debug][Jobs]: Starting scheduled job: Download Sync 
2023-11-28T00:54:00.084Z [debug][Jobs]: Starting scheduled job: Download Sync 
2023-11-28T00:55:00.128Z [debug][Jobs]: Starting scheduled job: Download Sync 
2023-11-28T00:55:00.152Z [info][Jobs]: Starting scheduled job: Jellyfin Recently Added Sync 
2023-11-28T00:55:00.155Z [info][Jellyfin Sync]: Jellyfin Sync Starting {"sessionId":"02d2114a-4e50-4dab-87a3-978d79facd9d"}
2023-11-28T00:55:00.181Z [info][Jellyfin Sync]: Beginning to process recently added for library: Movies 
2023-11-28T00:55:00.371Z [debug][Jellyfin Sync]: Title already exists and no new media types found Your Name. 
2023-11-28T00:55:04.377Z [info][Jellyfin Sync]: Beginning to process recently added for library: Shows 
2023-11-28T00:55:04.797Z [debug][Jellyfin Sync]: Updating existing title: Soundtrack #1 
2023-11-28T00:55:04.964Z [debug][Jellyfin Sync]: Updating existing title: The Eminence in Shadow 
2023-11-28T00:55:08.968Z [info][Jellyfin Sync]: Recently Added Scan Complete 
2023-11-28T00:56:00.088Z [debug][Jobs]: Starting scheduled job: Download Sync 
2023-11-28T00:57:00.053Z [debug][Jobs]: Starting scheduled job: Download Sync 
2023-11-28T00:58:00.034Z [debug][Jobs]: Starting scheduled job: Download Sync 
2023-11-28T00:59:00.018Z [debug][Jobs]: Starting scheduled job: Download Sync 
2023-11-28T01:00:00.042Z [debug][Jobs]: Starting scheduled job: Download Sync 
2023-11-28T01:00:00.063Z [info][Jobs]: Starting scheduled job: Jellyfin Recently Added Sync 
2023-11-28T01:00:00.066Z [info][Jellyfin Sync]: Jellyfin Sync Starting {"sessionId":"d4abd8b7-334d-47e8-a004-d56b60679bba"}
2023-11-28T01:00:00.090Z [info][Jellyfin Sync]: Beginning to process recently added for library: Movies 
2023-11-28T01:00:00.315Z [debug][Jellyfin Sync]: Title already exists and no new media types found Your Name. 
2023-11-28T01:00:04.320Z [info][Jellyfin Sync]: Beginning to process recently added for library: Shows 
2023-11-28T01:00:04.641Z [debug][Jellyfin Sync]: Updating existing title: Soundtrack #1 
2023-11-28T01:00:04.727Z [debug][Jellyfin Sync]: Updating existing title: The Eminence in Shadow 
2023-11-28T01:00:08.733Z [info][Jellyfin Sync]: Recently Added Scan Complete 
2023-11-28T01:01:00.094Z [debug][Jobs]: Starting scheduled job: Download Sync 
2023-11-28T01:02:00.018Z [debug][Jobs]: Starting scheduled job: Download Sync 
2023-11-28T01:03:00.051Z [debug][Jobs]: Starting scheduled job: Download Sync 
2023-11-28T01:04:00.058Z [debug][Jobs]: Starting scheduled job: Download Sync 
2023-11-28T01:05:00.008Z [debug][Jobs]: Starting scheduled job: Download Sync 
2023-11-28T01:05:00.017Z [info][Jobs]: Starting scheduled job: Jellyfin Recently Added Sync 
2023-11-28T01:05:00.018Z [info][Jellyfin Sync]: Jellyfin Sync Starting {"sessionId":"053db8d9-1908-4f75-8d1a-36d983e0977f"}
2023-11-28T01:05:00.028Z [info][Jellyfin Sync]: Beginning to process recently added for library: Movies 
2023-11-28T01:05:00.097Z [debug][Jellyfin Sync]: Title already exists and no new media types found Your Name. 
2023-11-28T01:05:04.104Z [info][Jellyfin Sync]: Beginning to process recently added for library: Shows 
2023-11-28T01:05:04.292Z [debug][Jellyfin Sync]: Updating existing title: Soundtrack #1 
2023-11-28T01:05:04.376Z [debug][Jellyfin Sync]: Updating existing title: The Eminence in Shadow 
2023-11-28T01:05:08.381Z [info][Jellyfin Sync]: Recently Added Scan Complete 
2023-11-28T01:05:33.637Z [info][Jobs]: Starting scheduled job: Plex Watchlist Sync 
2023-11-28T01:06:00.049Z [debug][Jobs]: Starting scheduled job: Download Sync 
2023-11-28T01:07:00.038Z [debug][Jobs]: Starting scheduled job: Download Sync 
2023-11-28T01:08:00.012Z [debug][Jobs]: Starting scheduled job: Download Sync 
2023-11-28T01:09:00.059Z [debug][Jobs]: Starting scheduled job: Download Sync 
2023-11-28T01:10:00.047Z [debug][Jobs]: Starting scheduled job: Download Sync 
2023-11-28T01:10:00.058Z [info][Jobs]: Starting scheduled job: Jellyfin Recently Added Sync 
2023-11-28T01:10:00.060Z [info][Jellyfin Sync]: Jellyfin Sync Starting {"sessionId":"8808d076-2df2-4176-903a-b68d0c40e31f"}
2023-11-28T01:10:00.075Z [info][Jellyfin Sync]: Beginning to process recently added for library: Movies 
2023-11-28T01:10:00.573Z [debug][Jellyfin Sync]: Title already exists and no new media types found Your Name. 
2023-11-28T01:10:04.578Z [info][Jellyfin Sync]: Beginning to process recently added for library: Shows 
2023-11-28T01:10:05.029Z [debug][Jellyfin Sync]: Updating existing title: The Eminence in Shadow 
2023-11-28T01:10:14.986Z [debug][Jellyfin Sync]: Updating existing title: Soundtrack #1 
2023-11-28T01:10:18.992Z [info][Jellyfin Sync]: Recently Added Scan Complete 
2023-11-28T01:11:00.013Z [debug][Jobs]: Starting scheduled job: Download Sync 
2023-11-28T01:12:00.030Z [debug][Jobs]: Starting scheduled job: Download Sync 
2023-11-28T01:13:00.013Z [debug][Jobs]: Starting scheduled job: Download Sync 
2023-11-28T01:14:00.042Z [debug][Jobs]: Starting scheduled job: Download Sync 
2023-11-28T01:14:24.122Z [debug][API]: Something went wrong retrieving series ratings {"errorMessage":"[RT API] Failed to retrieve tv ratings: Cannot read properties of undefined (reading 'criticsScore')","tvId":"137872"}
2023-11-28T01:14:29.345Z [debug][API]: Something went wrong retrieving series ratings {"errorMessage":"[RT API] Failed to retrieve tv ratings: Cannot read properties of undefined (reading 'criticsScore')","tvId":"137872"}
2023-11-28T01:14:35.033Z [debug][API]: Something went wrong retrieving series ratings {"errorMessage":"[RT API] Failed to retrieve tv ratings: Cannot read properties of undefined (reading 'criticsScore')","tvId":"137872"}
2023-11-28T01:14:46.112Z [debug][API]: Something went wrong retrieving series ratings {"errorMessage":"[RT API] Failed to retrieve tv ratings: Cannot read properties of undefined (reading 'criticsScore')","tvId":"137872"}
2023-11-28T01:15:00.015Z [debug][Jobs]: Starting scheduled job: Download Sync 
2023-11-28T01:15:00.027Z [info][Jobs]: Starting scheduled job: Jellyfin Recently Added Sync 
2023-11-28T01:15:00.029Z [info][Jellyfin Sync]: Jellyfin Sync Starting {"sessionId":"f7b87417-e1cb-420f-9a2d-f53ec79cbb3c"}
2023-11-28T01:15:00.036Z [info][Jellyfin Sync]: Beginning to process recently added for library: Movies 
2023-11-28T01:15:00.103Z [debug][Jellyfin Sync]: Title already exists and no new media types found Your Name. 
2023-11-28T01:15:00.469Z [debug][API]: Something went wrong retrieving series ratings {"errorMessage":"[RT API] Failed to retrieve tv ratings: Cannot read properties of undefined (reading 'criticsScore')","tvId":"137872"}
2023-11-28T01:15:04.108Z [info][Jellyfin Sync]: Beginning to process recently added for library: Shows 
2023-11-28T01:15:04.266Z [debug][Jellyfin Sync]: Updating existing title: Soundtrack #1 
2023-11-28T01:15:04.388Z [debug][Jellyfin Sync]: Updating existing title: The Eminence in Shadow 
2023-11-28T01:15:05.581Z [debug][API]: Something went wrong retrieving series ratings {"errorMessage":"[RT API] Failed to retrieve tv ratings: Cannot read properties of undefined (reading 'criticsScore')","tvId":"137872"}
2023-11-28T01:15:08.425Z [info][Jellyfin Sync]: Recently Added Scan Complete 
2023-11-28T01:16:00.048Z [debug][Jobs]: Starting scheduled job: Download Sync 
2023-11-28T01:17:00.057Z [debug][Jobs]: Starting scheduled job: Download Sync 
2023-11-28T01:18:00.090Z [debug][Jobs]: Starting scheduled job: Download Sync 
2023-11-28T01:19:00.051Z [debug][Jobs]: Starting scheduled job: Download Sync 
2023-11-28T01:20:00.045Z [debug][Jobs]: Starting scheduled job: Download Sync 
2023-11-28T01:20:00.078Z [info][Jobs]: Starting scheduled job: Jellyfin Recently Added Sync 
2023-11-28T01:20:00.080Z [info][Jellyfin Sync]: Jellyfin Sync Starting {"sessionId":"58ca1819-ae52-408c-82e3-c4953dab5195"}
2023-11-28T01:20:00.118Z [info][Jellyfin Sync]: Beginning to process recently added for library: Movies 
2023-11-28T01:20:00.418Z [debug][Jellyfin Sync]: Title already exists and no new media types found Your Name. 
2023-11-28T01:20:04.420Z [info][Jellyfin Sync]: Beginning to process recently added for library: Shows 
2023-11-28T01:20:04.756Z [debug][Jellyfin Sync]: Updating existing title: Soundtrack #1 
2023-11-28T01:20:04.949Z [debug][Jellyfin Sync]: Updating existing title: The Eminence in Shadow 
2023-11-28T01:20:08.952Z [info][Jellyfin Sync]: Recently Added Scan Complete 
2023-11-28T01:21:00.062Z [debug][Jobs]: Starting scheduled job: Download Sync 
2023-11-28T01:24:25.346Z [info]: Commit Tag: $GIT_SHA 
2023-11-28T01:24:29.696Z [info]: Starting Overseerr version 1.7.0 
2023-11-28T01:24:42.949Z [info][Notifications]: Registered notification agents 
2023-11-28T01:24:43.233Z [info][Jobs]: Scheduled jobs loaded 
2023-11-28T01:24:45.970Z [info][Server]: Server ready on port 5055 
2023-11-28T01:25:00.051Z [debug][Jobs]: Starting scheduled job: Download Sync 
2023-11-28T01:25:00.167Z [info][Jobs]: Starting scheduled job: Jellyfin Recently Added Sync 
2023-11-28T01:25:00.185Z [info][Jellyfin Sync]: Jellyfin Sync Starting {"sessionId":"bd3896b1-09ca-4c88-98f8-f2bfe40d3e73"}
2023-11-28T01:25:00.273Z [info][Jellyfin Sync]: Beginning to process recently added for library: Movies 
2023-11-28T01:25:03.666Z [debug][Jellyfin Sync]: Title already exists and no new media types found Your Name. 
2023-11-28T01:25:07.679Z [info][Jellyfin Sync]: Beginning to process recently added for library: Shows 
2023-11-28T01:25:08.387Z [debug][Jellyfin Sync]: Updating existing title: Soundtrack #1 
2023-11-28T01:25:08.489Z [debug][Jellyfin Sync]: Updating existing title: The Eminence in Shadow 
2023-11-28T01:25:12.493Z [info][Jellyfin Sync]: Recently Added Scan Complete 
2023-11-28T01:26:00.016Z [debug][Jobs]: Starting scheduled job: Download Sync 
2023-11-28T01:27:00.053Z [debug][Jobs]: Starting scheduled job: Download Sync 
2023-11-28T01:28:00.029Z [debug][Jobs]: Starting scheduled job: Download Sync 
2023-11-28T01:29:00.066Z [debug][Jobs]: Starting scheduled job: Download Sync 
2023-11-28T01:30:00.049Z [debug][Jobs]: Starting scheduled job: Download Sync 
2023-11-28T01:30:00.063Z [info][Jobs]: Starting scheduled job: Jellyfin Recently Added Sync 
2023-11-28T01:30:00.067Z [info][Jellyfin Sync]: Jellyfin Sync Starting {"sessionId":"41a250bf-7649-45fd-8d21-6d4c4ba7c15b"}
2023-11-28T01:30:00.080Z [info][Jellyfin Sync]: Beginning to process recently added for library: Movies 
2023-11-28T01:30:00.205Z [debug][Jellyfin Sync]: Title already exists and no new media types found Your Name. 
2023-11-28T01:30:04.217Z [info][Jellyfin Sync]: Beginning to process recently added for library: Shows 
2023-11-28T01:30:04.416Z [debug][Jellyfin Sync]: Updating existing title: Soundtrack #1 
2023-11-28T01:30:04.511Z [debug][Jellyfin Sync]: Updating existing title: The Eminence in Shadow 
2023-11-28T01:30:08.516Z [info][Jellyfin Sync]: Recently Added Scan Complete 
2023-11-28T01:31:00.053Z [debug][Jobs]: Starting scheduled job: Download Sync 
2023-11-28T01:32:00.039Z [debug][Jobs]: Starting scheduled job: Download Sync 
2023-11-28T01:33:00.070Z [debug][Jobs]: Starting scheduled job: Download Sync 
2023-11-28T01:34:00.023Z [debug][Jobs]: Starting scheduled job: Download Sync 
2023-11-28T01:35:00.055Z [debug][Jobs]: Starting scheduled job: Download Sync 
2023-11-28T01:35:00.116Z [info][Jobs]: Starting scheduled job: Jellyfin Recently Added Sync 
2023-11-28T01:35:00.118Z [info][Jellyfin Sync]: Jellyfin Sync Starting {"sessionId":"ac6526f6-9f0d-4b5e-8b08-a562d0ceef4d"}
2023-11-28T01:35:00.177Z [info][Jellyfin Sync]: Beginning to process recently added for library: Movies 
2023-11-28T01:35:00.537Z [debug][Jellyfin Sync]: Title already exists and no new media types found Your Name. 
2023-11-28T01:35:04.541Z [info][Jellyfin Sync]: Beginning to process recently added for library: Shows 
2023-11-28T01:35:05.003Z [debug][Jellyfin Sync]: Updating existing title: Soundtrack #1 
2023-11-28T01:35:05.213Z [debug][Jellyfin Sync]: Updating existing title: The Eminence in Shadow 
2023-11-28T01:35:09.216Z [info][Jellyfin Sync]: Recently Added Scan Complete 
2023-11-28T01:36:00.086Z [debug][Jobs]: Starting scheduled job: Download Sync 
2023-11-28T01:37:00.029Z [debug][Jobs]: Starting scheduled job: Download Sync 
2023-11-28T01:38:00.065Z [debug][Jobs]: Starting scheduled job: Download Sync 
2023-11-28T01:39:00.044Z [debug][Jobs]: Starting scheduled job: Download Sync 
2023-11-28T01:40:00.050Z [debug][Jobs]: Starting scheduled job: Download Sync 
2023-11-28T01:40:00.082Z [info][Jobs]: Starting scheduled job: Jellyfin Recently Added Sync 
2023-11-28T01:40:00.083Z [info][Jellyfin Sync]: Jellyfin Sync Starting {"sessionId":"1e022030-8d96-4d76-b708-8047088c3ad2"}
2023-11-28T01:40:00.095Z [info][Jellyfin Sync]: Beginning to process recently added for library: Movies 
2023-11-28T01:40:00.176Z [debug][Jellyfin Sync]: Title already exists and no new media types found Your Name. 
2023-11-28T01:40:04.183Z [info][Jellyfin Sync]: Beginning to process recently added for library: Shows 
2023-11-28T01:40:04.388Z [debug][Jellyfin Sync]: Updating existing title: Soundtrack #1 
2023-11-28T01:40:04.496Z [debug][Jellyfin Sync]: Updating existing title: The Eminence in Shadow 
2023-11-28T01:40:08.504Z [info][Jellyfin Sync]: Recently Added Scan Complete 
2023-11-28T01:41:00.030Z [debug][Jobs]: Starting scheduled job: Download Sync 
